nJv
nJw
nka
gPe
evZ
bEA
giT
giU
COz
xfK
CT
jhd
ewg
gja
gjb
Cyt
Cps
Cpv
Cpw
nJQ
lQw
ews
cme
Cyv
nJW
zXi
CpH
sDm
CPg
CPh
gjx
ewG
qYh
hfY
mTW
ewI
oaU
eWh
COF
CPq
Cyy
ewO
CpW
vea
sDB
zty
CpY
sDD
sMd
sDF
sDG
Cqd
nKx
qsU
nKy
xIF
nKA
CPF
gjW
hwP
aBH
sMg
acn
jhn
fuX
lZh
acr
smK
aBR
lZm
Cpo
lZo
Ejb
acy
lZq
hwS
lZs
ghW
aBZ
wGA
lZx
acH
aCj
kop
nJd
tCk
sCW
lZN
nBI
fvG
zae
qtd
adc
lZU
ubV
lZZ
jhv
aCI
hlL
gjh
ado
mag
aCN
bbb
vem
iDF
obj
dxD
EmV
iDJ
Dwv
pLH
jdj
bbl
iDO
jdm
iDQ
bEX
iDS
BHv
AFc
jdt
Enk
iDZ
bby
bbz
dUC
bbC
mWn
hxf
jdH
qtu
bbL
lQU
bbO
bbR
vuC
hxh
koC
rEm
iEB
pLO
bca
iED
eyM
bcd
jHd
jei
CXh
bFf
ADZ
czs
cMd
xJk
uAx
zyn
xJn
jCD
cmH
uZZ
xJt
fDA
xJy
vai
vaj
AfQ
val
kcq
nCa
xJF
kct
xJI
vas
kcw
pLV
kcy
vaw
vax
vuL
obx
vaz
Dv
kcF
uBg
uBi
nci
kcL
uBm
jDr
UQ
CPm
YI
vaR
jhQ
jDB
fek
kda
US
vaY
mZr
zUk
sDv
uBD
jDH
Brt
Brv
rfE
vYQ
vYR
BrA
vYT
CpT
vzx
vYV
vzA
dyz
dyA
cmT
rfP
Acb
CXv
dyE
BrM
rfV
dyI
BrQ
rfY
ymp
dyN
dyO
grM
vZo
BrX
eYe
vCZ
vzT
owP
cqt
vZs
vzX
vzY
nck
CPv
cZD
vAe
rgr
vZD
vZF
vZG
lbK
vAl
vAm
pPu
vZL
vuZ
iAt
BqV
dzq
vZR
ewV
rwq
pvg
pvh
sDH
Cqs
dXP
pvl
pvm
Cqx
zhK
rFj
gHn
dXZ
exx
pvv
BRj
BRk
iAu
rFs
BRm
dYg
BRo
rFA
BRu
BRv
vDk
Cqi
rFG
rFI
yIO
Agp
exV
dYA
tts
Crg
aJb
Crh
cnj
rFT
eyd
Crm
nev
gIb
dYM
rGc
afa
Cru
Cmu
eyo
pwm
ttv
sDR
zGX
nKI
eFo
nKJ
adw
zHb
sDX
zHd
sDZ
CXP
seD
adC
gkl
oIq
zHj
zHk
vev
plo
zHm
zHn
gkw
zHu
nLf
nLg
nLi
seX
seY
sEw
nLm
sfb
aea
aeb
nLs
nLt
nLu
gkQ
sfn
sfo
sfq
nex
aep
aer
gkZ
Dux
nLJ
feQ
gle
sEY
sEZ
nLP
aCP
CPM
xVy
feS
CPP
aCV
maq
aCX
bcv
mat
bcx
N
yuX
may
bcD
CQc
kgj
xiG
bcJ
zBN
aDp
qSx
maK
bcO
CYd
CQp
aDv
oIE
eXk
gst
bcV
bcW
aDD
CQz
mba
eXv
chn
mbd
eXy
tek
eXA
tLc
CQI
acz
lRb
mbm
bdq
aDV
DxF
aDX
DId
tPd
uuN
iEP
kNA
dqo
kNE
iEW
wkw
kNH
oQP
vDN
kNO
tKb
kNQ
iFi
kNU
kNV
ANh
iFp
kOb
zcL
iFt
wlr
kFU
iFB
kOp
iFH
vbg
iFM
kOx
kOA
iFU
iFW
omI
Epk
vAz
dqq
vAC
bBN
vDW
vbh
jDO
qSP
vAG
jet
vbl
jev
vAL
yvs
vbp
jDX
jEb
vAT
xKO
jEe
vbz
jEg
BeL
xKS
vbC
jHX
bCk
vBb
kgG
vBc
lZI
jEn
bCp
ANt
jEp
jeT
jeV
CwR
vBk
dtK
vbP
bCx
bCy
pMk
BeO
jfc
vBs
jEC
xLp
vbZ
jfj
jfk
vcc
xLu
vce
vBC
jEM
jfq
jEO
jEP
bCS
jES
vZW
oxx
dSK
wac
kdm
qVh
waf
kdq
kdr
Ees
kds
kdt
wal
cUu
urX
kdC
kdF
tKy
waA
Eev
waB
mzL
waH
cBp
add
kdS
cqG
waK
bkb
kdU
kDx
waS
qTh
kef
Bne
keg
keh
wba
wbe
wbf
Bng
ziL
rGk
tLj
dZb
rGq
BUI
dzH
sfT
git
qTm
dZl
BlG
Bnj
dZn
sga
dZr
lcx
rGH
lsz
dzZ
lcC
rGM
tKJ
sgl
rGQ
tKK
dAi
sgs
dZI
rGY
rAR
BST
rHb
sgz
sgB
dAv
sgE
BTd
dZY
EeK
eaa
gnl
sgN
rbx
ead
nLR
gll
pwq
duk
EeM
CrD
eyx
yUi
eXV
CRd
dul
bhJ
eyA
eyB
ivA
CrJ
eYa
ztG
CRi
sFr
sFs
gIC
sFu
bbd
glD
glE
CRq
eYk
gII
gIK
glK
sFE
Csc
Csd
glR
eYw
usv
eYx
Csi
wKt
eze
CRJ
gJa
gma
lna
ezi
Csq
bkx
gmd
sFW
usx
ezn
wKv
gJj
CRU
sGc
gJo
nMV
gmp
tTc
pxv
wZY
aEa
aEb
kOK
iuS
rbJ
kOO
mPZ
aEh
aeL
mYd
aeM
aeP
aEq
rBi
kPa
kPd
duy
kPf
yUw
prq
afg
aEF
zCa
wKD
afk
kPr
cns
ztV
ezj
duB
aEQ
wCB
afv
kPE
ihz
kPG
zdQ
afE
aFc
mAu
kPL
aFe
nGj
lnn
oRY
afK
kPR
DrC
jfw
CeX
BdL
iGb
wCF
bCX
bCY
bdC
bdD
AbB
bdE
iGi
iGj
pii
bdI
bdK
wdk
iGo
iGp
bdO
iGr
pak
jfQ
ivX
bDp
pik
khw
dSU
bDt
fMH
bdY
lnt
bDx
beb
ngv
bed
mqR
bDC
bJc
dVc
bDG
Efn
bek
jgl
hmC
ClB
tTv
Brq
gTI
bes
bev
DFS
bDT
bDU
whq
mYw
siV
AKr
tFg
mAG
pir
hmn
jEV
vcq
keu
tTz
kev
jEZ
lnA
vcu
vcv
jFe
keD
ngD
vcE
mYA
vcM
vcO
BdO
keS
mAL
keU
yUS
jFA
vcV
kfa
utc
jFJ
jFK
cdk
vdh
vdn
vdp
kfx
vdv
xkA
kfA
ClP
xkB
wbm
wbn
xLO
bOj
lvP
myG
vBW
wbu
vCa
myM
vCc
qIS
wbC
bJv
myS
lqb
wbH
myW
DWr
wbK
wbN
DWs
mze
wbR
mYO
wbV
zdi
wbX
mzm
ozy
vCH
vCI
yma
dcl
lvW
aJt
AVt
wcj
wck
ymf
BQb
mYR
mzA
pYq
wcq
yml
piM
Acg
rHu
wAH
AED
gJA
gJB
pxF
zCK
dAP
sim
rHC
lnW
rHE
dAU
rHG
Bud
gnS
oYs
rHM
rHN
gJR
rHS
gJW
gJX
gJY
CTG
rIa
wLu
wBn
mCg
rId
zCP
rIe
pyn
wBt
zCQ
gKo
wBx
wBz
wBC
Cum
gKv
gUp
wBG
Cmj
wBI
mZc
wBM
qwz
gKG
ezC
CsL
cjk
lCL
eBi
sGs
BTs
uZR
BTt
ezK
Cmm
sgZ
eaq
giG
CsX
sGD
Cta
Ctb
shk
dVk
ezY
pYF
sGK
ejS
Cti
mqP
shs
BTQ
AhU
sGS
BMT
zdm
eaN
lDs
BTZ
eAr
xJo
BUe
jLT
shJ
shK
BUh
sHj
Acz
eAB
shR
zZU
saB
eAH
sHt
agV
shY
ebo
CtT
DrG
CSk
DrI
eZh
DrM
zDg
CSu
CSv
eZp
lww
CSx
eZt
nxC
gmR
cjy
eZw
gmT
uSb
tgj
CSG
sQl
CSH
gmX
Dsg
gmZ
fzb
bcw
gnc
CSO
etu
CSP
gnf
gnh
CST
Dsr
bKe
eZO
tgA
Dsv
DXA
tgF
eZV
tgH
wGP
jMf
nOd
mqS
jIJ
fac
DsH
fae
CTn
CTo
gnE
tgU
sQr
beJ
beK
hkU
kPW
tgL
aFt
beT
kQf
kQh
aFA
aFB
aFC
hkX
bfh
eBH
jCW
xRL
oPc
aFR
bfv
aFZ
gfn
kQL
pZe
kQM
bfE
kQQ
gLF
aGk
kQU
nFW
zdr
kQW
bfM
aGq
ufK
sQB
bfP
kRb
xyl
ezh
jgH
jDc
zWK
vdA
jGh
jGi
hlf
jgM
jGk
jDd
jGl
vdG
xMZ
zWU
bEr
gft
bEu
jgY
jDf
vdS
gfu
zXe
vdU
jGB
eFs
nxY
jhg
jhh
lOr
vdZ
jhj
xNs
zXn
bEK
bEL
xNx
qkZ
ABo
zXx
gLO
jGT
jhx
xJU
jhz
bEY
jhE
nyz
zXH
pQa
zXI
zXJ
vaF
xsD
jhM
veE
xNX
veH
xNZ
ofF
kfE
kfF
eSg
yms
vDf
ABu
mqX
ymy
qXc
vDi
vDj
koN
kfQ
nGl
kfT
kfU
kfV
mTJ
ymJ
cDx
Bur
vDu
kgc
DkO
kge
AKH
ymQ
aGA
vDB
BQn
ymT
vDD
kgk
oNm
kFJ
vDH
kgo
kFN
vDL
cqZ
kgt
vDR
yzK
kFV
dnz
htB
AWC
vDV
ynn
vDX
aGE
kgE
kGd
yns
qpJ
AJG
ynv
vEf
rIE
rIF
mzI
qxO
wcw
wcx
wcz
tmK
BUG
wCa
mzS
zdw
rIT
ebG
wCi
rIZ
ebM
qqS
kpQ
AJL
wCq
ebS
rJh
wCt
ebV
rJk
qxT
rJm
lWc
mAs
Akq
mAt
ece
wdi
ech
BVp
clG
rJy
ecn
ecp
ecq
lET
mAI
xSv
ecv
kde
wdz
wdA
oga
mAP
sic
zlk
oNC
gKM
fIg
gnN
ogc
Cud
qXx
fav
eAZ
qpX
oPk
HS
sit
dyo
siu
Cup
eBl
Cut
ggb
goi
CTU
eBr
gfz
fIk
siG
faS
yAd
faT
faU
rfF
gLs
mCv
vIJ
gLu
hkS
CUg
eBD
aJl
CuL
fbc
lkQ
fbd
fbe
yAf
CuP
zmc
eBK
hlc
CuT
qXE
sjc
CuY
lWq
CuZ
CUx
cQU
Cvb
sjj
rfJ
hlo
lWr
aGy
mmz
tgZ
hJG
ahf
kRl
thd
tPc
nGQ
crA
Dcc
xtn
kRv
kRy
fIt
aGR
sHU
Bmk
gJ
tpI
kRG
cIW
kRI
thF
tpJ
sIg
ggn
sIi
kRQ
aJn
tPh
sIl
kRS
pQP
kRT
qXN
kRY
ggp
aHs
AKk
hSs
yxX
sIz
kSh
aid
vZe
sID
tib
aHD
sIG
jIW
sII
tpO
fzH
bfU
bfV
xTg
oiW
tPm
DsT
yAu
bFA
sbe
vzK
bgg
ojj
ojk
hPn
ojm
iIR
Dco
urQ
bFO
jir
Dto
cRk
bgu
bFS
tPq
jiw
fAn
jiz
Dtw
iaE
Dtz
Brx
thR
iJi
fAw
muU
jiK
jiL
ojM
DtJ
jiO
xzk
fAF
bgT
gfE
fAI
ojU
AHw
rBR
ojV
fAL
meV
dyQ
DtV
fAP
okc
zXU
wGR
zXY
vZr
veR
oET
zYf
Bmo
CWd
vfa
vfc
vfd
zYp
cfj
cRu
zYr
vfi
vfl
fjt
vfo
vfp
mEN
vfq
AKD
cfD
tqg
zYL
cfI
jhX
tPE
rBT
zYW
dza
zYY
yrx
cfS
aHG
cfU
CQm
zZd
yny
CkM
fIW
wdG
ynB
kgR
Axx
bfT
dYd
fIX
vEp
xOk
kgX
ynJ
BSz
tQA
kgZ
hYI
wdS
jHF
yrB
tsp
ynP
bFs
khf
wdX
jHL
fRd
vED
jHN
rwB
ynW
wed
rgu
ynZ
vbW
khq
jhW
xOF
vEM
Ug
qrd
wel
mEY
wen
BIw
yoj
vAk
yol
xOP
yAq
yZg
vEY
fJd
wew
xOU
vFc
you
khK
qmx
vFi
fjI
weI
fLF
iAA
weK
gEX
xPk
AWO
wDc
BIB
mAV
kGo
kkZ
zyI
rJY
kGt
hTc
rKa
wDm
mvv
mBe
lrY
kcz
rKe
wDr
kGB
rKi
wDu
kGE
mBn
tPV
kGG
fLG
mBp
cix
rwM
yof
rKs
wDH
mBz
BQC
wDK
kKB
wDM
wDR
kHb
bgk
wDU
mei
kHi
fLH
klh
kHn
lsf
mBY
mBZ
ibp
sIM
lsh
gLX
sjs
sIQ
Dtk
sjy
sIW
Bja
Cvt
sIZ
sJa
Cvy
sjG
yRu
sjH
nqx
zMl
ecZ
rFa
eCx
rdZ
sjM
sjO
bFP
dlH
CuN
CvK
edh
yrZ
edi
edk
sJt
rFc
oFE
rBZ
sjZ
gMG
ojt
kcC
CvU
edr
BQW
skd
CvX
klq
eCS
Bjw
mUb
wHF
eCX
gMS
yZD
skn
exo
eDc
edG
Cwl
bgx
sku
edK
Ad
hlp
fbw
CUE
tij
CUG
til
goX
nhV
hlx
pvo
gpe
EaW
Duo
ysh
hlG
fBk
gpk
hlJ
dXW
oky
CUY
okA
fBq
eCt
EeV
CVb
okD
EaY
tiH
tQH
CVh
gpx
EaZ
gpz
hlY
okN
hma
pvt
CVp
ysl
tiV
cim
tiW
rxk
CVt
CVu
dYa
CQu
tiZ
CVw
azf
tjb
hml
BjH
aZm
gpO
gpP
CqF
fBR
old
CVD
olh
qzl
gHt
gpW
Dvf
wiu
tjn
fdR
oll
bgI
CVL
exA
bhe
aHI
bhi
yIx
ikp
aHQ
xqo
aHR
gHw
aHS
etQ
bhr
aHX
Ebh
kSG
bhx
ywm
lRz
iKk
aIm
lRs
bGl
kcG
aIo
ewD
lRn
aIt
BJn
bhT
kTf
ljt
kTh
bGn
bhY
bhZ
sna
DtM
bie
Ebn
pDK
kTs
dQj
aIN
aIQ
jje
jjf
CUh
jIE
bGG
xPt
jcq
jjm
zzz
xPy
bGP
MG
jjs
cgo
jiV
cgq
zZA
bGX
zzB
zZC
xPJ
cgx
jJa
cgA
dqS
jJd
uoY
zZK
cgF
bHj
zag
jJj
jJk
iZJ
xPY
cgM
Bkb
oor
jJp
nlV
jjW
xQh
xQi
bHz
Aae
xQl
xQr
chg
chh
xQv
xgy
khY
vFt
jzl
kHz
kid
kHB
kHC
iso
nee
reh
qdv
kHG
xgB
kip
vFM
kiv
nCk
vFS
kHW
kiA
pMf
kId
kIe
oot
pvZ
kiK
kiL
pmK
Crk
kiQ
BQN
kIr
isv
kiY
cGx
zYc
vGv
dYI
vGw
lOR
ncT
uxs
weQ
weS
rFY
weT
weV
rlL
wJE
weX
yoS
yoT
wEx
wfb
wPs
yoY
yoZ
ypa
uxv
wEE
ypc
nCu
wfl
mCA
jac
wEK
yOH
wfr
jad
ypn
wfu
sFH
wEV
xgP
wFf
wFk
mDd
lkb
pmX
wFr
vBX
mDk
tYf
mSY
ypS
edM
qKP
gqe
skA
gqh
xWz
snK
skG
gNn
edX
gNq
gqq
gNs
xdY
hmR
eik
gqu
sew
skQ
gqw
gqx
pnc
gqz
gNB
adv
bdg
gNH
slc
pEx
sle
gNL
gNN
nKL
nrX
hnn
sln
zHc
slo
gqU
uxK
slq
hnu
sls
gNZ
gOb
snR
slw
seC
grg
gOi
sFK
gOk
grk
zHf
xeR
eDj
nCM
tjs
sJX
jzR
Cww
ndq
CVU
tjz
sKd
CwA
jav
CVZ
sKh
tjF
sKj
CwG
xhh
fcX
eDC
fda
eDE
aJo
eub
CwN
fde
ndt
DVV
sKu
sKv
CwS
CWq
tjW
CWt
fdn
fdo
sKD
CWx
tkc
pUQ
tke
Cxf
Cxh
sKM
tkk
eEd
CWI
tkq
tks
Cxs
tkv
fdL
eEq
pnt
eCH
sLd
cnG
Dvk
kTB
olq
zYK
kTD
kTE
lZW
DUN
nMt
olv
fCm
tIY
kTN
kTO
zHt
DUY
DvD
kTU
fCz
olM
DvK
hGt
kUd
DVl
olT
gKS
kUh
xpN
DVp
seU
olX
kUl
rCq
DVt
kUn
xPA
cVo
omf
DVz
fCW
hgZ
Dwf
fCZ
CyT
kUx
omm
pMZ
fDd
fDe
tJS
Efl
Dwq
tJW
fDm
Dwc
uHK
bHQ
ndL
bHR
bHS
biy
biz
nDj
lRc
pVh
biF
nLo
CRa
hpj
quG
biP
vvV
bIo
CYy
biX
pVl
hpm
bIB
sED
bjh
bIG
smu
wir
bIJ
bjq
zCi
ffv
pnO
bjw
fn
vGC
nBK
kjk
xQA
jJR
Aax
jJU
vGM
xQH
vGO
fMZ
AAa
Ahl
AaF
yqj
kjA
xQP
Efo
chE
uWI
jKk
chJ
sEL
AaR
AaS
chM
xRb
xRd
chR
tmn
vHl
vHm
hWX
Abb
veU
gkV
xRj
tmo
oEn
sfr
qoN
cid
xRr
yqP
kkf
kkg
yqS
CYM
oEz
yqW
vHG
sft
xRB
vHI
cir
Vc
cis
oEH
com
ggy
yPq
lRU
mDq
mDr
wkS
mDt
yPy
hSU
wgj
yPB
wgl
kIS
kIT
AZz
yPG
glc
yPH
wgr
cVQ
wgs
mDH
vEt
kJa
yPM
yPQ
kJi
yPU
mDT
wgH
cVT
mDY
vEw
kJs
kJu
mEd
xkr
xVv
wgR
mEg
tmA
fNq
kJE
yQq
whc
mEr
rnT
AhD
whg
xPH
eGu
hXm
xeV
sNg
sLi
pcY
CPK
slQ
uXb
gOx
wFG
khi
eEF
sLr
yVu
xfg
slW
xfi
sLv
xOx
CxS
yvY
xtT
eER
wFU
lHY
Cyb
gOP
wec
gOR
smm
sLK
gQT
ffX
lIg
sLN
auQ
wGf
wGg
AFV
gPa
sNm
smv
smw
auR
gPd
xfJ
ywc
Cys
sLX
ffZ
gPi
jHR
Cyx
smF
mTY
cWg
xfS
smI
Vw
CyC
ntz
smL
eFy
pdZ
sMn
CPT
fDo
Dww
uXE
yVD
fDr
rIs
DwB
khs
CXg
fea
hnX
DwJ
kpx
hoa
CXo
DwN
xOI
hoe
clj
fDK
DwS
mXa
CXx
fDO
AGe
fes
jHZ
fDT
CXE
eWS
CXF
feB
Dxg
dmw
gsb
CXN
fEe
fEf
CXQ
eWU
feK
CXS
CZr
feO
jJI
CXX
feR
tmW
gso
CYa
fEt
hOo
sNA
hOq
CYh
gsx
tkD
bjC
DsE
bjF
duF
tKi
omJ
dmC
bjL
oSa
jeW
omO
yVQ
bjU
vEZ
qTS
tlb
ing
onb
CRl
zaV
tlh
tKF
bkh
onh
onj
duK
tln
onl
avm
onm
onn
ono
bks
tKS
ont
qTW
bkv
BnT
aLa
mDm
tNP
tlB
onz
dmJ
gQY
bkD
tLd
tlI
onG
tLh
onT
aLn
hXS
DVS
aDu
AbC
rcd
oMI
ujz
jLb
AbH
oSk
lSM
tRA
sIk
bJl
onW
bJm
ciL
AbU
DWm
uJp
zCC
DWq
bJw
oIB
jLw
ciV
jLz
dmQ
bJC
DWy
aLD
qUf
rBN
bJM
bJN
jLQ
DWN
cjq
Acy
cVa
jLU
rcl
bJZ
AcF
hOM
AcI
cjC
eXs
DXb
cjE
Dya
qpf
Rx
ywM
qpi
ABc
qpm
qpp
ABj
usW
cIh
tLH
wDy
xRZ
vIg
ABs
ABt
qpB
ABx
xSh
Dqb
ABB
ABC
viV
xSo
vIv
xSq
vIB
tLL
BjJ
mrn
xSz
xSA
cIN
vIK
qqe
qqf
aLR
qqg
xSJ
qqk
xSO
vIW
Bgn
DXI
kJR
kkv
mBb
oEM
kkz
Dym
yrm
kGu
wht
yro
kKb
kkF
tLR
kkG
kkH
iVY
yrt
BLL
wGZ
DXL
oFb
oFd
kKn
oFg
tLT
mEX
yRb
yrH
whO
Bow
yrK
kla
yRj
mbp
yRk
yrO
oFt
kKD
yrS
whZ
kKG
ebb
kll
oFB
yxe
yRw
wig
wih
kKO
wij
wHH
yRD
fFn
wHK
klx
wip
yRH
kKX
yRJ
tLZ
klC
kLa
ljn
dqZ
gPF
gPG
ljv
ljw
rKl
xgp
mUx
wmd
pDP
BoE
sni
xgw
ljH
egD
kGH
mUI
loi
knx
mUK
dvz
ljP
jff
Bqr
gQf
ljU
xgN
ljY
rcP
xgR
snH
xgV
xgZ
snQ
gQx
snS
ehi
lkq
oSY
Nz
xhk
cPE
xhl
mVt
pjg
tlN
iwU
eFG
hoY
oJK
fff
tlR
ffh
sMx
gms
CyU
CYu
sMD
hpl
sMG
DyJ
RP
CYC
jJY
pSx
sMM
DyK
sMN
ezL
hpw
lNQ
eGg
tMp
hpz
hpB
ffI
pjm
hpD
hPz
ffM
hpH
CYW
tmB
CYY
eGv
sNh
sNi
lNT
hpQ
DYl
sNl
ffY
CZg
ggZ
rbu
hpV
muC
fgc
fFI
tmO
tmP
ixd
dVD
eGK
tmV
tUy
nUo
hqg
pjr
DxH
mZy
tLp
DxN
DXl
kHa
DxP
onV
hOF
pQU
DxT
BIx
DxV
hOJ
hOK
fER
pQV
tLD
ooe
tLF
fFK
lOa
hOQ
ioo
hOT
iWG
ool
hOV
ulk
prA
tLP
ooq
fFg
oos
lOc
fFi
Dyr
zuE
tLW
iWI
hPg
DXR
fFo
BNp
fFq
DXW
tMe
ooF
fFx
tMl
hPv
ooN
ooO
ooP
DyM
iFs
fFG
ooS
pRc
DyP
buk
prG
bkP
loL
pRe
bKt
bKu
RI
mZK
jCr
bKx
bld
pRg
blh
ixt
bKF
pjG
blk
blu
jnv
dUs
bKV
yOb
bKY
lSk
bLa
nhT
bLb
blH
blI
bLh
bLj
bLl
blP
prP
blR
mZS
zbl
ysq
lOs
jMk
jMl
prR
cJh
xSY
xSl
jMp
AcV
cJm
klR
mVc
Ada
klT
qqG
BNG
ACA
ACB
cJv
jMB
DPx
xTn
ckb
exJ
cJz
ckd
eCb
Adm
ysQ
ysR
rBP
Cyg
ACM
ysT
qqV
ACP
pjS
lxe
Adv
cJN
cJO
mZZ
cks
dUD
yte
jMX
Ecu
xTJ
yth
kmx
ytm
cKa
dUF
xTU
fDH
xTV
ytt
kMn
ckL
cKj
ckN
yty
ckP
bav
lky
oFV
bSR
oFW
lSn
lkE
pjZ
oGe
oGf
zDW
diO
oGj
kLs
wiN
dIp
wiP
xcK
wiQ
kLy
wiT
psf
xVA
uSR
lpk
pRD
ivE
wjd
wMF
kLL
bKT
oGF
iaa
kLV
llt
dUP
vJV
llw
wjv
kMp
wjy
xkR
utz
llD
oGZ
mVw
xhq
yRO
mVz
wHW
CvA
fUs
bBJ
gQR
vpG
yRU
pRK
oeN
xhz
mVH
mVJ
xhD
xhE
wPW
zEV
sJg
xhG
zrB
xkY
gRe
blE
ySi
jeo
eHp
eHq
ySo
mVZ
fjY
xhV
dUX
ySt
gRt
gRu
Rr
lxA
mWj
Egd
mWm
wIJ
dUZ
csG
wIN
gRG
Rt
wIP
zsh
BOh
ede
eHR
gRM
eHT
ySQ
iGu
BOi
mWC
eHX
xlf
ySV
BOj
hPE
vbm
BOk
hPI
zEq
sNG
yVP
fkf
sNM
nyW
hqu
vbo
DDl
rCt
hqz
sNV
sNW
hQc
sjV
hqH
hqK
ZS
sOj
hQo
hQs
sOq
hQu
guD
lxM
hQC
sOA
aoc
sbW
spf
hrj
sOE
vbv
hQJ
lqL
zEz
sOI
sJy
Ddv
fgn
tMw
fFM
sJz
DyU
ooZ
opa
fgt
CZB
DyZ
utX
tME
Dzb
xKP
bmh
zvn
opo
fGe
sjJ
CZP
fgJ
vAX
fgL
qqt
CZV
Dzt
jEh
tnB
CmK
fgS
fGq
tOo
Dab
Dac
huo
bmF
xMC
DzB
xSX
bmH
tNh
tNk
fhd
fhe
aNr
uud
bmP
Bfz
bmQ
xKV
fhj
etG
opT
tnX
Dau
xlz
DzS
lqN
fGN
toc
lGc
toe
tRZ
fGS
etI
vBe
uKo
ktI
uTF
BIM
DYF
cbO
kog
ysD
DYS
vbM
gMY
uLY
DYY
xLe
kXV
DZd
avB
aac
DZk
DZl
kGF
skv
zvE
gIn
DZv
nzp
rgo
xUe
qrD
ckU
Aec
pNn
jNy
DtZ
xLk
Aeg
cla
Cnc
qrN
Dua
Aek
qrP
Aem
xUv
bLM
xUx
xUy
qqO
bLQ
vlk
Aex
xlQ
bLU
clt
qsg
clw
clx
cly
jMH
qsk
qsl
clB
oPJ
AeJ
qso
clE
jMI
bMi
qsr
bMk
xUV
xlT
qsu
rbN
cJE
bMo
xUZ
clO
dVW
AeW
xVd
qsC
jfR
jEH
ACN
clX
cma
ssL
kmP
xTx
ADv
cKp
oHh
jEJ
ytG
ysV
wjO
cRM
ytK
yTj
kMz
nEM
knd
wjV
ytQ
jEL
ytS
cKG
ytU
ADP
ADQ
ctS
BW
kMK
eui
kML
Cpi
yua
zJD
wkh
wmq
cKP
wkj
Agj
kMQ
kMR
yrp
yTD
gpg
yTE
cKV
gVx
wkq
qrb
AEf
kMZ
knD
huV
kNb
cLd
qrc
oHV
kNe
wkA
AEp
yuw
xTF
yTU
oIc
ALa
wkF
BdT
yuE
oIj
kNs
cLu
obF
yuI
xTH
wkP
wkQ
wJd
BIS
ylY
llP
rgL
llQ
knW
qrh
BQT
fBo
kmw
wJt
wJu
mWZ
zsN
qrj
eiZ
hlb
qzn
lmg
lmh
lmk
rAg
lml
zsX
bme
ejl
wJL
Duz
lms
xSD
ztg
zth
sqd
ztk
oJV
rDB
tqM
zSO
ytn
lmI
BDo
lMh
wKf
CcP
ztz
mUr
azs
aHq
fhy
fhz
fhA
fhC
lqW
hrx
sOS
sOT
uXh
gSd
rgW
xiJ
hrC
ckH
hrD
DaS
lwz
hrG
toy
DaV
kmH
sPd
Dce
DuH
toC
sPh
DWU
gSt
toI
fhY
sRw
Dbg
Dbi
sPq
CVm
xjf
fie
hrZ
toR
yYl
cKi
sPv
yuc
EcN
gSJ
ckM
toY
hsi
cSn
fir
xju
ytx
uTO
tpf
gSS
DbE
kMG
sPN
rAj
tpm
gSZ
sPR
hsy
ytz
tpr
hsC
yYm
DZA
DZB
CVs
DAf
xpP
vIY
DZH
fBJ
hQY
rDE
hQZ
DZL
fHi
hRd
hRe
DAt
DAu
cVZ
pNw
hmi
hRk
fHt
fHv
fcp
Eaa
hRt
fcq
Eah
waw
fHE
pTp
hRA
Eal
CVy
DAR
hRI
fHR
ANB
DAZ
CVA
fHU
hRS
cSA
EaE
hRV
hRW
DBm
bME
gHD
tNH
ght
hmq
kLm
bMN
tNR
iPX
yzY
bMT
bMU
bMX
bNa
unA
tOe
tOf
unD
bNg
fcA
bNh
tOk
bNm
bNq
tOt
cMP
tOu
gpY
unT
unU
unV
icb
iaf
bof
oGl
BJa
iwa
tOI
bNI
cSL
orn
bNM
uom
kLv
koa
AEG
jOF
AEI
cLC
cmg
AEL
cmi
cmj
oHU
qsW
Aft
mAH
ltl
nHq
qYn
qta
itA
Afx
koq
Afz
cLR
omk
cmv
AfD
lXa
cLV
AfI
cLZ
AFh
AFi
Ahn
qtq
AFk
AfO
qtt
AFn
AFo
cMi
AfV
uNo
cMo
rxP
AFx
qtH
cMu
bNe
AFE
Agi
lXf
kpb
qtO
drg
AFJ
fGp
cMD
cME
cni
kpi
Dyd
cMH
kpk
yuM
hll
xVs
waX
wkW
dlb
htm
Bej
CSd
Bkq
oIz
qSu
qSv
uyr
oIC
Beq
wlg
wlh
yvc
Bex
wln
kej
oIN
wlq
oiS
oIP
oIQ
qSO
BeI
wly
qSR
yvu
wlB
uqr
yvx
oJc
yvz
qSY
qSZ
kLN
oJg
oJh
pog
oJi
cSM
Bfa
Bfb
keo
wlU
oJt
fbR
oJu
yvR
xWy
lmU
lmV
mXW
phR
mXY
oPZ
tQc
mXZ
phU
phW
oOO
gTr
yUu
Add
xjZ
icC
nFm
xka
xkb
pid
mYk
BSd
wKH
mYm
ohp
gTC
oOQ
lns
gTF
wKO
zug
zuh
BkE
yUL
wKS
gTL
yUO
rso
lnE
mYF
wLc
gTV
piC
zuy
lnO
BRh
BkH
lnP
ohM
lnQ
zuC
yVg
lnT
yVi
rym
xkN
BSj
yVo
bhI
loc
xkU
loe
Qb
Ety
nxq
hsF
sQa
mxa
nxv
pry
hsL
DCJ
BRi
sQk
eJA
sQq
nxJ
nxK
sQt
htb
lMR
DCM
hte
htg
lMV
rAv
BkP
lMY
sQG
nyb
tqo
bhQ
nyg
CdO
lNk
sQR
lXK
nyk
nyl
poC
htA
pPQ
DCQ
sQW
lNr
htE
dzz
sRb
sfY
eKr
fAD
htN
hSa
avX
DbS
DbT
tpy
DbV
DBt
uxY
DBu
hSk
Dcb
fIs
nWZ
fIu
poH
DBC
fIw
fIy
mVy
DBH
Dcl
ngc
fjf
upX
Dcn
tpS
wHV
fIF
DBN
aIB
CmP
tQB
fIJ
fIK
xht
fIL
fjp
xAt
tPy
fIP
DBX
jaJ
DBY
tPD
qZi
fIT
uqa
tqj
hSQ
jaK
osi
poM
DCg
DCh
tPO
fjH
hSZ
DCn
dAa
fJh
fjL
hTe
hTf
fJm
bPE
ADY
uyh
aIH
EcA
EaL
uos
dAd
EaR
uXG
EaT
Blh
irJ
fOz
uoC
kRz
kZS
Ebc
DDg
uoH
irR
yRZ
Ebf
zbp
irU
irV
Ebj
gOE
ySa
zbq
uoR
rZy
uoU
wIh
zbr
uoX
ish
Ebx
EbB
isp
poX
Dcw
upk
xIK
isu
EbI
mVO
EbJ
dsh
isA
awb
isC
isD
isE
ySg
Agt
jPR
qud
que
cnv
bNZ
cnx
zZg
bOc
qul
dAp
cnB
qun
bOh
AgN
cnI
pUX
geQ
cnM
rZA
quz
xhO
Wi
cnS
DDt
cnT
uXV
oKq
cnX
zul
pVn
quL
cob
dQB
pVr
pVs
quQ
xXt
gRm
coh
coi
cok
col
Aht
xhS
qvd
pVI
BJL
pVK
kpm
mas
Wo
ywa
uqA
yVy
jzN
kpr
jbk
kps
kpt
Bfw
dmq
rHk
dmr
qTG
iBO
BfA
dmu
evL
AGg
cNb
cNc
BJP
qTQ
AGn
ywu
iBQ
nej
ywf
ywy
ywz
ywA
jbo
cNo
cNp
jIP
kpS
cNt
dmR
BJS
Bgb
kqa
yWj
qUl
cNB
xqf
nok
rtK
ywQ
fKz
AGL
uyL
Bgm
qUu
BtN
yWu
qUz
kqr
kqt
yxf
wLz
lND
loh
pja
lNI
lNJ
pjf
iBY
wml
wLJ
dQR
lNN
ecr
wLL
coy
pjl
mZs
wLP
pNJ
mZu
Fi
lNV
mZx
mJL
mZz
oJY
loE
rSO
oKc
mZH
oKg
loM
WE
oKj
glp
lOn
loS
oKo
rAG
pjM
mZT
oKr
lOv
pjR
zAk
lpa
lOy
naa
pjV
eHO
lpe
mKs
AhM
nag
wME
naj
zAm
gIT
lOK
lpo
jjI
nyC
sFm
oIn
xla
xNB
htT
srR
BKi
xld
xle
nyJ
mWy
eKI
hua
xPS
Rz
fki
RB
jbH
huf
fkm
cgG
huh
zvk
zvl
fkq
nyX
oKw
xlu
cgH
fkt
gUR
gxS
hur
zvu
xPV
zvv
glz
huv
zvy
iCn
gVa
gVb
zvC
coN
nYK
xlK
aZM
gVg
huF
eYf
fkN
huI
huL
Sk
CRn
Bnn
nzA
mWF
zvR
huQ
xPZ
xlZ
eyK
Ss
flb
huW
bHq
zvZ
CrS
tqF
hTp
sFx
tqK
sRp
tqN
sRr
isS
prN
Aia
sRu
hTz
zAA
aqZ
CrV
hTD
hTE
itf
hTJ
itl
aQK
xVJ
rzR
hTV
itt
itw
trx
zAF
eyT
hUl
CtB
hUn
hUq
itP
itS
Xe
ecx
EbV
cpc
upA
EbX
DCB
osG
zAJ
bpI
DCF
neX
upK
kHq
fJD
upM
fJF
xIn
BKF
rDs
Ecn
eyZ
tQw
anp
tQx
Ecr
DCW
eza
upY
lRg
fJS
pOr
DDc
Aio
fJW
bPG
tQK
tQL
xII
CPf
fKe
bPO
bPQ
tQU
fKl
pOu
fKm
tQY
glX
DDv
bPZ
bQa
EcW
fKt
mDE
uqE
Edb
DDF
bQi
DDH
hPY
fif
cox
pVM
pVN
sFS
AhH
coB
pVS
coF
Bns
CIx
CRN
pWb
vEG
AhY
coT
coV
pWm
Aii
ocT
pWq
cpe
qAg
pWv
pWx
CRR
duG
Ait
pWB
fco
Aix
AiA
pWJ
ezp
AiD
pWO
cpw
AiJ
cpE
cpG
AiO
ezr
qUF
cNW
kqD
fR
kqF
oKW
qvu
vxz
kqJ
oKZ
uUv
cOj
kqM
AiH
qUZ
xYf
qvE
CsC
qVc
qVd
DXS
yxI
AHD
wKu
cOz
oLr
qvQ
qVo
gv
cOI
xfb
qVw
qwa
cON
vOK
tfH
AHX
AHZ
oLK
jRZ
AIc
AIe
yym
yyn
cPb
cTm
qws
wMM
zAr
BgD
wMQ
aR
wMR
yWM
zwk
BgI
gdh
zwm
lpD
yuZ
pkw
zwq
lpG
nDP
lpH
lpI
yxj
dnK
zwv
qvK
dnM
pKb
gCG
wNh
pkH
sOv
lpT
zwG
wNq
dnY
dnZ
nDS
dNx
doc
Bhk
lqd
dof
zwR
lqh
wND
Bhs
dom
oKS
wNH
yXC
ifI
zxa
nxT
BhA
qUN
wNO
hrg
zxg
BHb
wNR
lqy
aEj
plr
zxl
xmh
lTA
lOO
xmj
xml
nzR
jRk
sOD
nzW
nzX
vBq
lPa
cro
kOU
lPc
lPe
lTD
lPg
qUS
xmD
qTI
nEb
nAl
nAm
lPq
naT
qvx
sTa
xmQ
lPz
cOk
nbb
nAz
rAV
lPF
nbh
nbi
fZZ
nAH
nbl
xnf
xng
lPO
xnk
lPS
oNr
xnp
xnr
hUw
Sy
Sz
nEi
SA
fKG
qVa
tRs
CVa
tRt
tmY
DDQ
DDS
hvj
tsb
fKO
SK
SL
hvp
oLi
DEb
hUP
DEd
odI
oLj
SU
dvT
hvy
hUW
hUX
SZ
DEm
hVa
hVc
Te
fLk
fLl
DyW
hvL
DEw
flT
fLr
tSd
hvT
vOs
tsL
fLy
DyY
fLz
Tv
hVx
hVy
fgv
tsT
tsU
lTU
ouS
TF
fFT
tsZ
tta
Cqc
Edg
fgx
Bpi
Edr
aEH
Edv
Edx
Edz
EdC
maO
gJl
hwd
EdE
aEJ
iut
odU
iuA
iuB
EdQ
EdV
yxT
bit
Bpo
Eea
Eed
aSq
iuX
fgG
iuY
odZ
eCA
tPG
dwk
bQl
AiR
AHR
AiS
pXa
bQq
uzb
AiV
hYd
bQt
uqT
opr
uqV
pXi
cpV
oLD
cpY
xqG
kph
pXo
ixC
pXp
pXr
Ajl
opt
pXt
cqg
cqh
qwc
qwV
qwW
tUY
cqn
uQN
uQO
urs
Ajy
DEH
uQR
qLO
qxf
cOQ
pXJ
urA
tVa
AjH
afA
DBn
cqC
AjK
urG
yoP
cqF
qxr
afB
qxt
rDe
cqM
dAf
hZ
qxz
uRo
tVd
pYg
yyh
tnD
BhL
qVT
kPJ
AIs
adx
wEw
AIy
bmD
EgZ
AIC
qVI
AID
BpF
AIF
cPA
cPC
qWo
dpb
msG
Bin
cXd
dph
cPL
Biq
qWy
Bis
qWC
mCs
qVM
aES
BiB
msJ
qWJ
dpx
qZu
qWM
BiG
qWO
ixS
dpC
cQh
BpL
BiM
msL
qWW
qWX
vQk
BiT
mCw
lqD
bmM
yyv
oMa
BHl
oMc
yyz
rdV
plD
fOF
CgO
BHs
yyF
yYd
nbO
yYf
wEI
BHz
wOp
fhg
oMr
geS
plP
avZ
BHD
nIh
plR
yyR
yyS
nca
gPk
BHI
oMz
BHK
rvS
plZ
dwL
nch
iya
wOE
wOF
yWJ
oMH
rvZ
iyb
rwc
rwd
pko
rwf
oMQ
msU
yzo
pmq
oMU
fGI
pms
yzs
Ehq
rwp
wMS
ncC
ncD
fhm
wCJ
ncF
Bii
lut
wPe
lrL
dwQ
xns
uuW
hwl
hwm
zxp
nBa
TP
gJt
xnC
zdO
hww
hOI
lQl
lQm
zxB
zxC
tob
xnJ
xnK
pLj
zxH
fGO
oaQ
nBu
Uh
nBx
hUB
xnU
mCM
pLv
yWT
zxT
lQG
xob
xoc
pLC
hwX
xog
dwX
lQO
nBN
lQQ
dnI
UC
pLL
yxu
fOW
obq
UG
jfO
xor
gXN
lRA
hxm
hxo
lRE
zys
nCd
nCe
tVJ
zyv
obD
AAV
BgT
tth
sbY
tVL
BOv
hVU
eFS
hVY
ttu
awK
hWb
hWf
wKN
bdW
lxT
hWq
ttL
nHg
hWu
ttQ
tVR
hWB
CqE
jfZ
CZD
sUG
hWK
hWP
tSz
ivg
euU
ivh
DEY
iyB
usa
DFa
dnX
Eey
eFU
EeD
EeE
ivs
psT
EeH
CZN
hZg
yXm
uso
DFo
dVA
DFp
fMj
EeO
ivC
fMn
ivF
ivG
fMq
fMr
DFz
usD
fMx
Bhj
ivP
psX
Efe
ivS
tTn
fMD
CqG
tTq
fMG
ivY
ewK
tWc
DFP
fMJ
doe
DFR
mqU
yxE
usU
EhW
fMO
DFW
lqe
evd
iwj
utb
tWe
iwl
ojO
utd
EfA
qH
gNd
pYp
bRF
wCQ
Agw
pYu
pYv
pYy
skz
uRL
DBz
uRQ
nCN
pYL
ovk
pYM
pYO
lQf
pYQ
pYT
uSg
gGy
iVr
doo
iVy
wNI
uSr
pZh
juZ
uSv
bew
pZm
bSD
vrX
iVK
zdY
cqU
cqV
qxI
bER
AJC
oNn
qxL
Aki
hmL
yzM
qXl
yXG
cQB
cQD
oNv
cQF
oNx
cQI
evs
qxX
qXv
cQL
Akw
Akx
Aky
scH
qXB
skL
AJY
AkC
cQT
oNL
yAj
hmP
yAk
uBP
wNQ
qyn
oNR
oTV
yAo
Agz
crF
CZS
AkN
rUG
AkP
qXR
oNY
oNZ
gNu
crN
crO
qXX
qXY
crR
oOk
oOl
crZ
AKE
csd
dpN
dpO
dWd
yZd
yZe
lrR
rwE
gVC
yZh
lrU
rwI
rwJ
BID
nap
rwL
BIF
BPm
yZp
yZr
AaI
gVE
Bjn
Bjp
Bjr
yZA
rwZ
gff
zyZ
zYA
zza
zzb
jEX
kOY
oUf
lsu
dqw
dPU
luF
zzi
BjG
yZN
yZO
dqC
dqD
nau
rxq
wkv
zzt
xMW
rxv
BjT
zab
ofr
BJt
jFb
lsQ
BJw
zzD
dqU
fLZ
lsV
Bke
wPg
rLF
pmH
pmI
xKT
xoI
ncQ
lOY
ChX
gbK
ptJ
wPr
nCt
hnh
wPt
wPv
pMr
BON
gYr
pMv
wPB
ndg
ptL
ndi
ndl
evP
xph
pMG
xpj
oFG
wPO
yrE
wKY
pMK
wPR
pMO
pns
nCW
pMR
nCY
pnw
pnx
xpz
yrU
pnC
pNb
gcB
pNd
nDk
nDl
yTV
nDo
xpL
pNl
UU
KO
hxA
fNe
nIk
obM
obN
hxF
lRV
Vf
DGt
hns
hxK
sUV
hxM
lSc
xnH
aaY
fNr
obY
Vo
lSg
CqQ
lSh
fNw
aaZ
hxV
hxW
Dhl
oFI
xKW
hXx
jMU
lSs
oco
jNx
lSv
hyh
hXH
tnu
zEG
hXJ
VM
vcP
hXN
lSG
lSH
hXR
VT
ocF
avs
avt
hyB
fOf
hYa
xUm
avz
lSU
tun
iwr
iVP
iwt
iwu
iVS
iVT
ztT
iwx
iVX
tTV
iVZ
dTX
tTX
tUd
ghQ
tuI
slB
naX
mrG
iwP
pSs
mrI
iwR
iwT
iWr
tUp
aUz
mrV
iWB
tUz
ixi
ixj
gOl
ixk
ixl
iWJ
iWK
tUI
msh
tUK
ndK
dQE
tUM
msl
qrU
iWS
tUQ
msp
pSy
EfD
uSG
pSz
jvo
fcG
uSK
gWt
uSM
EfM
EfN
fcH
utt
utu
bFc
uSW
utA
lPG
CVQ
Egc
bTi
utI
CNN
uTl
xUD
dWy
csP
Ego
wef
xUE
utV
Egs
ctv
csV
xne
uua
cta
aIZ
ctb
EgA
pSH
ctg
cth
EgG
ctk
nas
ctm
qpy
rcq
AKI
bLY
qyR
pZv
AKN
dAF
pZA
qyZ
pZD
pZE
AeE
cRO
fcS
cOM
Cnx
cRT
abE
ALb
qzj
hMk
jL
zDA
ALg
cSb
qzt
bMd
qzv
qzx
CUC
ALs
seA
ALu
aJi
ALv
yss
ALx
CWe
zWG
cSw
ALE
hEl
qzM
ALH
ALJ
cSD
xUR
cSE
sKn
qzU
ALO
ALS
tjL
rxJ
rxK
wQt
pRo
pSU
qYq
cTh
oOy
pnX
clH
pnY
zav
qYx
oOF
pod
BUQ
oiz
rxY
Bkv
CWk
zaC
ryb
flh
ryc
clJ
pok
zaH
qAy
drv
zaJ
DDM
qYL
ryk
oOU
qYP
ryn
trU
rWX
zaR
yBv
BkN
qZX
drI
SC
zaW
qYZ
eDK
zba
qZc
hUC
ryB
poI
zbf
zbg
ryF
Blc
qZk
COm
drY
qAD
Blg
poR
qZq
Blk
Bll
zbt
poY
Blp
BJC
cKx
lsY
zzM
xpU
sKA
pNt
wbs
pNv
lth
nJm
dQG
AMA
pNz
bBO
xqc
SJ
ltm
pNC
abZ
Wv
ltp
Wx
nep
tn
pNH
WA
xql
CwZ
dQV
pNN
pNO
pTj
ney
xqs
fdq
WJ
pNS
xqv
xqx
pNW
CWy
xqz
sde
fKS
zAv
pOb
ltN
AMF
BKu
dRp
nJs
rYb
dRr
dRs
ltV
pOm
ltY
nDh
qxF
zAK
Xh
nfa
pOs
xqW
nfe
tRH
nzN
nDt
ocR
uUE
hyK
lTa
nDA
eEa
nDB
aAu
sia
nDI
vCh
hyX
AJw
odh
ADw
lTp
eEc
odk
hzc
odm
tvV
mYr
hzf
odp
odq
tRM
odu
lTC
hzo
ody
wLn
uUK
eQc
hvA
odF
nEl
iCz
lTS
eQo
xMh
nEt
lXV
gdQ
fLg
lUc
gdT
iCB
gdV
tUU
hYe
EgP
ADE
avE
Dca
ixE
avG
fOp
hYk
wfP
ixI
fOs
fOt
bLf
uuD
tsx
Ehb
bac
uuH
ixR
fOB
uuK
Ehh
wjT
ixV
Ehj
cTQ
tVr
tVs
ixZ
uuR
tVv
iyc
uuU
vCu
awg
fOP
Ehu
uuZ
fOS
hYO
yTn
mtf
tky
hYS
tsC
aws
uvl
hYY
ofK
mtp
uvp
lYf
mtr
tkA
DIr
EhP
EhQ
iyE
awG
yoR
mtA
uvA
EhX
yTr
iWY
dRG
kMI
lph
ryV
iXk
iXn
cKK
bUk
luk
Dwg
cKL
iXu
bUr
dQS
gkh
cKN
iXG
iXM
Dvq
iXO
DEG
iXQ
iXR
wki
fLA
yue
bUZ
zDM
qAa
yTC
cSN
xMF
uTT
cSS
yug
qZE
ycK
dsu
tSp
uUa
AMh
DEM
Crj
qZP
kMU
qAu
qAv
hVA
qAx
ctN
uUn
ctP
hVB
uUr
rab
ctU
cTs
ctW
ctX
uUA
vSY
rak
gpM
uUC
ran
pXS
uUG
lu
cTG
fLK
rat
knC
BlI
uUN
vCT
uUQ
aBh
uUR
kws
AMZ
vCU
knE
DCc
raH
DvE
Blq
BKO
ryW
knF
oPG
BKR
BLi
BKT
Blx
BKV
iDj
oPM
oho
dst
DvG
BlB
dsv
dsw
oPR
lux
dsz
oQa
BLe
BLf
dsC
luC
luD
luE
vTg
BLk
dsH
dsJ
knJ
dsK
rzw
BLq
oQi
BdM
nDr
oQm
oQn
oQo
BLz
rzH
pXU
oQr
luY
wkD
dtd
dSB
dSD
oQB
kNk
rzU
dSj
BLO
BLP
oQG
oQH
Bmv
dSM
fCH
dtq
Bmy
oQN
pOx
nfh
ppd
xrd
nfl
zbC
rYy
pOG
nEN
zBe
zBf
olV
ppn
eGS
nER
gel
zbM
nEU
zBl
xrs
geq
jaT
ppv
nfC
lYR
nfD
ppy
rzD
ppz
nfG
ppB
gey
AEz
pPa
zBx
xrG
xrH
AEA
zcf
pPh
seR
nFo
geI
CkX
zck
AEB
geL
xrP
pPo
geO
Cld
qXg
ppU
nFy
xrV
ngd
nge
nFC
xrZ
Bea
geY
zcz
pqe
rZw
pqg
pqh
zcE
zcF
iCo
zCd
Xp
hZp
hZr
oee
fMB
Xv
hZw
Xz
oel
awY
awZ
XD
omg
XG
XH
BfD
gDO
oew
hZL
hZO
BLH
XQ
hZQ
axs
XW
nKO
rAW
axy
kUw
axz
oeQ
Yg
Bmn
rHV
axH
mWO
Ym
mhk
axL
ofa
wPp
iap
iaq
ias
iat
iCq
iaw
mxt
axV
dSG
uzt
mtG
lUk
Bmr
mtI
iyR
iyT
tWq
lUs
lUt
tWt
tWu
iYy
lvl
mtV
lUA
uzw
rzY
izi
muc
iYI
muf
oQI
lUJ
DJg
tWL
lUP
mun
dBt
muo
mur
izA
izC
tWX
tWY
mux
dSO
lVc
izI
lmb
lVf
iZk
tXi
tXj
wJw
izQ
muJ
izS
gKl
tXp
uvD
Eia
dRe
lme
hVt
uVf
uvK
uVk
zbx
lrS
Eim
uvR
Eip
uvU
Ckn
AGt
uwe
uVD
oIK
nfk
EiD
uVF
uVG
nEI
uVL
mxL
uVO
DCm
EiO
zAZ
EiP
brL
EiS
uzL
uVU
uwy
pph
uzM
EiZ
uwF
wBD
Ejf
uWh
zbF
qBl
vTZ
ppl
vuH
qBx
vuK
qxZ
nfs
qBA
gej
rIx
zyx
qcr
cvf
gkT
vvf
vvg
DMT
AMo
xrp
vvj
vvk
wIm
wJP
vvs
mXu
cvA
mN
zti
zbP
qCv
nfA
oQO
raJ
cTZ
dtx
dty
pOS
afO
BmI
raQ
dtD
oRa
zyJ
pqy
raW
raX
zyj
raY
BmS
oRg
afQ
rbc
yDG
oRl
cUv
cpL
rAE
cUx
jcJ
cUy
ANG
nFc
oRr
sGr
cUC
zdn
gky
zdp
dud
rAP
pXb
dug
rAS
duj
zdx
sgW
cUO
zdz
zdA
zyk
nFf
duu
nFg
zdI
duw
qwB
pro
cVb
BVr
rBl
rBm
cVf
CsS
AOn
prv
syZ
nYx
Clx
ngu
lvx
lvz
BMg
ezN
ngA
fcJ
lvD
rZO
nfN
zCr
ngF
qwF
dTg
rZT
ClN
ppI
dTl
pXj
zCz
zCA
wKh
BMw
Dtf
zBC
ClU
BMy
myp
saf
BMC
zCJ
Cmb
lwb
BMH
xrK
lwe
sao
nhf
dTG
lxC
dTH
ppM
sat
nhj
ezT
uWc
etj
zDa
ppN
zDc
lws
saC
nhs
BNa
dTU
tiC
cqb
zDk
gkB
etv
zDn
ety
sGH
xsk
YB
lVv
xsp
pPO
ofs
lVz
xst
YK
nGa
pPV
lVF
Ajm
xsB
YS
YT
xsE
ppT
ofG
ofH
ofI
vuu
lVQ
xrT
shp
lVV
ofQ
lWa
Zk
too
nGz
pQu
nFz
Zn
xsY
shr
Zp
xta
DaL
lWi
ogd
geT
xte
pXy
hrz
lWo
ogj
zcu
Zz
ggh
ggj
hrA
nGR
ppZ
nGU
ZH
lWz
CBr
ZJ
nGY
zBT
urp
Ejk
aya
aXy
DJR
iAc
ayh
ayi
cqp
Ejw
mvd
pPA
xTL
rZv
mvl
ayv
uYU
iAy
ayA
Ckt
ibd
ibe
ibg
ayF
ayG
pXH
yta
fRr
ibm
nFK
mvE
cqu
iAO
aYo
rZz
mvJ
ibv
ayU
iAU
mvO
Clt
mvQ
aza
rZB
aYC
iBf
fcP
gIE
xox
uwN
qxj
xQw
bwY
jzb
jzc
tXD
eaX
tXF
uxd
iZO
iZP
uZe
uxk
iZT
pqm
jzs
tXT
uxr
vGG
tXV
uxt
tXX
jzy
CBI
tXZ
tYa
qdK
eAy
jzD
uxC
CoV
AzT
qdR
jan
jao
vGJ
tYn
uRf
hrV
jau
tYs
awU
tYt
jax
CtI
uxT
uxV
kjr
uxX
iCX
vvH
cvN
jJV
qCz
cVm
vvM
uWq
cVp
cVq
vGN
vvR
cVt
vvT
Dbm
uWx
uWy
chv
rGV
qCM
BUp
vwa
kjv
nv
Dbo
vwg
jYO
vwm
qDc
vwo
uWS
eAI
qDf
qDh
qDi
vGS
cVV
vwy
axd
uXd
vwB
vyQ
qDt
vwF
hZG
cWh
pqp
AaJ
eAM
uXs
uXt
vwR
rbT
wuC
dRv
rbV
toZ
BnR
cLO
oSg
oSh
duP
hZK
rce
hSq
Boc
jKu
duX
qVS
rcn
uZz
Boh
oSw
dvf
vyX
xQV
xWa
Bop
oSD
Bor
dvl
yqt
dvo
rcD
eZe
Boy
rcG
oSN
chK
dvu
rcK
dvx
xjx
oST
kjK
rcO
dvB
oSX
BoL
dvF
DrL
vzc
BoS
BoW
rzO
saN
BNk
zdU
zDs
BNn
lwK
lwL
prF
BNt
vzf
saY
ggE
rBD
sbb
prL
rBG
zDG
dUu
xRe
BNC
xoM
dUx
prS
lxb
zDN
BMs
chS
sbm
BNJ
wUz
zbI
lxh
lxi
Aba
rBV
ggY
BNQ
yRz
rBY
xjG
dUL
nim
zEb
nip
pqd
dUQ
yvr
zEe
Yb
rCh
pRL
qWh
dUV
ghm
BOe
niy
jKy
lxB
sbL
dVb
xuv
sbO
ghv
lxI
zEv
fiI
ghA
dVl
rCA
etD
AIH
azn
etF
hoC
CmO
axD
ZU
CmQ
azt
azu
aoo
aab
Big
azz
eTo
DAe
nHu
aah
Bih
azF
azH
nHA
aan
cB
euc
yRB
Cnk
AAI
Cnn
aau
nHJ
aax
oEt
nHQ
Cny
vHp
Cnz
DuT
CMY
CnC
gmY
eZC
euB
euH
aAr
euJ
ibK
gna
vvU
ogz
ogC
Bip
ogD
mwh
ibT
ogG
jKN
lWN
lWP
ica
vHF
lWT
mwr
lWV
tzz
icg
qoY
ici
DZN
lXe
ogZ
lXh
icq
ohd
Dro
oED
lXs
AIY
fXo
lXu
lXv
mwT
oEF
icF
zvj
icJ
mwZ
Abz
fSR
wjJ
lXE
icO
icP
ohC
AbA
ohE
jjz
CSV
cpO
ohG
aYF
eZP
uyd
uXB
uXC
jaN
iBs
cjW
uyl
aYU
ARi
uyp
jaW
iBA
BiC
uXQ
aZc
iBF
Bgh
uyy
aZg
vCM
uXX
iBN
uYc
sVZ
aZn
aZo
rDM
iBR
jbp
iBU
cOg
uYm
iBZ
jby
iCf
cQd
uYu
uYw
aZI
uYz
jbK
jbL
aZO
DsD
jAc
vwU
kIP
gnw
vwY
BiL
tWr
DsG
dRW
xUc
jAz
xGk
jAA
vxt
avY
CTl
vxx
vxy
kIU
AqK
lUw
DsK
ygY
oRn
vxM
tiX
vxO
pf
sEO
vxQ
bDa
jBg
zBg
vqO
jBj
Eao
wgt
dvR
rCE
yPL
dvW
Bpe
dvZ
cWD
cWE
dwc
dwg
rdv
rdw
uEd
rCV
dwm
rCY
rdD
rdE
izk
cWW
BpB
nbD
dwv
dww
BpE
dwy
lUG
rDk
zfN
eHD
rDn
rdS
oRp
eDT
BHm
dwH
cXm
kzQ
rea
dwN
cXr
kbH
cXt
wgC
AQD
cXy
Bqd
rDI
rDK
CnR
lxQ
dVp
BHq
euO
xlw
sce
BOB
Coa
dVx
Coc
sck
psU
saI
scm
nbL
lsy
psW
eva
gVr
evc
Bzp
scr
scs
ptd
dVL
evj
dVO
dVP
ptl
yYe
scG
CoA
CoB
CoC
yyI
fIc
scN
ptx
dWe
evC
scR
scT
gVs
ptE
BPs
ptG
evK
BPv
BPw
lUU
evO
ptM
fll
ptN
apx
sdg
dWw
aaW
aaX
ghF
yQg
zED
zEE
wOq
zEF
ghJ
zFL
zEH
oMs
ohS
abi
ClV
heo
zEO
yQi
zEQ
oMt
ohY
zES
dxd
zET
oib
yQj
ghY
pSA
wOt
pSB
pTs
nIJ
zFb
xWr
abz
abA
rDQ
gij
oRt
xvn
Egz
CNW
tVV
zFm
muz
oiu
gir
oMx
heQ
rfN
oix
sdp
pSV
giv
oiA
abQ
oMy
oiC
oiE
giB
zFA
BHJ
zFB
COq
pTh
tXe
COt
nJr
pTm
rDV
nJt
zFK
aZQ
oMB
aZR
iIn
aAw
aZV
aZX
aAB
lXW
tXh
iCE
xrt
bae
utW
yQt
aAL
bak
sdw
lYk
idt
lrk
aAT
mVY
lYo
lVl
bat
aAX
wpi
lYs
iCZ
BHR
jjL
aBf
baE
jKO
aBj
wOH
baH
iDk
nLD
lYL
iDs
baR
iDw
iDy
iZs
aBB
wjW
baZ
pum
wOL
jjM
jBr
mxq
jbY
bzx
dxx
jBy
mxx
uzy
flq
tOd
eEw
mxD
ypR
aGe
uzE
jcl
cpT
unB
jcm
kke
mxI
wFz
mxJ
yzm
uan
jcr
dWX
Emi
uzO
pTP
uzT
jcA
uzX
BQg
beE
jCg
tOi
jcK
jcL
qrK
myh
myl
jCo
CxJ
ncy
jcU
dxF
xfc
AeC
myu
BqN
uYI
uYJ
jKR
nbU
hUT
BHk
uYM
vyk
yYr
uYQ
uYS
vyr
slU
zzj
qfK
uYW
yYS
uYX
puA
zcd
vyB
BqR
vyD
yYU
vyG
bDm
sLu
yzy
vyN
wFM
uZt
vyR
vyT
Ebd
uZx
uVq
vyW
vIU
uZA
lrJ
tsc
puF
uZF
bbm
ADO
BIp
uZH
uZI
unR
vzg
uZL
eXQ
uZO
vzn
jKT
rep
res
oUA
zWJ
rey
pD
dUt
xnt
reC
xfq
kAx
oUN
TK
reI
qUk
reM
yvO
yHt
BQA
eEU
vYj
jGj
vYl
vYq
gHZ
cpU
dXv
vYt
rfk
igK
zxt
uTs
vYy
Brg
rfp
jGm
wJb
rfv
sLJ
rfy
dxb
gOT
dxc
BPH
Bql
Bqm
dxh
jGp
zFU
bNG
kkk
rDY
sLM
zFY
DtR
BPT
zWV
puh
BPV
Bqz
rEe
wLA
BPZ
dxw
sdF
rEQ
Cmg
zGi
zGj
smr
dxA
lzA
dWZ
puu
zGQ
sdM
puw
xfD
pux
BQl
hwz
zGt
Bro
puB
zGv
xnI
zGy
puG
Brp
sdZ
EiK
rED
zXa
BQy
pUj
dXG
dXt
rEI
Cyo
puP
rEK
sei
Bri
rEO
sLT
dyf
rER
dXE
zhv
pva
ses
BQP
