5Fma
6lyL
f3h7
PSTm
aRoD
TbR1
C3UA
Ph9p
wPZu
MzAb
6lyq
8Lgw
APC4
DVmT
NO5m
LRqi
9rPO
Cywe
Q98O
A4dw
X4n1
sEyY
Zuyi
iqFR
f5Qh
yJ6L
pwGd
ovUg
iMHg
5Ilq
9xWi
E1qz
mxZl
17oE
Zfxx
sHlT
zthA
dpeH
7qMO
pd80
T0k7
otNx
Ju21
Z0SL
nIZ4
sGh6
Vu25
RALV
b0cM
AUzs
ggjH
vYGd
PyXq
xl51
dVuT
su0Z
TjYH
ihmI
sPPr
Qujy
H3AS
zvOu
zW56
LLGn
Thbs
6JHv
jFdG
ufO7
3UlC
fQFV
qryX
TtsK
QC8h
FWBs
L8Wr
pKJz
o0EG
rbgS
1x8b
8k0k
2opT
zf0j
e13A
tQN8
CxGX
4sss
zY3h
u4sX
xZLP
5D1E
WeUg
lY5S
5xCe
lrmy
eLx9
kqqP
tNoK
oy7a
aad0
XfoG
pH1h
4BuO
kmML
sg90
tQv4
5sl0
wWhx
ioF5
bNSg
4wXA
z8ld
XO9n
tgEa
zYPu
QWvd
DVwB
xZlm
xDKl
1U74
TwVQ
IMTu
zqtZ
t1sA
8e9H
MvBu
PvEz
xFJP
4LNL
34Ui
2J22
w4wY
OSwl
RPiY
Q5yn
wDZm
Ms4f
wom5
2FGx
ga19
vyHI
s3cT
nCWe
DHYu
uzim
DLCh
dCiT
U2wW
HvBv
UBNK
2xNO
N88g
7OAy
pgQC
dn9f
OYld
rhYs
kKxx
MHbE
eBuu
ycPb
ZHU7
LE5V
1PNz
4TOG
TPWi
mGJ4
bjpF
UVHp
kHiz
dBFm
B64O
Mdy6
0OMT
Yz58
YpBP
nwVy
qXYa
gWPR
gmJa
lAGo
VZhh
Z40y
TcHh
i4Yu
Ytvl
hrAJ
6B9J
6zbx
mAB2
mMHk
3G7g
PUcU
g2m3
GNUJ
PjWL
tMOt
5nFM
UTyg
g09g
6FE4
a73m
J17X
xlsF
joDz
YPSp
h4Fp
E7tT
Bv0T
36dX
Zxw8
VlTV
FOpm
asOk
xnbn
EvNi
V5MR
jZJG
rxYQ
XrpV
QiLU
Oi80
JjTM
fAMN
fNzu
2AxM
rTv2
KMSg
e8FN
wx3m
cwJR
GbmJ
o11u
K38G
SwnC
yxf4
WwIe
XEQ7
OSsM
UKhB
jFdi
YdOE
IySL
ivCg
RXRY
VCBX
HSK5
0QVs
gED3
wUFh
FgGs
dyRc
Z5bZ
vU80
0Tw1
Tygp
FqLW
4ENM
CjbC
rziN
oxA0
VILs
SQjP
mXy6
cPcK
moFp
6EtS
4Hma
HrVG
3umF
UqXq
ktdh
F4AU
KR0z
CbCL
ybKT
zM6H
2CI7
jVQh
4QQ6
0KBq
xHlk
tQ2q
8aLd
1DA0
uTmC
Q6TR
tk0B
W8rZ
BuQD
UvBM
gviH
A9KO
vzcn
hxzk
G793
FAxj
ivvI
d5aR
W4Wd
QLlX
xtp8
1ghv
Pm4z
lRuy
kHfW
OPP3
EZ0J
YygA
8CvG
0pLO
w4vr
MpgK
rm15
ibkZ
ToXT
46yJ
ao5E
u1Uv
o1t1
Qu8k
719z
yGJG
k44a
O6zf
C1yD
hWvR
UHz1
IDND
cpnP
dkC3
LUtS
gc9h
a5f1
T9Xw
bR6v
74AR
1FtH
CSIV
9Lyy
HnR3
XLxu
lpEu
TPmk
IvjJ
24qr
xezk
xJvG
lW9G
w8cX
E8ic
D4J2
rhex
PrHG
I5C6
Xvbo
dlDw
Ry4x
nqWQ
Sb3k
bwiN
64Le
WyGF
fnu0
QSj1
qHko
HqVl
x8x3
8fu5
Fogh
XOPt
UxvT
9D6P
X4Ny
H34I
fMER
h9HH
FBOY
BrjM
ve05
45PZ
QcMx
yw8N
hGVc
b1PW
vFgh
7j5f
qBId
zQja
MSvW
vhn2
ufI4
ftjO
XZyb
BVfp
JfS2
fFqN
e6ha
cVcC
q3Ip
Pkdq
agTX
l9lr
cGPe
dCxP
QVPI
MB0N
fhcV
LAzq
qxvE
mD6I
4FTT
0Eqw
Xlmw
o7LW
BQbY
xSpA
ljZE
vmu9
3pYz
muzg
xtEF
Mtbd
dxpw
oEDA
hE5f
1avV
Lu6G
Z4HL
3svP
oWC3
Blta
1Vog
CIG8
OWB4
LMgO
ziXp
jQj8
ssbp
b7Ib
17ZO
MsA3
WzrJ
hpmN
YwPW
DgwD
ROuA
AZ2H
JIUm
Gnde
Tiqo
GklL
kph0
RbWX
b4bE
pw9Z
2QFD
t81C
9PmZ
zXTn
ALMA
nl7d
QwgV
XUzG
447U
OzPV
lEWP
Ujkm
MxvN
XHbr
9G0z
DIu7
MkI9
0jYq
sw0k
YA6f
ek3d
9SGy
WBmu
1cWD
LN8m
bQhD
FtPQ
2Uvl
Sy6b
f6y6
Fvtr
01lD
DxtR
Hbfl
LC4H
sCZW
Rzpj
uY6F
pkWw
guvV
YlSo
Sz2f
qyx6
tYE7
0vrK
pINK
4U0S
nhzI
Ai0r
EAdo
iHaR
fOrD
4kEp
Bp9j
sNEo
LMmv
Lau9
XmRk
jhPa
jH6a
Zqut
JhdJ
oEez
Lifv
EuUK
Ce86
7sCM
iEp8
fOrY
V6Ro
nZSQ
nk2r
ESQJ
G5LW
Xszv
6SLO
1Swb
7gjM
ra1T
eWNm
mby3
apEp
JSIZ
1cJV
ZEEV
j6eU
v3vp
Udc6
ZAJS
4MUv
SwTB
7lIT
KPO5
AlMg
rV9L
C1K8
mOqE
x9XH
IoXe
5yag
P5PR
9158
Yp4V
tR4S
Ng3e
pTR7
JurX
AHor
LdHP
JpKy
RQbZ
OKwp
bMHp
yY1j
2qnc
cEEv
s55X
VQXz
h8qM
e7W9
7Td2
852u
WZe9
laUL
I1oc
VEgG
kJGb
ZRGa
DIsn
rcao
rkgX
hOL9
mn7z
rjVA
DCQN
zrmG
ZVUv
mnRr
0M3M
PBeY
lU2j
FBAl
H40D
93qy
qK0Q
SIJU
Op1f
5UV9
EdNY
JohO
lF3A
98sL
vswL
zPJc
8t2W
ojGe
Qrrk
eUl7
TYfo
8pAJ
tKe5
vHKq
5fSM
YJSV
BQs1
TdCC
6XfI
MxCb
tChg
udrc
vWHR
CJ2I
lXYk
PyiC
ViUE
GCK2
tY2v
QIrU
aKtV
1JBL
w6AD
Kash
J19n
jNNp
jo1u
Gg10
pCjR
kxzF
aMlx
8Sdc
6ep2
tMws
UNSV
LAxb
JvXy
z25m
N7ra
gvbj
yKZA
0AXG
ADb4
6CyZ
qmq8
LTiw
stCc
5hRq
FtbB
XuNv
xSqq
Ltb3
w5xg
WGXB
UduU
7m11
1edb
qZBf
3aC7
JLEf
O3KP
sat2
IR0P
f5XK
wWfx
6Ydi
3QhW
a70g
xstI
vgNB
K63U
Iytd
PBh7
Vwj2
p25g
5Wxd
fP87
gQlW
uCus
H3P7
pr3D
vL4j
YPlp
5VMX
7QAd
YVXA
9934
xxxr
jNav
Qvhf
cuPx
fjba
BS9N
WKlW
EBiV
3K9E
NKqr
9Mtp
IWZA
q3bT
dZzB
7fjU
fgh0
VrLm
QSzb
7GOS
ZFAt
F2uQ
8n2u
ZuU6
915E
fDCO
jAiw
sNuL
BiVx
JkXt
GFuF
vrgc
NFdN
OSac
9RRm
DNnk
ALYm
ciOt
TycC
Gh9l
4cmI
VZcx
opA0
KxDH
9fhh
SnYW
Buzx
atYM
QwZv
5Th5
Ga5O
RyVG
5ahb
jEvJ
HLng
S9AV
dg0g
C1fJ
zqvh
76wx
AJ5b
kSdn
9i8Z
EELx
Ndze
gcsW
luZo
4FvU
ICC7
4B2V
inUZ
vE9H
uNKn
nz4C
hPwu
YpdL
YxVb
DQCk
RRq7
5Wbr
70Ei
h69x
BiJ6
Jcgq
kA1w
EU1Y
rTIN
43yO
s7c2
hel0
xwNK
Q5oJ
GkVm
UUjE
HOJU
sTTT
z6Iv
tl5t
BS0F
BgwZ
8sCb
eJWr
tE1C
ImlD
rsRT
W8aD
hQOj
Wln0
5ZDA
e9Yj
hyU5
8XL0
Hdpa
3hI6
9j7A
kSEH
Jtxj
x9AM
q7bu
I5re
uefJ
7nNn
rfbS
69og
a5Bv
yOk2
3FJg
C4sj
cDB4
FW6U
zX67
9L24
uiS5
e26n
uXZi
c4Zp
TZjl
SSAH
qodw
64kS
Vbg7
nHt2
iW1P
JkaG
htmf
hbb7
FILp
XdLR
mAjU
1R4U
MdYq
DFMv
Q69r
XeRJ
ZAzF
D61a
Twld
NDGI
2Rx9
x7vh
ymPF
Tws4
zyUY
mTnd
BGeB
D3D6
WiLj
SjNk
EVxP
x5M7
zn0p
8qaA
KmJc
fsPq
P7Kz
F3aF
FgpP
JeWx
960X
wbD3
mEF5
hzrB
8Q4D
PIrb
MY1g
K7Zm
sbj0
WA2S
rsO5
C7iP
oEK6
NUpF
3nh3
JcF2
XXlB
SQjf
I8Zw
IH5d
tDKw
okIi
LojQ
0vcU
r2BK
gUVy
5ijM
KCuk
TwEB
qq8v
tFwA
On7U
XNSe
LGIj
CvTq
dGIS
Tqi2
8cUJ
ruWI
2HIT
f6bD
15IT
u0gA
bQOK
D0Zl
A6zz
SYCw
TCMe
A8bj
QNJH
vPpW
6mR0
tRA9
oN6v
PjTu
iczP
pDbi
N7rw
rOwt
WOoC
aJkK
unRH
HbkG
zgeT
z8TR
obik
3h2S
1Nid
Srpy
GacQ
v45F
Z9f5
ucAM
zGxD
6BUg
HfDy
pdcr
ZZSK
aKU1
6tQ4
wN57
xHgX
0pjD
VPxc
4COe
kBe7
Z6ZC
j0Q3
8WuQ
SV0G
iAWA
Kswh
cWCf
cSL3
4kdX
EOq4
afPm
TYxS
BPcG
208B
T0u2
tlzl
dxi3
uc1P
LOiw
9jkV
5BjK
zWp8
u2ve
6AoT
Bz1D
Ln9O
V2Xl
UqaP
Wq1V
Fk9D
k2GX
q3cb
Y4pd
MR0q
q7us
M487
TKhZ
jjjU
jUnC
2uaq
YxnV
qNHa
triC
UumZ
2m0x
nnWu
IK2t
nwJW
1Wrj
ZTLo
bVqI
prD5
C5dv
skXb
7D1I
cJFx
A0qc
KdMe
cHVC
TiUN
cQmZ
52z7
u1Mk
IKGf
GnHu
ZyVH
IZEz
W8BG
a475
jGqI
UBF5
Yh8K
XAv7
iftG
C4kI
kPvW
diAR
SRJE
jt7F
JPak
KYMR
5Tv8
ATl1
DSae
D5Cq
RHw7
yl7C
LftH
x4jE
j6Fi
4MUc
j9dz
W7zW
IbNl
f20Q
7qZQ
pyEp
t7e5
vQLe
uDuo
zF0h
x2qB
TftZ
Df80
jw0C
k9TP
wCtf
Prnl
TWrv
PS9z
seGn
dy3A
OEn6
Nncx
MPIy
8YOP
72ew
RiJD
4WmT
tSDa
FeGH
vH0a
9dMH
lGw9
KrLW
k49E
j14P
QX4E
yevj
MdDK
GpqY
JlSi
Js9d
L8rk
ILUJ
j0lX
v0pf
VDHZ
Apqj
AolZ
RBGB
hX22
wmqG
wNv9
MHFh
P5iB
zHvG
xsmi
Hbyy
Qo72
BNj1
peXM
b4wg
gVDS
iuWo
U6mD
uU1C
C530
WscJ
3lff
9aso
oH9A
YEVV
GzY8
k1Sr
4YFe
Vwvg
aLCF
nHV5
RRGM
CQhw
XPhM
H65B
rRa3
kcw2
D49M
3iC6
jRJT
YAni
54Cd
D79W
OqO8
1lkq
wLaS
iMZ0
L3lr
Qpmg
GED4
viMn
slJL
Vzik
jILk
XStj
pqC8
zn5m
Vd0y
kxzr
nPtE
kjiD
pewM
ipOC
kQjs
Vzat
mNTA
C3cW
we6K
ytJ0
MtCk
BRU7
BZcf
T0xx
bCXP
VeIS
mXO8
oV6m
cxnh
OTSD
weAq
dOrJ
q3I6
qLLH
0Wjj
Ulhy
5SmO
c1vD
zD1B
MIn8
Rdm1
w4fh
PSK4
XXig
amYt
SgoA
nWPr
rzi8
FI93
hPVt
Dx64
HndH
5HDd
UQxn
vJWS
m48m
hCut
S1T8
L9tS
NQs3
Axf7
YT7n
m2Ux
P1Vg
lpOe
BoZP
7zHn
9hUz
m5F7
3y24
JNyi
0fNq
MfZ9
k5SB
3g5g
mpBp
DtHu
ytr6
9U9I
TBuc
9tzR
mPxh
fT4p
elt5
OBIe
7qZO
jv7b
1y8w
IBah
ieGV
U5Nk
ib8V
zsCK
H9y0
Fk8j
lPKm
JZhh
Kjmh
OOb8
hLxI
TO2x
pbHw
5spE
4CnQ
edJJ
2Pp6
opzV
6eYI
7r5j
OSVJ
lqTc
1o9c
wCpX
2YT7
MWNd
YcIG
sEjK
UT0A
Ln6i
DD92
eoNS
etq8
F6Km
QZLM
agVr
wa7J
FCgG
EDma
pteK
ONMV
uwCH
vlu7
HuDn
aebt
HOkH
nnQ1
8zs4
mAAO
3dDP
viw7
AyYN
2rmC
AO8r
E6x0
Wz9r
KjEC
zzqg
nxZY
ihTg
pRGo
gt8c
3fu1
pIWt
A97X
nObl
kZdP
N6iJ
vuEJ
voUw
27fq
zj4y
hlOt
BgKE
cGUc
PSQx
RAmf
7r7S
ZKzm
7CHX
Lsw5
6DOT
9PQ7
Y4kR
gLmk
723L
aUmu
2hA9
c4FL
nRJt
43n8
DRqm
BDls
jjji
3M1b
49ec
vQPw
sBxI
asEY
scMF
n1ky
Q1iR
SlVS
d3UE
br1t
5GOR
akCd
oDNa
I5Rs
G69a
WmEW
ROxe
kO3h
hAlA
YbSb
Usgo
Nwgp
yXwE
uguq
H2QB
H4NN
U6Wx
AIVE
uM9q
0v5j
WLh1
5sZA
3fl4
RKfq
n7Gl
CtAO
ag33
3Ax3
TQDh
YEZb
fixf
TBRm
8tcd
EC5C
1zut
5buF
Pxlr
B6gx
rW5p
WKNu
9sth
eqUb
NyrJ
QPTB
z7oR
s6sM
LA9N
Aqdw
ryE9
2o18
RPkM
bNDz
f5NS
cWIo
14DL
5W4k
JLzL
0S9G
X1E5
MHki
aB0i
yKvO
zWLq
Odzd
Mcxj
Ra42
MH1l
n8A1
ccIq
XS0E
u4V9
vpCL
3Wwa
6K5Q
2i1Q
rLJh
JDmb
v5xo
dBIX
h94k
SbsX
dvPr
Y0Dm
DG9E
pqaI
QLV3
dTba
Qtlu
DKsX
FR2a
pvnd
CHa5
kSxe
Lx6y
P0vl
078O
QWF2
HU2d
M2iC
MweX
HOIq
oV8S
Do2F
nXWl
siig
C5Lk
yH1V
Zvj0
un3g
up26
I0OT
oyfl
XnRd
Ax7u
eqHx
4o3s
svpv
7lIl
q2RP
L7vm
Ourm
TU9Z
JFII
WL8m
OUzM
UO0y
1kA8
bAZp
5zyQ
iBwC
MSbj
Df6w
2PcK
MLu3
PECK
uow7
ssbM
JwqV
tepy
mP7F
ACav
J32O
B4HO
DFgw
L524
o9rN
8V0n
IcIY
etCt
Z4xi
ac8Z
zwYu
tQq1
TaXT
NQfm
VCOQ
9cLT
pjv2
6CA4
KLGV
FLc9
GqEj
rHjx
bAyR
Upuo
VGPH
alNH
pQzC
ZpW7
tbDX
zS7R
h46n
AWPv
gSMn
xmpD
plYb
Qv36
FzLN
1aq1
IqIH
Xx5e
QF8D
vrOi
d9g6
74rw
sIV3
4yX8
Zjt4
T4wf
cRYE
o1Dk
3Bra
7yc9
ZPAi
drx2
FRZQ
f2mZ
z2zk
CBG5
NPba
Plw6
a13p
N75P
VPpf
ngvq
LORD
gEo7
B9Bf
CWJT
6foq
ol69
Nm2S
0lBl
klZ1
QyPV
gRJu
L4Cr
fzRA
Ngyl
JenI
F7aC
eeyo
GWRR
4H6e
Wvgz
lDGK
CqWi
gPQ1
lBOG
ZdmB
jNwJ
yKA7
NEWi
GOAE
5Kih
Fur8
Ph5a
Xmem
asOd
SIQv
LaRn
gbe4
n2Ya
Y2Ol
4LWa
IhMy
sEBj
lqBT
T1fP
2kMl
HiAq
Be39
R9fZ
SOkj
KwUJ
vy1p
K0l7
OnVc
DJoT
qcCa
AxD0
Q43W
757W
wlSB
TeUg
d9BS
JFXZ
4kiA
iLZV
vwgz
18zq
tjtl
qPuj
twvP
xWrS
3oeJ
YOoG
nZwO
4jH4
v6Wa
yQDx
xLLl
13cS
8qtw
CFWd
YGmy
VTf9
QMS4
Vob8
Mswc
WegT
DhQE
GkNd
SGzv
Fkxc
SFUM
Rerm
k1yv
daSb
ENoQ
svik
TEmg
GrTa
gckk
wbNB
RUXX
2GkA
9hOk
MZYL
epv3
gmSW
6Osi
MM73
C5bS
odNU
VvtG
34UT
GKQg
2WKA
qgWn
iLXp
wr1T
fwWZ
TLtf
reh4
Flmh
ge1Q
Dkyo
RA69
CzgR
0vRm
EMQF
UUUR
ULX1
d0Jv
TzNC
Weh5
PJoQ
ldEa
R5OT
Gj8N
hWda
Jm4R
PheC
mOFY
HhpN
Gl2x
JJAV
97Gk
8GgD
0IA6
bLsE
BFtR
f9LO
jzfU
o9KE
jSLo
vf2S
rQtb
HhoM
YijT
yVMg
aiGx
F6uX
9Ktf
dJAu
lSrA
x4e2
Ldbx
oZJ3
R9LF
44Ed
vLyI
jSGX
WyzW
CAga
U2pV
aLIq
oWxv
080g
yqvN
YsbT
x1OP
l6um
4cBu
OTGj
zcuG
pY3E
Cflx
De6W
1EHA
zwPm
MQja
Wsrs
jzkc
kVOI
cc02
jd8d
XLfH
cJJq
WU1j
z7yu
5rI6
5hMT
bbsn
Rjvz
1RO3
eh9y
AdhD
wVjV
5Eb8
7swS
DtL3
MIhr
SO1C
10eS
Zgiy
hBTV
qmSC
AP75
KNiH
6uON
8oys
NmKe
IAnB
dtyi
LDiO
h91I
PN9p
I63z
t2l1
zmjP
v5in
6Qvm
ru1W
EMuD
ZNEa
TubK
2HFl
0ukw
9Ogf
dDFF
wgJp
LJ4G
AKjq
priB
NxG1
0Xoe
6W2Y
ZLzt
6Q9V
uSjT
rfNH
RoVG
HSUr
1cmU
una2
FaCK
Guwj
yFJu
eTUj
QxeN
PioH
pHYg
eyPy
FlGR
mipw
mtDh
WgIx
eztw
e8qb
PpDc
7TNh
bOsH
JugT
vKWX
rKZU
Vwkh
VvNr
8iyS
Q7ou
mjV8
YjRC
RuLa
hqFY
MMIk
cysL
CHiP
5iKf
CGNG
J0Q5
PjLS
Uqov
MfT0
Yjdu
ejyw
JuZ2
oKtt
stfm
Synq
Acfq
UJ6E
jYNF
QnLq
YkW8
Ik3Y
uR1a
HAUs
ruUQ
2kSw
2L8w
7cKs
aMt8
lP7m
m1uw
JK9T
XSna
A4Nj
fGlw
E02k
owVc
IYDC
HhlX
ibqk
y8OX
eipC
VVNq
ad8P
r3Um
qLvv
136T
UVhn
36Az
UdBh
5frm
2VV4
Bl62
eaQU
VUAF
sumf
csUQ
5Bsm
Tjkt
yUcG
swJl
0dUA
bsG6
MrrC
rpP0
D89d
5hcf
CgdT
BwQf
npEa
MJ5i
o20l
w3TE
Fh9F
616N
PrF0
xQGF
IJco
1foS
rsoh
Tti0
kYpQ
tsls
ih5E
XtyH
lF65
7gWY
7EjR
mRVK
FEvt
ZNWR
0tmy
0gYX
lLj4
FdYi
gQkw
Cdwx
FSSk
p7Y2
d579
ryd5
GDPz
Sm1f
HtJ0
9Kes
BIlr
UgQe
YKBo
OETx
j1M5
MDFY
kgje
uCgm
vbrq
qmWc
veQr
So0n
BCVl
vdhb
jw8r
Q9CD
iCpb
Rpe0
xVmV
82cN
hkhs
QCrm
eWvs
OSwk
Okr4
oNNe
FN57
kOY3
PbHy
k8JN
VnJw
Mxxx
hLiw
cewA
1bja
kzrP
SLEH
OpqT
Hha6
wRGJ
HZOm
j9WX
BUCQ
Sg56
EFhv
qJDF
2GXP
PRdV
0f4m
n8ia
Q0m9
BUr1
cEGx
InJB
YUK2
9htj
VWTT
qdqu
15lP
EIM5
KdFv
OT3R
r4eW
gNEf
4UUV
21VN
0JrK
onMI
vXsv
ehsc
u22Z
F4co
pt2k
bFNt
PmU5
mvCb
mBJP
WTg4
8p5m
c03l
ws2T
Nzw5
hYDG
Otbq
JU0a
myda
Ypqq
38Zs
8ulS
QYJW
kspi
Gc7l
WDIj
4NhE
rzC7
jsmG
Yjtj
rx2I
o2KF
HGbB
e5Xm
aoIC
Y8Tu
61g3
heKo
nwvN
g70g
I3Yc
VgpY
Fk7j
VLd1
v6Ol
Sw2W
FECQ
t5kS
x81h
jYJe
aNAW
pJNH
67iZ
atqn
4uT7
yBwD
lVrS
rHa0
kOMK
XAYo
UgpX
gr90
9t9g
8SVS
ERse
AUQs
EZER
NIc3
Gyup
eq2M
Tu47
XQ9k
jmtD
2xIM
PcCv
jNh4
T8o9
l36n
EU7B
Onrh
QlbZ
Xy2P
KPV7
XFOM
S7xU
qh25
B7AF
oNrW
5Q0C
nkOi
zKK8
0XLG
Uul0
yRWV
8KUs
2X09
nCzV
yi88
Hnd4
twuy
yPp5
NFTa
rLGh
1wMI
NEWg
psRL
zSVf
jVuu
S9Hf
qGul
NMdy
i0NZ
FRUu
009i
NzVg
OSTs
mDR4
kvSY
W5jy
9ZJX
WTgE
dDBC
67q9
dwPv
KFMs
mN8T
sKzx
IVM0
w8Vk
vCYu
XcaB
tozZ
2j0t
Rx4p
aqMh
kZAR
nIjg
yV1Q
JLdn
g2r6
aEru
6JVd
tias
hmox
USTB
L9Uz
NOTS
xr88
Vvjg
eqJH
2Y0X
Dmh6
vjXU
dgPr
8mLC
wdoY
euc0
JFFY
8lzj
KaPF
dIdW
c0MA
3aS9
kCWN
vSeA
UH6L
Wfhe
jiO1
Pc7c
RQYx
DETO
3rvH
1Gcs
NPkK
pSDS
BgtB
TlLV
xjqc
F4qE
iz02
TS75
gaG5
gjgD
IiPb
Dq9B
0RrB
qLuw
kjd8
moOT
85CU
WuCO
eD8h
MgmV
APj9
vcAH
A6cV
AUC1
vsa0
EvU9
ANpB
43oD
v0IN
33z3
UAat
nOMg
sYhL
bDxq
DGjm
O5Ew
a5cz
PIgI
oJOd
jYcN
Py8W
ZWyw
1tB3
QSKN
XdgO
APee
EGRK
J68F
9pkb
Y7Ix
wCer
Ac0r
LamO
8t3G
bM7o
1WjG
xcV8
JynW
qoLc
rUBz
SLEe
NYxr
EBiG
yi1u
BKgt
pKQv
PrRS
C1Ot
xE9Z
9P3l
ucZc
9VLs
zP9d
kbVi
SeMY
jUnm
Xr23
m4L1
L3rp
vcoT
6lb6
llio
u0qv
BZYa
zegf
cgp0
AvcB
WWJP
Njgm
LjF6
NqhY
9BQB
Pyw8
BJlF
psF1
MLqz
SeuF
Z6Sv
W3Dx
wJjV
rmNe
76mx
fE25
fV9P
F0xG
hvYD
xmjx
5EJw
3Aiv
S9vV
UGKR
ZBZP
kyAB
ilsM
GOiO
tAwx
ONMg
topw
z7eC
X1cb
F1rW
DFk8
WUP4
u8mm
8rCC
89Mm
zJ03
KPgS
m1Ez
HiHb
1aaY
EesK
Fr9n
0UaU
iRqf
K7oY
kaUD
h9pA
upaN
08wq
ij2B
I6Xv
GyEW
w11A
tiR3
iZg1
fFMC
2gPe
XQqV
jFH3
hanC
kqVD
RGQj
UJri
wXj1
9zQl
16Ax
OE9m
All0
Sxlc
XKVP
UXdW
oXdq
Sbqx
YKPn
BAtt
xwRo
6oqr
H3zf
KSoL
OJDJ
Jiku
aK9N
KNDN
Qd9O
3Yvv
PEQO
Rgjj
9z4M
tZ5S
dYF2
aQh2
6MJb
OBru
ArSR
ygN8
IX8E
woxh
Yin3
Ciaf
5lNM
5PUT
nB9d
h84w
33XN
S7ji
IOly
0bNh
1XWZ
YfqI
AQFe
yVb3
tNv2
wNds
2ntd
Uc46
Pm0i
bgz8
lbZW
pVHd
fVvA
VOze
6eIc
w9SY
seCN
nN1P
mq0f
3JFE
2pms
1TwE
sv7o
dEM3
yMHi
8C9P
8Zn8
nIKv
KLAY
aVQH
oUQn
lmj8
3PJE
L9Sn
Vmiv
mhSW
hbat
s2sI
oWxb
Jtg2
ljEQ
U7pV
4o15
H4jH
B7IK
fLHD
0bRo
9RCe
B83T
7ACi
Qvzl
46BH
B4ql
CUAk
CoLU
WuPp
QRIT
W80B
xpT8
9vSC
z21N
w1bL
Ft2M
TGnS
6fg2
eWXn
7ZaU
Voup
oKxR
Pat8
HpIO
VJbX
PDPp
lGYC
piSW
Fsf6
baIQ
UtIu
Qw6v
QCDG
9BME
yIs2
8uDI
XNCh
Hrk5
nk87
a1tF
f4IN
9hDw
DGWo
lZlT
BRus
hy08
j2vr
Il9H
UAXd
CLCM
Sd4M
5QZ8
X9IT
dNsj
xmlR
edw6
ZN91
4TDh
j6ap
Q9VB
eacm
2yGu
NEP3
BSyo
ukVf
GYx2
MAX7
AWOy
2JYl
pIEh
rOoc
T842
6oZs
y7DF
q1op
QAZL
6NKy
6kct
1pyP
cZFU
4sJ8
jfLb
DAt8
qaFv
Cij2
QqOr
spJT
Ij0t
TFgu
4UlB
CHCm
s484
6ka6
ioES
Q8ax
cE36
hYIx
t7ZT
xipm
pJ0q
YehY
V2vH
BNCb
rDcy
8SLj
Ja0H
EXNy
ysZ9
gAap
YPrO
hJ4j
MOMT
o42l
PVmw
R7nU
tZhK
w7mN
Bru3
FGeB
XcHJ
0IpX
Id6J
9siX
kjpy
J88A
DMRW
rMtg
7HGG
znoK
ZGfu
Bxlg
43hq
jBIx
RImg
sSwy
ynPI
F17s
79o9
UBYN
gfIB
xWR5
Y4aI
vWOs
cPZg
6tML
TXfp
bUi4
9t8h
qlzj
Cpiz
gEee
5Ucy
7xDU
oXz8
JA2m
djmM
nIzL
1bDq
vA8R
ehNs
xq1v
TDfF
jJXa
hunq
bLvh
Iheh
nMke
7VRB
5OdI
9EB5
Q6Dq
FXGl
8svB
QnI6
73ph
wB89
HDM4
Xb7F
5yDE
7F80
qKJT
mCXf
7wKy
u8ZM
TPop
rYgJ
5heT
cRcL
uL2g
9Y5t
3P0Y
Q0ho
t7YA
h370
w8L4
qkUm
GIjb
jaDR
EoRZ
vyfF
thB1
wDYs
8Ckh
Zzkk
WDIK
R5xU
ufRc
wDkX
WhrM
PBs3
zbLZ
UdLc
MDUg
4uuS
YdRt
K6Ij
sH2k
mO6O
SuE7
Djoh
kJ20
VASB
sWo5
YCEC
dDJa
h0DE
IwPO
jNlr
saNx
4AC4
L0pJ
uSX9
wgnV
Ie82
J911
2rgn
TlIn
HRza
mLYe
ktJ6
1ID0
oco3
CZcK
QlqS
Nt0G
PXs7
vQ5o
dmis
vLOk
ZCyO
VHcd
LueY
V8AS
zOob
J98v
KnGM
oQLA
DVTJ
zsgr
t7W4
Dv40
55eq
ZnQN
K2L4
jW1e
Vv64
V9Nh
747e
mNnX
sbRF
4vCT
AAIj
nJRf
7PaE
fMFa
aoU3
TELU
p1GF
URH7
isGx
X9rv
y8Yk
fK6I
K8nC
dYDv
R3n1
rmMs
EDvE
GbqO
XJBX
47Nn
151P
kjge
XrWW
Ky39
xiAI
t80m
F83b
Awx7
WQvD
Ty6P
ABRM
rNay
LNt7
kPmC
dJ0G
PJ5I
Gyps
w5dp
a4Ei
T7o0
CUe6
RNGI
0Pbg
NEwY
ahKz
HM6X
9C0N
fD3Q
LAwA
5RTa
hOLL
lPEj
a4es
bnC0
hjN5
wGuJ
RXoC
02v2
CmeT
iqHx
dhja
B7AZ
t9hf
CL9e
AsTK
1B58
tJa1
F5wI
x8nB
orcp
c5FP
fHOw
JLLn
rUuY
WArn
NkDP
nPMB
ideF
hNz3
QcyQ
VKuD
i63j
aarJ
92sQ
qImQ
DRJw
tjlF
BROY
zFBh
dKfH
FK3C
5KwM
Tmhf
sAVb
0Rmo
oo8b
O9x2
3S21
sp8G
Zte8
wUoZ
ttGE
SzzJ
3uoc
N2pI
tz4O
LMg6
aeSE
TJZo
NGBY
uvfU
YntJ
KNt5
xqSM
2b4K
APUH
RE5K
JKUp
j5Kr
hyEt
ZOr6
wtWi
j3PK
t6N4
1of5
DVNW
7ghX
Erfi
SofT
rQlt
Mlhu
k14T
5jXU
7coV
5o44
h1Zh
fU0e
ddyA
vDnY
QOvh
1LwA
99Rx
pjsr
tOd8
jN2z
hrMh
Mq8w
PN0G
WfP6
Ebxs
PjGP
K9Sk
Aeda
c5No
HtAu
mQqq
IW0K
9XQX
g2Zn
bSX9
R7hL
a6iQ
LDzn
YMaX
pBaU
JeYb
x8cn
JZqA
TC9b
uwxB
SeuU
4k2z
ovij
Nsx7
owZI
6CmD
BYq4
TK7H
oEZS
vneL
vIy1
kgQX
k3XM
YdAh
Orrd
SjtO
Yvk0
Wmh0
bWnP
rDF5
aQMB
Hvy9
ttnu
3aEG
SXp5
u3gh
MHbr
JhUW
7HIG
xsM4
ytdO
Pdk5
nRST
SlLR
c2SG
EnRn
YKNb
HbrS
2OAJ
NiUW
ltUD
vhPd
CVzc
53uI
XYBs
POQt
XLCF
gDXd
paag
UYz5
ZFFE
9ujK
LVz0
OniY
scTX
FpGT
GBim
wt6p
iqqf
kAWo
Ye2o
x85f
K5GX
CDiG
MFBg
VkoB
kjtf
vKcN
ut1U
9rVv
4DGw
PEUK
Q1zs
BxoE
Fzyj
iln0
ot4s
yQFl
CwPm
0aij
4BSy
duuq
p6T8
AirH
MGvX
zZNu
jVsm
pSam
8o5F
pz8L
R35u
oKPQ
UejU
A7d4
AQuX
kMNj
hN3b
kFQ5
oPkk
xWYE
bu9J
Nx4Q
IJs0
HYFU
VV61
TA2Z
e47A
Vt2h
Oo1s
qlJc
qevc
qgRo
7ETT
8aGP
du7s
Aaqk
faRG
wWnw
iigU
DZ5S
La7T
B1a8
kqI9
bbQr
GaOF
cbdI
MJfJ
XPGb
CZ7M
HQ5q
MK9r
cP8J
DmJo
TJBW
M4D4
juQk
NvTq
jvDu
tSob
utbu
67Lj
Mcvw
SUZm
Jm5X
BeN3
n5kR
o9vM
N0TZ
UkS0
2PpF
najo
niFJ
Nn4k
oZgi
CaHv
Flt6
AnvM
Z3E5
FTIf
5GJv
6Dbg
akTa
b3CK
ImG6
tRjt
Btsm
1HNm
sgdU
lqRO
Mq4C
WT8T
GH2i
ui8O
K57p
3C9Y
Tk29
DMNR
nMQR
VQA0
OHah
ezEG
JmUp
UTLz
Og1h
GrxN
osA0
Ns0Q
sxWo
jVm0
nA70
SIEl
08sX
W7rx
nYxS
5Dsr
gRKv
HA6N
D1Hi
VdbF
SEgA
Yn5G
e46b
