sensible_translator
long_term_communications
frantic_standardizations
just_religions
foolish_comb
crazy_notice
fatal_requisition
nice_beginner
like_tissues
wide_lanterns
detailed_sea
crazy_linen
optimistic_rotations
victorious_metrics
clean_missiles
friendly_multimeter
loose_buoy
professional_qualities
miniature_record
light_protection
apparent_research
estimated_code
smiling_woman
global_sexes
total_coordinations
confidential_mothers
cool_chin
young_resource
large_scale_televisions
mushy_harm
delicious_candidates
narrow_casts
interesting_site
husky_bridge
comparative_options
blank_today
promising_salvages
natural_bat
young_lint
alert_dope
thick_augmentations
educational_watt
embarrassed_formation
scared_centimeter
diverse_initial
primitive_inch
rainy_telephone
comparable_capacitances
sweet_loops
actual_reverse
encouraging_drop
powerful_groans
innocent_rinses
continental_paw
respectable_spoke
odd_schedules
bitter_front
influential_stoppering
select_messes
verbal_equipment
doubtful_forecasts
apparent_track
impressive_rhythms
typical_talkers
slow_huts
possible_shapes
comparative_loops
manual_funding
statutory_bureaus
excellent_witnesses
maximum_months
quick_time
operational_bat
full_time_hoop
complete_network
thick_entry
damp_can
written_leathers
magenta_suction
variable_soils
uniform_breaths
eastern_accuracy
coming_lard
ready_shape
expected_arguments
rear_explosion
latin_aptitudes
bottom_ring
indirect_originator
formal_violations
mere_bumps
conceptual_performance
disastrous_owner
whispering_annex
grieving_amplitudes
superior_guest
unpleasant_victim
friendly_impulses
combined_hubs
outdoor_teams
used_distance
narrow_cautions
frail_articles
ugly_custody
prickly_lubricants
giant_obligations
african_eighths
outer_breaks
neat_contention
sensible_thickness
narrow_concepts
fatal_crosses
crude_nameplates
puny_union
creepy_procurement
odd_knobs
ministerial_futures
new_friction
extra_admiralty
organic_failure
excellent_nines
islamic_person
friendly_variety
immense_observers
clinical_uses
round_ramp
tremendous_regulations
damp_originals
healthy_health
lonely_drainer
silent_runoffs
unemployed_semaphore
strong_weaves
simple_arch
important_implements
premier_watt
shiny_cover
australian_contract
repulsive_discovery
controlled_voltage
alive_moneys
general_elapses
liable_decibels
successive_misalignments
anonymous_wood
tender_pick
allied_lamp
russian_basins
obliged_stuffing
ill_cleanser
ratty_pace
constitutional_authorities
like_medium
careful_contract
right_august
nice_float
sacred_consideration
soviet_schedules
distinctive_reinforcement
certain_owner
exclusive_sort
unusual_batches
compatible_wake
unconscious_gulf
quiet_journey
familiar_leathers
cognitive_stoves
fat_jug
magenta_echo
rainy_rainbow
important_cheeses
confidential_dopes
wealthy_nations
typical_heading
particular_bone
victorious_medals
multiple_clerk
redundant_routes
healthy_letterhead
near_tent
splendid_bang
junior_bureau
beautiful_thursday
broken_miss
outdoor_idea
adverse_route
hot_increments
environmental_hunk
obliged_alibi
thick_catch
daily_crystals
identical_examination
fat_legs
monetary_grant
charming_metals
mighty_replenishments
extra_scabs
modern_mothers
quaint_discontinuances
marxist_punches
diplomatic_parities
solid_allocation
deep_molecule
previous_echelon
light_navigators
faithful_platter
separate_swallows
gross_friends
correct_fathoms
competitive_suits
horrible_entrapments
compatible_submarines
disturbing_exhaust
sporting_practice
comfortable_roars
magnificent_buildings
administrative_knot
sad_nods
watery_logs
prior_drives
horizontal_swells
fantastic_separation
confused_scratchpad
alive_taste
juicy_links
old_fashioned_punctures
flat_sizing
ready_blazes
required_crop
lucky_acids
perfect_worth
many_kit
sudden_screws
democratic_pats
middle_class_effectiveness
fragile_echelons
democratic_hour
weekly_prompts
clinical_art
natural_route
strange_hatchets
uptight_gasket
southern_troops
damp_refurbishment
smoggy_evidence
residential_chest
painful_uniforms
helpful_jug
bare_apportionment
existing_prisoner
variable_humidity
roasted_electricians
advisory_type
gorgeous_fallout
so_called_basements
monetary_replenishments
gastric_liquors
naked_reduction
diverse_war
quiet_formats
hissing_peacetime
ill_missions
massive_scratch
unfortunate_disposal
lively_compositions
steady_butts
severe_restrictions
blind_readiness
key_hairpin
flat_interpreter
korean_show
rural_dictionaries
empty_escape
joyous_highlines
relevant_bombs
many_walk
realistic_wholesales
united_suggestions
secondary_slices
ripe_cause
ok_zips
busy_folds
pink_mustard
damaged_pronoun
small_wrists
numerous_heaps
unchanged_isolation
ok_stator
pleased_interactions
classic_kilometers
poor_doorknob
sunny_salts
jealous_operator
scrawny_reductions
wicked_tongue
monetary_envelopes
relevant_bowls
unnecessary_durability
old_fashioned_garden
modern_dents
distinct_coordinates
retail_cover
sensible_airship
superb_dots
kind_setting
dutch_rules
enormous_place
creative_notes
invisible_log
great_symptom
late_tank
respectable_fuse
nosy_farads
dear_bottle
rare_lighters
clear_label
atomic_theories
israeli_assault
dull_investigators
massive_fetch
decisive_quotas
well_known_soils
sour_compensations
tough_town
passing_account
burning_cups
many_compasses
alright_shed
deep_tension
misleading_saving
helpful_cleat
faint_hitch
marxist_threader
normal_advancements
german_legging
friendly_centerlines
developed_bailing
large_scale_drafts
continuous_nylons
clinical_moon
slow_debt
marine_brooms
spatial_love
shared_post
unaware_dawns
normal_rollouts
encouraging_horizons
prospective_feet
valid_nylons
dusty_net
interested_retrievals
tender_steps
convincing_tomorrow
crucial_view
intellectual_door
persistent_buckets
urban_worksheets
private_processors
drab_discharges
clever_shield
empty_coils
hurt_watts
external_move
working_class_detachments
boring_enlistments
sudden_tin
western_firearm
reasonable_bear
purple_liquors
brave_curvatures
itchy_ink
bitter_releases
afraid_raise
active_halves
abstract_opposites
southern_chaplain
dominant_service
better_seas
improved_fashions
blank_region
conservative_bulb
funny_backs
precious_dips
huge_backs
stingy_constitution
weak_oil
arrogant_services
excess_signs
purple_recruit
innocent_cruise
bright_crops
big_issues
strong_sets
isolated_props
rival_corrections
wicked_diagnosis
patient_crime
awful_dip
regular_roofs
excess_pops
traditional_course
supporting_weed
automatic_cloth
handicapped_claws
realistic_confinements
turkish_brass
steep_subordinate
teenage_slash
exuberant_grove
large_lubrication
wet_cheek
prickly_shops
chemical_bunk
ultimate_conversion
effective_return
imaginative_blows
philosophical_weight
brown_loans
private_divider
middle_class_conversion
silky_vicinities
prior_segment
gross_minority
radical_plow
victorious_abrasion
civilian_container
invisible_preliminaries
magnetic_batches
qualified_electrode
well_certifications
enchanting_return
tragic_densities
giant_stair
tricky_decreases
gigantic_desire
sick_subfunction
full_time_input
primitive_fellow
tight_screws
disabled_defections
light_decoders
happy_waist
added_logistics
traditional_chit
peaceful_comma
autonomous_interaction
low_start
uneven_theories
scattered_piles
compact_forearm
reluctant_classrooms
tough_principle
living_exceptions
coherent_suns
zany_occurrences
broad_farm
guilty_rattle
raw_ditch
open_thermocouples
surprised_consolidation
turkish_dates
filthy_collars
spiritual_discounts
light_hatches
combined_allowance
unchanged_correction
bitter_elections
nasty_concepts
bright_straps
african_dispatches
neutral_batch
willing_details
closed_chaplains
joyous_complaints
quaint_sprays
valid_electrode
hard_jump
glad_data
stupid_pops
young_motions
dry_legs
tiny_polisher
beneficial_subjects
expensive_agent
worried_fasteners
obliged_donor
molecular_details
fortunate_courtesy
valid_slot
extensive_influence
misleading_breeze
magenta_moss
nutritious_expense
coloured_february
selfish_photograph
embarrassed_fumes
tough_recordkeeping
interim_waxes
nearby_primes
unnecessary_bumps
technical_dresses
marxist_swab
determined_ranks
straightforward_loads
short_bullet
beautiful_pipe
bright_jellies
horizontal_faults
watery_fabrications
persistent_section
Sound_carts
continuous_stators
electronic_lasers
depressed_life
shy_contamination
top_investigator
whispering_signatures
remote_trash
powerful_buildings
unfair_president
top_colors
persistent_ballast
bloody_world
technical_assaults
uncertain_jeopardies
subtle_metals
global_counts
encouraging_sport
average_slit
parallel_runouts
parallel_price
mathematical_fold
interim_centerline
magnificent_lenses
marxist_damages
vulnerable_twigs
favourite_democracy
wide_chairs
comprehensive_strikers
nervous_diseases
indirect_actions
unwilling_conjunction
institutional_bushel
thoughtful_commendations
unpleasant_priorities
nervous_limits
usual_major
financial_mix
unfortunate_berries
real_verbs
balanced_dollars
cold_hose
new_howl
tired_flicker
different_circumferences
foolish_numbers
basic_projectile
aware_apprenticeships
simple_accident
civic_mouth
indirect_reinforcement
tough_stowage
tall_oscillations
charming_drops
corporate_jurisdictions
determined_algebra
crude_restraints
great_shed
changing_batch
deep_parallels
serious_services
dual_pits
recent_removal
scornful_sisters
successful_spacer
growing_alcoholism
early_layers
famous_yells
persistent_resistor
ancient_hyphens
parliamentary_statement
sad_wools
written_jumper
responsible_skins
narrow_success
continuing_relays
modern_diagram
surrounding_mouths
medical_originals
managing_presentation
uniform_swells
round_educator
full_tears
organic_churn
clear_rivers
panicky_certifications
wonderful_thermals
silly_things
primary_deflector
coming_validation
confidential_widths
pale_boxes
different_factories
productive_apparatus
cognitive_sidewalk
polite_edge
logical_exercises
grumpy_stools
colorful_want
instant_odor
criminal_fashions
breezy_discontinuations
big_steels
alive_honks
white_receptacles
satisfactory_chart
many_writings
tasty_capstans
elegant_compressions
round_protection
tender_enclosure
flat_capacitances
integrated_wingnut
passing_objectives
delightful_depot
crazy_trials
creepy_litre
weak_boat
automatic_drug
unusual_pedals
nasty_submarining
gigantic_conflicts
coastal_fault
alleged_reach
local_glazes
relative_pyramid
jolly_paygrade
competitive_profession
electric_winter
inappropriate_inspections
premier_offset
plain_books
retail_heat
philosophical_artilleries
expensive_decibels
wonderful_yolks
clumsy_minuses
courageous_drills
late_drives
long_accordance
tame_defections
additional_dispatcher
sound_library
bored_pins
surrounding_storms
relieved_instructors
powerful_documentations
overall_threes
organic_expenses
ugly_grooms
polite_feed
arbitrary_implementations
radical_levers
delighted_communication
ripe_station
glad_guess
anxious_conversion
funny_chapters
compact_cradle
furious_extensions
external_echelons
furious_canals
patient_braids
glad_odds
defensive_length
roasted_sod
domestic_exhausts
clear_preparation
huge_gallons
happy_resolution
uncomfortable_chattel
yellow_lens
exotic_west
eastern_breaches
tricky_motors
just_atmosphere
light_discontinuation
witty_cent
level_surveillance
regular_sand
disciplinary_cast
close_bullets
delicate_slide
weekly_glasses
elated_sneezes
nursing_friend
quick_woman
irrelevant_capabilities
rapid_seasoning
gleaming_illustrations
chronic_cannons
spontaneous_forts
magic_bath
private_equator
orange_kilometers
native_shades
academic_augmentations
successful_vacuums
dirty_surprises
gross_employee
kind_accesses
expected_volts
electoral_poles
organic_wonders
like_instruments
subsequent_gloves
continental_distances
super_look
sparkling_causes
accurate_wars
reluctant_charts
accessible_medicine
evident_defeats
cool_windlass
straightforward_standards
fine_channel
hon_crank
unaware_flares
influential_condition
sure_jacks
scrawny_outline
tiny_decay
isolated_runaway
common_powder
tan_answer
relevant_plane
shallow_spikes
white_print
balanced_diaphragms
premier_escape
leading_swaps
spicy_squadrons
rainy_downgrades
golden_usage
far_lamps
controlled_hazards
determined_restrictions
clever_fractures
fluttering_tab
prominent_recombination
white_guesses
underlying_interview
quick_sneezes
linear_dress
united_taste
provincial_sources
gigantic_rubbish
high_reaches
deaf_jurisdiction
helpless_task
biological_orifice
sad_zeros
orange_origin
special_bore
fatal_connection
shocked_hooks
bitter_zips
occupational_section
comparative_organs
mental_experiences
causal_indexes
small_coordination
boring_propose
psychological_retractor
many_vine
toxic_indexes
extended_pockets
final_comparisons
superior_attacker
thick_laughs
dead_refunds
whole_airports
separate_devices
new_rails
continued_update
weekly_tourniquets
confused_bin
broad_duplicates
pale_voltage
direct_misses
friendly_lesson
estimated_trousers
worried_reverse
square_pedals
innocent_sailors
average_volt
intense_allowance
exclusive_processor
prime_specialists
voluntary_merchandise
slight_component
remarkable_processor
skinny_signalers
cold_school
dual_rule
faint_harmony
mid_teams
precious_gaskets
crucial_checker
governing_courtesies
zany_sponge
sunny_hugs
numerous_billet
premier_listings
final_launch
partial_targets
underlying_crew
confidential_salute
uptight_destinations
individual_circumstance
guilty_coxswains
eventual_price
high_remains
disciplinary_hazard
husky_average
spicy_fruits
brainy_pail
different_clerks
slim_debts
worried_float
successive_directions
final_raincoat
dramatic_works
physical_meter
korean_energizer
subtle_tolerances
monthly_latches
sunny_thread
foolish_span
old_pages
depressed_stators
curved_journeys
mixed_sun
severe_altimeter
poised_blackboards
bumpy_propulsion
few_shipping
irish_straws
cloudy_brush
whispering_position
clumsy_inventories
varied_exercise
rapid_decoders
bitter_glass
screeching_residue
coming_rescuer
hidden_cleanser
printed_loan
final_composites
poor_cliff
gay_rejection
mental_blow
adverse_rock
holy_echelons
united_burn
artificial_dispatcher
gentle_dose
charming_microphone
commercial_donors
grumpy_games
following_accountability
emotional_argument
soft_toe
joyous_writing
inner_sunlight
confident_waste
wandering_egg
supposed_instance
capable_chock
promising_resources
bright_braid
visible_hunts
new_mornings
medical_oak
hungry_cup
crooked_experts
horrible_discriminations
spanish_selections
superior_dents
surprised_hopes
welcome_overloads
helpful_meals
grieving_sack
administrative_straighteners
agreed_leaders
golden_books
green_magazine
silky_takeoffs
colourful_handles
furious_cities
dual_click
invisible_tendency
jolly_ditch
combative_plexiglass
redundant_splitters
cold_reward
dreadful_spikes
electoral_comfort
minimum_replacement
qualified_rug
financial_triggers
jealous_beams
overwhelming_manual
greek_exterior
wonderful_carburetors
purring_friction
legal_inclinations
obliged_tensions
prominent_masters
unusual_charge
melted_cosals
redundant_dive
outstanding_taxi
main_technique
round_yards
notable_propose
divine_potatos
fat_spoke
confident_ignitions
impossible_cap
misleading_patter
male_morning
rare_produce
hollow_photograph
agreeable_bristles
thoughtless_hoop
misleading_accumulations
double_metals
comparative_spots
special_sleep
magnificent_generations
tall_confessions
moral_uniform
glamorous_burglary
financial_selectors
emotional_produce
grumpy_frequencies
human_wingnut
coherent_log
varied_telephones
unknown_abbreviations
psychiatric_budgets
clumsy_pass
visiting_guilt
sexual_pat
hard_midwatches
rising_misses
proposed_rockets
ancient_seam
cold_arm
ugly_overvoltages
grieving_season
rigid_vines
brief_overcurrents
helpful_windlasses
notable_rollers
fierce_maintenance
hot_hail
principal_presumptions
alleged_patrols
concerned_subject
australian_fabrications
concerned_hours
thundering_slice
interesting_clicks
ashamed_square
grotesque_asterisks
big_halyard
peculiar_compresses
disturbed_shipping
exact_panels
round_counsel
curved_radiators
magic_sport
whispering_shoes
added_minority
main_minds
subjective_flickers
thundering_telephones
past_instrument
pregnant_fall
remarkable_abbreviations
communist_fifteen
rotten_trucks
square_jobs
appropriate_merchandise
bare_duration
hissing_tests
determined_slices
rural_nonavailabilities
unnecessary_bits
scientific_stick
grateful_pots
thundering_stretch
bored_fist
desperate_tendency
handsome_jam
lazy_paint
high_architecture
sporting_taxes
italian_midnight
tame_terms
ambitious_signature
continued_circuitry
anxious_cliffs
managerial_guard
spatial_extensions
philosophical_equipment
exceptional_usages
quiet_linens
balanced_reliability
white_lamp
frail_pastes
korean_attack
essential_look
monetary_dealer
collective_laser
valuable_customs
proposed_generals
peculiar_escorts
faint_rim
reasonable_quart
accessible_seamen
magenta_box
military_stub
misleading_containers
improved_emergencies
muddy_endeavor
long_applicants
old_ohm
fair_stools
exciting_licks
soft_dears
payable_glides
important_song
long_printouts
intimate_knobs
chosen_troop
brown_fishes
pretty_fabrication
good_church
working_class_petition
late_wave
blonde_rheostats
famous_tumble
amused_densities
important_sleeves
functional_decoration
diverse_problems
excess_drawer
unemployed_partitions
thick_leather
collective_endings
unchanged_wings
human_temperature
correct_directive
sour_daughters
spatial_dioxide
intellectual_present
quickest_prime
high_pitched_solenoid
big_sabotage
only_rinse
deliberate_amplitudes
prepared_lee
white_diesels
wicked_version
tricky_discrimination
good_stitch
jolly_rod
positive_hum
extended_summaries
quiet_prison
full_volume
magnificent_hinges
thorough_persons
bitter_failures
horrible_subsystem
certain_deficiencies
assistant_standardizations
quiet_coupling
mean_rotation
fit_circuitry
internal_odor
strange_cellars
ugly_carriers
broken_extensions
pregnant_mixtures
grumpy_donor
slimy_pyramid
striped_operand
blue_leathers
elaborate_bureau
complex_attack
public_condenser
net_weld
ambitious_ounces
shared_doorstep
instant_helmets
common_delegates
stupid_trackers
human_drainer
civilian_ignition
legitimate_deposit
fluttering_circuits
busy_swords
clever_tapers
chubby_diagrams
exceptional_sleeves
creepy_guest
video_taped_hoops
tender_binders
clever_cut
fundamental_stowage
impossible_fracture
accepted_diameters
grotesque_trainer
tiny_swimmers
supporting_syntax
obvious_lanterns
inappropriate_charts
agricultural_storage
blue_runaway
smooth_technicians
vivid_cup
colourful_beginner
artificial_freedom
unsightly_filters
obedient_checker
distinguished_hum
enormous_oceans
whole_warehouse
nearby_scopes
eager_rag
uninterested_cash
tired_accordance
nuclear_substances
small_class
white_place
given_takeoffs
detailed_listings
rude_delay
hard_inlet
dizzy_loaves
mental_grease
excess_stove
familiar_canyon
rival_rudders
likely_rust
previous_proficiency
fundamental_nines
unfair_lift
respectable_hut
fun_stresses
unfair_percents
visual_strength
popular_recruit
famous_goal
cool_creeks
annual_formation
grumpy_paint
visiting_south
useful_pond
unacceptable_navigations
radical_tendencies
worthy_wholesale
old_fashioned_branches
odd_fours
shallow_winch
nervous_oaks
characteristic_mounts
inevitable_knot
early_garages
simple_smokes
native_launcher
tender_trusts
distinguished_telecommunications
bad_wind
light_appellate
realistic_registers
concrete_truths
relieved_jack
extended_inclination
aware_evaluations
present_amusement
calm_utility
specified_weapons
prior_lashes
governing_distributors
just_pier
retired_history
curly_measurement
fundamental_thimble
running_nest
precious_bank
fucking_bauds
musical_layer
proper_chemicals
vast_regulations
square_oxygens
circular_bits
advanced_drawings
reliable_pulses
helpless_scratches
turkish_situations
precious_committees
muddy_documentations
future_oscillators
big_ax
successive_highways
subtle_generators
substantial_fathom
burning_facepieces
passing_brother
feminist_bulkheads
anonymous_deposit
black_deputies
full_thirty
happy_refurbishment
magic_stones
primary_damages
novel_interpreters
embarrassed_formations
tense_conductor
lively_portions
inadequate_trucks
toxic_prepositions
impossible_sash
controlled_notation
urban_managements
misty_attachments
strategic_interaction
artistic_savings
nervous_math
clean_shot
handsome_joint
following_railways
fascinating_documentation
victorian_individuals
creative_slides
linear_diaries
rainy_jacket
devoted_tan
royal_computation
deep_weddings
overseas_hands
terrible_intent
clean_attention
unnecessary_detachments
criminal_rudders
broken_pushups
single_meet
mechanical_blows
frequent_conversions
inclined_arraignment
present_losses
rainy_case
typical_sticks
angry_cases
electoral_offer
final_combatants
bad_folds
creative_faces
dull_compass
developed_citizens
magnificent_searchlight
tense_crashes
curious_footing
purring_mercury
nasty_brightness
concerned_picture
mad_lubricant
british_prices
bitter_dots
smart_pine
famous_bins
steep_davits
encouraging_breeze
painful_grains
intermediate_giants
formidable_pascal
graceful_weldings
diplomatic_glides
educational_skills
perfect_minimums
hot_april
rural_track
lexical_malfunction
straight_henry
competitive_choke
worrying_atom
friendly_absences
interim_grip
above_vine
burning_trusts
unaware_tackle
handsome_shotlines
vital_priorities
thundering_swap
bad_parenthesis
running_blades
geographical_canyon
shallow_measurement
profound_swimmers
solar_observation
bored_sheeting
characteristic_disk
easy_canyons
blind_cries
female_paces
controlled_associates
serious_address
extensive_combustion
weird_vol.
modest_strut
sorry_divers
institutional_dopes
western_leap
unwilling_slaps
fancy_decoder
sticky_adherences
wet_canvas
korean_path
tasteless_gasket
deliberate_artillery
wet_fractions
then_armies
panicky_pair
interested_stroke
hard_elements
painful_generator
closed_excesses
young_mineral
net_bauds
zealous_sums
standard_indicate
desirable_accelerations
prior_passes
soviet_housings
zany_bank
evil_purge
certain_brushes
vulnerable_parcel
illegal_members
perfect_quarterdecks
present_withdrawal
grubby_loaf
social_capacitance
uninterested_injections
civic_option
high_pitched_scene
excited_metals
outdoor_addressee
petite_peg
olympic_crusts
perfect_cheeses
prime_president
tiny_interviews
applicable_authorization
handsome_butts
wet_certificates
presidential_notation
outer_cupfuls
definite_company
blank_bags
genuine_vector
pale_beds
fixed_subjects
invisible_pokes
popular_chairman
silent_man
fat_pens
shrill_wood
minor_snap
subsequent_product
charming_act
negative_restraint
brave_saving
flat_kisses
neighbouring_affair
raw_triangles
effective_technicians
democratic_cake
confidential_gangway
tender_subprograms
uneven_incomes
front_servants
quiet_doors
tender_affiants
powerful_modifications
handicapped_minority
united_buzzers
upper_rules
well_decisions
angry_energizers
strange_pier
ugliest_seamanship
continental_drift
old_fashioned_performances
grubby_arms
fast_consequences
usual_illustrations
unlikely_impact
tart_leaper
added_interests
independent_acts
splendid_editor
spotty_discharges
tasty_basement
excited_nickels
prospective_flood
remote_cockpits
brave_sort
unwilling_lids
homely_cabs
convinced_holds
voiceless_strips
constant_rudder
different_feelings
wooden_president
satisfactory_milks
everyday_custody
fuzzy_backups
real_verses
extraordinary_flush
outer_nozzle
innocent_entry
coming_harbor
naked_sevenths
mechanical_raincoat
furious_runner
chinese_standard
toxic_keel
rapid_shortage
curious_vessel
intensive_contract
compact_overcurrent
deaf_evidence
occupational_witnesses
so_called_howl
rapid_wounds
impossible_gap
mushy_trunk
ugly_swimmers
working_miles
embarrassing_software
disciplinary_experts
bold_stop
capitalist_season
just_inquiries
beautiful_flakes
petite_law
acceptable_sounds
pure_turnarounds
different_tide
precise_validation
historical_passivation
creative_groves
theoretical_complexes
soft_improvement
kind_trick
jolly_solution
tight_workbooks
huge_spring
faithful_contents
present_grounds
local_lake
tan_default
stuck_rolls
easy_fountain
advanced_oven
islamic_coins
prickly_runouts
far_course
panicky_figure
overseas_funding
chinese_buckle
outrageous_slate
prior_schoolroom
determined_technician
tender_forties
quickest_trains
suspicious_explanation
innovative_towers
wild_misleads
pink_runoff
yellow_requisitions
empty_multisystem
encouraging_extent
creepy_democracies
fierce_nulls
monthly_admissions
tory_education
grubby_jurisdiction
marginal_fractures
quickest_pier
wet_anthems
constant_aid
dramatic_acquittals
appropriate_recesses
constitutional_combinations
ancient_classifications
diverse_entrances
scornful_electrodes
chosen_recruits
voiceless_ribbon
palestinian_value
lovely_tactics
slow_platform
passing_disk
black_installations
sorry_administrator
supporting_rain
wet_byte
soft_marble
helpful_demonstration
quick_hundreds
joint_visibility
green_sinks
technological_hub
previous_fuel
turkish_produce
afraid_element
academic_inches
adverse_buys
chief_flash
unlikely_purchasers
radical_adjustment
controlled_flames
welsh_jumpers
impossible_knees
determined_washer
personal_circuits
ancient_governments
fresh_houses
successful_bread
small_electronics
regular_deserters
robust_rail
big_dollars
misty_specialties
mysterious_increases
odd_detection
decent_marble
definite_gangways
muddy_shots
magnetic_abilities
low_forts
fortunate_glands
prickly_aims
hungry_purpose
quaint_showers
secondary_eliminators
dark_conjecture
presidential_shipments
tender_illustration
exact_tongues
swift_packs
cooperative_hats
common_tire
liquid_memories
expensive_run
icy_planes
thoughtless_frequency
lively_assistance
criminal_realignments
unchanged_abrasions
korean_hickory
roasted_bridges
proud_confidence
red_pins
vast_weapon
fucking_sinks
uniform_gaskets
scattered_bus
healthy_images
hilarious_parity
silent_mill
naughty_sights
fragile_sips
italian_deletion
afraid_executives
compatible_oven
leading_publication
possible_boatswains
protective_pushup
intense_hairpins
different_chokes
troubled_haste
glorious_garage
different_utilization
violent_legend
continental_gear
future_airspeed
total_decision
fluttering_deputies
fit_decrements
dangerous_cellar
labour_miles
poor_infection
striking_rotation
favourite_women
retired_trains
ridiculous_individuals
steep_pane
mobile_surprise
digital_cards
interior_technician
dependent_hopes
burning_aliases
commercial_talker
orange_exits
hostile_letters
determined_rail
chilly_recruits
chronic_ways
wasteful_anchor
unfortunate_ropes
cheerful_messages
elegant_habit
annual_mountain
smart_superstructures
associated_splicers
moaning_lesson
spanish_harbors
bright_gate
helpful_twig
fucking_noises
prominent_rower
rigid_stresses
creative_shipmate
straight_hoses
slight_sun
governing_truth
ltd_weaves
conservative_deposits
ridiculous_fetch
obvious_emergency
tame_hats
respective_rhythm
final_health
initial_tilling
nasty_position
dizzy_tugs
frozen_trays
american_drug
crooked_drip
spicy_bomb
roasted_drains
hidden_fight
widespread_requisitions
apparent_throttle
realistic_stub
delightful_brake
prickly_core
linear_forests
upset_compartments
improved_legislation
angry_tuesdays
racial_nerve
obvious_fixture
clean_airspeed
silent_circumference
foolish_investigation
holy_tablespoon
mature_selector
entitled_tin
standard_carburetors
visual_evidence
strict_versions
african_ambiguity
superior_compositions
shocked_lens
fancy_hate
responsible_augmentation
bare_articles
coastal_casualty
juicy_alternative
japanese_punctures
interim_drawer
current_provision
important_aggravation
shallow_cape
elegant_anchors
fair_hierarchy
gothic_bushels
arab_harnesses
tired_combinations
constitutional_tunnel
royal_striker
gentle_drawer
balanced_races
southern_board
inevitable_ranks
nursing_coordination
remote_halts
iraqi_candles
short_cheats
good_rumbles
private_child
powerful_guys
sorry_tags
nasty_orifice
rational_wayside
peaceful_cell
driving_safeguard
notable_attesting
natural_wind
swiss_dwell
profound_blindfold
rainy_brooks
creepy_plots
prickly_bubble
dual_depot
smart_development
bloody_injury
substantial_judgment
exceptional_strip
mobile_nerve
recent_trades
advanced_augmentation
flexible_sequence
panicky_chairman
professional_circumstances
rich_thread
slow_positions
nursing_eves
gentle_painting
comparable_dependents
lively_expansions
skilled_trim
important_tunnels
delightful_lighters
symbolic_scabs
efficient_thirds
thundering_elapses
bumpy_inductance
angry_task
helpful_jigs
diverse_mother
gradual_fumes
determined_amperage
lively_shadows
inherent_advertisements
naval_absences
right_buttons
charming_desertion
iraqi_map
theoretical_assembly
fascinating_beaches
compulsory_pull
joint_bands
straightforward_samples
illegal_originator
teenage_charges
separate_rhythm
electrical_strengths
early_speed
rich_airspeeds
big_balances
broad_navigation
wet_milestone
rich_toothpicks
icy_puff
impossible_abrasions
married_leakage
tan_qualification
misty_alibi
fast_spindle
vague_carts
wild_leaper
western_parachutes
thundering_marches
victorian_person
correct_yaws
australian_chamber
poor_sessions
decent_words
flaky_dirt
great_bush
devoted_spool
melodic_hygiene
doubtful_load
loose_area
steep_summaries
improved_cupfuls
variable_nails
legislative_integers
grumpy_charges
upset_flickers
adequate_man
maximum_ticks
blonde_haul
expensive_supervision
fuzzy_dictionary
ugly_requisition
glad_daughter
ill_privileges
outstanding_paint
persistent_geography
formidable_escapes
dry_captains
critical_fields
democratic_bureaus
noisy_swimmers
vital_helicopters
mechanical_sixes
burning_navies
conservative_fishes
fucking_detail
striped_magnesium
charming_restrictions
quickest_sizing
victorian_pier
popular_events
philosophical_checkouts
european_classroom
grubby_character
growing_probability
high_gears
grim_sediments
brave_discontinuations
curved_boresights
familiar_prime
rolling_device
nearby_chain
favourite_tongue
invisible_crosses
spare_paths
dear_sabotage
bumpy_kiloliters
supposed_tents
related_roar
lovely_fishes
tiny_plexiglass
rude_abbreviation
vital_quiets
hissing_guy
objective_chiefs
intellectual_coders
turkish_body
closed_deposits
outer_ears
permanent_elbows
characteristic_subtotals
magnificent_counters
nasty_memorandums
weak_relationship
handsome_cubes
usual_multisystem
prior_atmospheres
metropolitan_glands
canadian_registers
wet_periods
upset_change
unfortunate_durability
satisfied_forms
extensive_pools
elegant_accessories
important_ones
sticky_swivel
poised_checkpoint
established_concept
irish_birth
hidden_pedal
troubled_cement
zany_dock
big_calculations
zany_hardness
straightforward_preserver
natural_canister
tight_kinds
abstract_bauds
developed_misfit
varied_multisystems
dry_excess
medical_tender
integral_distributions
long_solders
mutual_drug
verbal_births
circular_seesaws
administrative_lead
asleep_adjustments
mild_result
financial_cottons
bitter_dot
steep_nickels
growing_attribute
important_noses
impressed_ratio
sudden_sneezes
beautiful_brace
favourite_sevenths
male_memories
genuine_goods
quick_cuts
glorious_chin
handsome_discriminations
regulatory_welds
eerie_increases
hissing_nation
residential_trail
underground_sticks
hollow_diaphragm
difficult_disasters
ideological_alternate
unaware_grant
logical_cavity
disgusted_chance
jolly_passwords
upper_purchases
calm_gravel
bitter_substances
medieval_directive
prickly_secretaries
flat_sevens
familiar_desire
like_wiggles
fluffy_harbors
nervous_orifices
glorious_tenth
unable_jets
glorious_roller
violent_quarters
reluctant_abuse
northern_injury
tan_forecastle
historical_integrity
faint_kick
obnoxious_chairpersons
ethnic_directories
busy_paragraphs
familiar_airplane
australian_magnet
functional_amplitudes
different_blanks
broad_greases
extensive_chock
combative_reliability
balanced_boresights
high_details
prepared_million
running_laundries
middle_class_choice
ugliest_soldiers
clean_paper
aggregate_peak
defensive_struts
ltd_nozzle
specified_cashier
late_mills
anxious_crawl
only_lees
bewildered_fountains
coherent_nameplate
unconscious_discussions
dangerous_millimeters
shivering_characteristics
scrawny_strike
tired_straighteners
used_solvents
strong_swamp
famous_fireplugs
foreign_troops
long_stabilization
marine_implantations
overwhelming_tissues
inland_result
increased_retirement
drab_network
tasteless_commanders
vivid_pine
complete_biases
pale_grips
coloured_title
tory_mints
cultural_drain
happy_knocks
used_turn
odd_packs
harsh_patter
then_hints
far_harpoon
ratty_lake
sufficient_chimneys
rolling_days
sacred_assignment
busy_plant
married_worksheet
mighty_graph
brief_organization
working_instrumentation
narrow_jars
long_conspiracies
pleased_television
ashamed_hundred
christian_taper
american_springs
standard_grip
imaginative_voltages
spicy_mask
assistant_tours
occasional_runouts
vocational_market
complex_buses
thoughtful_permission
protective_chest
hungry_thin
dangerous_rowers
unlikely_drawer
nervous_bases
broken_comparison
hungry_legend
specific_petition
sticky_hulls
sorry_warranty
exciting_investment
small_brake
cruel_supply
rubber_progress
painful_cakes
modern_shores
formal_combination
normal_cloths
simple_diamonds
rolling_rods
mushy_chains
detailed_occurrence
uniform_graphs
comfortable_meat
unlikely_dolly
familiar_cut
heavy_coxswain
senior_wheels
square_wrecks
large_approaches
desirable_brush
firm_question
identical_shafts
curly_barriers
courageous_pocket
smooth_bubble
isolated_tills
square_words
foolish_complexes
blue_sap
okay_arraignment
curious_ejection
ripe_misalignments
narrow_compressors
overwhelming_auto
double_hopes
remarkable_mixtures
old_stings
sleepy_families
eldest_checks
pleased_ingredient
famous_molecules
honest_navigator
depressed_stump
moaning_circumference
relaxed_molecule
total_threes
smooth_holder
american_bail
japanese_travel
noisy_galleys
mixed_letters
organic_chalks
surprised_cots
variable_sills
sweet_atmospheres
continental_sports
sure_liberties
wandering_freshwater
communist_course
precious_checkpoint
content_swamps
future_trailers
noisy_mechanisms
representative_wardrooms
running_flickers
raw_equation
crooked_drift
present_limitation
potential_mirror
optimistic_prefix
normal_offsets
rich_formula
printed_deduction
coastal_chest
perfect_group
resident_rating
bright_game
crazy_males
shared_quartermasters
consistent_mists
tart_cough
powerful_magnets
deep_insanities
zany_sonars
blonde_observation
japanese_submarined
experimental_cries
conservation_fiber
thundering_net
tender_apron
tough_shelter
perfect_ditches
scottish_laces
tired_photodiode
naughty_captains
korean_toothpicks
exact_binder
nuclear_gravel
fucking_cab
unusual_hours
damp_multimeters
decent_interest
indirect_maintenance
latin_kills
prime_wool
technical_bows
red_occurrences
young_fines
successive_stakes
adverse_record
salty_bundle
potential_resources
slim_intelligence
sick_opinion
unfortunate_bit
mere_station
narrow_standardization
deep_device
applicable_dips
interested_much
medieval_tin
subtle_odors
boiling_affairs
conscious_breeze
promising_restriction
classic_lesson
unpleasant_dimension
annoyed_application
fancy_superlatives
rare_offer
architectural_shell
famous_limes
polite_prefixes
limited_slopes
alone_toe
apparent_panel
ethnic_chances
native_shotlines
gentle_crusts
married_assembly
sad_missions
satisfied_stuffing
formidable_witnesses
tender_corrections
fantastic_slit
weak_health
convenient_outlet
outdoor_can
shallow_arrangement
feminist_presentation
close_college
boring_respiration
unknown_statements
established_category
pink_sentries
gorgeous_events
jolly_depths
theoretical_americans
known_radio
furious_efficiencies
round_judges
frail_guard
required_shelves
pure_residents
ugly_officers
innocent_strike
immense_tray
only_jumper
late_implantations
tender_boot
low_fatigues
strong_time
everyday_rod
crooked_tumble
lost_core
secret_taxis
redundant_millions
quiet_shade
technological_path
united_ores
few_delivery
colourful_acquittals
technological_sheet
colonial_tendencies
blonde_shadows
rich_ship
complete_strike
surprising_segments
wet_ignitions
harsh_plate
alive_stone
tense_glands
perfect_monitors
democratic_swimmer
hot_circumference
practical_halls
hungry_oscillation
funny_kill
kind_combatant
dangerous_wrench
drunk_completion
ideological_thousands
mild_billets
numerous_rowboat
agreeable_park
net_background
bad_tenders
roasted_cheat
associated_sword
cheerful_commanders
evolutionary_bead
latin_configuration
bitter_item
eager_managers
moaning_felt
imaginative_regulator
islamic_pot
theoretical_slate
remaining_resistor
conceptual_mop
near_processors
jolly_face
spatial_knife
selective_dose
theoretical_team
itchy_accuracy
dark_scope
sudden_wonders
resulting_quotas
judicial_byte
labour_guys
senior_member
unusual_helmets
ashamed_breaches
ugliest_responses
notable_navigations
tragic_lent
japanese_ramp
disturbed_meanings
verbal_usages
extra_talker
female_ovens
evil_racks
reasonable_evaporation
furious_cakes
technical_thought
mean_fallout
integrated_jeopardy
automatic_inquiry
rational_lane
experimental_solvents
wet_planes
inherent_guideline
unnecessary_captain
subtle_specialization
balanced_dimensions
lively_standards
flexible_thumb
prominent_indexes
sleepy_son
hungry_flap
secure_decks
zealous_comfort
unpleasant_sabotage
eligible_difficulties
quiet_assignment
imaginative_chairs
wide_eyed_eligibility
electrical_president
mid_seaman
fat_improvement
chinese_accesses
homeless_dishes
sleepy_artilleries
tiny_stretches
intensive_assistance
biological_note
jealous_transmittal
international_affiants
angry_ceremonies
pink_speeder
soft_sponges
broken_slash
brief_plans
long_cures
palestinian_calendars
eldest_fields
relative_fleets
external_gloves
exuberant_ramp
acceptable_civilians
tan_establishment
round_fighting
powerful_stresses
average_users
causal_tubs
brave_person
daily_multitasks
permanent_mondays
bright_crystals
strange_accident
beneficial_corners
tasty_silence
empirical_images
firm_tugs
impressive_mile
standard_muscle
low_harmony
rubber_hair
varied_name
subsequent_sled
naked_dots
voluntary_canister
overseas_centerlines
lengthy_adhesives
fast_hubs
sad_features
creative_strength
free_world
part_time_acid
perfect_crewmember
independent_rumbles
gigantic_nods
determined_angle
colossal_pockets
fair_shelves
troubled_minute
written_sponges
rotten_debit
fluttering_february
stupid_finish
cultural_halt
heavy_liberties
steep_moneys
curved_silicon
resulting_sailors
patient_components
traditional_handler
clean_account
round_weaves
necessary_knot
urgent_painters
geographical_pistons
negative_word
combative_sessions
estimated_raincoat
catholic_square
high_thermometers
urban_sheeting
continued_bottom
lively_brooks
eldest_fasteners
likely_breakdown
running_smell
dry_flames
green_defense
handsome_arrival
light_bin
faint_harbor
outstanding_stator
ministerial_electronics
depressed_truth
spicy_lubrication
polite_executions
active_removals
successful_winches
intense_resource
chief_regret
certain_addition
delicious_pace
excessive_harmony
bloody_modes
living_mistrial
better_weapon
wee_servant
evil_plane
certain_dump
gorgeous_sand
english_replenishment
noisy_sleeves
entitled_miss
teenage_platforms
embarrassed_bend
rare_handfuls
busy_overlays
primitive_wound
lively_lifts
medical_punch
excess_fort
numerous_april
preliminary_drift
lively_zips
vivacious_webs
disturbing_decisions
uniform_puddle
alleged_batteries
short_rubber
muddy_shotlines
straight_cycles
steep_list
elegant_percentages
loyal_pitches
managing_figure
devoted_difference
