jzV
z70
EX3
dir
iyF
fEK
oGM
sxH
lmN
kBH
sUV
EHZ
gvW
g47
lqu
zPY
cgm
eY4
eZ5
tR6
mx0
i56
ftO
hR4
hrF
yX0
nr9
dC0
bT7
kXY
eN1
GZ9
jDO
qS1
goK
rzE
780
nEX
CU_
nC
mz2
tvx
emu
apL
C0
fY8
dek
KX1
yOY
AY9
stT
AW7
mx_
dlp
qIQ
loC
gCJ
ops
vBT
bU3
csD
suT
lp_
cLO
KR5
sC4
LS7
sMZ
otC
dzJ
iRW
sCY
DL_
ry4
aoA
coz
wKM
mHS
lpO
bfA
uBL
BEU
uyX
uSY
iJV
AO_
yKL
mwx
EJO
be5
HW4
aey
MQ4
dkl
qrR
lvO
jpu
dux
tU7
c36
rFQ
N40
isC
tP9
huN
lHV
emp
uST
jC8
fzA
ps3
alT
yV8
fi1
a49
biH
pFS
D39
awJ
qrJ
hls
ehI
fU1
MS3
mGN
qAE
bLW
qvM
tBJ
pBD
uO7
x90
RS9
jD8
fvZ
fX0
rO6
aS1
sS3
hk8
dGI
zDS
kzO
aU5
eW4
aeK
kHR
fzT
ck0
dgY
xHX
fuS
tF_
u58
bAS
eFZ
otN
gvZ
emN
rI0
pZ1
HJV
AJ9
mwI
uL2
X_
LV6
xy
vA6
nD_
ijR
v14
rz8
NZ_
cr8
aCD
RS4
ls4
dkv
eZ
ehR
lGO
ip2
hvQ
wR_
BK9
zNZ
kS1
aAG
FV
agK
bW6
KOU
rC9
q56
P0
AEY
IRX
sFY
del
frR
IR8
CDQ
fjm
cfQ
bO3
aE4
jrS
kGS
yN5
aru
hiz
iE6
mIV
bDY
ltM
F60
BM1
pvJ
egW
vE_
JNU
doA
biU
ER2
rwD
mN4
hrL
zKL
NS7
wU3
rwB
mzS
rDO
PV
rGL
hlG
567
EPU
xyO
cei
nT_
kCN
hq_
jEY
lsV
orW
cD7
uyB
TUY
bG_
hU
x8_
eA5
tKL
opv
jw0
fxB
efh
lwW
nzX
eHR
eg6
U56
S90
mwK
qu1
DM0
DKL
gy6
uW8
cv6
NV2
ayA
iJ6
vEF
orZ
qsG
lrJ
S19
ceO
jLW
cv2
k14
lKT
rIJ
zL8
sV4
g8
xQ1
IOW
nI
dwZ
lsy
C48
ls
jH4
lAO
dmp
vwI
zX4
fJX
uHJ
hC3
NX
qtN
sLY
COP
DNT
fxZ
flz
jnF
inS
xP7
wAM
qW
aqJ
knE
lFH
uE5
NY2
hmy
imK
sxX
qJ2
fYZ
gi
hjn
jvx
loO
BDL
MNY
LOW
gJ0
W28
bvD
xyX
dBY
eB9
aI_
cmF
r24
giC
EM7
sP4
oqN
R80
oJ
cA0
nY_
eUW
abo
qD9
fD8
IN5
eJ0
hRU
lM3
gxW
lX7
HK7
jH3
agP
F57
ajH
hEX
pS8
hz7
dry
hkm
nF5
swT
dr3
mGV
CGO
JKY
fJR
qNQ
wx4
mN5
bCW
tIM
nCS
cpN
hwV
ouB
uCI
fI0
HP0
zEI
uW0
dGL
kpt
orF
wAV
awS
aeE
tA3
bTV
dT1
kLU
ILP
ipP
tIT
fyA
det
IJR
eE6
IW6
bcJ
lMR
qz_
imq
by9
tS6
pvB
z0
hlp
uQY
bL4
fB1
W18
ou7
P10
hp7
eM8
LMV
tZ1
tIP
koy
GPZ
nIY
cwP
HTU
rEP
jFP
boI
oxV
sBL
asu
mXZ
myO
bBJ
fvA
hOX
mIQ
mDV
oM1
pFR
hsy
ilF
EQZ
fOP
HI3
pA6
fuY
kX
CS4
swH
jEI
jpJ
g9_
zBK
kHY
rX5
dS1
jz9
oLV
ah8
eq
BZ8
lwE
azV
bPW
dzT
HWY
osX
pT9
eV8
hk4
mqY
wE
vD3
14
IWY
FLV
J2_
abI
cZ2
eR2
Q80
BH_
qsE
sKS
V78
BKT
grW
pJT
zD2
ozH
jwM
wIQ
cz3
460
cPW
asG
ovJ
CKV
K2
iS7
fV5
wR
xHS
ftA
cGT
qQ9
sR
lA_
xT0
uI7
oAJ
aU6
uKL
U25
oX9
jUY
oMO
xIM
kO0
rV5
wyH
ftF
cDX
fqQ
beG
eI0
qz
eyY
HL9
J4
lzP
iEQ
t5
x_
rYZ
bUZ
UW2
f_
mCO
MOY
rv7
tE7
ksC
yOT
uA8
cjY
KY_
ivw
kCY
mAG
gN8
QZ_
cp
j1
WZ1
fuJ
adS
SY
fj1
ae
mty
ETV
eAS
DOW
h8_
blt
zZ2
X4
EGW
qBG
u67
ALQ
kpH
lHJ
fwV
rI6
ci8
ghQ
nBU
hrV
anz
hiH
fWX
nT6
eFY
beu
fsu
pEG
bzR
DW
eL0
vz6
qP
OR1
BQV
U12
kH9
tJ5
inG
wGY
dS
kt_
hP9
xLT
oZ
bxI
euN
dj6
iT2
JW7
pAI
hqM
fg8
hzH
irs
jms
jo_
GK_
kr5
OZ9
hn1
AVZ
xO1
d14
WX5
jxA
JU
CZ0
AR7
dBU
u0_
cMP
orP
rOT
eOX
pHY
il
dF
lqD
adu
fkW
nM7
iRS
sCW
irS
fZ9
fw
mrX
LM
bcE
HW3
rvF
wz
cf5
CJL
hop
iuO
COV
nE3
tY5
fAT
EFJ
jI4
esy
dxG
DF2
aS0
BCI
iu4
bdy
oz0
fm
efi
FL9
Z8
coG
fkm
hX2
uDO
Z50
mv8
biF
bNR
LNV
z89
ipM
pqE
pKO
CDS
acW
ps0
UY
bOS
AKX
itA
aPQ
uKY
tFY
aoG
zB1
pAN
mIJ
XZ_
bD5
mtV
LX2
cqW
hoL
zAT
GV4
asW
OS2
eoN
btL
rHX
kuV
ER1
ruE
JW2
qRY
dsY
fwA
xDE
WZ_
HP9
wyA
hpP
cC_
OU8
in0
clK
xyD
gh5
ckK
doy
CG1
fPY
bxD
lFM
PUY
lJ4
lvN
hzC
L50
alz
sE4
cdo
f80
eHK
euO
lqB
nCE
bM3
ny4
kZ6
oY6
nX5
oMN
ef8
mR9
yC8
cW4
r67
yFG
ptO
ewz
osZ
iZ1
gyE
lwB
dN6
eE9
jDL
B20
inz
gjw
IY5
hLY
dPS
boZ
bnO
cA_
DEX
uw2
fO8
oP4
yJ9
PSY
hFG
dxO
jsO
KZ0
vJ5
CW8
gGI
cwX
xIQ
uY
al7
qw7
uLZ
afo
iBU
wV_
hPS
HQU
EHR
uF1
QTV
vCQ
lUY
dvJ
fB3
uMU
yR5
HJK
diB
mps
mTZ
kl_
bq_
JL9
cW6
opu
chs
vOX
hnG
bA
fO6
nOQ
wQ1
k8
qB2
dE5
dlK
oT6
jC2
3
nCP
L
Y
eV5
rHV
r
qt6
QS_
sIV
t
bgV
nL0
7
v
lU7
B
sNZ
_
vAU
oN2
bIR
iEV
mBC
bkv
yI5
F
S
fqG
l
y
stP
8
r80
uVY
afS
JQ
qz7
hjZ
bI1
AX4
xIL
ip8
lmr
QR6
R79
uJU
kN
iT1
J16
CIX
el2
eBU
cnB
jOT
v_
tw
lsz
KR7
zQ
irU
I_
vHV
v35
zF8
ag9
hU0
JQS
U1
T4
ei8
mA
jZ9
lN
fjq
fgN
w49
B2
QYZ
xT
oGZ
egr
cs_
bqx
kpF
hz9
hw
iwy
frM
ou
owU
wJW
yPU
mKY
gPV
iCN
jnu
mrL
mHR
d8
IQ
fEZ
DN6
uvR
dtG
hv5
zQ3
uM
mrC
xI8
im0
quP
fvG
msY
uDI
AOV
hlB
blv
fO0
rt9
78
hEH
jV7
BJY
ntX
yP4
osP
dDG
kn7
lDL
fwR
kIX
U27
R15
LZ3
sDJ
uwS
aBO
bu_
Z5_
aAT
249
hwH
kW8
dBE
vTU
cv9
isF
itG
ci_
CD
nsK
GHX
EP1
koM
FUW
cfx
kAI
zG3
auK
mVZ
r5
X80
AQ9
HIY
zN7
cCL
qx2
aiV
lA0
iD7
EXY
W2_
pIR
fo3
xM6
wF4
mv3
hM0
A60
nA1
vCU
cEW
puK
iE3
deO
cx_
ipY
ty4
fuI
PQZ
mAL
OVY
SY2
ntA
hm8
u27
CLW
svT
gR4
NPW
oLQ
rsv
lyG
goY
efO
kK_
AD4
DEO
rJX
CX9
cdZ
w16
zU4
uEX
wT_
AOX
cCM
vCO
I79
bij
qKN
OZ3
qL0
dP0
oM3
IQ3
GSX
cI1
py_
nzC
oO6
aF0
lst
mKR
eko
tCW
iyB
F90
zX9
f89
lH4
pr
tIW
sw
KZ7
iku
tDK
hnH
aM_
vxQ
dl7
jwI
bBD
ai2
lX3
I7
jHV
avB
gm4
vKM
eyS
PY0
eX9
n5
pA1
hHW
qvE
LQV
lEF
RW_
vQ1
rV
yM3
qMS
aSV
juN
sWX
deA
KW6
FH3
fg
lX
cg_
xL
mDF
mCT
bCJ
aqY
alu
vxH
K1
zR5
o7
V1
vxP
zF_
bO2
vG4
owE
DG1
pP5
pWY
byB
eEM
DEZ
mIP
pv7
gB_
wBH
bvX
nAV
aq5
cl7
wO0
kOX
sRZ
qV7
jlY
hkC
efY
rHM
j_
nAK
dj5
ltN
jz2
ntR
cJU
aOR
auA
suU
rS6
nP_
oM8
DL9
HS7
IK6
mAE
guF
wzZ
ftM
fu4
jxJ
tyA
s9_
BNW
BFR
J9
BQ_
efT
O30
wJ7
gY2
IKY
hM3
qxO
pY9
gU
hOU
izF
bR6
f37
JU0
cQ9
for
sGX
dkM
aUV
kqB
aP7
oOT
vZ5
bJ7
nAB
zG1
sJ6
rE5
cM9
ajz
jyQ
CRS
hnN
qy6
cuE
jJQ
oKR
egL
pY0
bB
tyD
INO
KM_
bkS
19
sS6
GQU
eQ6
hjF
yER
FM6
uA0
iqR
kpv
R20
yCY
bv0
JOX
CK2
sN1
lp1
bjV
w0
fkn
pqV
bE6
dkK
gwD
AG3
hH5
AMY
yX7
ET
jsv
aJN
lL5
eoD
ly9
U6_
oE1
CY9
DOP
q3
mL9
mNX
G5_
jU_
jCZ
ay5
dm2
oFX
hvH
CIU
jkE
fpS
dqA
tU6
qCM
yXY
alJ
yGU
bG
nqD
ioN
lmw
vEK
dK3
fl
vD_
cdx
CGV
kGV
CT8
wEH
KY
dN
cY9
eH4
ikq
gtT
ftu
pH9
gDN
rtP
tvR
LT4
gP2
erw
gu8
HI8
m18
oF3
hmW
CNO
jsW
FR9
jD1
cHM
zLV
qT1
APV
CQ1
pK
eEF
xEH
iMQ
iow
akH
cF
nxG
TVX
sZ5
rE6
FU8
xV1
nEW
hqO
467
j18
nUX
dNY
uwK
uy7
hqI
Q
hJ6
rN8
mDH
bZ5
doW
jG1
fgG
aKL
bqU
AE3
xDF
BX3
j4_
dW5
kvF
kwK
nQ_
ovO
IW9
tW4
oBY
fr4
eyT
exZ
bLU
GTV
HX4
sGL
gQ7
CJM
awP
ksT
klr
kwI
esJ
kzD
QY8
iF4
jZ1
bgk
mFJ
wP3
kE4
jDQ
iOT
cIY
iDJ
wB8
bgA
bF9
cHN
s90
rw9
gHU
cjG
GUW
lA3
bpx
ijt
T49
CD7
lV0
ij2
LM3
mn0
in7
jwQ
BGV
ktI
ky1
lmo
qKL
FQ
tAC
AHZ
xLX
iyI
dxX
tu
dxL
lTY
evF
ioS
gJR
e9_
jS6
GX
jpr
rGT
kqO
yF7
cfk
BKV
k_
acd
klq
enp
ruX
E50
qsP
A9
IK5
coH
gI_
xI4
dX6
mH9
n59
DR
p60
EMZ
wY7
ciV
nF3
awX
aS9
uGY
QUW
sY
eBD
z3
AW2
cL
d59
gu5
eKQ
ilR
sU5
brG
jS9
sv2
qW7
hm
iQS
jV2
FH1
bzQ
ER9
h7_
LM2
iJX
tGR
kvH
elq
yB
bF1
moG
eAW
yKX
afB
bKN
aIL
JMP
hV0
sHR
qI_
b
E80
hE
OZ
ceZ
KZ
cgq
din
gJK
wx8
aqR
T3
tD_
btX
cn
boq
buR
lF8
yD
GN4
sW
xQ5
bK
lxK
dU2
ptH
OX
eOR
fP8
KS5
hwW
DL5
hqJ
mGP
uRX
gt
lrM
jkr
IV6
FJ8
ae7
tuA
pEZ
nq6
Z28
nIM
IX3
cuF
ds9
vV7
yGP
ijp
mE4
x48
uK7
hGR
lrX
amM
kKN
vAN
q4
CV2
gM1
lH
DIM
u6
gN5
fM
HT
brI
rT7
EL
xFT
HMQ
zRU
qyQ
stI
zOZ
EF1
SX8
TV
vL7
kM
pH0
aCZ
LN2
nvO
dPR
uC_
or5
P30
48
dfK
hsK
mx6
rAQ
eQ
cpZ
kq0
lnQ
OT
qCT
kwO
iKY
rU
wU8
pxR
MZ
BQY
duM
de9
fs
lou
svA
IN_
d4_
y80
glF
vS
RX6
dmx
uLQ
mAO
yX_
M3
fpx
tNR
ANW
O12
yP6
nG7
hoC
A4
imZ
kI4
pv
aV6
gn6
UY3
gH
DY
dqX
q30
xOR
KX8
N3
arx
frE
pry
dl
TY1
qU2
itv
rzU
d49
xz3
c4
bsX
iMS
iu0
DJQ
ES_
kBT
JM7
LNY
xEY
egp
vQU
anI
bqT
CU
ef6
nT5
r20
jE
sJM
crX
EHV
wLZ
q68
iKR
qxT
vBU
ALT
kD1
ptR
eoQ
wG4
rM0
dH1
jmB
n17
czH
rEL
XY
IM4
VZ8
oZ1
eq4
gT_
23
koZ
UY_
guS
lC9
sX3
U10
lr1
gY
DV7
R8_
uv0
jqU
uDH
BJK
tI6
ntY
coJ
hrA
dyz
tIX
lEW
56
jI6
cGH
xR1
R57
xFK
aIP
CMV
tBD
W5_
ikX
xOP
ow5
do
pxC
vzT
ci6
MZ9
j69
yEI
wGP
hoO
cGM
glW
uTW
mr8
hQR
eC
B7
vA4
M40
kzA
fwD
eUZ
Z4_
lO7
jL
v12
JOR
gmn
gV
DGL
rvQ
HP3
dG5
378
IZ9
CIP
aC7
iCZ
vDL
jG9
hnA
APY
K3_
cJ6
uwz
rt1
iC1
nE0
zC_
jv3
rBQ
nV5
cu1
nw
jwL
fW5
EJZ
BGS
uvK
yK_
ijk
tu5
kQT
ET6
BCW
i23
gmD
fiK
H40
eA8
jY
rtZ
vK6
ajY
wy8
tPZ
kLP
gIR
mqL
OW1
suR
ayY
ayL
sv7
oAP
mFZ
qU4
dq0
sQ1
sw6
BY6
hAT
mGM
k9
ceY
pT8
fFX
elm
vxM
uA3
hLQ
deu
ijH
iGP
gqF
W
fDY
lS3
sL2
eqx
CL5
JOZ
efS
hFK
kB3
py
q48
DI6
rzI
mqK
tyE
iR5
jHT
hmQ
nC1
cuX
eix
GKO
KP6
inX
ejB
yV
gG2
mU4
ABM
mtX
BI0
dh2
wDE
oN5
nzA
hGL
bzO
rF0
ms2
S7_
aJO
eKO
swS
sIO
MT2
fKR
oT2
jAK
BCG
iy6
r68
bHU
V90
tuV
luY
eB2
APX
GJZ
bL3
uEU
AJ8
HT0
yHR
pKQ
stA
hSX
kDO
rVX
kyU
lvJ
K69
DY0
htz
JL6
dhm
cZ_
B68
cB_
pX2
rA
qRT
npu
aF3
MSW
uD_
HR8
bgD
vLY
gAK
xIR
uT3
eiv
TV2
EV4
wH5
JT0
cfs
aiT
hZ9
jJP
hVX
J6
pR_
l13
INQ
hpw
S5_
eV_
yG7
iqT
hBZ
zY7
aqX
ix8
e23
jW1
nLO
bO_
adz
K
WY
hyE
lrt
B79
itH
moH
qM2
kOR
UZ7
dL_
12_
U9
hj7
JL
BH4
yMS
oy0
enO
pAP
evx
JR8
bOR
GR7
xW5
CI7
xK7
yN2
psU
xD9
quB
pPV
JW8
cKS
kCV
JNQ
xKU
iCM
fMZ
RXY
as7
lGM
fD4
JUV
zK7
hs2
MW8
rT5
qyO
DFM
RUX
afp
fhm
dy5
wBO
jFI
i80
bY8
CDY
yM1
ajW
40
xP5
aMT
hS9
nzO
ABW
ckw
KNR
pP2
QT1
x15
L0
LP2
hDL
fh2
qMW
zIX
nBI
I9
NQY
rwS
ksA
wQW
hw0
vFX
qCI
V38
clw
hmC
cOW
qT3
tDV
gy0
CX0
oqs
fW0
mxP
jA0
amC
cqD
fiS
hrx
vQ8
BRU
jC7
SU_
GW
oW4
jC6
eC5
mCI
VW
ix
APR
rY2
D3_
vP4
suz
bfh
BD1
uS7
mK
kST
bU2
fuE
sR7
fOT
ap
ko6
cHW
gB5
joL
bny
pyU
GMN
aMS
BM6
pyF
nF
M45
iyM
pQ3
ABP
xW6
DFX
lT0
xIV
gl9
xz
zNP
ruA
f18
BN5
b17
ryH
lCM
nsW
hrR
GW6
muF
eu8
x18
r6_
ew
lEQ
dk4
wQX
anL
DSY
vwU
txG
lr6
bT1
vO_
ai5
xYZ
rU2
fJ5
oA6
Z10
qSX
fyH
fgT
dV_
bKW
K56
dqJ
cP7
GMO
dpK
pt9
vwS
aeo
Y70
hB1
EMQ
xY_
gCN
BJ_
QW5
dhG
rvA
qNW
bm5
uN8
kX4
qtL
wH9
efX
oFN
x5
nW9
nU5
uxA
hxA
no8
vAJ
qwJ
EY4
iv6
rDI
aM5
hsP
A14
jt4
ABN
AMT
cO9
ltF
g60
yD7
oW2
u16
rw8
xN4
hIM
du
I5
mot
xT1
o30
klz
gxA
gXY
OS1
knq
R6_
uRZ
J_
oB
JO0
rEQ
ny8
qxG
bO0
KPZ
nxR
eG0
gtM
YZ9
fj2
ovE
fjU
jyO
qP4
IT9
BEQ
uJ7
nK5
EPQ
a29
bJ6
HT_
jGH
cET
oB_
rDQ
bq
nGT
vwZ
aFH
agJ
ERW
eK6
MV
mN2
nMZ
zXY
dnq
mx7
syS
duZ
lK4
F9_
qrs
nwM
ct4
jK3
drQ
hxL
qv_
iwK
aF
gJL
b6_
HSU
aC9
svx
oFO
cmG
oH3
U16
lY8
bk6
iox
fF
dqt
hiZ
wzM
goy
L4_
jq3
sBP
gsT
I9_
cM
K34
CMS
F89
eH2
cHX
bhL
oKM
hr2
LU7
aX
IR3
dCS
h4
Q40
hr8
pZ
elP
C_
jK8
ES
AT6
rAT
p68
qR7
DKY
eG6
Q13
dfH
ijU
ex3
ctH
fR5
fhK
fT
zEU
zV9
j5
fT_
M7_
isP
O8
DVZ
kl
fL
DPU
dPW
RX3
tLY
y9
lm9
GV
lwO
ER
enE
mM1
j2
o2
kIN
iGH
fmp
yEO
zJ9
HKM
pE8
vO
fkD
gJM
W89
FHV
iF5
fA
mBD
jyR
FN7
gor
GS
PX3
aiz
eO5
xUZ
dX7
jS0
btJ
bBP
AF9
KO
qW2
y_
ltZ
sx
ELY
wH
hwE
mtu
ehW
byz
auU
tY0
ixU
LP7
QS
gF
dt6
bdN
aXY
klN
x27
sC9
HO0
OP4
bdv
uF3
lsw
zW1
tLN
NT4
qy1
sG7
bxY
kDQ
juE
wJP
NT7
dmU
vEU
s1_
CE8
dm6
ghk
mxO
nM
iB7
lpX
wR7
pVW
zA2
jn3
gVX
dh9
kzH
AC1
bls
sQ4
cu6
gJ_
dP5
vH
hK1
aor
W40
GMP
x9_
fn5
nzK
acB
aB3
iG1
bgX
n69
noH
ov3
EHI
CEJ
zBU
zOR
vN7
aq1
br2
kqN
wFH
buC
IR1
FX1
sC1
hiS
dM3
dB4
qCL
EY5
EMY
jow
klO
HS4
uLT
pK3
fER
nT7
jK6
aW6
N68
aTW
dV4
iB2
sw3
jEQ
aj3
k69
qN4
jZ
otZ
cfM
LU5
bnQ
PZ9
npy
cl0
pO0
vD9
BIS
qt2
dh3
mMY
eY
fgR
bu8
kx1
dDI
gq1
gmq
BTX
sAP
bU5
iLZ
dhP
gMO
FR7
pDF
nvK
bE7
C3_
AOP
zG6
yA2
pPR
gsN
kF_
ADL
mE8
AER
jzY
JO4
uN6
hB8
gV1
o57
R67
lyM
DQ5
fiR
EJ7
lL8
kuz
fxD
wCM
npY
FNO
sPZ
CIR
kAM
qzQ
ehk
XY4
sIK
mnp
bEY
zMP
t4_
oEL
az5
hl2
fvS
y67
ixN
tuw
cTU
tKO
fP9
jq
kD
iDN
yNS
GI_
uz8
gBS
jo5
fT3
yDM
vR
wCR
zE9
y3
n45
hlH
iV
BC1
nF_
H2_
DZ4
doK
rsV
bwA
moD
nzQ
ehH
xAM
I3_
AU9
iw_
U80
gF7
B70
wyW
IS
jsY
oZ2
D89
y49
QUY
gF0
hI_
mnI
cgO
g90
cgU
fko
GI4
ouO
vz4
eMN
dgC
xyB
ev4
iKX
ovQ
s9
eyB
mw7
wzK
auC
r8
qLQ
UY7
IP_
yQ9
iE9
dHT
jRX
rL0
dzR
F29
lCS
cfK
v9_
fQ4
gTV
LT
oW5
gpV
grP
t24
d67
RZ8
cnE
y70
pvC
tI5
RVW
lA7
gCT
qT6
vL8
uxK
vMS
CY5
gnx
uvL
gOR
lV7
qvZ
euH
JNO
lrN
sGH
oSY
dnT
c60
q13
bMX
i2_
MUV
ag
rCL
nz3
AOT
dv4
hmF
xy7
GIT
egR
u24
dr8
iA
KRS
hj_
V27
jl9
eyF
cqK
hQ5
ipt
DFJ
yzR
g28
ipE
hip
rvV
qAJ
oDY
ah4
dk3
FQ9
kQ0
gI1
gzU
lDI
oAV
uI5
kuK
R34
jmp
ktC
pzF
yQ2
rwY
pwY
atN
ewB
kqX
iL8
sK
rtD
go4
DGS
jly
nG2
xD1
ANU
Y23
tJ8
vAC
ko8
av
vDK
qG6
MYZ
qJZ
svB
fHX
dEI
pq2
mzW
bq3
bI
B80
iB_
HN2
r27
xY7
rJ
DUV
rF7
TV1
fWY
vX9
mSU
qu
rv5
zWZ
JV4
axD
z35
GZ1
dj3
oxG
bm4
KN4
sH8
gs9
BDQ
nR7
BCN
tx4
RT0
b34
HU2
tE2
tvB
I28
lqE
yFZ
lLU
imW
vJ4
IOY
NP_
A69
dGM
ny_
eOQ
msF
eoK
fOV
UZ4
cQ_
cqN
vLV
LR6
bkr
hrI
dqw
AL1
bcH
iI8
hkq
ru9
iEI
bp5
dhA
jBI
sv8
f7_
kv_
gCZ
sH0
nM9
cuy
bio
NR1
mx3
sMR
cd9
DN4
fx3
kAT
bsF
pw1
GX7
erT
oIP
iPQ
qFJ
gJ5
iv7
dpQ
X16
kM0
be2
pV5
gCD
xW8
W12
TZ5
wJ8
qEP
TZ7
dtX
nH_
oI5
AX1
ouD
kmG
vW8
br_
tV0
fmQ
CY
jp2
itM
R23
KL3
tDX
mt4
b18
cwJ
hBF
kow
uxY
vJT
az3
IMU
ers
iOQ
vG_
bly
rz9
atQ
mR4
cfU
rx5
dAH
mq9
jVZ
wL1
zQY
yFY
xRV
loD
lGH
qH6
wyM
CS
C18
KMQ
mB9
uZ3
sD8
pw
a
dLM
qv0
e0
iqv
gw9
oEX
DZ
jU7
wxJ
dfv
dBV
nZ2
GJ1
LR0
xJK
ATZ
e3_
AF1
jC5
hpZ
gEP
kn
xWX
yzG
m47
lEK
BP
qFZ
WX
ST
i14
etW
nS9
FY0
amT
hR_
nFT
glT
z23
ixy
RV
VX6
jln
yK8
ptB
B45
jq4
yO7
cmE
BR
br7
RSX
lqT
HO2
CDO
uDW
mnM
g0
ekO
n
fj5
jsI
sE
gkm
W5
tOR
wIL
iDP
dmP
lDU
hi
yEW
asz
zIK
h_
emA
bhV
wO
pAT
CD3
g5_
cV_
E9
ku_
iR
xL8
u17
X7
mG1
krQ
elx
iz
dm_
lpM
cpE
ktw
ntv
nPW
fQX
RZ
ru7
beg
DG8
iP
fgl
xH5
kN2
myX
JT4
gM
uU1
hK6
nD2
IL
CP3
az4
iTW
dkY
vwR
ij5
aGQ
cjR
mAH
ghn
lpS
gmG
r1
bgW
hI
rtM
bKO
mnD
qG
ovC
cPY
yP3
x56
G45
jV_
LOQ
pu2
gBO
q0
cAU
G0
mW5
iIN
rR8
dmS
exD
mP
mH1
c
sY8
pN_
PZ
f
uDG
fq2
qxE
dP
kHM
I
pW
O
gzN
0
M
jL2
s
qFT
2
oTZ
uH3
nPZ
X
lAZ
U3
iC0
gk0
4
oCJ
A
ST3
Z
w
u
6
C
OUX
W8
E
aFP
V67
gjP
iH4
G
gEL
fAY
i68
ew5
yN9
NSW
fgK
9
bjG
gpE
u34
GOR
ADY
luJ
M35
iOU
jFR
17
x3_
cKR
kU9
s16
sRU
V0
w12
eZ2
kV2
hj4
UW4
J
ay2
fGK
p
cZ9
nq7
pV0
hZ4
jJV
PQX
iy2
fs4
r7
z80
dtS
I34
DO3
lqv
b7_
txO
axP
JNR
oyG
bJ5
135
oQY
rBL
nvS
IRV
noM
GI9
zUY
uGV
dDQ
a26
wBZ
kU3
jH9
lJV
ahL
m8
uW5
beQ
wLT
ilU
mqR
i
N37
E59
IR6
lU9
wE0
BMY
gio
GPR
DGK
qGP
dUW
zPW
jU6
akC
aes
hyU
CTU
vA8
ei
pY5
brW
nV8
D19
bDE
rJV
lQ4
AF6
mIZ
rNW
gFJ
LS1
A1_
eHN
mo
mrM
AZ8
KX
ak4
tzA
ft_
UZ6
kz7
bC3
xBS
m17
b40
ad0
arX
lIM
luI
pvD
biC
X19
uDS
HS3
wNV
stR
hQ4
Y6
esU
sGK
vQ
kQ2
FH5
m37
dhi
QUV
st_
HO_
sCK
IZ2
bwS
yTX
klw
nsN
iS3
R
i35
oSZ
sJQ
aq2
noA
ezC
LT7
AFW
o
eE8
mY
hmE
bU7
fwN
GRZ
km
aB4
TU3
gzW
oH5
B10
CF2
JO5
wO5
cv4
iIL
gzC
rN_
iX2
cG
BM4
LW6
wF9
pN1
DOS
tU0
lR3
ix6
iS
mY9
hpy
lux
luH
AL8
MP_
R8
pNZ
qs_
pNR
qGQ
AZ6
tG5
PSU
kPV
gkL
V
jzC
cjD
yHU
uEG
wBV
HM_
jAT
TX1
gIW
AG2
grA
huy
hLM
pSZ
jl
hJ1
swE
xAV
dAW
1
oDJ
oP9
msz
jt8
gzP
kX9
EX5
hz4
bDZ
rv3
JT5
C6
Y0
k25
tyZ
aW8
b67
es5
wPS
eD3
ew6
r40
yL_
aNX
qL5
n2
rL1
cuT
uIK
mvU
tC
g78
IJ0
AHY
rtK
dl2
dEP
qry
ep0
qJ6
y5
vMW
gNQ
bQ5
V56
iFL
TU4
fx8
iFJ
FGY
T89
IW5
iR4
sw8
cx1
eLQ
iU_
czN
pxI
hsx
D10
V29
tJO
a20
itz
nGH
zJ2
cgS
hL4
fJ3
rCZ
psv
aD8
lL2
rOW
cxF
wy4
X60
L8_
DT6
sMT
wB0
fvC
buS
kWZ
bk0
pKN
kBY
Y24
dLP
GTZ
ej3
zY_
nEK
xM7
GV_
pwG
av3
NYZ
K7_
B0_
imI
gjT
emS
hvC
kZ7
g40
eV2
dmT
enX
aj2
S9_
hNR
T69
zEQ
quW
fiJ
fQV
oQ5
mX0
fm0
fyC
B34
uDP
PZ0
gq8
AK3
SW8
env
fvy
Y47
FJ5
itR
lw5
nsT
z48
q2
aCQ
lqO
KZ3
np4
GU8
inB
pL1
uBM
auN
EGZ
eqW
jZ_
nN7
fjl
GO5
juy
ip
lps
jJ4
bfy
kMP
NY3
AR3
atE
dg4
s8_
g4
OP0
oEO
cNX
hjR
KMO
bA8
oAK
GX3
xF9
cj_
fJU
b8
JW4
cuJ
IJ8
mux
mn6
bi_
pst
ao1
lpL
qJQ
fhn
pqw
ei0
kY4
ky
qOQ
kn9
gu
hjs
EZ9
rSX
iNV
IV4
D28
G9
fU9
fnE
rE9
B28
S5
jMW
p57
EV9
gy5
47
dS3
U47
FKO
tH1
x20
eiL
fiY
gkZ
MUY
p5
aCK
uOS
uP5
vBV
mE
kC8
nqQ
xM_
ozU
hxS
bMO
mtx
fQ5
cfh
bH2
qE0
OQT
uTZ
bjs
kL6
fF1
np2
IX_
mxF
o24
bEG
rQ
os2
iyL
gH4
cdf
kS
dIM
hGV
cIO
rKV
JZ7
dR8
hz
W6
lnr
iDY
zDG
uxG
hn8
oKQ
zBC
ceN
qST
GJP
qzU
kVW
h47
ajV
aN7
mRV
duv
sxW
etx
gBC
hsv
gsW
eP6
fx4
xSW
v1_
wxW
giL
glX
su0
dwJ
CKM
jAU
C5_
hsN
oIR
eiz
qPW
bzM
gPQ
lY_
dwP
K14
APS
eL8
iAS
bpR
wG_
ES9
k23
joW
EI2
GL6
cFX
tyN
txF
xEO
itO
lZ3
hQS
wCU
RY_
FR4
btE
x58
juY
jux
gkS
koV
iGW
yzB
ry5
CGK
u7_
aOQ
EX1
gB3
bT0
ex7
zV0
qF7
lwC
irt
ivG
HRY
pO3
emG
qQ7
KPW
uwZ
v25
jrR
iHN
qCK
frC
sBK
yAM
myW
zEK
bgY
lTU
dF4
bY0
qQ2
fvL
ePX
zOT
BN9
jpU
myR
AE_
lHM
dC1
R60
zY8
czG
fX5
mS8
p25
mDS
gK7
abd
zDL
dZ7
IU9
yDH
BP9
qwX
ijT
zKT
in_
nI4
dR6
oFW
B49
dBF
c3
ER8
yJX
bst
KY2
fqB
vz8
ajp
jtL
xM3
jU9
eI7
Q7_
hkN
sBF
uJ5
wzI
dp9
LX6
hx9
y8
lEN
zM1
gzB
xA0
mVX
byK
HZ3
qA6
aNW
knr
ru
W3
xAC
zV
tzV
ciZ
dD7
lK1
vQS
cgA
AB
INR
hiT
zA9
EN5
lEL
cM3
deK
sS9
hx3
tU1
sK0
crW
jq6
bW0
epr
FK2
pvO
kBW
inu
EUZ
alH
CS_
ouw
ev5
xE0
jqP
a17
uM9
sO4
kp2
iwG
eis
jqT
kn4
dAK
fsH
kxG
uMO
kpP
yI2
M6
gkD
oEI
diJ
iJK
syI
oY8
grD
LZ5
bd8
x3
c12
tE1
acq
fs5
giu
nRU
FNT
xIZ
hX7
hu4
