tyh
azvt
hwp
dps
bfsz
jau
boui
atnq
typ
aion
cyl
blqc
awvr
atnv
hwy
jfq
aipy
aipz
ozd
ato
atp
alxu
bqxm
adkf
aedu
rua
bfrz
bpjy
ankb
auvm
atx
bpok
azxs
azxt
atom
czg
bkt
aue
kpw
adkt
azfy
azyd
yva
anid
adkw
auk
kpx
mwi
hn
bgkd
adlc
bszc
azym
hye
vhr
pbx
aut
bfus
bowd
bfut
atpj
kgc
opm
dag
acpm
bacd
blsa
bfvg
bqey
bein
ksd
azxd
bpls
azgb
ksg
cbq
ktp
ozy
wdo
boft
bqwc
bnsl
bnrc
ho
bkml
auds
pae
ahwe
bfek
actz
aofh
aibc
hwx
grn
aszb
kbz
aziq
rfn
aklg
aby
yjc
blap
se
agm
bgqk
ywi
dpm
jfg
yjg
dqg
weg
bknd
oem
yjl
wej
azkb
bnsc
bqwg
aibw
bfdn
ayun
afyd
pkz
bkne
dqi
ahd
asli
bjhq
aiqb
yxb
kda
kdb
aicj
ahnr
lc
bnst
aorb
bnsu
aypm
aslv
blcw
pbv
hlf
fre
aict
bfhe
aerg
fgh
rbq
bntd
alge
bsze
frg
qz
kdv
boia
bldk
ahom
blpq
ahoq
iox
acwk
bftq
rwe
olw
mdf
arvj
jfm
mgw
bemw
ayfw
alzo
mha
lsd
alpb
axoj
vpt
joy
slp
bsiw
bchu
clp
clq
aygk
bjnp
adi
vqc
eqx
ainm
ajiu
brul
tlc
lk
era
bqta
mht
bkxf
agxl
dqt
omy
bxe
adkn
awnu
achj
jpu
asgn
avgf
bdxe
avpt
brvc
aoqu
erq
owr
arwy
kqv
eru
aqwk
brvk
brnf
bdyv
ipf
ayhp
pqu
awon
cmy
blr
itq
tmg
uqd
bozc
beow
arxm
adkr
vrm
brvx
jqt
arxq
nms
aqxc
usv
aqxd
blud
acip
awpe
bjki
eik
amfz
afvj
bwu
brls
gvf
gvh
zpl
sxe
bncl
bqud
abcv
awfs
qsf
nev
si
ptu
jas
gvp
awyd
blci
axqk
xuy
bdqf
biso
sxp
afin
bxm
abrd
awfu
bdkc
tru
abrg
ybn
xvi
bjmi
gwe
bfui
jbk
luq
ashv
arht
bgvm
qtc
cgi
aqhe
jbp
blhf
arhx
qtg
ti
jbt
apsu
hxz
lvc
arig
jbz
aqvi
ajkl
albs
bdlc
blrh
avn
bjym
iqn
bity
qtw
ajyd
fvj
avzx
brfc
yci
agkt
bnel
iqo
alce
awbe
bhag
bza
wdu
avqj
axsi
bctf
lvx
aetc
aglc
dto
biun
bpi
uqp
szm
ze
gxr
rux
biuq
xya
amqd
qdv
nys
zoi
bqpg
bgki
avjh
aklj
cjf
asgd
gih
pzq
brfd
yzh
bctw
avfl
avjn
alhg
bpco
bmtl
asie
lfx
axfn
aftl
ogq
brfl
ateq
alhi
lgb
avmd
bsgn
axcz
gdy
zfs
vcz
bwm
bhpm
aqkv
asig
biej
xih
mxo
akmh
eda
afgl
akml
aroy
avkn
edi
ycq
bcuz
alou
avkq
avkr
azuw
gjp
ogu
xiw
axju
biez
bcvi
apei
afmu
eds
lhf
edu
avqt
oap
bcjv
avlf
vef
arpc
emf
aper
avli
aksw
afhm
bhqw
asim
vek
anxj
cga
xjp
afhr
bdqy
obc
aknt
cjp
bcwe
qag
obf
los
bify
vet
ev
siz
ajvp
ablh
afrn
sjc
dai
bplz
bpma
acsj
ksq
arbo
ajhf
bgzj
sjl
bhec
apio
hzo
ajhn
dgr
bpml
ycz
bkl
baqy
aeqj
wtr
bkp
bpmt
avrc
ed
bqcm
ijc
bhzs
ioe
bkdz
txd
bsuq
auvn
bku
vkq
nls
bchd
bdrg
ktn
bky
barn
ajif
bhak
znv
ybl
bdcp
bpni
ascl
puw
bhao
nmd
bhaq
blj
ekr
bfxe
ajxh
auhp
ajxk
auwj
blp
bwp
upz
bpnv
ahko
bhaz
blt
xrg
auhy
kul
bdrk
auws
fjs
aoqe
npw
ipm
bhck
prl
kur
fdo
aesb
vka
bpoi
auxc
ahlb
ipt
basw
anyd
anye
adzw
aysk
avqd
hze
wti
anjr
aebd
bsma
aojc
bqgc
avy
rwf
badm
bacy
bglt
aok
ahmb
atqp
yzv
zgk
fuo
zbk
anyu
aybf
rwm
bkmi
anyx
bmfg
txn
anki
wuc
bgmh
myj
aebw
afy
aitf
ntz
ckj
ankr
aqbn
bi
airs
bkrq
badu
bksn
iak
whr
bl
bquy
zar
awz
jkg
gjr
bo
aits
bmfz
agkp
atru
atrv
axh
mwt
bgie
bv
zbe
amcs
baen
bmgk
ibc
rfj
wvf
ce
ren
bamg
aiuk
psx
wvk
amsi
psz
opf
ck
bqvd
baey
ckl
bgmo
ibp
kby
aobu
cq
amcv
boxc
lma
admf
pxs
wgd
rfm
atcn
cdb
atco
bcyf
audn
day
bfvu
adtv
mjr
atcu
aqlc
aidw
pvn
hkq
ker
xrj
amvg
bjsn
pdc
zl
dbi
admu
achx
actj
bjcs
boxw
iha
mkd
bhvf
atdi
mkf
xno
bfwn
amvu
atsr
amvw
atdo
cqi
pvr
kde
aybs
whj
axkv
aszh
amwe
kms
ucj
bqvk
acxz
bq
wdi
adnu
aznl
adnw
actn
amwn
ynl
boyw
aqcd
fiq
atei
bkmz
qlp
bfxn
aeuw
amwu
aeco
blfv
amwx
duv
anpd
acsr
wif
aft
brns
bjsv
wik
fdz
bfxz
bokx
ckx
pfa
fjk
bavc
acuo
hly
ayil
amgd
anlg
hmb
pav
bepq
jyn
bjks
ayir
uw
bseq
jrl
ahpe
bjkx
aiy
ayg
yls
aryo
beqa
cog
bkpt
jrv
bkpv
brmw
bjlh
jlb
amgy
ahnf
bjlk
goi
lwa
ayjl
amhd
ahbf
bjdg
oqn
boam
beqp
aonm
ahpz
ymk
ajkt
bkqi
tgw
aju
bgnh
bnvd
bngm
aoq
rgd
ahbp
oqy
qzf
hfx
bkax
bopg
anlo
orb
arzs
ahqn
bngv
bkei
ayxz
oiq
asoq
swv
aykj
pbd
wk
aqdm
aykn
bnvw
bjdl
jte
berq
bcmq
dzn
bert
bnhk
bske
bs
ahco
aclh
aszx
wx
cqb
bnhr
aexk
hon
xwb
wrh
aicb
bof
ajnm
auok
qot
vsc
thd
bdzw
aglq
uva
ahe
biva
kvj
edl
etb
obt
anlu
lwq
aqje
bmzx
aqjf
awki
awch
obz
bjdq
alsd
brxd
bgoe
qvj
naq
ajv
ocf
abtz
apxs
briq
akdo
bivu
gyw
aydn
bivx
axtw
atsn
xzg
bowq
brxo
bohf
alst
ygo
awdc
axuf
awdf
bfgs
fxg
axuj
alek
bjtq
bryc
gzo
ykd
becp
nzu
biwq
euo
agnj
wvq
awri
brjs
bdoe
eut
tih
ajvf
bipe
lym
aweb
bjuq
mte
odt
bdop
azku
klp
vum
bkig
bmi
wmx
apfi
bigd
avmb
akod
bcgv
wxq
apfm
jdf
bcod
szy
fez
akoi
bcfu
avmi
axfm
tyb
lip
bqyk
sxo
aeky
hld
aljq
afwi
aivw
jdr
akot
avdt
avms
ahtx
avmw
fxo
lja
jdy
egq
axgd
nst
avnc
abgp
dfk
axgh
ocn
jeg
axgk
fgd
bns
biho
wxv
bcxu
vgi
bihs
rhb
avnp
avzt
eli
jer
adlm
abhf
axgv
ehl
qen
yxr
ljy
bmqu
bgpe
axkh
avoc
bpmk
ehs
wic
svp
aphn
ehu
bijl
atlj
atcs
vhc
yxt
bnpt
bcyt
azde
icn
aqem
avol
axhp
aidv
abhz
auxf
ipw
bqei
aoqs
bhcw
ysp
alpj
bjfk
bcix
bas
slx
glc
gld
nld
ncs
bqet
qv
ajz
glf
bmwj
bhdk
bkor
bqtp
xkr
qpt
bmhx
zpw
aveh
iqt
ayel
bmwv
ajzm
djw
bcqx
jnh
aetp
anyo
auyo
benp
bfwe
aetr
brsu
bqft
bhsx
bdvu
bhsy
asgv
anwb
avsc
bldc
bhel
apko
aosi
sfl
wyj
akbe
aosl
aiyh
amny
bmxs
pvf
wfy
xlw
afkb
bhtn
aeum
afkg
bmjk
afk
agbw
snv
ufg
azmp
bmjp
bmjq
auzs
bhzm
aote
agvj
boxy
bgny
rnx
atsw
ajkr
fyi
uqw
bojh
stl
bgof
bgol
ayp
akuj
drx
baft
oci
aevb
dew
aist
aefg
aefi
azmt
urj
bgot
wzm
bgov
rzh
aijo
bpqm
bpaw
ajlr
bpay
qrf
azi
wxz
aujt
afth
sbg
dst
aujx
old
bauk
dsy
oma
fyc
ufd
dtl
ufe
soa
bagy
bfiz
azw
bpri
omb
ajml
cmr
bah
nby
blxe
emx
aegr
kwz
breo
ufq
aukr
akrv
ncf
bpqc
xje
ofq
usy
blxn
bqou
atwg
qrk
aehf
atwl
bjyz
aoep
aozn
ahpy
atfd
aznd
aigf
blec
bsir
cby
atfi
nch
atfj
ali
rkp
rtp
atfm
acgn
bgjv
avxw
bfyr
bpdf
anms
pft
emy
hgu
bjre
zcn
vpu
dxc
ajmz
bjkp
bfyx
ufw
gbc
anmy
afox
rlc
atfz
iew
ayxm
zcv
sau
aieu
dp
nlb
bnkc
bfzk
ita
hya
aihk
zdc
iad
ewl
dx
kid
eqs
wvn
anor
bsrk
bnqt
bfzt
jhr
anot
pgt
pgu
bawl
bsiy
zdo
adqp
tka
amu
kip
afpc
agxb
phb
tbz
auld
abjz
azqo
atec
azqr
aumb
ey
aune
aqit
aijm
kxm
apem
adrg
bfjp
athn
adrj
bgau
anbd
batk
aijw
zfk
ahrm
avqw
bdfq
ynx
absh
bkrx
vqe
mne
buf
nba
fjt
evq
osk
vqf
tpb
bres
aczr
cqt
tqa
bluh
blhc
besv
aynb
yom
tqe
akrg
adoy
fkg
bgtn
wjn
bmzq
bksq
vwm
acmo
brch
chp
wjt
amws
bomh
bent
bnxr
bkyl
azce
enq
vqx
fkt
bnxu
avfs
il
blhx
eob
adef
brqa
hqc
ypj
ypk
bnye
bve
adbz
brck
hqj
bcld
hqk
btp
hql
bgey
bfmp
bhgq
mox
arbe
amkw
ibz
bonq
yjs
ypw
wid
uqa
agxo
amlc
acsv
bnyt
zpv
uzw
yqc
csn
kgi
hqy
flw
trx
bsnx
cqz
cst
mpn
acyr
bjne
aofy
lyv
ahcw
agof
ahcy
bras
tcn
ody
tco
bsja
pxg
tcp
bsoc
ahdf
xsy
bixy
alup
agor
cdr
aigs
bnik
aqmc
brau
bsol
agow
aewm
agox
befj
alq
qyb
ahdt
lzt
igt
bjof
bhsd
zlj
bniv
bgnw
nwq
kdw
juw
awth
mac
bnjc
awtk
kof
awtl
bcyx
rfw
xro
biyz
bdm
cep
bgsi
ahem
ick
bsau
nzl
afpz
alvw
teb
ztg
axyh
bspq
rla
bkez
qzc
axyl
bjah
bspv
bqhk
kze
alwf
bizq
xsn
ayni
aopw
ajwu
axyr
aysv
abye
cfl
bfzc
ahfi
tes
bqmj
bira
agqr
bscq
tlx
agqt
bsct
akxb
yar
yas
afep
hao
mil
bewn
brkm
bjiy
bqvu
har
afyq
bkoz
brks
xbg
eiq
anod
nym
bdph
aohk
eit
aekh
avpg
erx
afzc
afre
abiv
awfd
auoc
bdpo
lg
bhik
goe
brlh
brqw
brli
algm
aywf
qkd
beor
bjvh
eji
afzq
ejm
ls
gor
bdan
bilg
atgh
bilj
aryf
aksh
ych
brvp
jhe
bilo
rlk
vjd
mpl
md
bepr
gpc
mf
roh
afjs
xol
bqxr
brmk
awgm
eka
gpk
brmo
bvk
ogd
gpo
bqrx
mr
bimf
sdf
awgu
qlm
pgl
yde
ux
brmz
aehp
gpx
vrl
jvu
acop
aghf
apib
bhjp
aowl
aotk
bmyr
igo
aifd
bmyv
bslm
aotr
akbu
avbk
jrz
bpl
aozx
sot
mbi
igq
nrm
bhuw
aghk
avre
aukd
bcmh
avbx
aoui
vod
aouj
apjd
ahrp
spi
ajpu
nsa
bmzu
augd
bjlc
akdm
iat
bmzy
sdm
aouv
arbk
atgs
bhvr
lnh
vmy
afml
iux
bnai
bqs
nxq
apjw
bmcv
bcni
apjz
bhiz
avcz
oln
esw
bnaq
bqz
keb
akef
lay
lnv
gba
idk
afnc
aovu
aexr
sqp
loe
rma
bcoa
bkaf
var
bqgz
bavs
bicl
gtw
wzn
aoeu
vj
isq
bdus
adrp
fzm
wzu
aryx
bqhm
sb
bgrh
bhfz
bqhp
auly
pwq
zsk
ncu
aevu
bawn
amzk
hmy
pwy
bhdm
abql
axyg
bred
aewg
ajop
dez
lpj
pxf
itu
akyf
aewl
efh
xav
ajo
azrl
zgc
aeiy
ajoz
bgsl
ajp
bmls
ztm
apqo
ztn
bhil
bivq
hnc
ztq
ltg
phg
zgr
skx
aogw
bazq
abpf
gbl
baxz
agiy
sdj
lfb
kzx
ajpv
tob
zha
mxv
lac
axqi
lad
igx
rml
atwn
bonx
fmd
axqj
baie
atws
xbo
bgci
dya
bgcj
sxm
dhj
fge
bpdz
oml
kjb
atxb
bpec
bkql
ugv
bljw
birq
anqr
kle
wmc
dhu
aqgm
anqv
baix
afsp
ndr
aiyq
axdl
aiyr
xjt
bdjw
bpet
pho
bchs
sfu
aoxp
wmp
arpe
fms
adtb
klw
pat
vpc
gv
astj
bpfd
bmpe
ailo
pjk
ayuc
bair
anrp
blkx
epx
fph
aztb
ailt
anrv
bpng
nep
anrx
cmu
atyo
bdtq
wni
myk
atiq
wnk
aznw
bord
bakh
azto
tol
aimh
atkh
ugz
atzb
imv
bina
anpw
axur
aztv
atzf
uit
afty
vmz
bsql
beux
bglq
jwk
bsqo
izr
yqp
abct
adeg
ayzt
mpw
axu
spm
axqw
ahus
jwv
aqzg
apkv
amnf
azei
ades
bqmn
ahvb
ayr
ahve
atxo
lbo
yrj
asuf
bolg
adez
hsg
anck
xv
bewd
amnx
aoyc
azey
mqz
bitd
cuh
sgn
adfo
jxw
xeb
api
jxz
ndv
adft
sgo
apn
ynf
cur
bdrx
htc
apsk
amoq
jyi
cpr
ysn
basg
gtr
htj
dfg
anre
adgh
bnri
fla
htm
bcis
aqb
bjmr
tvk
bofy
bndp
ampd
yoe
ampf
vwz
mbn
bnzg
ahbd
bcrh
ydn
hqn
bkus
apso
rad
bkgd
bho
ahfx
ayoh
ors
rai
bnds
ydw
mnk
gyq
cpw
bnlf
bnlg
tj
alxq
zxl
gud
ahgn
vzd
ayzk
bajn
anj
ovt
iyg
aypb
awvz
beyv
ezf
syn
aity
ajtl
owb
bnly
bqrv
ahib
jan
owe
bitp
vzs
atyi
aypn
slz
ynq
aypr
anro
mdg
bkhs
vwg
hey
aqrd
wy
awxt
awmg
acbq
uhv
aqrh
bnxf
aubv
acs
bkfo
asgt
besa
bocm
acqo
atjp
bnmx
bnxg
acqs
mdw
brzx
dzh
aghq
ails
aqep
bkxd
ajtq
blyj
alie
tfa
pjo
eot
bscx
aovm
agcj
hpl
ablc
bdrt
bsdc
vkj
awhm
arbn
bced
agri
abku
bidk
alir
vrz
ftd
agct
bajw
agcu
bliy
arpl
asqk
cgl
axzw
bguh
uix
agcy
baep
beo
axli
bnlu
agdb
bnxl
bsdu
aql
jkf
ajyh
binr
bdhk
bdlh
oht
bsop
blho
bjsi
aszf
akz
gxz
arcl
amoy
ohx
adtq
arqf
aqbx
tgl
id
agsl
tcr
vkg
aqcf
lgf
wju
emo
ke
jky
bpgo
aljz
vat
abmt
oil
oim
tqr
oin
brhx
tgz
beuo
chu
agtb
s
chx
bsfd
aorj
aqcv
bjdf
bioy
jcm
alkq
crl
ages
bipd
lwo
ardt
qbd
bjtu
pjz
qls
boml
bqjt
nb
bdml
abpo
bhny
zul
biuh
adwf
brv
bjln
aqnk
eck
gqi
bouy
ansg
bdza
bhxj
qmf
alro
bgty
gqo
bhxn
bner
bcow
amkg
nuf
nwh
xqa
awpv
akfs
bdls
blfa
gqx
yda
ny
etj
ajuh
gqz
pla
bqzn
bqky
agsu
zyk
apmc
arfy
nut
xyq
ste
avfe
adbu
blpr
bcpt
axtj
akgm
awmk
avtd
awnh
gxq
kin
qnk
vxd
bewa
bguk
qno
vyf
bcqd
bmel
uir
bqlt
aydg
otr
bdfx
bhyz
akvq
lwc
sua
gps
bgpn
ixj
bdgh
ard
qob
blxi
btz
gsk
bhnr
xrs
bhzn
qd
it
aybz
gbw
bndk
dwt
biv
bhjg
gbz
bgfr
pjh
bmnv
bomz
lap
bue
xcm
gys
aohv
mgl
anbh
afuj
bayx
ajqr
exd
bmq
pzf
seq
dxl
aqyd
asod
agts
dxp
xzb
blts
afqj
mps
ajbw
ngj
lbh
nrv
bhki
bnwo
gcz
gda
aoxk
bktu
arkl
ekh
xdo
nyw
aoiy
xdq
acnp
aeuv
ajru
agmo
bmpi
mgn
bhky
any
wdv
atxg
bqon
aezr
bcal
brxm
uyw
nhi
brfe
bnyp
xef
lcj
blzd
bhlm
amol
lcm
bhoy
alhd
bmpz
bpzx
qaz
qf
bgus
afbj
lct
ajst
bjlr
azfi
aqi
adul
bidt
bgto
knf
bnys
ajbp
bgtr
zin
bgfa
lnm
avfj
knl
amld
bgtx
alqs
bey
azxy
dkc
seh
ujl
bgud
ihr
ajce
bz
ujp
plg
vcs
bguj
bphg
apcg
bals
ix
bdno
ihz
ajcn
bgup
sew
azdi
sex
aelj
aleg
aubr
awnl
bguw
advu
autg
sdz
dla
audb
cwp
bami
rnp
adwb
afko
blzp
hra
bgvf
bghp
bamp
jpb
hrx
blzv
wyl
bstn
sfr
becl
anut
bghx
bpin
djn
auco
beut
aemj
actg
ulb
qwf
bgt
uld
brfs
bpxl
afeg
bman
xtw
avwu
ecu
blcn
azgi
azbo
ahwz
asvz
dli
mrd
azgl
msi
atkv
xer
msl
hud
bgvi
azyc
oxr
ueq
atld
bsoy
oxv
bjqy
ahxo
oxy
ajbo
ancg
hun
bosj
lut
bfqw
aleq
aohu
hur
dfz
ahvg
ahxy
anez
agqc
anfb
bgmx
wpb
azvf
rnz
alug
azvi
yuj
zjd
azhs
akom
biem
ahym
oyu
bixr
bfrq
adij
vty
aioj
aghs
edb
aiom
azvu
csw
mua
becv
bndr
wpu
hvs
rsm
lna
zkc
anyr
yvc
argh
bkzj
alev
ahze
cua
aczl
adiz
jua
azwk
jz
bouc
bkzs
atne
atnf
aokm
bofp
ahzq
ahjg
cil
audm
boav
meh
alzu
azex
cvs
ayqx
brzm
adp
lyn
bekl
fbc
edj
beko
agoq
bsge
bdok
twj
axds
amqc
cje
rdi
bsgm
bhul
ikg
pva
bfck
rdl
ape
aeh
bfco
bsvk
kae
bgvn
rds
oaf
rpg
bsof
aydo
ajet
bixg
amqu
bshd
aqnj
cxa
xfj
amqy
bnwh
asiy
aqlf
bfde
uah
bshj
bhqg
txl
reh
ckf
amrg
brgo
rem
jyf
ahlm
befh
kbc
fct
cxq
zey
dbj
bstf
bemi
avgq
wde
bna
amrt
beml
bryz
mgo
kbm
fdc
lsp
ascp
aeri
tho
awic
ubi
xjb
agtr
oji
abwr
ygd
lyp
axez
bnom
thx
bhqm
bnoq
acds
armz
uge
artb
blmy
hnm
bjuk
bkjd
rou
hgj
bnox
bkea
almr
htx
bkji
ambk
avld
bjut
okf
aqsz
adfx
jmy
grw
alnc
agpe
yhd
orz
aqte
abfo
aqtf
yhg
ayej
ptb
acet
bjfn
oks
ytg
agke
aqeu
jnk
asvg
awln
bjvo
aqey
ugf
tji
bklm
aeir
bnqe
aqfe
biyr
bdwh
azfq
ajld
lij
alvx
alob
qfx
bawv
bjwa
aqmr
tju
acfr
cnj
agvz
ayfk
qrt
awmj
abqf
bjgq
nwb
aenp
brcf
bdgr
lrc
cva
sup
lre
bmrs
bum
sut
agfi
bdce
afqr
agfm
brhv
brqk
abfw
vaf
bcof
afqw
oaz
bux
eac
vaj
xsp
lrw
bfpt
nxa
agfx
fml
balj
adhi
akxi
afrk
bfpu
gtu
apou
mai
xtc
vos
vax
blzc
acyh
bixn
bdhz
rpi
nxm
apol
avwq
vog
bisv
swb
bvw
apfc
bvx
apqh
ajft
lgw
bird
tyv
sja
lsu
bhum
blnr
apqk
gum
xts
avxf
arcn
vbp
rvu
guq
abge
afsk
xub
aqnd
guw
bjpo
apgc
bsar
brth
bmdy
bidc
bmvs
bide
akyt
bsty
biry
bhc
qbh
awtv
adhp
bcra
aozb
akhu
isf
bqmw
abmk
qbr
ydj
aozi
bgfx
bhr
qza
arco
bhmo
bcdv
atlp
akif
noj
bcdx
uod
ackx
bpyo
zxu
bcxj
bpys
bqtr
aurv
avho
begm
qci
bgqd
qcj
ljc
ixt
bqnt
zyg
aeov
qco
qhn
amj
akiz
shv
aynf
ahw
bpzm
qcy
zmr
bfvm
arie
azby
bqoj
abht
qdc
bosv
ajuv
akjp
qdg
afvu
afdr
aicq
axyo
akjs
wco
bpzy
arzf
bqac
bqad
eyh
bctg
bhoi
qzh
bqox
bctj
lfh
autj
autk
nkc
avzu
anvj
aoke
abyx
ajeg
bmau
ajgl
mk
bmaw
rqx
ikw
nig
ahtk
pnk
pnl
zmb
pnm
bpug
azvk
audp
eyl
baod
bmci
rqk
aeno
bgwy
egz
dmz
ahik
aoky
avcd
wrk
gfk
bscm
niy
acyl
ayql
xft
behu
aeny
njc
qzn
bmcy
bmcz
bqce
gfv
wrz
zlg
ahy
tsg
xge
gfz
wsd
bgzp
fsy
auev
gob
bnsy
imj
baqh
bgyc
bgzq
bdvz
uni
jwe
bapm
aome
yuq
xgt
bgyk
aomi
aqwm
aomj
nke
pqj
bmsv
begt
altn
dot
