CPTN
AZXZ
DFFU
CGEA
AYHL
APDH
ASIK
AMVM
AESS
CHDA
CXTX
CIRQ
APVD
BPMV
CADR
DJZR
CXCK
CHVY
AOGM
DBPD
CSCO
AWPT
CCMR
AJGA
CRQO
BJEP
CLRN
BKGD
BFYD
ABFC
BWJB
CBSN
CBLD
ABTT
CUFQ
COAK
CHGF
BFDU
BGQM
DJNI
AMWG
CBCT
CWUG
ATDK
AIZQ
DHXK
BLOM
BGLG
CSDG
DFSA
AFBO
APUY
BJKX
ACOD
DFTD
AOBU
ADYA
AETW
CYCP
AFQE
DDBL
CHUK
CVDD
AOOL
ASFB
DCTY
AOIH
AXNE
CTXY
CKEE
BLPC
BOMK
AACU
CBQH
BLPF
BWFM
ALNQ
AZOG
CMEX
CDQC
AAKO
CSFQ
CPZU
CNKO
CTDB
DBCV
AFVE
BTDQ
AGYK
DKGP
CYDK
BDMW
DCSR
CZVD
BNHK
BDDZ
BYGY
BSFH
CIGL
AOMN
CRQJ
CQNA
AQJP
CXYX
DHNY
BRAO
CSMA
BRGL
AXGP
CUZP
BCTH
CQCB
CMND
CJMP
CEMH
ATEN
CGCU
BXVT
BUME
ALBU
BKBC
CHTS
ABPX
BDUX
CIEY
AJTZ
ACCP
CGCF
BECB
DKJV
AXPT
BICP
BSLO
CSAO
AIDB
BJUI
ALCG
DDTN
BFDH
CSLO
BPTO
BUWW
BIDD
BPTQ
BPTR
AMOY
CEUW
CEOO
CCHM
AYYC
BFDO
BYSL
CQGT
AYSL
CYBU
BXWT
CMAL
CDPQ
CWFS
AHHM
ALYT
CFPZ
AFOY
DIBS
BDWA
AHHR
BJOK
CJOZ
ACEM
CNTS
CCIB
DKKY
AONP
AZLH
BHRP
CPCD
BKUX
CRFX
AWFN
APUM
BPUO
ACQP
AENO
AQSE
AUXW
CWFQ
DCLE
AIDY
DBKJ
BPSF
DBRX
BESK
CTSW
BRCT
BIIC
BUNA
CVIX
ATNU
BJHI
DCYU
CYIO
CDLV
CBLE
CSVR
CZGG
CJKZ
ARYO
BXJK
BKDJ
ACIG
AOKV
APQJ
AEDU
AHQA
BAXI
CPFL
BRXA
CCEH
CCMD
AHQE
CEGX
CROE
CQEC
CFOL
BVGB
BFUV
BKDU
BQYS
CWZV
CNPC
BVNU
BVCH
BKZV
CCHY
AZBT
COWG
BEJX
DGAH
ABOG
CSWR
BYGE
CAEG
DIZY
CUOK
BSEL
DEIW
AHQZ
CWEX
CPSN
AHEY
CYRO
ALCN
ATDE
CJMI
ABSD
AUTM
AWCV
AWZE
BHFF
DGZG
BYVM
DCNM
DJMO
BVIX
BKEW
BUJH
BKEX
BFVW
CPDU
AINH
CYRQ
CSXL
CPTC
BGGK
DAOF
CUDB
DAWE
BSHZ
ABED
AYOD
BGJX
BCOP
BITS
BTDY
ATAJ
ASPW
BMMZ
BIBS
CVNI
AXGC
CGUZ
AUTQ
CXWL
AQLY
CPEP
AEFH
COLU
DCEA
CJJO
BBOK
CWFA
AHCP
DCED
BFJW
ANMS
ACLE
CLMO
CPKH
AKNH
AFRX
DAWM
CLGX
ARUJ
CXKY
DAMH
BUTU
CJNO
CNGZ
ACWY
AKZU
CULR
DGQQ
AOVF
ACBH
BYOK
DFEL
BCHC
CULV
BCGL
BYZW
ALAB
BDTD
CWJC
CABI
CMOY
CABK
AVVI
CGVV
AMRW
ADTH
AAVI
ACBS
BXRW
AHOW
ASLT
BPFE
BEPK
CBRD
BPRU
CCIM
CMJC
CKIJ
AQMU
CXMB
CDBL
COXK
DHWG
CUGF
APRY
DCFU
AJQV
AKSV
BIXF
DFHH
CRZJ
CTJL
CHVI
AOAN
CBKD
ANOM
AIEC
CGXE
APSH
CPZY
BWNH
AINE
APDW
AOIC
ATVC
DICB
DKEH
AZPH
ANAH
AUJZ
CTPC
BQCD
DHEX
BEBW
AJXK
CUUT
BQHV
AQVX
BRRU
BNUN
BNCQ
COVU
BFTS
BYUK
BIPO
BECD
BVZK
AAQT
CCCO
CFXI
CCUO
AROY
ABYN
AVZN
ADHL
BFNG
DFNW
CTGC
DCOJ
DJZD
CZOW
AMML
ABVM
CAKR
ANBD
BQWQ
ANBH
CBGS
BOTA
CFTQ
BEYQ
DACP
CALA
ANNG
DDUJ
BLOB
CRBQ
BWAF
BCVC
CVDM
BMST
BBDO
AZVR
DHHB
AHYM
CFDN
BHCT
AJAC
ATBC
CZDO
ABZO
CRHJ
CKSC
ATBX
DCPJ
BTWZ
AHOX
BEOU
BJGW
AKAT
CKGF
CKSJ
BCVU
CQRH
DBLQ
AZAM
AYES
CWFW
AILG
CGGI
CYLC
CDLO
AQXV
BCVV
BEDY
AMKW
ACHM
CUTD
ANJW
CRVB
CYPU
BYDR
AJOP
CPVO
CRCU
DIWL
BKKO
BFKS
BRDA
BLGL
CXIF
CETG
CMFW
ABYH
CZFN
CQYS
DIKR
ASNR
ABVB
AXRA
DBPY
BCGK
DCLU
BGDQ
ADAR
BKLE
BTJW
CYYI
DCMB
BEMH
BYBE
ACWQ
BOTZ
BJDN
BEKF
CJHD
BQYN
DFLW
AXFO
ANCJ
DFYB
ADKP
AXFQ
AUDS
CCLQ
DDRT
DHDS
BYNT
CBMQ
CDIK
BSCQ
CSUN
DFQQ
AUSM
AAYL
DBEW
CCDR
AXHX
CAJC
DETV
BOHN
DASN
CBRC
DFYQ
DFMO
DFYS
AJYC
ALID
CGIL
BENL
ASFU
CFJS
AMQJ
BYFE
BYFS
BYDT
APBL
BHUO
AROZ
BBVO
ABWE
ATIX
BBVR
CECZ
CYOD
CARK
CCJV
AOPV
BCRT
BOVX
AKUO
ALIH
BNUE
CLKN
AAXU
DJKL
CWYE
BPLX
CSUU
AQTW
ALXL
CDRJ
ALQR
DDFO
BEVW
ARAL
AADJ
CSLG
CKCS
DBTL
AEVY
CKBQ
CEZN
BWTD
BKVD
AGDZ
AGTY
CEDV
CDRT
BUVC
CLKX
CYGG
BKVI
AAMA
CASI
CUZK
AUPW
BOQK
ADEW
CGSS
AVXZ
AMNY
BFLJ
CWKY
BBXD
BOZA
APZA
DCVV
BYXS
CYTY
AMDT
CDSL
ASYU
CKCP
ATUQ
AEUJ
DCSQ
DAZZ
DIAD
ASRM
ABXP
CYJP
BGPK
CPWK
BHBB
CTHE
ARCT
BNZP
COSX
DHVR
DFOE
CSYB
DATB
BUYI
CMZB
ASYA
DHVW
CYXH
ADVJ
ALGN
BPVF
BEJF
DDGN
BBJT
ASLF
ALRB
ADCG
DFIS
CDOO
CYXO
CYAY
DIII
BGCO
BRDL
AVHK
BRZH
BPHQ
DGMP
BMAI
BLEO
BOED
DFJC
CTXM
CLGA
AZGN
DJUI
ARZO
BHCC
CVYM
BGBN
AASB
ANIN
APMH
CXGO
ATHS
BWNX
BKJE
CAWH
BJXC
DGXE
CPLE
AGNX
ATPE
CDZD
BUDT
BJBM
CEJT
BSVZ
ANJA
BMIG
AACT
CFVY
DKJR
BDYM
CHNR
CUTU
CSZU
DDLJ
AFGN
CDTN
AFTV
CTQI
AOFF
CGEP
AADR
CHBU
CYZB
ACDX
ACHE
BBJV
AOEB
AMNV
DJKT
DFKL
AGCS
DIVK
BIGN
APIC
BJDE
