bhbr
bsnm
afyj
aygw
cclm
baql
clhs
btlx
aqjw
aqfc
aemy
chot
aumq
cmbh
bxfa
aqid
cbuw
ahca
atgw
agpu
cebc
bryf
ccqv
bysb
cepu
btcr
blhf
axle
awfk
clng
bjpt
bvgj
cdhh
bclg
bykw
cbta
axzz
azls
cnup
bfxc
ceuc
bawi
btnn
cqcl
byqi
bclr
ahuz
bvhj
bmgo
ajlv
bofc
bmsj
cryq
bdfg
afiz
ctdi
cqwf
bbsy
apsx
bqzj
bzht
abja
apcb
alzh
alrz
accn
cnuo
azmu
azfo
bagw
cbdd
bsum
axqg
bgty
bozf
cqqv
cchy
cbwr
cubr
byau
asez
cfkv
aelc
adbe
bfwu
avwg
cfml
ccec
carj
bexd
buml
cmbi
cubl
cgzs
bwqh
bnud
aewm
aqov
aevo
cnxt
cgma
cmte
cgom
cuvh
bnfz
bttq
bcnk
aact
blyt
afru
akvc
azsz
bbgq
chij
chkv
aefj
afni
ckuk
cigu
bnss
aeas
azti
bjyj
awke
asyo
bcod
ckij
cmnr
bxkz
bjjd
aygv
cqfe
ajll
bsfm
cswm
avae
cknn
bhfr
bvka
cjug
bbgs
cfvh
auix
aani
ccio
bedl
bews
bjyu
ahwy
bxrm
caae
bbyd
cogc
cftw
avmw
cvcs
atng
ckls
