5217
15738
5920
29875
965
16054
544
36534
28656
15742
2496
4356
23808
4792
37689
8527
8611
22887
13163
3307
5506
13164
11116
23812
36324
19036
38015
23813
24225
31878
23803
28561
12853
37209
3334
7340
12855
35625
29170
285
37706
13173
33002
12859
17319
32201
22335
13614
37869
13177
10974
28676
36926
1295
16655
34752
569
26206
1924
16080
34246
31894
24889
32155
9980
8018
21767
14240
30828
3646
18480
7705
545
27174
35194
15459
32214
22282
12874
32270
37724
13711
21255
27798
34899
30553
20955
6413
23840
39123
5130
29680
32586
7715
35116
22544
7995
32088
8032
8033
26686
12885
13201
261
18162
7721
21267
310
20953
33236
15788
13932
6527
13511
7035
31857
16105
15791
8043
24289
28661
33985
1560
21275
10245
16110
18013
7799
364
31924
36963
7733
20988
5151
12849
37751
14278
29643
15039
17606
807
25654
26386
13712
32888
18898
16699
9133
495
37637
24374
9946
7664
25406
10263
8399
15430
18389
2201
2526
25262
15769
15432
8104
15433
3726
26691
31267
31247
26082
767
15637
9955
3684
15681
7058
4788
39114
34149
15439
23760
26692
34151
16499
825
14378
29065
8096
26089
17342
7379
24130
3614
18342
17297
7004
35128
27912
30410
7067
32310
26409
32279
37345
18031
3506
23513
33329
22571
35133
15862
9564
15136
16119
19449
10295
15137
15453
8088
34480
18981
10346
26103
32917
25180
15878
1936
9174
3997
18357
14130
39994
876
11025
20050
9139
39996
31669
18046
31547
18362
31278
8090
11422
18364
12601
11650
23216
16889
11908
7089
29607
3703
853
12677
34446
2240
14926
10028
19053
14002
34498
33598
34184
39532
3975
10308
20649
30166
26437
6223
35159
27071
4034
39871
17390
15478
5221
35162
30563
38602
15165
1053
10315
22572
10571
29453
15167
28276
867
19301
553
2286
1366
18383
33335
8531
15354
25440
37375
37234
33821
20505
9630
11026
7492
28170
28343
20595
12777
9319
23850
17010
11267
23404
9636
32778
15683
29494
26362
22085
33831
28591
17704
4475
32288
4542
23825
17708
34
14124
14352
25773
1078
12779
37393
7054
20232
2931
33525
28552
12232
5921
12045
465
9335
9651
17631
10297
31803
19723
36979
20301
2999
29575
12462
4174
30055
11713
25470
8131
24562
24781
33535
14533
37091
413
17724
13206
3015
25474
8834
7577
9347
37410
8750
20626
27493
28260
12564
25795
21246
17732
6108
4146
28380
29415
9659
25798
30072
17735
12448
33549
19417
12256
29500
20321
33256
20637
31124
9007
9677
3544
23096
4435
17427
1877
20326
12050
4199
4200
21983
9682
12658
33560
22307
4071
20331
187
12870
9686
17751
21669
978
14329
9374
29083
14112
23034
24884
28023
32212
38582
3517
37569
30608
32947
33349
3519
32928
11826
19648
12351
24548
11425
39332
16170
31985
39333
27866
10603
30928
4201
3839
1259
28033
21554
420
16694
36932
36441
26015
27721
26119
16820
14492
575
32634
28038
8730
30937
24895
28771
14895
21891
31246
29605
33034
36448
12131
28043
24571
27491
31805
3538
22308
24236
6437
3001
11678
22881
7709
30631
7591
26475
24887
3543
7323
30949
7717
423
18795
22886
27696
29285
14823
30381
11742
23028
30952
26389
30638
13926
11928
14026
6489
2164
23258
23104
27232
27743
32961
27712
36780
28186
31585
22579
5401
39680
18472
26023
39366
39682
13040
28586
34481
22583
7913
37374
3873
4545
36908
36787
4892
14522
20543
35710
2175
6775
20523
20006
17615
7424
11943
31905
39376
30656
8030
16512
39378
6466
33463
27454
14644
5201
36483
18904
12061
20561
3886
3572
31698
28609
30663
24982
27766
36332
2250
39386
881
16913
27769
22604
5931
24578
24079
36244
8682
5138
37985
12700
30629
29663
20131
29829
28060
29349
24167
1269
29351
10829
16752
38067
25132
7914
25005
30299
28697
19923
35746
33198
6582
33199
16516
34822
29987
10810
10660
1213
5470
9010
36425
22418
14177
1900
23846
25140
14179
8453
29454
1517
5802
2258
22246
32642
27879
17979
33210
9061
38719
1587
4242
30314
29685
22419
36347
39037
20959
20474
12067
29688
31675
5861
33217
15375
1273
31274
17090
9751
24840
14109
26767
16032
1531
3845
11007
21944
8855
21945
13494
21946
17328
9905
37168
13883
22237
38733
33698
28754
39049
27839
16784
8037
37010
24849
30331
25457
9591
38579
21953
37737
5826
6294
22270
7406
25169
30569
30336
39316
35604
8458
13895
6025
15488
6147
17572
26789
17110
29155
3004
25175
39209
21269
30342
31465
33241
29123
37156
38750
1994
33243
30878
38412
5352
5839
11958
883
25302
1872
34329
9055
38475
17120
38809
4141
38757
2912
37987
16932
39074
8445
13207
14342
36998
11265
21691
17479
36115
29033
13119
16434
19333
4829
21032
29036
30658
32565
37343
2893
8734
38298
8375
377
5480
10959
30971
10960
3696
16127
29485
9912
2291
10303
10243
39828
27407
16176
35918
33055
11282
17595
34705
2904
5875
13630
34305
16136
21295
22890
35118
32266
32237
3147
8113
6355
32583
4433
2103
24520
32585
25328
29265
19357
6247
17178
34685
24170
20122
32589
24909
1173
11322
24212
35317
27608
29064
10500
27207
3235
17245
32594
24186
36150
20878
32282
37078
18715
30447
11304
24984
8092
12899
15022
20589
16158
2208
26045
36157
25317
19058
37266
6305
25664
28761
5205
23549
39981
35845
23530
36930
27809
19061
24228
4437
12217
16165
38085
16167
13546
32296
13233
17248
28769
8421
26047
36169
9310
19070
12357
889
27450
25133
37198
24179
25097
29090
39629
11846
36174
29135
37324
3262
13522
38322
16178
29797
26468
6565
35169
24588
39747
2572
21099
13220
25734
2574
3116
2260
7062
14688
35174
21897
10326
14289
13225
1503
26456
34114
13542
26571
35494
9523
31495
26774
17111
1105
38079
36241
10648
35498
29858
5169
31787
1298
26779
6626
38084
17127
2274
9944
27301
38086
26783
25737
39028
5490
4943
34534
9270
10659
26786
30630
26787
34452
2596
2327
18410
36520
13642
10347
38303
23086
35512
34935
39541
3934
38411
31483
38097
27208
19928
5500
29913
21314
13643
25859
37794
18180
27312
8252
17591
35519
34601
2817
11396
13255
18513
1223
29488
29457
3549
26803
26592
13560
5510
31000
34554
23571
3018
26491
36264
2973
21641
24607
38427
31788
24810
10366
14057
35197
36338
35531
33563
17128
26496
1762
10684
24682
32761
13583
24608
29814
10686
10901
35221
13548
34541
1238
36011
28783
10374
39146
2311
37048
7607
13589
33807
26820
18690
16491
18442
9667
33723
35543
11561
1245
39147
19929
35545
21586
14126
5216
18070
13963
8045
13015
27523
20967
6319
4525
15160
28946
31931
35146
38833
24913
20655
35609
13853
37441
36064
12830
27560
22737
26593
5186
34058
20974
21915
4532
31562
29381
2079
20977
9618
26990
4535
5521
23885
30883
38417
23563
744
30217
7056
15816
28576
31945
13651
16849
7754
17442
15504
13549
33727
23460
20986
12923
31275
2206
20673
4136
3271
23887
23888
3314
9248
29602
20676
29885
13124
31954
33721
31485
7553
15827
5742
39971
15513
21587
11467
19024
16551
15830
13016
12531
11342
34945
20243
37783
31961
3342
21000
27930
9052
15835
16867
15521
15522
13570
4135
35923
6171
23588
35941
4563
28981
23806
1307
20693
4155
28096
15843
30884
2501
38017
1906
10274
28471
37482
21621
23911
16869
37799
38815
31313
23913
17604
31978
4285
32436
4574
23505
15852
18712
31666
21612
38506
12956
34736
15855
22952
21022
31670
34153
20709
21588
23923
21722
18492
37811
33040
37817
4584
14097
2045
20713
17624
12650
35126
38615
45
4820
26267
23704
14857
15475
47
705
558
17115
31303
198
22374
18007
7113
25191
14863
9698
39345
6331
26603
18805
16606
565
36568
1963
6762
17765
11123
14868
6667
26483
19118
33896
5513
35367
9705
32437
33898
3035
17771
6334
27781
23253
31994
1600
31003
36229
14876
1230
14877
67
23196
10105
9713
29917
579
12166
16182
14881
33689
7133
34558
24906
15198
73
6250
38616
21080
18370
6822
38215
32311
27716
38013
14888
22463
22953
14169
79
31262
29384
34889
34233
18792
27965
17791
22716
19213
9728
19127
10683
17793
35032
23275
519
6763
23276
26725
87
39585
32844
23278
5015
23279
5518
35833
22965
26837
36816
9736
15451
25865
31616
14904
27148
18610
15426
10055
556
17300
27615
34905
18421
30446
25871
31353
28787
30265
14911
6984
31355
32779
26814
10062
19825
25876
33326
14319
614
22993
26193
22158
32001
112
4761
8233
12296
9752
26500
10502
32145
20022
19486
29725
1061
28403
32317
9063
256
25507
34565
245
38505
13661
29730
38020
39170
9382
39905
26485
33261
36740
33577
27468
14406
11969
33579
15456
26798
11971
28071
20036
32319
23777
11771
3910
8767
22471
34756
20354
28283
20355
19489
4127
25523
33270
23941
38581
17145
33274
2312
17462
36831
29747
22073
20362
25214
35561
11238
267
8571
36835
9404
4239
30453
16717
11989
12305
6873
36696
15895
4253
7725
23691
31309
14944
13591
14147
2505
809
17134
30454
25540
6849
28124
18778
18044
2132
37162
18443
11999
22215
12315
11429
6256
28072
37054
20381
26295
6683
29769
2106
4255
22476
37169
6653
39950
12006
19494
12322
21592
20072
12165
589
28452
1846
13449
20074
36470
35230
28139
10401
25557
16907
31276
295
9116
36945
24262
29781
34382
6477
9433
5531
24400
3953
39457
7085
11552
12334
28148
22814
22569
14970
24471
3579
17536
27457
35419
30671
22395
14544
22609
27162
5944
11333
27462
21304
7422
30893
19399
6170
22396
14235
14983
9702
6172
21617
19918
36149
14237
36721
1890
39208
23866
14078
22303
1892
32131
851
4559
27471
38360
12407
6178
21108
18785
11660
30687
7071
19726
34070
3599
9132
3057
30581
14247
27104
30376
29496
12791
11666
25307
30048
35225
4842
4947
26394
39101
34180
16719
30696
19606
23178
27484
28300
10731
22634
14971
26512
39420
36208
9953
3611
6272
3612
6196
23954
6512
29542
2134
19743
2360
9193
35368
36214
27202
36530
14337
6258
36216
8897
14795
6202
14757
28176
27812
26034
14583
3396
22333
38871
3308
6274
22015
39436
2662
19439
4973
6210
2831
33070
6526
27506
22403
27507
3125
13314
19444
10727
6530
39444
10840
37760
24402
1933
24486
14659
29734
27512
23223
13753
6219
29249
19765
12177
19766
30962
39135
14066
30891
27517
23977
11390
27256
6768
15132
34208
8146
13912
24310
8432
12598
10201
9364
8434
35978
1253
37057
21981
33783
30046
25383
30047
12599
1257
8370
24568
10027
19194
32633
21987
19110
31810
34837
35726
11266
8759
36247
27111
38775
26710
22093
13731
32954
38463
27175
16513
35217
15482
8450
4852
19742
32958
11841
21682
17647
22094
11555
24581
30063
19112
16519
28272
39773
16520
6055
36317
29182
5874
1803
38788
18378
10093
38789
36414
33262
1278
39930
5563
5021
39264
30804
4854
21693
22009
5968
28076
22546
29445
25897
19542
22012
38314
1286
3721
2417
29449
31912
22412
24599
5835
32664
4121
593
5890
32348
16433
21704
29552
24918
8791
14685
15483
11687
32984
38808
15084
36980
8794
37680
38810
37527
13979
21400
30091
33079
18067
5900
29463
28990
22834
8800
37171
22723
26515
20160
19852
11752
38817
18813
16614
2951
13654
2003
13655
13971
39620
8806
21729
8807
10349
37457
36782
20382
14020
19077
28794
27341
22169
19078
10700
31215
9286
11016
15868
12924
2639
6487
35553
38508
5752
19084
19085
14373
11056
26835
9011
7810
4546
27113
10426
19832
15876
25756
35560
30585
17252
16193
32645
32036
32007
3105
10318
27025
20950
11792
37280
31403
8288
8133
38195
2653
12486
35882
9078
18807
35568
20190
11035
4863
21390
26849
16378
11954
18329
35121
15847
19102
18083
19103
2995
26492
33369
28218
35890
30385
35891
11445
38003
10728
2527
21412
26857
22528
3587
35894
1633
28007
13236
35895
13977
32341
27923
26861
8858
7836
4480
25023
23965
4676
24117
19115
16920
10738
20291
20679
15177
8349
4456
37065
28822
21089
9504
15908
16228
23706
24288
32038
23893
18809
19324
11061
13666
26875
2684
15914
3353
35913
26517
18814
37466
17542
38954
28833
17699
35920
35602
15794
7326
35603
10749
31208
27198
39941
12439
32050
3735
29281
26886
24315
23989
35924
28327
17346
25984
12264
13978
10068
31645
2420
38131
10416
38132
5290
24019
24603
35236
31226
35646
13286
20774
27087
11270
21351
7769
7908
26519
33515
36969
21040
16328
944
10267
4280
37827
37368
36336
33483
28935
19325
6018
10082
24006
25767
21045
7282
34276
18097
15100
22642
34934
8559
34593
33097
21820
18151
19023
21050
20287
4923
7298
21367
37908
2690
10406
22217
4277
18728
27274
26536
23473
38156
25454
38157
37503
33704
39160
8172
26225
1611
19145
2349
32784
28689
14428
14965
21377
24321
28497
26544
14777
3640
14292
21379
6724
17863
2355
8908
7078
21382
10421
22438
38209
39048
972
29904
10108
19955
18488
28377
20690
4945
26240
14180
12227
37860
34621
6140
10430
22727
39335
18495
3429
37864
14156
983
38526
26562
34699
7299
10120
28336
25234
10436
2788
34629
20768
33389
12374
37870
289
34973
33838
15708
13023
21088
11075
13025
34977
7778
14045
35293
38457
10445
11243
19186
15234
19038
35648
18112
30276
23300
19733
25041
20718
31512
22355
20610
623
38136
12342
14100
2226
23305
27563
7493
25042
31343
37194
21405
7495
17353
20296
36462
37511
38119
31469
28476
37816
26921
7183
20554
12665
33902
15530
20755
129
97
1809
20416
5303
18417
20732
37203
14417
37204
21185
638
3750
37521
10847
35360
12358
9336
32534
31700
37524
12588
33129
33790
12676
12820
12362
7783
7512
12714
6663
142
13369
143
31099
5841
7515
21349
12179
37216
650
24731
31395
10431
148
16583
37220
12071
4847
18530
6356
152
28303
31401
15018
36864
31402
24648
20756
531
15591
35238
7075
158
22244
27631
15279
13386
38221
31409
27319
39293
39346
30550
20449
668
15600
4547
23665
13688
4640
31731
34583
1266
3246
9685
12392
34869
12954
8779
8988
31420
1026
7229
31100
32073
20460
31369
31423
1125
23360
23602
28286
14415
22669
9755
18142
25569
26388
6973
8687
9442
19886
14609
31082
39774
24653
39775
9446
8945
26923
22677
25574
37806
26101
14930
14159
1969
17514
23664
33537
16220
28534
11138
7302
6363
4406
22683
28212
6871
4579
39470
29985
33963
37093
23389
30752
33139
22689
22690
3761
14942
26472
12656
14943
5136
8213
24020
6880
24123
14945
37829
37008
22695
27088
6883
15543
11359
33974
38550
25911
26719
32406
39484
3135
1439
17534
33456
35142
6888
27719
30766
15544
14954
30925
23019
36381
21445
1923
23020
33983
9265
25920
4003
27008
33670
4583
33671
26233
31089
1034
14962
17413
33989
22496
31092
10309
39499
19659
23394
6902
25614
25479
17911
25930
10630
6794
1479
38148
14655
29418
22720
10034
38343
16530
39821
25431
18729
14658
37414
9808
32297
1949
12985
30196
14976
16927
16442
25061
6599
22844
31107
38549
23044
30190
38632
6602
36069
18533
26009
8808
22756
19771
31411
28151
37101
36466
1416
12838
307
10404
3962
19776
30207
21786
7599
3649
3445
9131
2171
24349
35957
12030
24946
5239
4684
9134
17199
39681
26134
9136
23479
35364
16886
8890
4505
11721
34195
36886
39280
38972
14891
29489
39250
36573
5047
557
2427
26297
323
32730
33021
4283
27856
17337
17210
9147
37835
10827
30713
328
15096
29813
36892
8224
5252
29499
331
38155
36584
18912
19800
27034
2764
334
38946
30927
17219
24668
8700
36588
20119
2710
2345
3677
6467
25287
24831
11144
17224
10217
11744
38241
36595
33468
9164
345
14495
35994
10048
33043
37928
20392
3728
28891
27740
8853
6796
36916
34288
33047
23793
3690
17761
17805
9173
32735
34108
17238
22028
16662
36922
8963
16925
4807
943
7001
22109
29527
27897
28396
19826
33870
19435
20142
33178
3700
8191
963
35272
16619
36615
22110
24997
29534
32737
17659
37230
21030
30417
3013
10260
5983
23245
30420
39142
5333
22043
28893
3333
17030
39677
1948
31742
6233
15182
22362
36250
8892
25494
14300
11088
29631
24720
19468
22867
32870
27218
34874
21798
13061
5925
24723
13990
39145
32740
15206
26306
30595
13992
5362
34951
27538
2341
39159
22847
39898
30124
7626
4202
38846
7387
30441
17033
19165
30051
11102
38900
15114
36268
1275
8235
9911
1970
8439
27549
23193
29634
5941
1880
19172
18084
39365
36273
14008
18340
5653
27239
23559
19491
38167
22390
5475
27557
14497
38902
3360
39177
23482
6265
5339
23071
30458
22539
38865
38987
1984
1670
16725
24269
11873
11437
4521
14336
25434
31106
27567
31126
6075
11440
1111
9182
38873
31002
39878
14340
3379
21784
30155
12502
30156
29428
29638
10145
1681
14030
39481
23254
22410
24417
39007
19198
5342
29825
5969
32671
7292
2301
27264
18099
2972
6891
14350
4271
8184
27581
26528
27287
111
5280
11177
32686
28844
29640
5820
4944
5599
31005
15682
13349
23483
38514
15927
37224
8185
8186
25260
34618
195
16566
8503
30309
26155
18229
24318
10968
26575
9149
38206
4418
5609
36583
2038
16572
35657
9183
1012
1712
5297
26641
38211
3983
30191
32705
21075
9600
18137
8200
18390
27038
32393
29246
26216
14796
38218
31627
38128
38534
2652
8980
38535
37626
32254
7132
17800
1025
8523
645
30610
13690
4020
8915
21440
29645
2894
28876
37201
13748
13374
29192
11274
18431
28878
2387
27744
5632
18978
29195
33715
9297
38232
25996
3977
1351
24161
1716
28883
1353
31746
8221
1040
21421
22213
13389
13390
7005
29204
27127
8362
2439
28890
15619
13351
38242
14804
36496
28892
18497
1047
20701
28894
26162
16295
33578
38247
32063
31016
16612
6087
5652
22654
24679
9720
13718
32986
24435
24366
34647
16618
16248
38255
9301
7657
35610
37202
6004
3363
2698
26891
14488
35613
27626
23841
23680
37515
30596
35615
2703
13622
10856
30079
35302
10769
31751
23685
2351
18520
28651
30597
32066
35307
6825
32068
22617
26901
15942
36982
3584
2713
6091
11680
24008
34101
23694
17420
2794
10780
14593
23696
3529
31761
18937
7885
25118
29006
26912
37628
2406
39790
6827
34663
13388
38443
7574
2144
2409
34666
30600
18045
15956
31222
28221
24328
27117
15643
37082
2414
17835
31755
14377
26607
18859
33184
21435
24026
32835
23712
31336
38351
10798
21561
11392
10799
8505
26905
10485
24031
7566
34976
7904
35660
30288
17376
26931
10043
2740
7091
31928
26933
26591
13480
35655
3585
2743
18507
10808
29031
35343
25857
2746
2432
3651
15630
36848
26625
21016
30112
18079
22540
9094
24044
15917
6474
24045
34237
34693
29721
26630
23666
35629
35352
9071
7921
18194
2756
5965
31800
18929
7828
31801
15674
27663
24011
28811
15721
37878
12715
17361
23800
4971
34325
21237
15213
34983
2435
4969
31953
37815
9821
5769
37493
9822
15549
34330
27090
21101
31027
12642
20788
32077
39988
12725
26804
4662
33293
37891
4979
30209
4980
34339
6821
6752
12500
26276
13949
12732
11519
20797
34028
5703
9837
34050
20800
2969
7887
34031
3869
37902
3456
32150
34348
21449
11563
17906
7153
30402
33005
37591
23003
10786
9845
36408
34645
24643
9847
22164
17912
9717
35770
4998
21127
18536
9150
21128
26313
24619
12750
39212
20405
34360
13609
13067
13485
7155
13068
10444
13069
6441
19365
37604
39063
30992
34365
32502
18543
26302
10175
1423
13074
13075
34489
17354
224
8626
29009
18245
1739
31333
228
17559
18247
30635
230
917
6789
17946
12768
3146
18250
25237
21149
37206
23286
34065
37937
4708
18855
34067
34383
11211
37624
34385
10453
19105
11395
23361
34669
15215
23362
22037
39833
8629
36936
38751
27735
37252
13486
31352
12560
20468
22855
12405
7809
14510
31117
23054
31373
28536
13857
18678
6928
15944
18123
31436
39882
7858
39843
18858
36946
1427
12413
16762
3465
14997
29709
36949
30220
24841
12416
4038
14992
34672
20483
12349
31131
22150
39853
13778
27501
32123
23385
23005
14828
4045
26824
20489
11216
12426
6946
10681
36265
28556
12114
2166
12430
10574
28559
5371
37281
4950
9631
3276
26191
15017
37295
26648
30958
403
23399
16384
15021
1576
6958
10779
7275
22895
1849
15025
3565
8218
26361
20192
8636
36978
34802
4066
38631
31472
21838
6966
28062
35080
39880
20511
4070
27354
31476
4072
10066
31478
35112
23932
4389
2463
20203
20204
23317
30334
23103
5460
23419
21241
26195
425
17816
6978
15653
28273
37830
15254
21133
16856
30480
16455
17728
16034
17567
33593
11622
39519
29722
22319
23319
14672
20708
37759
37122
9508
4388
6102
24257
22900
21947
17259
26942
39526
2660
18037
22427
31367
6300
8242
10355
6616
21839
36812
6302
33755
6773
17783
39921
23561
39713
25330
23321
14585
30812
22749
33654
22750
23408
25649
10806
22752
14689
6808
31386
21643
4976
24424
33255
2029
23424
39542
26620
17277
32777
6631
16708
30824
21218
12216
22761
636
28909
16035
25764
6612
6776
22764
25808
21531
33631
22765
23324
2039
31091
12960
14703
15947
28910
33415
39885
22349
11691
19786
14526
33732
36358
1430
25669
24757
37212
14708
26939
6921
6645
18025
26538
22261
22774
346
18559
3058
416
2573
25360
4300
8591
33740
25677
38263
5570
22465
1234
37791
9236
10496
17301
35495
14719
36395
5883
33808
14420
30849
33480
38264
24818
33748
36717
6659
20421
10812
15264
33752
39261
16314
30541
39578
18877
19699
33612
29535
4865
8872
29523
20710
32314
36305
5353
38801
25002
11842
15450
29224
10499
30099
33069
18518
4619
23205
27904
14122
16628
25199
23280
18223
3881
9815
36187
16630
39696
23518
19529
35487
16632
15582
34234
36631
15415
24698
7938
973
33378
11785
27763
32765
15728
19536
15748
15583
29239
28775
28996
8576
24163
4222
8577
16546
35355
3412
35666
11477
32044
36642
149
36643
8852
21661
8582
13491
25517
8583
19316
27925
9399
18567
6193
19371
11799
21553
3489
19864
1074
22772
26661
33946
36337
15985
36653
11490
514
16720
1031
36340
6903
32181
19556
28102
31339
15698
19672
8911
37257
36344
36660
16258
31400
27625
4700
20077
16664
8258
30830
19878
23411
27628
2190
32470
27629
3753
11556
19882
27418
13624
25206
38984
11505
13600
33115
36805
16673
5777
22484
36357
37225
5376
19573
24411
3446
639
21490
35268
11511
25057
13039
20021
19438
8930
3450
36507
659
24745
36365
37796
37305
5973
17590
36399
13723
30101
12023
10826
4629
27868
14040
29016
22665
11143
21492
21791
1746
25635
30171
29346
335
19210
16239
21794
27373
12871
5982
34320
13732
5608
4231
14511
2771
12396
37084
10836
29746
18196
16656
11152
15095
6287
26966
36789
12695
31649
13737
38587
8264
19220
11887
13601
4967
16282
471
1394
29328
35694
33062
33889
5680
11982
15306
14060
8290
14061
29979
35698
11165
22320
19312
21265
21813
13703
39886
16877
10852
28930
5687
10384
27297
37567
36400
35704
10781
8442
6005
13297
31724
26943
14071
7952
10859
6083
21844
20297
36024
4655
27304
30203
27378
26434
10252
5370
27308
36280
51
36030
32880
89
3209
26996
15598
21831
2393
36621
2806
32461
5705
16549
24817
37419
15222
35723
36101
38937
19255
24083
38939
18942
20745
29984
27322
24560
14093
15285
19260
9129
11197
11988
27052
21845
7752
21846
39405
9006
1435
18107
36485
33127
35735
445
31729
13951
25575
38284
35178
10277
21502
38257
39381
19134
21158
14173
25700
24372
15003
5347
37238
24059
20080
24060
16337
32125
18753
16440
24062
26270
32442
12765
8251
3507
10165
33903
24381
37155
16971
2867
32132
1512
24069
16006
3508
29953
32451
20739
37960
32361
17762
37961
10474
38277
21178
8675
3176
24077
35163
32457
13442
16015
23450
24874
38282
376
5688
21498
24397
27387
530
7955
6907
1089
15444
1564
16336
26123
36799
5600
21188
21361
5179
12002
29352
13126
19150
20773
34239
16341
24406
37978
5853
11277
16343
19952
29362
25062
8280
3433
34426
37981
39284
27704
32474
8222
17373
1101
27527
4247
19171
28948
22906
31307
13604
13865
24099
5074
12711
32165
23763
6753
37989
20376
33207
16039
11381
39572
32950
5078
9400
15641
13458
7978
9259
12397
24107
18916
23488
28441
5083
32190
19463
24829
30442
16362
13465
12398
28964
24316
16365
17480
32400
10363
5090
10851
34386
25277
34702
26324
8283
19681
7614
15679
18216
26597
32475
26328
5406
35050
17374
7304
37984
16582
35052
14969
2889
7621
7307
37193
10888
23437
4960
31686
10208
14298
24098
25606
30773
34402
29999
31505
39742
10527
1668
35423
9101
26656
12660
26657
32478
765
34437
766
21936
5690
5
12513
38566
14227
2469
21537
31828
20966
7322
25549
34413
14233
15388
20803
1350
22555
13277
18288
39794
14923
31834
28637
22161
6420
2477
28448
35391
13055
7331
27761
15735
18
32075
33950
14829
31525
37110
21652
18299
10547
36709
19173
31842
13851
11892
10234
16773
10235
39605
22069
18301
19065
39204
34430
38278
5077
27
123
26368
1528
10477
18620
4526
35406
22675
23788
15410
12323
27056
24877
796
3654
26234
18311
21920
19394
35412
38327
799
9109
23480
8292
39806
10566
6427
7727
15733
30440
29859
26696
5100
34571
38507
29355
25890
26383
39698
34790
9200
17484
25617
4398
9028
9880
3210
37313
34659
1132
4401
201
32302
37315
25241
32911
28595
2871
35869
20346
9330
16778
15479
26014
15227
17951
28041
38330
5035
9573
21144
4723
1592
4263
12473
11010
1533
17956
9578
9765
18272
21160
37642
13147
37643
33843
9582
18639
16780
34090
21473
25712
10900
28611
37645
25275
37334
11289
14542
20865
9032
27681
4738
17702
931
4782
26033
1136
9906
37339
21463
13149
4307
20555
17505
20556
10167
9910
37658
14835
21549
34104
5913
20560
32176
31832
28625
3458
20562
9331
18232
26044
14013
17981
26716
7583
20880
4093
37666
11301
12819
34361
33799
33642
4758
34804
4
5403
33803
10876
24879
28638
17100
26236
26140
20891
1455
31973
8147
37363
27475
25745
7804
17682
17101
37681
32624
20897
17961
16267
9936
34244
13382
9622
7988
28649
11278
12837
1856
37687
35114
2843
24659
19998
37113
34260
27960
34132
25531
30859
20213
1857
27963
19782
32054
12151
35757
22072
30863
19068
36687
34832
3264
436
16204
32951
23117
12757
19905
19906
39475
19907
16885
745
10793
12160
25365
31858
362
39908
22182
1859
39594
36933
14746
18611
31070
22811
11190
26951
39912
2447
30877
10222
36701
14628
19917
39601
12796
18660
37019
15069
14941
2448
14755
25620
12173
14119
11920
13193
15072
39607
9463
15074
14917
20241
27460
3800
31204
11864
18771
37029
13752
28309
25481
25907
15080
3692
24235
2916
27996
14231
11736
11869
28653
23147
8824
1863
19935
36918
17340
14770
14631
7022
35779
39621
22535
11334
11875
12191
39413
5695
12192
26740
7027
2851
27878
34805
14778
11335
12196
16224
27943
36731
30341
28326
2782
22846
27790
9782
7034
28642
11886
23432
26042
31228
5583
14786
1866
23021
29559
13117
36739
1152
6725
30918
31258
19401
19178
31234
26846
20835
14766
22856
6151
2772
11559
16998
34154
27046
24152
30544
25379
15685
30546
14419
34376
30548
4365
17004
33645
14547
17320
29228
38700
13415
39086
15961
22488
22489
34377
9973
22490
38961
10920
25390
29927
14553
23544
29928
24858
22495
37933
38989
38916
39716
17331
38083
21883
33460
6406
8120
14120
14239
3085
38970
9760
6625
30250
37934
29621
12617
22503
21056
22189
4243
8960
11657
32916
17341
30033
20435
14129
34488
9279
26352
33472
14447
27786
17031
39398
29632
26317
29633
36920
12507
25098
33646
35773
30642
17350
13901
39302
39406
26748
14454
22519
4424
29639
39306
35774
33169
539
31145
2111
30371
2378
9294
24859
6094
37249
14461
21153
27682
9296
17177
14463
3608
35460
2116
21453
39704
14150
19605
9300
23180
2119
1774
26320
29651
16183
17052
27283
6580
28601
1807
7612
6092
3598
17370
34901
13088
30286
33251
29657
30603
10592
33986
33187
36608
21150
24569
30605
14561
17764
32811
34469
32497
15854
24749
10083
17544
32499
1554
24751
39096
15963
16688
27063
9005
6442
27336
7233
24439
24042
24755
15579
32820
11194
36376
35065
36062
8063
27657
31111
5189
8317
31879
3074
16697
2552
19596
8607
19282
6500
24351
5586
19599
7764
19016
18095
32510
11222
38364
21701
24768
37118
11224
39721
31827
1607
5597
2878
16707
8771
7236
6208
8329
20035
28994
1483
32838
24460
18588
36517
8333
24271
2444
8649
3484
22943
33677
18985
11235
13903
25444
8653
22631
16403
25370
7046
8655
12674
27398
3490
25757
29321
13833
35681
8343
541
11530
3291
36407
22278
19308
31431
30448
19309
39178
178
38230
29363
25615
29013
36097
6429
3292
18053
19629
38721
24796
20996
11567
30379
2873
3189
31663
34266
19318
803
11357
36718
3191
39938
32550
11273
12689
29338
8360
31575
37031
19323
29341
35388
27389
7031
6456
16125
31467
28255
5724
11264
30588
17554
38838
2823
18604
27991
13786
23309
26702
28537
34046
35739
26243
12523
35740
6593
21539
20599
12910
35075
25283
15035
35429
28538
19839
21544
29364
33999
1133
15528
5504
35434
1693
35435
16587
1137
35480
2839
38689
18968
33742
32840
20025
10590
14575
2842
15253
743
2528
8380
18657
37433
5743
17558
38342
33758
38658
27806
21165
18661
12582
20162
26727
2536
21991
24096
18987
17293
26730
22641
2854
31716
2540
12099
19546
10605
3502
27049
27073
10607
7841
27051
34738
38671
33939
9468
1160
37264
1161
32612
2863
17561
35054
2549
1164
14579
2551
36283
5589
5729
18995
23063
21894
38680
6744
9498
38366
25940
18684
31527
38368
30358
1487
15000
7141
21900
27067
7508
5459
2562
10549
1492
22235
39399
2564
10969
38376
19009
21911
21571
10631
29458
13530
37780
28372
8723
25373
1184
31445
