HuB
ARW
Eu_
vi
JvC
AhX
CRP
Heh
GwV
DUK
ELA
JvG
EXF
LIX
HZo
HcZ
FRu
ALi
EXI
JHd
AHV
mm
ALl
JvN
DUT
EaD
CXw
GaY
IlC
mr
Apl
GvJ
DyT
JWH
HIL
mx
DEi
Kz_
HTW
FyN
HAQ
Apt
EZR
ALz
KrJ
AMA
EX_
KaH
Kah
Eut
DUi
CBX
DrS
wD
FyV
KqY
FgW
Jvg
JXj
Cfm
FyY
ASG
Kaq
LIr
KrL
AMN
IJD
BMq
ASM
OO
nS
IJG
JnJ
HBa
BtH
BsT
nW
BrF
H_b
Hnp
DVB
HBl
ASU
Fyn
F_q
Hfd
DaB
H_h
IJR
LAG
BWB
nf
IJU
DsK
CSS
ElT
JwH
A_k
JRD
Bk_
If
IrU
Euw
BsW
gf
gg
BmU
gi
ATK
Bf
Bg
IZu
KVQ
CpU
JnO
CIv
gq
Fsj
ZJ
gs
KVX
KYc
FUK
FUM
LOl
KVa
AIX
JB
KVd
Aju
Igk
HRp
FFo
Cuz
Jzv
JRf
BOu
KCo
hH
GvP
Bmv
Caj
Igs
KjZ
Evc
ge
CH
FU_
GvU
FyD
JFv
GX
hR
Iec
BnF
Cpz
LOp
ca
CqB
Bcl
JZ
LGu
BPN
CV
IIe
IhJ
HTZ
HTs
CZ
FSM
BnR
VR
IhO
hg
JML
GXq
DUC
Jk
BPY
KrZ
BnX
ERK
JBz
ICQ
KtF
HTj
Hvy
ERC
GQs
DmJ
GOH
Gjz
AFh
Jyd
BIb
AFj
qA
GSL
ERJ
FKn
Hxn
Adk
Iu_
Cnf
ERO
JpR
IYH
KtV
KDR
Hry
LSW
LSX
LSY
Elr
HsC
KOX
AGB
Pb
Cjm
DFE
AGD
AGE
HyH
Iat
BRA
AeF
DHt
AGI
BdO
HUQ
Axo
AeK
Fgr
Dmq
zc
Dmr
Bsm
AGP
HUX
DgY
Fsg
GEX
EPb
BJM
LTW
IYM
BMs
Ktz
Hw_
DnA
LT_
GRm
AeY
Dya
Ae_
KDX
GCX
KPC
EtZ
HUl
HOI
HLt
EeN
KPG
AoS
JqJ
Aeh
Ijv
HIm
zd
ARz
IzN
LFZ
AKY
BgW
Jnh
EaJ
BgX
Elz
Imm
zk
KnP
AzZ
HNt
CF_
JDq
HNv
IwP
LSg
JjR
LEo
DRe
at
AK_
CyL
HQp
zt
EVG
aw
Dsi
GpG
JoE
Izg
zz
HwM
GpJ
Jjb
Aad
CFp
DrF
Knh
an
fN
FmW
bJ
EmD
HOP
DIo
Jjk
GpU
CAY
AAN
Aaf
BDH
Azk
bR
KUM
Knt
bT
GVY
FOj
CGF
ISS
bW
Elg
Knz
JAG
AAZ
AA_
AAa
LHj
HOi
DqK
bf
AAe
bh
LLC
HOn
Hwx
BjX
JMK
Ca
Gpr
BHJ
CGW
CdX
Coc
bn
AbH
JMP
ELY
Aif
KEc
EdD
KhL
DCO
Kas
Igt
Gis
Fsp
LMJ
LUH
LMK
Baa
AYi
EdL
Glz
LMO
EdN
DMF
IBb
EjL
JiY
FIK
HBr
GLE
Bai
Fbg
JdW
Jqc
FTF
GRw
Cdf
Cgt
LKh
Iti
Jdb
Ed_
Hq_
EwH
GLQ
KIb
Dyr
Jqn
DCo
FJC
KIf
Bt_
Kho
BbA
LMl
VA
LHr
LMn
FDD
GO_
Gj_
EFq
Kay
GLd
LMs
HYv
Ely
GLf
Ehh
AIH
CeD
AxQ
AxR
ASR
KEC
GyJ
Ejt
CSm
XU
APf
Iqe
Hmd
EIp
DDI
JeE
JCc
KiJ
IvB
IFX
Axa
IZC
CXO
KRi
KJF
Kbo
Wm
AZg
KiQ
KeD
Axh
Cmc
IW_
KLV
CYR
Dby
Ffx
IPW
HpW
Hfo
IPY
ka
AMY
An
KCM
to
Btg
ASn
CSd
KCP
DFg
GQL
KbY
ts
HJd
ClH
JYX
COq
GFI
Kbb
Da_
Aax
AcB
IPl
Rc
ASx
Dzb
GdF
IPp
JYg
HgJ
KCd
BVx
BVy
GeM
Bzu
Iuo
F_t
GFX
Fg_
AKx
KCj
HgR
EwT
IQB
AS_
HIW
Kbw
Fwm
IQE
IAM
ATR
Vh
IQI
IQJ
Jqf
FTU
KCv
JCE
Cgo
HLz
HIh
ANf
EAD
Ioy
JZG
HIk
Ktf
Hgj
HJx
CZQ
ASc
Dre
EAK
DTq
FTA
Ink
KcR
ATj
Hfk
DbQ
FJT
EAP
KUk
LHQ
JUo
FaT
BPa
LDQ
Aqd
DfV
Pn
EQe
BPd
nn
BnM
BUs
GdA
IBw
CwZ
BeU
JwT
LKl
HCC
EH_
LAY
Cwc
KUn
IbH
Aao
Ewa
GdJ
AjY
HCJ
Btp
JQl
Ar
Btq
Hpj
FaW
Ewb
JAl
HKK
Ksn
Jwi
Int
ChQ
Jev
Jwk
IgP
Fad
DVs
HJr
oQ
BiJ
ADg
Ewm
LQl
EBg
DcH
Jws
BuI
ArQ
CxD
Exo
LBB
oa
LVZ
ArW
iE
BQC
EZA
Qg
LIi
CxL
CGZ
LBI
FzO
vn
Gdq
IoS
LBM
HiN
FbB
JxL
Bu_
GdU
BO_
Ark
Kp_
KK_
Arl
ic
Fyz
CSX
LIS
JSS
Iqj
Cn
ALn
Akm
JSV
AVJ
FzG
JSX
BP
AJl
JSY
GYH
KB
Bnm
FUE
FVR
HaE
LUo
Cy
DEX
Ihm
JJU
HaH
Akz
AVY
Dtf
IJs
LUp
Kuk
KWo
CSM
Kun
Gux
HaP
Kup
KET
HaR
KWt
EJS
IBB
Blh
Cqx
gr
DO
GWg
CrA
KWz
wS
IiF
BOZ
Ajl
GYh
AJq
AlT
C_g
KvC
DC
FFQ
AlX
Dcu
Fzp
Da
KvI
HqJ
CTP
FYz
Epp
K_s
JAV
CrP
JJC
AzL
Df
Fzw
AjU
Dh
KvP
CTX
wT
FxK
Alj
DZl
FPA
JrQ
HUF
ANn
ANo
KXY
DuU
BOk
ID_
APm
BJe
JGV
IZj
IrX
Bhf
EvP
FPK
KQZ
IQd
JG_
CJj
IDi
Guf
Dcz
DPa
InV
KPV
LBW
ELg
FPS
Ry
HVF
Kle
HVG
IDp
JSe
Ajs
AHB
FtS
DMy
GwM
EPU
iG
Abx
KPe
AVW
KPf
KPg
LQv
CJV
AHJ
Ft_
Qe
KQt
BKF
AzS
JGv
BE
Dnr
LQw
BiG
AHQ
CND
LKq
BKL
HKg
CNF
AcI
DPz
iX
Dxt
DQB
AcA
JNC
IEN
EHz
Fto
HVg
Zw
KRJ
FPw
ExA
ie
KRT
BiV
CNR
cp
Fyu
ATv
Gwp
HVo
KMc
BKb
Gws
JNQ
ATw
ErK
KMd
iq
DQV
ENf
HVx
DKg
ErO
IQm
GxB
ISf
CNf
DqV
JkO
KkI
Aej
EMO
Enx
JkR
CkZ
JxI
CGe
HZu
CCS
DJa
Iom
Ckd
GSI
EkV
cB
LNb
GSM
_h
JAk
EH
HSQ
Aez
BDy
CDN
qe
Koj
EL
BN_
Kol
LNk
LBO
KJj
LRL
Hin
Ezc
AsE
KVc
Ckv
Ekl
DWR
F_p
Azc
BEL
LNu
IcE
EZ
Fqb
EMu
KJv
AVi
Eb
BES
JZj
KpD
IGs
JJs
KpF
KpG
JZk
LOH
ci
AcM
JQf
JlJ
KFL
GSu
LOM
AUG
DMR
FoB
Kli
CxX
KpR
Afj
GTA
Afl
JKP
GTC
LOU
Dos
Dkt
IdR
KKS
JpZ
FoK
ECQ
GVl
KKU
GTH
EYd
FhH
CnL
Hmv
AZp
ILB
EGU
Cee
AiC
JFz
EXa
AAw
Xx
Gtv
Kie
Kif
LJm
Dgs
HPI
KFQ
kl
ABC
Agu
Jeg
HhS
HPM
IJZ
A_E
HnM
ECU
HPP
IWw
Ezy
AsK
CAz
IWy
Ddq
CBJ
Jep
Cex
AkP
Dhr
Kiv
BvE
CBF
EGt
BnJ
AkF
Fhm
KjB
Bfh
BcN
LHK
IJb
FYr
AB_
FJv
EoO
A__
GMq
DtR
EHG
DiL
KjP
BAK
Bca
ABk
Gvg
A_j
FiF
JEb
FiG
LWO
HPw
Kkb
IXe
CBh
Kja
bD
EHX
Kjc
EgW
C_o
uq
CZb
Iua
Akp
KDS
Cxc
EIZ
FDQ
RB
Cig
LFc
HJF
DOW
Cs
LTw
BnQ
vB
IDL
LRZ
Ee_
Aen
vF
HJN
FUu
FDb
GkR
AyC
Bnl
vL
hf
FDh
J_T
Iuw
Dbt
Z_
HzX
BXI
AyL
KWK
DDy
RZ
IRN
HyO
CyD
GGj
XZ
BXP
Jj
DEE
FDu
Eex
C_M
IJm
Xe
IvM
FUy
LUa
E_B
Xi
Gqy
IJn
GYe
GGw
KEI
FjX
KEJ
Kxc
CyU
CEk
GHA
DET
Dtc
vo
FpR
EfM
Gvr
CyZ
Xt
DNj
KER
us
GHH
HRV
Xw
LUr
ECk
Dc_
FET
EfW
Jqe
CTd
Arn
InF
CTf
CTg
DEw
Bnt
IKm
ELC
LBb
Kce
Iu
Bfy
Jxa
Akk
LBe
IxN
EZa
JZf
Kcj
FcA
Buv
Bzi
Haf
IOz
IQv
Jxk
Gwq
B_n
Kcq
Jxm
IRA
Kcu
LBt
GbV
AUO
Ghm
HhW
JZv
FGD
DyI
Jla
Fbm
Kdk
LBz
aQ
DZD
J_A
EZx
Cqr
ILQ
CLS
IRP
IpO
E_D
GYW
AUc
Ger
BXx
LCM
LRo
Hhn
Egj
GBA
AUi
DbG
DYJ
Hhs
DNt
AUm
E_P
DGS
JyS
Bvg
Bvx
J_X
CUb
JyW
Bdq
LWj
Gfi
LVV
Asu
Ihf
JyR
Crb
Ifd
KXd
Ful
ANw
Ava
Jda
IxP
JTd
KXh
KtP
HfG
AOB
DNx
CTE
DWh
Hsu
GZT
Exc
HMP
KXp
FNn
LP
uv
DWo
Zt
Cru
BRE
BRF
pP
GBG
HbW
FkI
pS
DQz
Gf_
Duv
GZg
gX
BpL
pX
IKG
pJ
Hbe
Exv
DRI
Akn
LWq
KOP
Kxg
DKX
Ll
Acq
KVl
BpX
ERv
AOg
AC_
DvL
DRR
FaS
KYS
Lr
DRU
Lt
IWv
EyK
KGz
HDz
BRk
Dwp
AOs
KvB
MA
JlK
JU_
HEE
EyT
ME
Dvb
KsK
KXE
EyW
ELW
GTI
ETU
IEl
HMG
JrY
FF
Dmm
ErW
Kxh
BKt
Emh
HMH
CtI
nC
Alz
Kt_
Clp
Ijk
IEv
AXs
Jrh
ESM
GxR
ANZ
Kvm
q_
GxU
Ehs
Bdt
LNa
COA
Def
Fcp
IFE
AZj
IFF
AtU
AmM
AOf
HqZ
IFI
KMr
BAQ
HGy
DOc
ItF
Gne
AmR
LKz
JCy
GrE
Fzr
Bnx
JsD
IMH
EsA
KmC
ERx
IjQ
Dei
Amb
BLa
IQn
HUI
IdW
EJy
Amf
IjW
BkN
Dej
IjX
ERa
IFd
BLi
GZM
Idd
Flm
COd
BeO
KOa
IFh
DAp
Cmd
Jpd
BLn
Ijf
GTz
GyG
Kcp
KGg
KZZ
Gnf
EMa
Cmk
IFq
CEP
Amx
LKk
DoY
FsV
Dsj
dB
HuC
Afw
GnT
KRh
JNf
FQW
Kic
Biu
fc
DGq
GrR
KGi
AIG
BwW
Dok
AMk
dN
AIJ
_K
Doo
Jlp
BJB
HuS
GNA
Fog
BB_
HWW
FRS
Grb
HMU
Kpx
Cjt
IJj
Acc
FQp
Grh
JmA
CQu
HHT
DpC
Hgp
KSI
EiF
LJB
JmE
DpF
IKb
JOI
Hui
Gfw
BjW
ACi
Boy
AIg
dm
AIi
Grv
DYS
HKl
HQu
Agj
DWn
JmQ
Dw_
DnS
JTU
FpH
KSZ
InN
Bji
BpA
Brk
GsE
AIt
HXB
Agt
HXD
BaM
HXE
HDT
KSg
Agx
Ehp
FRV
EGK
Hzt
Cjz
KSk
KSl
AVF
Ibz
Dyg
LO_
HaL
DlI
JBi
A_z
LVB
Keq
IXr
KKd
Kgc
JBp
Afb
LOj
FKd
hn
IXx
BFE
CFd
IyZ
IUu
BJb
ASK
KKp
FFN
CDb
LVS
Ccb
FKo
FKp
Ya
or
KKv
AeS
DFG
JaL
CgJ
KKy
EqL
BFV
BmT
Glo
DkJ
IYR
BdW
Yk
ui
CgR
EqM
LPJ
IbJ
JIP
DRA
Aaj
KLL
EqN
LPP
Iw_
TB
JSw
JCZ
jY
JC_
BAB
Yx
BFm
KLT
EmS
GmI
KLW
BFr
GON
JCi
HFI
LWB
AOV
BFx
LPg
Jpb
Emc
jN
Epw
I_i
KE_
BUX
FXh
GIh
Ef_
GHS
HKM
AVE
EBi
EBj
Huq
Amh
KEj
AGW
CEm
Ffs
EBp
Jfq
TH
EHp
AYp
AVQ
Iyj
Jft
GHh
DAF
EHt
AzP
HUk
GHk
wY
Lg
HKf
Aec
Fip
KQg
KkE
GHp
CkP
LJF
DvE
LJG
GHt
AWX
LJI
HBH
EIG
Bwu
Fiy
JBg
ISX
Ghu
GHy
EgI
KQi
AdZ
wm
Hop
Gfs
DdS
EgM
Iyn
EgO
wr
Ggm
KkW
IzH
IbV
EIT
kS
Hoy
Azq
KQk
ISl
Kkc
Jal
xA
Hbl
HjH
EIb
IrO
GIS
BXz
Hso
BAA
jk
AWG
Kkm
CbO
HEK
FMA
KsC
pi
qG
Qo
DXk
FmN
Bvv
Amz
Cyp
EdG
Fca
EyE
qM
J_n
Fcd
Kds
APC
qQ
ST
SU
DXw
JbK
Kdx
GYs
Gfd
EGi
EUe
IqE
SZ
jo
Gfh
IrT
IqI
Sc
LCh
GIv
Se
Kmq
KeH
IpZ
CzK
Dnm
FEx
BwT
DIN
I_b
BYX
Sl
BwX
KQs
KFH
CzR
FdD
Gfx
nF
CzV
FdH
Atl
BSA
DYX
Sw
Eim
FVl
HFC
CxN
qw
Au_
Dnp
Atq
GOB
qy
Dvl
qz
Czf
LEG
EyL
FdR
Jhf
FFU
DPs
BSC
HFM
LLt
Kek
TK
HRY
FdZ
Fd_
FOE
TN
Kep
ILq
KfV
Csm
Ey_
BCg
ML
BqN
FXM
Eyd
Eqm
Eye
APJ
INK
Csw
Ijx
KYt
Bpj
Dvp
E_l
BiI
CVB
HcU
Dvt
CtB
LEH
AOt
CtC
M_
JHA
LCx
FjE
LPd
GJn
Eyr
IkK
EKv
EUz
BSS
EVC
Jyp
BSV
G_q
Csf
KZN
Cbd
IGz
BSZ
Clc
DwK
GpB
CVU
KZR
GKm
Hcq
CtV
DQA
Ms
BSf
EVP
EaO
Cta
AHW
EaQ
KZA
EaS
KIy
IMj
KHz
EzS
JcG
CVj
NF
LPy
IkG
Dwc
Awm
Kim
Eiy
LDe
Eaa
_t
KSO
Jzg
IVQ
LDk
GGE
ILy
EbY
FZZ
JlX
FKW
IMz
LCy
_D
Bps
AP
B
Bpy
Jsl
Jsm
FPv
Kwq
HHV
HXW
ASr
BqE
D_B
Jbn
Egf
EDc
JUv
LPf
BqI
DwB
IGK
HHW
JPB
Kin
Kv_
JPC
CNU
BqM
EDC
HrH
Jsz
Fvp
DIg
CeF
W
IEm
JtD
Qt
Be_
BqT
Amo
BqU
ki
kj
JVM
ig
DFO
GtT
AYh
FYD
IkO
IRX
FYF
Hwu
CPa
Gyy
FeY
Bqe
IGg
EaA
GzB
DqX
y_
IGk
LEk
JVZ
Idn
xN
JV_
Izn
AJy
JVb
D_H
AOe
v
ij
DSh
AKD
KTm
Kxi
FGw
CPs
KAj
JVk
LDI
JPp
CZa
lN
KgJ
lO
Fkk
AKN
Emd
JLk
Jmj
GUV
ECO
BGE
Bxz
CVX
BGF
FRe
JzH
AhJ
Dsw
Hkj
JgG
GsZ
BkF
EhB
Cbv
JPR
Esl
eV
HvW
Kwh
GUf
CNs
G_
HvZ
INj
Gb
Ano
Gsh
Bgz
IeK
AbA
EQZ
DMH
GUn
BkS
KoN
KrI
KfF
G_x
JDO
BwN
ej
GUt
Cby
EnG
EtE
Cew
EzH
GUw
Fxm
JnN
sl
CnV
JjM
Ayw
FSG
BKi
Gsz
Gof
Hko
Aho
KrY
Gwz
GXR
EEn
Bkk
DIu
fA
CNx
Jna
Sy
fE
HH
Cnl
Kri
GtQ
AwT
Etb
Jlu
Etd
Byb
GtU
LSN
DMr
Ebs
AiI
EPm
Fmh
Iez
AiL
FV
KLF
HFf
AbG
ADJ
Dgw
DxA
EIl
JgI
LPn
Cgx
KJM
JIt
IAE
Fpf
KLp
GRz
Tm
LPw
Djz
AMG
CJJ
AWa
COD
HpJ
LTu
CkX
JJF
BSm
KMA
FLx
su
BeV
JhI
AQO
Jjt
EJI
JHy
zD
BuN
IRa
EJK
ADj
FMF
Dws
Gro
HRs
FMH
HRu
FqE
FHO
Beg
GPE
GqB
DJE
Abr
Hkz
Klb
EQz
HqB
FMS
FMT
Jhc
Aby
Jrw
IZo
GPQ
IAs
AwV
Klk
Gpe
EJh
Df_
EJi
Bez
bU
AcH
DCV
FMe
KQh
BDV
Jho
JJr
AEN
Ayf
Fep
Dkr
by
Jht
LJl
Ddo
Ddp
EhF
Fjc
K_C
IBx
Fdn
Ddu
FFm
Ddx
FOw
xW
LWT
xY
CWJ
FYB
LKB
FFv
JTK
Fjr
API
CDP
DhP
FFy
Aev
KGD
EhD
LWd
IFS
DeM
JxQ
FnR
FGH
IRs
DeR
VI
HLw
GqL
BAj
Dyw
Ix_
DJO
GnB
LWp
Awu
DG_
LWr
HtF
FkM
KGW
JAS
LWu
BAs
Ixi
FkR
CGq
KGa
LWz
CVu
LKf
LXB
Fn
Ixo
yH
DDq
yI
yJ
HOs
yK
Deo
EEi
KGk
BBG
Auk
B_G
NR
Byx
HMZ
GzR
Fki
Jkh
Gls
GDi
LDo
LDp
EvD
Jki
Jzq
KhK
Jau
Ear
Jcn
AWS
IVi
EMh
BxK
Fdo
Ggi
FvB
JbC
BAk
IrM
KAD
KhM
Hjh
Hji
BaD
DDU
EDH
LEL
DAQ
DCP
AWg
Wo
LSK
Fff
D_j
DAU
AWk
KfU
Vm
CCN
Tt
BEt
AWn
Cbb
EbS
BXp
Kf_
DAc
GhH
Kdu
CLu
Bxl
GGO
GSZ
GhK
BDu
KPP
KAa
KSs
HkF
FeU
Jct
FeV
KAe
BEI
GJS
GhR
Bxv
AvD
Bxx
HUo
EDk
DZT
UP
UQ
Kwp
Ebl
Ddh
Kft
Amn
Jbr
UV
KIL
ByI
zT
rN
DZV
BrD
DCW
DYt
HRA
Cei
Amp
INF
HdY
BrJ
DBe
HFc
DZA
zV
AWV
BOe
AQY
JUs
K_I
Va
DZH
KFq
INS
cX
rf
HFn
Hlv
K_O
HdO
CWT
Ams
Rh
FAd
CiU
K_b
K_S
DC_
BTe
ro
Bre
rq
HGD
CWb
LOb
Hdx
DZY
HGC
rw
Brn
Gyc
K_g
Jsa
DZe
Bdd
ARA
DKE
HGK
Hqe
K_k
kX
GaK
DZj
GUP
FZa
cb
Bry
Awr
FZd
DZp
EUa
GDb
EEw
Dp_
FZi
JUz
FAl
K_y
KhJ
KUc
JWw
KaA
KaB
Dxx
FXp
GzX
AoL
Iah
Hym
HZ
BCq
Cdi
CQF
CQG
AHu
Kxy
eN
CoG
Dxe
lZ
CqX
CoI
Gyi
Gzh
IgF
lb
Dte
KyE
KLh
Gam
Fws
EuA
WF
Ni
FoP
KyK
lj
Hp
ADA
KXH
DJP
CvI
Nq
FHR
JEB
Hu
ARE
Nt
Ng
CPP
JuR
EuO
JNd
Cu_
DKj
HAD
HAE
Ito
FGT
DTc
Biq
Afd
DTf
BNu
OG
EWb
JFD
Kyh
OJ
Afe
mI
IO
JPL
IeY
Jui
GbU
AIB
Cur
Kyo
Jun
Fvw
CRA
IW
KRk
HA_
cn
EWq
CRF
IGX
CeT
OZ
Dog
Juw
Oa
GD_
CI
EFE
HwT
Krv
CLk
AK
LFI
IBJ
DKT
AKT
JVg
WO
BlM
AiU
HyT
lo
AiV
AiW
KrD
HB_
FSu
Khq
Hwf
CKR
KBH
LEY
JoH
KKO
A_
xa
BYT
Kwa
FhJ
JQN
JNm
CKY
KvO
CKZ
IH_
KUU
JQS
Ai
IHe
BsG
KUZ
FrK
JVQ
JQY
JoX
Ejo
HZB
Hjo
CKl
Ifk
IBr
FsY
IBs
HxG
GTE
Jof
KUl
kr
FrX
Ifs
EcK
HxL
HZO
JOA
EQj
Dpd
HXx
HxP
KUt
CuP
dR
Jop
LUm
IIC
CXF
BO
Icn
IIE
KT_
IgD
KSe
Ou
Jjp
Frl
sW
KtA
IuD
DHf
FTq
BX
HSZ
LQu
KxX
BHN
GMM
ENq
DHE
Cny
LQz
Env
DlD
GPo
fd
fe
KiV
KND
GzE
AEf
BfY
HzJ
DlM
DNP
FIH
EoH
Bqk
DHU
GQA
AZV
CiY
BHh
KiX
JEY
BfK
KNP
KIv
AEr
GuC
KNT
Kxv
GQJ
Dl_
Gjj
AEx
AFL
HTH
lV
FNW
JHX
Jvb
KiF
CRp
FwT
JEm
EcU
Fcz
HTM
Ha
aM
Drd
Dll
IWN
GQX
FbR
AIW
AxF
Eoh
AJA
JKr
EGW
aS
GQb
Nl
DDJ
LRq
KNo
Ceq
KqD
Dlu
CjC
Hc
aY
NO
IGr
BIO
JLB
JLC
JLD
Hd
KYQ
Ejz
EJs
HWf
IEQ
IUJ
HVR
KGv
BBR
GzN
Fko
KGy
ISE
IUO
GJp
EvK
la
JiD
FIV
DSk
EiB
GJt
Kwy
GJu
AOw
KmL
CEV
Th
JsJ
HLO
Gnu
EKO
Hqs
AUn
Ebz
GoA
Ggk
BjU
Hqu
nb
EKS
BBn
IUi
KTq
GoF
GoG
EiV
GoI
CAr
GKO
Jib
KiP
KR
KqL
KHc
Jvu
Kmi
JPi
Icb
FlX
CeU
Kml
BCC
Grr
Gzd
Eig
Fla
Hl
BCG
EM
KHm
JZq
HrS
A_D
DxX
IVF
EKr
FUS
EOJ
IaG
Jix
GA_
ABG
LLz
Flo
LMC
FRD
CFO
Fls
KyL
Afu
Ghf
Hk_
KgC
FBg
s_
Feq
Elk
A_G
Ghk
Ghl
Jmh
HMh
KIF
HMi
D_J
Hki
FGz
FtF
JcJ
KqX
CYS
Jse
KTa
KqS
KgP
yj
HnP
EEM
HcB
Ghx
BzV
ym
PU
Hkt
DBY
KgY
HHq
Bud
Kg_
JcY
DgP
HPT
GiI
GEy
Dfd
Kjg
JwQ
VH
Bys
KTP
DBo
zH
JFo
B_z
Hrc
Ffb
Emj
VP
EEm
DpU
KZL
tP
zN
EEq
tn
AYO
IPH
FO_
VY
HnV
HNb
CXt
JdA
DgB
FxH
tc
JHb
za
FCK
Gio
GsF
EvO
GbD
BpS
iM
GDn
Ags
KBA
GDq
Oi
GFF
Ok
HGn
Khb
FRQ
EcE
CXT
EuR
GDx
Kqw
BPX
IsV
Hzo
GEB
HPb
IsY
Kmz
Hfy
CXb
LFU
Gcl
Avm
LFX
KBV
KBW
zl
Gcm
IOm
HHH
GEP
KBa
Avw
Dtu
KxD
Jmc
KBe
LFi
KBg
eZ
Cvr
PP
KSi
FBf
CMJ
GcY
LFp
KBn
HHX
Gcp
AwL
Cuh
CwB
AVm
Ecq
Ess
Ebg
GHb
HHd
Col
GEm
KBy
HgE
BVS
KCA
LMe
Gco
KzG
FBy
Epq
CyE
KCD
IPT
