e[.
l>T
b=w
cJ[
f[u
ai)
a!%
aJV
h}R
bp@
aD%
a!'
jRv
h}T
im8
gC#
k8I
bHP
llq
b@\
fkT
e/T
iqn
eVl
niz
kX8
gZ9
h6b
b@{
ejo
btB
ma4
b3I
j=c
kay
h5g
c6^
mx&
iER
g~V
iSB
aW"
eBf
f6q
c"v
a%D
lrg
cHR
ex5
c(P
hT6
jf#
iqD
m-b
jVB
k,m
lW^
m~)
l$"
j=o
ipA
g~5
h%!
j)h
b$Y
mQr
kaN
jHn
fk)
aD*
aq~
cYT
bkJ
bx4
gDb
nuW
hn^
e<|
eFM
kX_
hU]
dJa
aPl
i>"
j0s
hn8
b%V
jpv
m[R
bH:
i!2
dBO
l%)
eT0
hT>
bM#
iqZ
k"/
jp#
g{P
eju
mTi
a%6
a8o
bxV
jV1
bt%
jVi
ne/
mt^
hph
h'y
g#w
iny
fK@
jtZ
iq!
bIa
lN_
fK]
g'V
jHP
iO3
l8g
eL.
b(3
bbX
l?N
c\H
lW"
b=R
eFN
glf
kdu
glg
i>'
m]L
kC3
kyI
eP^
j9D
c,x
lFm
gB.
fc|
dxI
hQi
b9_
ngi
a&j
aTt
kas
f2%
kr3
m$1
fJG
mb\
mo`
eMb
i|*
gC)
bp|
djy
eDw
jU^
m=>
gly
c^J
b=#
aP_
cG*
dnX
jgV
dGt
g5I
ki.
glD
h-m
mMa
c5L
h|!
e\u
h}2
d?N
ko9
nBt
l(~
cG>
d,9
eMs
aSk
iS@
kyJ
eo,
j.>
b&N
fXC
eDN
fSu
fEt
a*P
gz!
g5:
f/7
hww
ns^
kO[
g*+
c#~
j9&
bq6
k"%
ia`
hCy
cLS
mqR
jmD
b4U
j4a
dum
i7z
nsO
eMJ
iTg
k,9
i7C
cov
bcl
k"`
cs?
k~/
dR-
dd-
k`n
b!Q
eX1
j?l
aFU
b>i
dbF
lOf
acW
hkm
b`5
gh6
k8J
b8\
hhC
kyK
iET
hr}
b/i
i9"
kk|
gp(
d"X
l=l
aYk
drS
c^R
l72
dvb
jR'
c5?
c9g
gV3
g1/
gN4
cA6
d:<
nbb
ca:
iBg
bpi
ez:
gSt
eT(
f(a
aJf
d1P
bk2
jXB
g]*
fw|
jC(
nvV
j6l
fne
lB_
bzJ
dhE
ceC
f(i
c9y
nat
ix:
ba!
l]&
l:R
b<C
iUj
ij7
fGa
bwB
aX{
kZr
h)/
j|i
gyK
f(s
cMP
bX3
i&#
b4"
c_5
k8-
l:Z
eH.
j|n
cGl
gk^
b/V
nab
e?8
i!a
fV+
a-b
gN{
b/k
ij+
j$S
mG`
hhz
cM\
jO*
mE%
i_&
btP
i_'
h*a
hPJ
lCw
i|l
l2"
k.r
dWN
cVE
g{&
j:{
hn<
dGx
a<b
dRu
a:0
mAk
daP
j5[
bA2
m8C
fZq
gKi
jRe
aj?
lPm
lkh
f!1
gbw
m6!
ivL
a%-
kaM
k`[
h@f
eIW
fE(
afV
i3P
eH6
m6(
hn?
k37
ec'
gp?
d~g
g'h
k,/
l4A
ec+
kXe
j\b
k5q
l!F
eW?
i(,
cZk
kzJ
i32
jfE
d8F
lm[
f&n
bm8
fZR
e}_
lQr
l>D
f:7
d8K
kkL
lrs
kzR
m4g
a4D
dSw
a4z
kB,
hM{
cMR
g'B
jg)
j[D
ge6
aSB
d8S
cgR
cDW
m{"
buP
a4F
b$H
m7f
mHU
d~H
j=x
m,C
g@4
g9~
bk7
g'K
lf?
i)e
mMy
eU]
b6^
akH
jp2
cR=
m7o
d%H
fA&
igO
l8G
gHF
m/-
l-B
l5@
j6>
mBI
i3^
b3]
jxv
h]z
g4J
hrC
g'Y
gg`
mBN
mQ-
l-I
mBP
bVl
a4E
c8+
i{.
ga<
g/J
l_`
bzd
h?A
m5d
clW
iZ}
g=8
b^^
gfX
h?E
e__
mPh
c*>
h&m
m/*
hdR
era
i[[
k&,
jZs
h3e
iE`
fma
kMt
gRD
eJZ
lCn
eq(
k@e
bO}
a/S
aE1
d`$
dCN
lXU
ccy
erb
mPu
lAj
kjD
hd3
m4p
f=>
ayE
kT1
c5/
g\g
cl*
gLg
g%I
bjy
i6d
nAt
dW/
aTS
nl~
cl.
jnE
guX
g?/
hd#
hd$
mt:
dQ.
mPI
e]L
eLM
fWo
b/c
gY"
j=1
bL:
iI&
jB?
a>.
m38
aM&
d"g
b1H
kwg
eY(
lu3
jfR
hd:
cY6
e"H
ml6
l7B
e"I
f^b
g$c
j6.
i]@
ci6
gY:
f6S
aM<
bhI
a"C
m_6
njA
i0V
jLN
iwu
dU>
b36
j5&
k<)
b9p
dlu
k,j
lo[
f^d
m3>
kZQ
j(E
ee%
df6
fCu
m<'
h&$
l!X
gyq
aM[
l\Z
cX)
b7(
dy>
l?z
mZW
acp
ls:
agU
bt$
fp~
k}n
eTE
erc
eLS
ic0
l0-
d&P
au+
c^k
mIm
e-V
c|n
e^G
kkU
kez
l0>
jV.
a%\
cOk
lAt
bDn
cO:
juz
bL6
jtP
kPZ
gMw
gDW
l>1
ldr
i:v
lvl
dhT
jDi
g:!
fEP
h<c
fm<
du>
f}+
nni
fER
fX(
f!D
kzK
kKB
e.Q
m+X
kYX
m,O
haD
l|m
gpN
i"`
e0>
iW]
c,)
l\^
c^K
eoU
hGt
lhf
ldO
c'R
c^O
e7^
k'y
j~-
nk&
i>=
d5o
aJi
k'B
c^U
gh_
eDp
no~
l1v
eoW
l]h
d"H
a+H
iry
l1z
gDz
b\f
bx+
avz
i4l
gD[
dq\
m0e
ict
cOZ
c2,
inD
ft*
fns
b_%
h<~
fR:
a1r
g\J
g?w
lL5
fSK
hC>
dl)
fLJ
g.J
m4H
d1E
hP`
b$]
nfm
eHl
kHe
bcy
hB(
bcz
c=C
dc`
dNp
g9w
lJF
e[u
j!d
j1w
iFh
g.V
l/[
k+z
h<d
mz|
aXC
kKn
f|7
g+p
f2A
aXF
g|K
b%i
l/\
jqg
e4r
aXI
dB+
a6s
gl^
k-$
dNE
m=8
dv&
d/?
k'}
aXN
nw/
a5Z
cK>
lHU
a$>
fLy
k~w
j==
kG^
dAc
jmp
bK%
cFt
ae7
a6u
muJ
aQx
a6Y
ld8
bb1
e`F
e#"
h<A
a/(
i)<
dx^
ks,
j`5
i"u
dr]
aJH
mNd
ju@
lJ0
c'>
a!X
hC\
mgh
m%1
iFQ
j3\
bp/
ad3
iT$
a4K
aNV
dNM
nfQ
k@3
fLV
m0N
eDi
ek6
dEo
lJ$
cGH
ek8
deV
gmC
jWa
m%$
aw{
h~(
j9E
jcz
e3#
l?:
jlz
eX8
e3h
bz>
f+<
j!w
m>C
gz,
a:4
fF6
kpa
g>w
gd$
a-S
jSl
gOr
fOF
nb2
hC*
gR3
f@}
gOu
i|!
dsp
c$o
l"9
b=E
gR7
eAG
a:%
b.d
arO
k9r
kLQ
nb"
as1
d]n
mc0
mor
f,c
gOn
jEy
m\3
ctC
k9w
c`d
c-{
csL
hUI
mc5
b>F
j7S
m>Y
h:,
gAp
nrL
mIU
lY0
l":
gA{
c1X
den
aN2
g{\
bQJ
fS+
aF=
ntS
eo_
c$H
b=M
kpF
lE}
eEg
h%h
c{0
kVt
k1M
j}>
kbo
a*9
gyz
eEj
e"*
nj4
eEk
k*L
kox
jFu
k9T
aAV
hRk
lQL
kbu
j6a
ktC
in.
kVC
awa
a`i
f,G
g~_
fPW
eJT
d@z
aGf
d{N
dAK
d|E
lGz
bV0
e09
fP1
bra
aGk
i7~
ds"
bvd
ar]
a/[
i`\
d@J
mg}
iP$
d'p
m=3
kHc
cZO
eEG
kLY
e\Z
hly
ff,
k=j
aL$
np,
koW
eSc
kRS
l~g
d5h
k~`
jA*
jNF
b!2
l}A
k=/
f3H
hL]
f3I
l8D
jWo
cp%
hA5
epc
h5f
bnv
j*M
a8q
lUo
mFg
l$>
jB{
iQb
mqs
j/J
e='
da%
dz%
eZK
lDL
da&
k.Y
bRF
iD'
m!|
aQB
hzF
mNw
e<,
e\>
nak
cHT
cHU
l|R
l8V
k@Y
gJ'
hzK
nqk
fF-
cEo
j&g
l`x
g,J
e1j
l1<
i-b
ikG
iiN
cEs
m-%
j/0
awl
l&?
lUK
a6"
bFk
cyj
bg?
hzV
e>F
l\]
m"p
kR]
i&/
cqf
bFp
i"X
gi/
fgD
hC{
kD(
acx
hz3
l2J
bFu
j[4
jf@
fnD
e#(
k|h
e4c
efT
dwa
jng
jnh
g1s
kp_
a84
h~a
i48
a"9
e1I
iQ5
a87
h(6
ijD
gcX
bS@
a&^
cZv
c.>
bR6
mu4
jO`
mF"
eJo
l2M
ni#
a-z
mTo
bl-
mTp
amk
f03
g9%
kz^
g9k
i)H
a'Q
l-X
e{+
jJS
hh1
f2a
hh2
mnL
cw]
hZ%
g'*
l/?
l`.
j./
a-L
dw+
c9:
l&)
gfm
jjC
efU
e`Y
gK~
hY7
j3K
ddY
isE
kAh
evD
m}M
h\l
aQ8
nBD
f[~
e^H
l-%
b=.
aCR
aCS
b0T
g'_
cYi
f\e
e>O
cmY
m(W
mTQ
dJL
iM,
hVI
aWt
h\n
dC5
e@y
b}I
c3#
mu7
eUK
ead
b!u
i)#
d*W
a`[
f7S
nm<
lC/
gM(
kmi
bB+
f<a
h#Q
gBb
dMz
ckn
iM^
aPs
htv
l{p
j`}
f0M
mBS
kL)
c!t
g(r
g)/
dDW
j={
ky)
eJ&
e&2
m>f
c/U
a->
as[
i%<
ly`
lQQ
b,G
j"T
mNN
b!r
k}O
i09
fB"
fq!
k^p
jjD
dPj
bj&
b*@
hg)
lhM
i0%
kiC
cZ#
f>N
g_'
d+z
gHU
jrn
gW'
b,T
be-
gHX
cf7
j2,
j[*
g>-
b,X
mG]
f%A
e/v
byj
f,H
cSw
c<m
m_~
cSy
bWB
l8U
ive
d9c
mqO
cO\
kVf
k-q
lzx
jx5
faL
c|L
g7Y
c|M
gxK
g*-
gl!
mQd
i-x
f%O
c8Y
mB:
c`/
jL\
mMJ
iKM
e5z
c:d
f>$
fis
i\?
a5b
c2Z
j_M
e9)
iY8
j4>
bP`
ktS
c1K
fc@
iB)
l7k
aKZ
ihf
i>(
d5?
fX@
f0v
mkI
e<~
b}n
jM'
j_W
c\<
go8
j\o
b,\
lr1
m`F
bQi
jM(
d9H
bI$
ki/
lrC
bJd
i1x
c6?
j}w
cPz
e[7
k2^
e\O
bhx
fRX
e_1
eH(
i"5
fe)
bgc
kUp
kK!
fka
gq.
hmt
bgC
ntc
h<4
ijF
mgW
l7o
fi<
fWX
i6.
l<3
dsr
i3>
fE`
j`&
h`5
nji
b?Q
dMW
jf_
j2.
f!/
eN,
eUi
l2?
f0w
k'8
ieO
hsP
b3\
bR@
lNI
hsS
b>w
mg"
aJ/
aiM
h%4
eWY
e7L
kw"
hyf
aNw
k@~
mu?
mcY
jf}
b+q
lT?
fTJ
i5}
e~E
c(Q
aJ]
eoP
c$p
hs5
b*]
hbH
m)U
fR%
j0m
dFF
i?R
h%*
iY)
ng7
eUH
af]
c4o
k'^
dOs
aPM
c3C
cux
gb~
inV
mg_
aFV
a]X
f7O
mq2
ivr
h=f
fh8
fT2
c8"
m4O
k[x
lO%
dAg
gqC
gW]
c,c
edv
jgy
kpm
i.P
c_A
ntF
nx.
hmf
h%}
bcr
g$:
aC7
g$<
bu^
a`<
hHn
c_G
c3(
ibP
d2f
k,f
ke/
mI=
ar~
leK
l&8
l^.
b8l
buY
mZ"
l:j
k%c
m03
fLW
bp$
aXr
ha'
kYM
bG`
hj\
a<K
cFF
k{Y
cZ2
aQ3
anw
kR/
cfX
hU>
kts
ad4
lfF
mJh
mW$
b1z
gEK
kQ?
co[
k$C
kjU
nf-
hOs
fYo
lep
gEt
i78
d'P
cf8
f{q
iF@
g,t
iY&
h_=
k$K
go9
iY=
nf[
el~
e]!
cf%
aKC
a&)
l'G
ghP
fn2
f}U
g{>
ael
lsj
b\Z
c(-
gEI
k2`
h\T
mJE
c]:
jS@
m+>
gvA
a)F
jhE
jI1
eBQ
d:"
ls5
hI7
ls6
e\J
gpD
mmL
e.Z
l'j
hzh
k&x
ar3
j>$
io5
j%&
kZL
b&_
asV
g&*
f:Q
f}#
d,]
hpP
fn.
kt-
hw)
c_.
c0f
k^A
aS_
ngs
nb<
gf~
miC
ngv
h4B
a@C
k$*
mmO
f,W
in9
h.q
mdi
hp9
hDm
nt=
bvf
de1
hp1
cH\
cK,
hlo
hY&
ch\
ijJ
k[t
dY"
i~b
iT~
g&.
kp*
j/_
jkd
de!
a,8
e`+
c:~
b!W
b>`
kfL
d>-
dKY
d5s
f4V
fP?
evw
ct/
aYc
bJU
fw=
iZ(
ngr
g/A
kc+
fL?
c3+
ga1
g+]
kDG
aB4
eE8
kg:
b?h
j![
dY\
de?
lb:
fTq
e`{
kQ\
dK%
mdO
fQf
j/z
k\E
iaq
j:u
ae3
kf<
eN2
fnl
fkz
h?R
i#i
gBc
hzj
gBd
fOT
jS$
gBe
kql
i8Z
a\E
h{@
d^Q
aYD
m}\
jFH
ju%
d@p
i83
l3q
bSK
cw!
nuH
nov
bdO
k^C
dT/
md7
ihj
nuK
evC
md9
iaJ
m*b
dZs
l!'
fDY
kH@
mM{
m&J
h"5
dS^
fQF
i~1
d*-
hlT
j8C
k9'
f,B
cqy
iPE
iQV
e@2
dH}
iT<
e1R
iK`
iPk
a<G
kMR
ncB
dHi
jDS
h*\
cDz
kg=
iQ3
d)a
hlA
bT%
d0V
lG0
hHM
koc
k9\
fs!
lo}
mk|
m>+
ds|
e!,
h+b
l<$
k/s
ajs
e@,
iQ'
cWH
a*E
lph
f~h
j7V
cUE
d=H
kVX
dth
mI'
iQ.
jG-
iQ/
lY[
a,-
k+I
k/D
f,Q
doe
km8
eNu
nc3
hbU
g3P
eEs
iC8
c!&
l:K
lG:
lVg
cPO
eEN
mF}
dHP
f`v
gPC
di@
eQw
mX7
k"W
e1\
b"#
a41
h6i
nk>
iRa
d#D
lK*
f)$
kX3
app
e_P
eh]
dBc
a"\
km?
cGG
mGn
g2a
lD7
j}"
c7?
kV2
e[q
dH7
ljw
ef6
b7+
fu#
g^[
lx#
hN|
g(y
g(C
az4
m>>
j_$
bn+
a}S
b}#
e2f
ihD
k|y
j_)
c`5
c/7
jBT
m*p
j,0
b:Y
bAd
ik+
abV
cE6
cmJ
hIO
eUW
df>
eYs
c:H
mS)
i4@
ak7
i*l
d"i
k|L
aO^
b8c
bHU
f0+
m&-
j,#
bn~
fHc
dz?
j__
j_`
i'.
hAi
m)B
i*v
l'"
fbL
eKk
l.M
g](
f@T
i*>
jkj
h=`
a](
moz
i8b
al1
bCE
fa.
lCe
dbX
bji
k6'
g,Y
d}L
an3
a5"
i7Q
l#r
a.D
dV8
h,|
hho
nr@
k?j
j,[
e`-
jyQ
kA}
cS|
j,^
mH7
eZ{
bCQ
dO<
h^X
b~o
dnW
iaI
h2&
g6L
jQo
g8X
agb
eR9
fhe
fhf
mD"
d}O
i"4
g_T
ku.
dp}
gvH
ds'
f&J
dV<
cpD
fvF
gT|
izV
h?W
e8@
i1C
j^?
kO'
bQs
j5=
mQL
mAE
k*3
lN[
i.Y
kO+
i4D
fUN
h,*
k+7
hht
m4"
cIT
bQz
k},
dD$
iho
l52
h4@
kO=
c,A
h)[
liT
lz,
mR{
esG
lRN
g"r
b/&
ex-
j?H
h@=
aYg
e3B
kxH
c=y
esO
d7J
aA-
m8x
j_n
m1#
ex?
m-U
gm6
bv]
k+>
e8[
i15
gw0
nnI
b0.
m8D
dFj
d3o
jg%
c<J
b{>
npQ
fdP
g"u
cdV
fdR
hfl
a|4
e=Z
c}q
i8H
iNV
jg.
cbZ
a'<
k|B
c,4
lCq
bk.
lR&
e$@
c4G
aOo
dv>
fd)
c}y
k{0
bQ#
g<@
klP
i]"
nn3
bXx
kx!
j*v
d.Z
eyq
jq0
i]'
d74
cVy
kPE
e\S
h[w
j:m
aAf
bKa
ft6
c}L
l*V
hw~
cpO
b!4
jMt
k~)
by1
aZQ
bvM
cjT
hY/
hy^
by4
id\
lx^
g>q
j=H
bM>
eM4
m`W
eo@
bS9
jO.
k(B
e`|
euF
bq}
dAG
dGN
kl}
isv
liq
k(R
gIu
f:+
bfq
ire
m3p
b]f
g1|
l^m
ea>
b)=
gOf
aif
f*x
bj9
jMQ
mLk
lj'
a]}
iUL
iJ{
eM7
j0%
mze
bS.
a^c
a!.
f@k
kAl
lw0
mXj
f"$
l2A
l/a
ju_
khI
g@6
c_&
h==
gc1
b]v
a'B
e/n
iex
l^E
en~
a2C
eU,
np$
kf^
k.=
jvd
l,[
c_/
ieD
f3M
b*j
e/w
eg=
e0"
fyW
jOI
epC
e/A
d_H
e/B
mwv
g2F
htV
i@E
j:w
b"1
gW=
ej{
a'$
i*D
bzp
gzC
nbV
is$
i?.
j1g
j^f
ac,
k%t
b]V
b!$
in,
aKy
cL]
b4_
c{P
bvr
a\3
g6?
mvK
d2#
h.r
d*7
fT.
l4j
eRC
d^1
gME
e{h
bhd
iYb
fH,
gw1
fT?
foe
fT[
ioS
i`w
c(\
eRL
ny-
mhD
k'E
e{T
l>{
d8i
m1L
fMV
jO8
ae8
eeY
iYn
hV7
kWs
kt}
iFb
hp:
h06
m1T
j%`
fGR
m1S
m1V
mhQ
iU0
aK3
a+<
kV~
bOS
ae+
cMz
fp4
dO-
kZ_
bQy
jFS
g:k
hS+
gq<
fd2
jr6
cp<
m=f
b&!
ngE
h=#
eq9
ae\
j2}
lJg
f-^
g!}
l8R
j8#
l'-
k!\
foN
gQ0
c)z
f,5
c"$
e=w
mA7
h+w
c)C
hPV
a8A
fax
mv~
cyy
bBg
mJ!
faz
m*M
h6I
lBl
bv,
l/d
j&A
c)K
l$a
meq
b,x
j&D
a=r
eE@
d+[
l#v
kWp
d#R
drt
b?S
kh)
d[t
gng
bH[
eL2
h"#
eT_
i87
k$:
lR9
c$4
bgJ
h{f
d[q
gp=
aMe
hwP
ls{
iGK
d'}
j"J
e%u
bX(
b2d
l$e
g7x
jiW
j"N
m)`
dfk
cuS
ltd
m8.
hN6
eFw
cid
dfM
dLy
lth
lj{
lHD
d5F
f+N
kcH
hW|
ny^
gq(
mJ=
a^r
aHp
l_?
h/o
g]!
h"|
i4K
kq9
jdc
iG7
fCB
kcQ
dxq
bX0
e5:
aN9
h/v
dk<
fG3
dLO
b2>
b_6
k5n
jXQ
bJ/
fHV
kW4
e!5
mX,
ipm
eM[
beb
bec
el1
b]]
aHH
f^#
gnX
md%
e5|
h*M
h5B
l$O
fQ[
lQg
d[8
jX3
b'j
iaO
h/M
kr&
dL5
ibQ
g}X
g7$
e59
m}S
mKs
fQ}
bT_
e+~
h1(
jYo
g}3
hEP
g[#
h5W
lpQ
l,`
d$U
koi
bl:
ix$
lxH
cFK
cI0
b+?
lbA
h96
d*c
cca
l:7
g_7
e9}
cI5
m#n
d.B
gP4
m/L
dj`
j:6
j3r
kE$
kqT
hSq
fx2
iGY
c>*
fy_
f9G
dQY
h6P
axs
l9(
iiM
hMr
ilX
f.!
f`"
b#i
m(I
jo_
d$(
nqQ
k!9
j\>
gC"
gP*
aQ"
l(R
dt%
ap0
i(/
gj{
kxs
ldI
gBW
cXh
fhS
g^$
jY)
eOs
j:=
bR<
k`Z
fk[
c[S
d/x
ftI
j'f
kN(
cXn
d$[
a$i
ae{
dHB
lb9
lHH
fh1
dyc
b#B
mT.
eiS
mOq
d$}
doC
dcD
b#H
fzz
d}:
gQc
gUi
m@s
ao$
dw_
bX^
b4j
lb-
k?u
hA|
njq
fpG
fJU
l!l
cX5
jes
c[4
aV%
k"b
e5&
k$g
lyb
e^0
i9M
g?R
iU=
dEA
j{D
bUy
f(F
mgJ
eKU
nqD
dUS
g?t
f')
hQ&
nu:
dV`
fK+
kXQ
a}@
fyr
g-5
bUG
h8K
gyb
hxo
g5J
b~Q
eQn
f1I
kSb
j.r
hi{
kQm
fQ&
jjP
iz&
g98
kU{
d=^
d4n
i6N
j8j
i_w
k7w
kBM
k/?
b\|
b?:
m'P
b8&
h0l
baP
ax3
h^|
md|
gg0
a82
jTG
mo[
gg2
bYa
fCZ
cqK
eK.
m`Q
jQ6
g)D
ep@
kr"
j4?
c%)
jH>
crC
ebG
nzL
hjq
b6P
ma,
m8>
dYY
knJ
m9j
aP>
gKS
cF3
c,g
h>$
g<x
jUW
i7J
hjz
m:Z
dqY
jk_
hNV
l$E
h8,
hCK
kmQ
g)T
j=R
h6_
bU,
j/,
m-g
gg<
iH,
jF=
h,e
jQ>
k/p
nzO
h,g
aEk
af*
f?J
coo
g)6
i6a
gTD
aEn
e-}
gg^
cWO
e>y
j*G
c}N
m{k
c'Y
bC7
k{y
a+s
iwq
fN?
l|c
k(7
b6Q
iws
bzS
gu0
l|f
j^)
hfT
c}X
hW}
g=l
gu4
b-.
d~h
lb]
d!w
kVI
b\}
i3-
jo[
iig
e=}
bTi
lDx
b{i
jNg
erV
m{C
fsr
doT
k3<
mRz
f2/
eEb
b`i
f&"
jGm
amn
h[~
g\P
m|`
bRm
eY}
i\+
j,f
kP$
f])
m`S
h@:
cM6
jNt
fei
h$`
i2E
lDA
a6D
g6H
ja_
l`&
a]\
d<M
hf,
b.i
i)g
fep
iNZ
f&=
agg
m.D
i^y
fv1
gxQ
evz
h3C
aA1
mez
m.x
f<h
f87
kt>
a,<
i1c
m.J
l|T
mz5
fsU
etJ
l[f
da/
kkj
d{*
gJz
b>Y
dnu
bDs
mB+
gK:
h:R
b*P
h#s
bDv
fs3
iCZ
j[^
lm$
d/B
gKU
m,j
a+/
cGg
k4A
c0#
a[Y
iKH
kVy
epR
k\i
eSb
bh8
mzR
a@[
l^7
f+]
k1x
e$D
iKO
g}'
iKR
cc>
b7a
hg/
ht(
kzC
kEv
li/
m*7
c9(
dCp
k}{
g>`
mnn
bzM
l_g
d|(
l.X
f`k
bzO
gS+
hIf
e&h
jvT
b8J
d6`
lk7
mz!
kyd
ao{
fYh
l?)
jju
jvZ
a?9
b*3
h1N
e/D
cCf
nht
kSh
a1^
ie<
mag
jhI
lTC
dS:
f^G
mTv
aj9
bYw
d#5
a2^
b^3
fYt
hs`
eV$
l_a
e*3
f#R
d:7
a2~
cQN
ijY
dPZ
a~[
m5&
mz[
iM1
h[+
jkt
b*,
d:8
a@9
k_{
mz_
f8A
lPe
j17
h]W
dP8
j19
eg~
kvt
k5S
iZp
m",
cCF
fR*
dTi
gfk
cy|
ljC
hm:
lh!
gdV
a7o
aGu
h5~
bAG
lPq
j1*
eYt
i=x
g"p
lLo
it?
k%U
bBT
hWl
eCF
mbR
e92
b]c
lbv
l(e
e#q
fC[
jTO
b]5
d:Y
b1,
c/h
dPn
f~5
ny#
e/1
fF[
fo(
ngQ
mI!
l[J
b/#
ku2
gw%
kS-
l[L
b+Q
mtb
jX_
b#<
gzU
e/9
iCU
f\d
mif
bWs
l[Q
m2n
c)$
a<)
lLN
m@:
jsG
cB/
lcq
k0Y
i3q
f<2
k16
bi9
ku&
k%-
hAu
cs8
a[H
cEM
c9[
jF/
emP
d-r
m^j
hr7
gF&
a?s
e9^
fy2
d_2
ez2
m^n
j=(
j#v
afY
lzZ
fpd
db?
nhL
f8\
bIc
f<(
gCW
j}/
bwF
k%{
hlH
m0m
l)L
kg#
mg4
hq*
hAx
h>Q
fU}
l`^
b)E
fG*
ef=
b2y
j}-
cW5
lTF
i)Z
aM*
b<p
btX
fG=
fG>
hc?
m7+
m|u
bEc
ibm
meO
lfD
b|S
cUG
iVv
dY#
dbm
cJw
kt]
f_E
lfG
gCa
fuG
kZ]
g:R
jc_
fhx
e6v
al]
ipR
jr~
gH{
d3Q
iVZ
i\m
i90
i]h
bKu
cG-
bI,
aB`
eUg
cM)
icL
fNo
e-\
hI,
mKQ
kXt
c^F
g}/
eSl
jB5
dkY
d31
c\\
bs:
bKM
lZ6
i%f
f'l
c\^
aVx
eGa
lRA
e6O
gPN
cES
fNA
hJA
k+y
iVX
eGf
kaW
b4t
jn5
g}}
ec.
h8t
aZY
kJa
dDC
bs>
ndi
mtg
nil
nrf
cJ7
hE\
fjK
a[:
i+G
aZ6
ib4
lVS
me\
k.C
d\1
fQR
eB5
bqv
dpR
i=Q
j#R
be*
ewN
lcQ
g12
h#@
h8w
d3[
m:O
b'T
goC
nv*
d-S
nAk
l%s
g<b
hAJ
a6$
a%d
f0A
cv6
mp+
itL
kJA
dms
gBS
dh!
epx
ba=
muy
c?B
h<S
apT
c:4
eO1
h|.
j,N
h/3
lV*
fd|
mtk
jhP
jUN
mh?
iD#
gdt
m?@
emS
k"r
k"s
iV@
c?L
h/c
mY7
e|P
b#^
duy
d'-
h?c
a=,
f*f
f5P
nr|
gar
duC
jX[
b@5
hP"
bYW
l=K
bXy
iHQ
kry
ei`
jU4
eDT
hh]
nd<
eC6
c&G
m>}
l>m
kJF
lIh
mT1
m=w
c5:
m:7
h7C
lWJ
g:\
e?X
j$L
b*Z
ndp
c?$
j9a
mIQ
gLT
eC,
bqx
e)l
c1F
f{2
csh
a)O
ebB
nsA
cd?
eaF
aQ:
f{7
f9r
ekJ
h}B
lbn
aP}
c+_
j9l
lL@
a[*
j74
fKq
a`^
nvl
hB!
aEH
d)j
bbQ
d-w
k:]
lbZ
lIJ
gcy
hB%
l8_
f{)
e_x
gTl
a!a
kTk
i.R
gCN
m<{
kr,
l0K
f*W
jC)
lZ^
dcY
jTS
e&0
cF?
b3x
jZM
bAJ
d>R
k#y
i{{
j[l
b'$
igM
dq/
eGB
f]:
a$w
a8c
k}8
e[z
c",
cal
lL_
b<\
b1n
l`:
g(q
hKz
gy'
dW(
nme
h3&
naJ
dpU
mVE
e2}
aZ*
j~7
c_N
bVp
g,$
a!z
b:|
cGi
eLD
mWc
iAT
bpI
a%a
eLP
j$Z
mPK
h3=
hP7
mLj
k)>
ca7
kXR
a/4
k=S
ib|
ert
bD#
caJ
nwb
lnp
e3q
m`3
f.m
hfe
h3{
d_}
ab`
gB!
lE/
k8o
b'*
dj)
dc|
kT`
mn?
hKA
j{V
fA-
ang
hP/
c#r
aRv
d%%
nkA
a-u
mHO
eL$
eA/
gNH
it9
j{3
f`g
l^'
a!s
j_=
a/<
jzC
e(3
c!A
fSh
i|V
cYg
gB$
eKp
l!=
nyR
j.P
e&:
hgJ
m.Z
jzF
bb4
hL^
l9|
dE|
b9q
b9r
f1_
i|d
j4X
jlr
c6b
cCW
aSU
m9P
c~v
i\R
h_U
k!K
aSY
dt[
aA_
ii)
e,{
jfF
c01
aA|
fq7
kkO
j>+
iO7
j(p
coN
h=\
kSH
h\u
kkT
eCH
kCk
fkL
ezu
j##
f'K
g)]
b'=
ii[
l\E
jcg
aPk
g"D
gle
g2T
h&Y
kk2
mmw
iH^
a6~
iCp
aBp
gHM
h)n
iV/
aac
i*/
ndK
kQT
aR'
aWL
c#i
a7e
aV"
gL%
g1P
dFK
kwk
mmF
fY{
h&0
eua
gHx
hyq
iTE
m9:
dFQ
eDU
kOk
g*n
d-A
mmM
l7H
lA.
aS`
kE>
e&\
c8<
nA!
d"o
a}e
bSl
k*(
c8?
ijt
js?
fD@
c8[
j5.
j+e
co>
a)#
au"
axK
i>e
hgh
igQ
dB1
a)]
h`M
a+?
lx6
m&6
kwD
mHG
b>$
k6!
axR
b0|
ljP
cr$
m34
d7T
b9\
d}F
cmg
h0x
c0m
l,p
fg.
cJe
ky4
mB2
m6j
lx)
f4d
epN
iLv
eQ,
d`t
mOX
e:D
heq
ky"
c91
aaI
e*[
a)'
ky$
ntg
db!
l.P
b6b
ev:
f5M
ev<
ax#
g:m
d\9
h^K
cln
dX-
eqS
du}
ahB
h`N
bAy
b.>
b$u
iLL
fh)
cRc
k6&
lj)
hKe
cKu
iLQ
dn)
gY^
iLS
k2m
dbY
jOc
cr*
aJQ
j^k
dly
hu.
a&!
e:6
ewi
fRv
gej
chA
j^q
l=,
b|o
e6n
c.g
g8@
gnA
kMx
eIJ
dS7
d8`
d8a
gf8
b6I
i['
e%v
kgS
h0,
my1
jOu
h@j
h&^
h`O
c`%
iO<
e!t
miV
k|5
j'd
b2L
f>W
fbi
eat
c^a
gKP
ipv
k0~
f0}
e!B
iZI
k^F
b^D
dkg
mA`
d,h
b&q
hhS
af^
nwD
a"o
a3L
m,*
l34
nzN
enP
biU
d^`
m+J
hrK
jKK
iZU
ixd
j@T
eB"
g8>
jKO
gx#
hXd
bk\
d3x
e|#
h*x
f{I
je7
i{w
hXi
dy!
jKW
na:
l!#
k]k
lIc
k&9
lu^
dkF
ie3
k&8
jK2
lAg
jwI
bUP
d58
a([
dkK
boQ
cn[
l3@
dh+
kNo
kJ/
nz%
mV3
if#
bbn
gGV
c94
g{<
h+X
dM,
hD0
fOr
niQ
d)*
k1Q
if)
duM
dT0
hk3
jY~
iN:
j'3
en$
f=Y
jN*
h9?
inL
f=0
g8j
agM
f=2
b[2
aqz
c{J
cYA
nv<
e"@
cE/
hzU
aex
l0f
kJE
bow
bjc
l[]
m<o
e|$
g,[
mXf
a"O
kOJ
kdX
fzd
jbc
g)f
kWj
g2R
l[}
j6)
mC%
jbf
gaB
i\.
d)I
em[
j-v
lQt
l0s
c&@
aPv
lJb
i,~
l0u
fMu
aNc
d)N
l5n
em`
jZa
j#:
eJB
h8L
gU3
b'/
fO/
h2*
kbh
fD'
h$y
f.u
mfI
c@c
jbu
b[7
j/6
cwQ
h:U
ksB
kW|
gUY
luW
enh
fO[
mfP
jtK
aFv
d`s
kW(
c55
kd/
d)=
ba4
dyZ
eO]
enn
hXx
eGF
ep7
nwx
g0h
a%]
bkk
i>m
ly5
em>
i>n
i>G
j$g
e^~
fSq
aI$
mLN
m04
moZ
jtf
m(B
byB
dy#
d#z
hrP
e&@
lu(
mKb
hT}
d{w
k7o
au9
m3l
fc/
bfU
b76
mLY
gpz
i>E
k?}
b~A
j$x
cpp
c2m
g4:
bf0
f'z
gpA
