DtF
GqP
Aah
EzO
LbL
LZ9
KqW
AvJ
NQa
IZL
HOM
LZd
Ecl
CkO
KYg
IbR
GsS
FaT
N7k
LZl
IW4
JTm
I8s
AYX
JH8
MPo
NUp
GFn
A20
Kmr
Gw2
MSf
LMu
Lyv
Eco
JJw
LxM
I74
EX8
NWl
Nn_
M7A
MnB
Fsp
Cw5
CRd
A00
FHK
L0G
EJq
Bcf
Bjh
IIi
Cw6
KQL
Krb
Eqn
FYo
LFx
JGR
FcM
Bjr
Dts
FeY
CFs
JKU
CVu
Ic8
Bnw
Ird
MQY
AYy
ILt
Lm0
BRA
B4Z
AUB
D5O
A3E
J8V
Kxd
Io6
F4_
EUj
E72
HlI
M_W
DFK
Kub
Dxa
G7M
LUd
M6g
Lpe
Mdf
C9w
Byk
Mu8
B9b
AqS
FiT
I5a
CfU
GMV
KOz
LYm
GHJ
F2X
DcY
Bkq
Mxi
Juq
Bzy
B4g
Eh2
F4d
Br4
C35
IAY
LXu
DUk
FC7
GUz
MGy
IU9
BFe
Hp_
Ija
APH
Eyc
Aqd
LZG
F6f
JFH
J6l
Csh
NfS
MeJ
AXj
NIH
LZM
CVW
JvO
GQo
MIm
BMC
MDQ
Ijr
BlX
JPV
CkD
LEW
EGw
NfJ
Gfx
FCy
KNo
F0Y
Ip0
NFV
FMC
HTD
LFD
La8
JEW
DD2
Ky_
K0q
Mkq
ADK
MOb
ENF
DRM
EcN
KsO
B_O
Dov
Kyf
LZr
DEQ
Gr4
FZG
Nik
Bhp
CnV
KRs
N_m
MKn
CYH
DbY
J6V
Hpn
CQ0
Hx1
Cjk
Fq3
H04
IL5
Ge7
KKM
J8M
KGc
KgC
BP_
Epa
Gec
LbG
JXH
B9q
NnI
FKi
Cq6
A9j
EFk
H_L
DRl
D1z
DEm
A8r
Ajl
NDP
EZ7
Fqp
AFp
Fqq
DZ9
A3b
BLr
Gis
C7t
I2u
EZ8
D8v
AJN
IYx
CjO
Fkt
Mm0
Eo9
HpO
HJC
FMO
AYS
DpD
N_V
I6F
BS_
NT7
J08
KBf
I4r
A6v
LTb
MlB
ICM
DwN
NIB
MJe
DbC
DMP
HRS
Esz
ExT
CeU
H0j
F1V
DjW
LL_
CU0
Edy
HN2
C3C
MWt
EAd
NTu
Ds5
DHz
Kpz
Ce_
N0d
Mgk
NBj
K91
G6d
J1F
LNG
KyW
HRV
LOH
J5I
GYz
EeJ
HNk
AT1
NmH
AWl
C_H
JEN
DXW
CYn
FDC
Hkp
MSZ
KLS
KVT
Fmu
F1u
KU4
LQW
NYX
FzW
Lg2
DQy
E4l
AKA
J12
HlD
HTJ
J86
HHH
MpL
Iv9
BSJ
NKq
FpK
Kkb
JK6
Npc
G_N
KGM
Jar
AoQ
D7R
HIh
E8T
Gum
Nll
Aa2
AtW
LOn
Kw8
K0o
HPA
HsZ
JOO
C20
E41
Ap3
Ho2
Dr3
Hs4
E8t
HHo
JHw
GX7
Ct4
Npy
IMJ
N1z
DRJ
LaA
LkB
LPA
AHs
KOD
GGd
BxO
FEK
NTH
LmR
Bxf
Dnj
FAS
IFI
M1L
EZl
Drm
GzP
EZn
G8J
MwP
DUp
FO9
F9r
LoT
A0s
N2U
Bhh
Aou
DO8
MwW
N6X
Nkd
ANx
D7y
MnU
I5z
MO1
IV9
DZB
JCw
AyC
BmO
J6_
Mp5
LF6
MZ7
CXH
DzI
EbJ
Hov
CuK
D2L
Lvc
F4N
F8O
BBP
Fpw
Jsh
GNb
NFi
NJk
Fvx
AZW
FmJ
DaX
Gxc
H7Y
HBz
EjZ
FsS
FN0
D61
Esy
B92
JQR
CX7
AC5
AZ6
AZ7
BQz
H78
CbK
C19
NaH
HL_
Ck0
FKU
Glb
Cyc
M51
HUd
E88
CGe
Fgf
B9g
NCl
InI
EUB
M8O
JWL
JgM
C8w
MDm
MWO
AuC
D3_
LwQ
D9Q
JBI
HUr
I4o
N5T
Jem
Jyn
Ght
JTI
L6V
FlO
DoD
JDW
Ghx
K3o
Hrz
KwO
CzA
GeE
CHB
JD3
LJo
G0j
IPD
DLW
DGZ
Awr
Jn6
ClG
DiH
CSI
AjJ
LLq
EaK
FVL
My6
LhL
BJN
MDf
NJ7
J3i
K7j
KoN
NRk
FbW
BcA
Iyn
AbH
IJY
CdL
BJZ
Cen
Dd0
LDc
Lir
AU2
Lcs
B83
N49
HK4
Gg5
MZP
A76
BE7
Af4
BJ8
MxS
Hz9
KXB
AB4
Hea
FE4
COb
JsD
DCd
Ezz
M4F
JGa
BrG
KxH
Bkh
GSi
Gp6
K4K
ICC
JLe
AqL
EDl
AOy
LFn
LtS
J4O
Fvk
IvQ
DCq
AVM
Gio
NFT
AQo
A7t
Eru
Ig8
MkW
Hvw
AsN
MtS
CBy
Fea
NF0
EVA
Ig9
GdB
IOO
GTD
In1
GqE
G0u
KI6
AD_
Je7
F6P
EGP
F1v
EPK
Mnb
EFa
CNM
DhN
Lam
GaQ
JjA
JBe
Ls7
KUf
FTo
J5X
EzQ
Fbb
F3S
Mej
FxR
LVk
GAV
Aun
BsW
FXv
KIn
Fmh
Mnp
AVS
Ei1
D1y
EOg
G42
AU3
N9E
Dq4
DgT
Mpw
LEx
Mo0
Jzy
MHz
LJA
NJB
Dub
GAc
Mo1
H6d
J95
BVe
HBf
KiU
KoH
JfI
CEr
GAi
CsB
Cue
EYj
A9g
AIu
Dqm
JZm
JMO
GAo
IRp
Ctq
DEh
AWm
LnS
JbT
Ixv
Ksn
KWx
ALu
Ept
AHy
MEo
NW0
MI1
JZ3
Hvj
GSE
