tNC
sbQ
pNB
cNe
nGv
prN
sds
xlZ
Cvr
rDB
AJi
sIW
qSG
vBW
irO
qqV
puh
gqm
sIZ
ayh
hlG
hlH
rad
wdY
reI
pum
tmo
fjp
CvA
xIL
bNa
ABj
sJg
llH
tOe
SR
BPw
dxA
bNe
oKe
Biq
eBH
dWZ
puu
oJp
dxE
trR
tOk
dua
nag
BqN
wNb
bJD
nxX
puz
qqt
tOo
iFo
rDZ
hlY
wJr
reZ
pjx
ooO
edM
CkF
bNq
gNq
nxY
puF
qAu
kkH
sJy
csn
eFU
sJz
CXN
rED
lZm
CVu
gNN
oKy
hmi
zWG
CVw
xTy
zwq
fcq
Dxs
CVy
ggn
dXv
dnI
hmn
oMH
fBR
nia
yru
AFv
CVD
tOI
aHD
nEi
CVF
bNI
ofk
qWC
fcA
lTa
Edb
sJa
tjn
tpr
cQU
huW
sJS
xqj
ALs
fcG
dyn
xRZ
qCo
Edj
BPD
Brx
uTT
CSD
CVT
mWP
CVU
qpy
pvl
rfJ
coV
CXO
gUd
aHR
zxD
tqj
qYx
Cpo
Adk
Ecp
oOF
utm
jzc
kTO
dWy
Afx
bkU
pTA
BPV
vAe
Afz
geV
ALa
ABt
sCZ
kTU
zBH
sjn
lOz
vwO
vxi
BQb
qrh
cLV
tML
ALg
qpB
BTT
DWr
DWs
nzN
ewL
bLf
oOU
Dsv
CpF
bhI
kKn
aIm
AfO
lVu
aIo
AzY
DuH
xTL
hPJ
drI
sJh
kUl
aIt
bCY
qYZ
pUd
tqo
itx
ALx
hlc
unT
ABx
sea
pUh
opa
ewO
CpW
uzq
BiE
sDB
qZi
rEm
kqo
sDD
qZk
jEZ
sei
xOx
bie
hsv
CnC
sDH
qzR
vFS
tiH
yoy
WI
BQJ
vcu
zGQ
Dvf
ALu
muz
cni
BQN
tOi
cMH
yYv
vvb
lVz
qAa
saP
AzZ
cSN
xTQ
Dvm
Agw
BqL
jyO
wek
Cqs
fES
zaR
oen
kUx
vCa
zHd
blu
sDZ
BmI
zHf
lVV
CUg
acr
bjq
qwp
yqp
bGN
yzs
DsI
aBR
ckZ
xqc
naT
yAa
kop
AdZ
pNC
pRy
bgd
zaC
xPt
kMG
ryb
DsE
ryc
CSs
ojm
zvy
pNH
bhi
jIW
rwJ
xql
scI
jCD
zaJ
zAI
bJH
mEX
dQV
ivH
xSo
pNN
xLF
bIG
pNO
iYu
jJd
BQW
AAa
ryn
DsG
aCj
gqb
BKi
DDc
puA
CPg
cgG
gIP
wgm
AFo
BkP
pLC
pNY
yrN
CPm
rEa
cgM
rwM
bHq
cJb
zbb
gOi
zbc
kgK
ryB
ayH
poI
etu
dRp
CTG
sQT
qtH
DEL
wMQ
fAK
dRr
iuq
sRd
zAF
obY
bHz
vFU
naZ
AFE
ixM
pOm
yzT
lZZ
oIz
Blh
aan
onG
nKy
tMq
aCI
sJv
zbq
gss
ryP
DUY
fkQ
lqr
chg
euH
aDh
mtO
Dts
kKD
sNp
zbx
AHI
ryW
lop
nKJ
xeR
bHQ
obt
nKL
klh
kpr
gSd
jzg
que
bPB
Bjn
BKV
lPb
mas
euJ
bbl
CvU
myG
yUu
xLe
AJR
zdx
iDQ
uUf
kmP
oIE
uzH
zFl
hyX
qTM
hyY
lsh
jdt
xWt
ZU
nep
bfU
wlQ
oIK
WA
fBJ
koP
zZC
xLH
pik
naH
pil
oIP
iZP
aaY
oIQ
jgR
gTI
kll
kiA
rIm
oPJ
kOb
pte
qSO
BeI
gOr
jdH
nIw
qSR
Brb
bbL
hTJ
Csr
ckU
bbO
gTU
rBI
fcp
tYl
qSY
piC
muc
yUZ
oJh
jNx
nEl
cPv
oGS
jFe
jdU
lnP
yoC
ixO
tKx
eEU
jhq
kIr
ezK
eES
yVg
Bja
wLn
kOY
Xe
rEI
quW
kiY
hyQ
yvN
zFb
wBt
yvO
iDc
AJO
BOB
nfa
bFX
hws
nKS
yVo
hmm
hZS
BIm
afS
jei
azI
bFS
nfe
yVs
xfb
yVt
eFH
nyM
wmd
zxm
rEK
kjk
loi
kSR
qXE
prO
xIZ
nfl
xfc
AzT
Aax
zxa
iEW
zGX
Ckt
ptl
goD
fOt
xRj
gnR
rdL
mYe
upY
lWr
wfb
pZD
zbP
Aba
xka
tiC
yoY
vYV
Aky
ixS
pZR
dyc
AiH
gqi
dsy
ypc
rxe
vFM
cfu
cmJ
ixW
lWN
tVr
xPJ
cWY
tji
kct
iya
gIT
odq
zuh
DBz
yuw
wfr
lMV
ysh
ypn
yxl
wFR
wfu
tQG
cly
lTC
trC
mYA
rfN
ody
xPV
puW
kcF
zGY
pjr
kcG
CoA
izA
mYF
xPZ
uUc
xkA
DbO
kin
xQb
lPS
nzC
kcL
dqF
uBm
gpB
odI
qyf
jDr
hwz
jDs
CwG
xQh
qWA
Bro
dnh
lTS
DtS
lNp
xmH
vBk
rFT
tPh
rxx
nyy
iDN
xkN
qqS
xSO
CRX
BoS
xmj
jDB
DVt
vGw
weT
xQr
CNU
fcX
Bli
nfs
ggL
Brq
xkU
jDH
ptu
wfZ
bjw
lND
hWh
uoG
xkY
oLY
hZr
iBf
kjY
xla
wbf
mtI
quL
sES
jDO
sRs
Rt
uoH
ofe
hZw
acE
gOt
vGL
kLa
jLT
kqD
gNn
heQ
edX
uuD
BKk
fda
dyz
Cwn
mEL
fIu
Brt
gNs
xjQ
iXn
clG
vai
lZg
hSs
rvS
zxH
kGF
cNp
zWK
nxK
dyI
wGf
pSV
wEI
htb
CwM
wEK
uuR
lZW
fcI
hte
wEN
etY
AKp
uuU
gNH
uVI
irU
BUQ
vzT
oMt
zxp
hnh
uuZ
CUk
sQG
mDd
lRs
irV
Ss
nyb
BHk
hnn
dza
gPi
lRn
KO
lnz
tPq
iXO
BTh
tWh
ztV
hns
azn
iXQ
sQR
naI
ezo
lZh
gNZ
rvT
uUo
fJd
BMX
yYe
vAm
yoU
zxs
fjI
vaR
oEt
fJh
fJi
nca
hpk
gOh
BrA
vYk
hTf
sgU
dxw
bGn
mqP
gOk
dzu
lXe
uvA
nyz
lWK
jGT
vAz
fAF
xeV
wFz
ctS
hTp
bBO
Dcl
zxv
eAk
ysz
vAG
qYa
gIX
yPy
xWz
nEY
vbl
tPv
smN
CwA
aDw
xLN
zZu
fcS
gHX
ghQ
skL
gHF
sKj
dXZ
dYa
dYH
BrL
eZC
mUb
BRj
uvB
BRk
mZN
icq
vZg
gqz
ndK
jzb
eEc
dYg
qAy
hUn
uUn
qwy
sKu
Up
sKv
avZ
SJ
kkb
uUr
qYm
BrX
kTs
yAx
slc
rJs
vZr
EeV
vZt
ctX
opi
sKD
fdq
lsQ
sKF
BRC
CwZ
tPE
oee
uUC
ljB
DCc
sln
COt
rgr
fls
giv
Cxa
lu
lQo
eEd
xgt
Wn
upk
ptN
tPO
giB
ysV
DCm
kGk
isx
Cps
eXz
gIb
fiQ
fdI
eub
DtV
Cxt
qwz
cTQ
dXB
nBI
eBf
isC
wFs
isD
bhv
isE
tPZ
lpZ
kMh
tkS
giN
fdR
uVa
rgo
BSd
yyu
cUa
mZE
jJW
BLO
xff
giT
aAY
gir
uVf
muK
DCF
nAH
BSj
fea
itS
fMB
dst
tPG
BlB
nfh
CVZ
pNQ
DWm
dsw
zHk
eZE
CUC
AHR
cnB
dsz
gIE
Cxg
exx
hOF
bOh
DZa
aJl
DvE
euc
qYn
luD
aGu
ysy
cnI
Cxh
seR
dsH
Dvc
opr
aJr
gTz
etE
cnM
hUy
quQ
dsK
sRx
DvM
isp
rFA
rab
ADZ
mvl
CSO
DXI
cnS
DVV
AMA
aea
Agj
slq
ztZ
unB
tkc
BrR
DXP
qYq
pVn
jBy
DXR
hol
rgu
exV
ztB
luY
qYL
pVr
uvr
cmg
hmh
tkk
gKG
dtd
CWI
BOv
hYr
sfq
hwQ
AfI
nLD
eZh
sfs
COF
rat
sft
reM
qwB
mZA
htg
nBS
jAz
fDe
nLJ
etF
eHR
raB
cmi
pRK
Bmv
gmu
hVP
Dwq
bFc
eyn
Bmy
ljP
tkA
raH
COH
nLR
xNV
raJ
pLO
fkY
pVN
dSU
wLr
tXT
pVP
dsm
kIP
hyZ
zFU
lvz
pVS
clq
gHZ
aeL
nIq
qpt
eyA
cSf
mwY
Cqx
bcx
uYw
qTG
vvf
CqA
nDQ
oPR
cMd
jCX
mva
zbM
kcy
xUn
pji
BLe
BLf
nFM
yZr
CqG
DXs
bIg
sDm
BLi
urR
etG
nfC
zxP
zyI
bcJ
ppy
rwp
ppz
avF
biP
kUh
ppB
rzw
EeD
cUI
ywz
wCb
cNn
plS
oQi
smS
onT
aDv
yRj
nfN
cPg
ibN
ppI
BLB
kMz
kPr
giA
cNt
nCa
eXo
rBN
jzz
yQf
rzH
oFH
EaN
aDD
oNv
bIB
loh
yTM
ywM
ysZ
yXM
cNB
cMi
Cld
ayi
ywQ
kcz
eXy
bII
wPb
Crk
BlG
oQB
SX
ljY
ppZ
urS
AGg
rzU
lPg
kPJ
dPV
BLP
dww
eEq
oKw
oQG
rJQ
bdq
cSn
qUz
pPI
aDV
ixZ
oNy
sEY
yxe
lrJ
kPR
nKN
AhD
ewI
AhE
zxF
cPh
sNM
oQP
cNW
sjj
kPW
cls
nCf
zcL
sFh
qzD
oQU
BIx
bdE
fEV
zyQ
qUN
ngA
iVo
ljZ
blJ
nEN
xSk
sdY
oel
dxD
oib
jJY
tOa
nER
qBl
AaF
bfJ
xrp
lwa
cMo
nEU
XH
fJM
lNV
iFi
ohI
chE
wHy
yVQ
qCB
okB
yTz
cRm
loE
bez
skQ
BLa
oIN
eEw
gIh
XQ
tME
AaS
jba
maM
iFs
DvK
EeO
jKI
xRb
eHX
bHS
axs
clt
kMp
xrG
oKi
qrc
BdL
AWC
Bpc
pPh
ndi
Abb
dub
xJG
axy
CkX
iFB
tlq
oKo
aIB
lOr
yWj
zyW
Yg
Abi
xIu
nGF
lOv
zEq
mbd
awg
tsL
lpa
YV
xrV
yua
kkf
iFM
wac
axL
tNf
jEX
ofa
kiy
kUw
yWu
yoP
jKN
zyY
pPA
rZv
rgS
eAr
iFU
iaU
qzM
rZy
rZz
oij
mAP
zCd
CxJ
qpf
nyJ
YB
qBU
ofn
xoO
Ebk
dAa
zCi
uvJ
jLb
lXW
ocx
ofr
qyK
ofs
sDF
nFW
kFV
iGi
aAX
utZ
evO
xUB
vbm
yPB
Ehh
xja
yRB
vbp
kRa
pjl
oiu
mZs
mws
tkF
wLP
bNZ
mZu
AAf
cMX
xMF
bCc
ogq
ixI
CqK
zvk
Dui
yug
zvl
duP
mZz
pvo
zvn
RK
tYs
yPP
cPk
kIU
vbC
naK
jiz
bCk
rZB
rFj
RP
rxJ
vEw
tsT
bCp
tQK
RT
jeT
bOc
iWX
gpc
gVb
hwd
izw
zvC
qsk
izy
aZX
xlK
gmY
AMh
kJu
onz
uWz
mZT
slB
xnm
cpo
AAE
pQp
yQi
rBW
qsl
lUZ
nbw
vbW
BjG
pjS
kig
mZZ
Cqi
izI
cnH
luy
jfj
yyW
wPR
jfk
vcc
bmA
aJi
bJZ
yuh
vce
zug
aIO
kJI
gsx
kpz
jEM
BfS
xUP
seA
wME
kes
DWz
jEO
kLS
tjI
jNs
huV
AAV
cSJ
BdO
jES
knC
jfw
Sy
jaW
Sz
vcq
iVv
DXb
ABc
xlg
yUb
aBh
iAc
rDH
raU
wMR
zXc
wMS
uWA
ljw
bCx
axP
wgj
lPh
knE
lNo
gLE
slU
fNJ
tjL
gpe
slW
gPa
qWM
tWu
zwl
wFM
qCZ
bPQ
uvU
cpZ
wiQ
hTE
bKu
fko
xhq
xKO
zZl
xKP
baH
eER
eyq
fbR
vdU
rwf
xKS
luC
iYI
yRO
gOP
pnw
gOR
wjs
eEY
vCu
oml
Afi
iWZ
xMS
lIg
lMZ
wgH
urx
oiA
smr
tXs
qXi
hTV
fCB
itt
DBn
Afy
smu
oMG
bCy
lkz
smw
isc
gPd
uqO
cSi
wGn
dnP
sdM
TN
lTR
vBs
mux
nCV
gpM
DxT
uwy
plZ
qZX
xkz
CQI
mTY
mvo
cSS
iZh
vBz
xUZ
oQz
xLu
oEz
vdZ
uwF
gjQ
uyl
wGA
ooq
aIZ
hUq
kSW
oOv
Cyy
fjz
flb
AkL
loo
oEF
uwh
aZh
VP
whi
iZs
exo
euE
hUw
eFG
kmn
kej
gqe
eFI
CWq
vzp
CPh
gqh
cMS
fll
kRe
gPG
CXX
qva
nbz
nFa
tld
fCH
fAO
gqW
tlp
dYI
gja
xVd
xfg
cRV
dAt
fJF
aJx
vuL
koz
lth
CxS
xfB
DCQ
hzi
qsC
iXB
EeK
wLw
plC
CWt
tQx
was
toW
dZr
Uc
DCW
aBv
Cyb
gRr
iso
oRS
gjq
hpi
tYa
vuZ
uVD
bEE
oIh
tQH
bhd
uVF
nLo
sJH
wFE
rGQ
BJP
gjx
jfZ
cqY
feB
aBx
oiz
trc
izR
oOZ
nbU
Cyo
lYQ
bPO
qta
smL
uVO
dyZ
rGY
qtr
xfK
Cyt
xOz
jbo
wNB
fKk
uxX
hqA
lsy
trA
Cyx
AEA
tsH
feO
xeT
xor
oHl
Efp
lmH
bPZ
qUH
bQa
koq
DDz
vvy
AEB
fKv
dSs
Cle
lwr
kQW
hOo
pog
DDF
xkQ
gjW
bQi
DDH
ffb
nLt
vvH
EfD
poh
bCB
usb
DDM
CYh
trU
Cuo
vvM
bas
nLu
wbn
oUQ
CyT
dqA
CSP
tNk
gkh
ogw
rHC
cRu
tKB
BSl
icb
fdH
CrJ
gNa
sLr
bfV
ztx
raW
bQl
tsI
sLu
uYr
sFs
YZ
aZv
BSs
bOg
oRg
nLm
pok
wJf
fDH
kIC
bjU
tpi
rHu
ewK
fDK
iBY
CrV
lru
jjz
uYp
tlb
fDO
iDF
Crg
bkb
sFE
tNX
jiJ
oRr
DYS
wGa
sMN
tlh
sfA
AFW
gHy
kNA
sLM
jda
gLF
sFK
sfn
vxI
eYx
nxo
rbs
jFz
tln
luE
mZS
eze
Edg
DxX
xft
sfo
DZd
dWH
DaR
cnG
COY
ezi
bfW
zZK
ffh
fEh
sgz
Dwf
eYi
vAX
DZk
jhn
wbH
pOe
zXG
gJj
uWq
fjD
oRN
cJp
CYp
sGc
pvZ
cUZ
eGg
EiZ
duy
zcd
tRu
uuh
tlI
eyd
duB
hSx
kjB
gJt
Ehp
awp
gdO
CsH
azP
gHz
xVw
bkL
sRr
qvy
DZA
CsL
xQG
eZc
AFi
fGg
bkP
kRy
pnY
ciH
sgW
iwf
cVp
aer
CTI
cVq
ewg
sgZ
xqs
fHY
CRf
aeO
rZO
eyQ
mwZ
rcP
zCr
cOi
chQ
jjI
qvx
AhU
yoq
rZT
AIg
bQx
CRn
uBx
tks
wfH
ciN
AhY
pNS
Dys
BNa
xUb
qvE
bjL
jJp
BMv
olM
fAo
hWB
bJw
zEs
cgF
bMp
pWm
luq
qvK
oRa
saf
yvi
Aac
uZI
Aii
nFf
aZI
zdm
zCK
jjL
olV
Bnj
xOn
aEJ
rBv
vGU
rAP
cnb
gsr
kgE
tLj
lqW
cgH
Dxi
yxu
cOI
upN
omd
bJN
DYi
afu
tLz
cOM
oma
lVY
zdA
ncw
Dul
Bnv
qBA
BMT
cOQ
jbK
tmz
afA
pWJ
mWc
cVT
gqR
AiD
eYe
zdI
aFc
tJV
rBi
zwZ
cjy
dRh
ppU
cOZ
kkt
lkG
dTX
mxB
etv
tLh
kMS
eyo
xTC
ety
zAv
DxG
wjB
rAv
DxH
bjS
kKO
qvv
DrG
veH
CSk
tLp
kTl
lwK
qBx
BnT
fNr
DrL
omI
vbM
ytz
hXF
BgI
yvr
lZN
zae
ngD
nKu
pMv
qUS
oos
uYz
oKZ
sab
jLl
ACc
qpk
lpG
wbX
lpH
iGr
jck
AbU
vAy
ClP
fcT
coy
DvN
bDp
bmm
BlU
eGw
qVc
sfY
usA
xOw
zye
bDt
Cqo
dnR
tKb
yxI
oKK
kPf
AHD
rfd
poH
bDx
wjC
beb
lkX
ANB
ySC
Acg
BKT
Cmb
feR
wNH
eKI
dnZ
gKp
Bhh
zGj
mYm
bgu
lmh
vcy
mCG
Acn
jBP
rvZ
hoC
doe
xQi
odh
hpQ
bem
xta
mxJ
lqh
gTc
bGP
nhj
kgR
kQM
aIQ
Bhs
adc
bes
bEL
oce
Acy
AHZ
vuC
lPC
Zz
CoE
DBw
yyh
ryF
nhs
yXG
hxW
nGR
dPY
qvC
fNg
mWO
yym
plo
ylY
gVr
wNR
lqy
lml
ZJ
duH
Bih
xfy
coF
wNI
pnE
pQU
lSq
snR
qVS
pOH
zaE
Csb
jMl
bGO
Zf
iCB
BhP
wIP
mtN
yyz
wBD
oHV
jMp
tgZ
hxG
pRc
hxZ
uAg
tRD
qpp
kKb
pMf
zwn
Cnc
zbl
kkG
edo
lVF
pMG
lPc
cjz
lnh
ayn
ayo
BNx
gqu
gfh
Ehu
oFb
ofF
wCJ
oFd
ofH
avY
glv
ofI
uTb
dvy
iAu
poR
lVQ
zFN
yrE
yTE
kKr
tjC
yrG
zbI
lPq
Cqg
ACo
Rz
whO
lra
ojV
ofQ
avt
eyZ
Bge
ibg
jCo
uAO
mBz
vDi
lWa
mDz
yrO
ymf
kKB
dro
mBD
dud
nbb
yrS
dmu
lZU
oga
tKY
qpV
BKH
fNO
jFK
DZO
gqU
Vs
Csi
qpY
dzz
aYo
xhE
yrZ
vZi
BNy
oFE
nbl
oFG
CVb
yTI
qZc
qqe
oFI
sIg
qqg
xWr
lUw
grg
luL
xpp
qqk
duJ
BHb
eWU
mBY
aaR
azf
BTZ
klC
xWy
kJi
sgs
aYF
rEh
ysq
CQc
AAF
zWL
ogz
pWq
nbD
Ahy
uzB
BHl
cfB
ysv
uur
lQf
ttu
vCG
cJk
aIT
pMh
mUB
azr
yml
hvM
Boc
xLO
gJa
faC
tsb
AIC
tsc
DFo
fKP
fLL
waE
tns
DXL
mvd
hvp
gHG
pMR
rCk
xmy
zXM
aFz
wGZ
ppv
iZM
euf
ljH
kpm
jzl
xmD
qtB
vCh
fIr
dmC
wNL
jDD
jDX
nAl
mal
hUX
AqK
keS
BJn
xMh
BLk
uQU
wma
hVc
ivh
tXX
cNP
jzy
vEZ
tXZ
wfw
pui
jad
ivC
vCH
nHu
ivi
jzD
lkb
ecu
jcJ
fLr
mvE
dmF
yRs
kfi
wcx
awx
tWA
xin
jan
uVH
lWi
jao
lNC
jdj
fLy
hqH
tYn
fLA
zAZ
xng
rgL
sMf
wHH
oha
ezn
hVx
fbs
omr
tjF
mvQ
oJf
xhh
rIz
tsU
uXC
hVB
mXX
yRH
yTU
gQh
vdu
mCH
TF
ivG
hoH
tsZ
dVA
tta
pMH
kpt
lky
Bed
thd
unK
hwl
pMZ
vdA
wHV
CqQ
uxv
kfF
vdD
lkE
uzb
fLU
lmI
vdG
cto
sdh
dzO
qZP
EfM
cMc
CyX
mUx
Bod
duu
iuh
aDu
sni
oKQ
hpm
bCt
kNH
kiQ
hpn
Cpi
lUD
lUz
tmQ
fIt
DEd
xfD
pvY
wbC
sMM
gTr
uxk
uWI
zYW
hSR
gky
Egc
eXk
Egd
ffm
gJY
qzQ
qSv
iXM
sDX
uxr
xUI
lxb
hpB
knd
ffI
rGM
quF
hpD
uWS
xRd
phZ
Egl
oQb
snD
xlw
cVb
hpH
cjE
weg
quG
zYr
DEw
xQA
Ehz
eGu
BUo
fNw
Egs
bDm
ztz
cVZ
lNE
oQn
dwj
wBx
xfV
gkT
gel
wBz
CnK
ltj
ffY
sGi
uXh
skU
sQl
DEH
xfE
AiG
snS
csu
gkZ
lrf
cpY
wBG
DZv
wck
hrg
iuX
xVJ
fMG
CYY
cWn
cWo
myM
iXN
bex
mVt
jgD
uqH
sNA
eHD
wfR
fMn
hYP
eGS
dVW
mVz
dxY
cjF
uyd
ivS
aYu
goW
gQR
ezV
BdP
myu
qZh
SZ
vvR
Crc
rHE
kUi
vvT
tRH
tRA
UF
DZN
yUi
DFm
DxV
tWU
qCM
wdi
hOK
sbY
lnE
fER
AMz
cqd
CYC
rHN
iZS
duG
gUt
tmi
ezY
obk
tLH
kcC
qCU
iDZ
shp
hOT
nBx
DZB
Eaa
fkj
gey
dmY
CYM
COz
rdq
Dyk
kNU
Bor
cIO
xKB
uYW
BHD
mYD
cgb
kqR
cqp
uut
eaN
ppT
fAz
fFi
ojj
gfm
Bow
lns
Dyr
tUQ
AEi
tLW
cVm
tmA
oPc
fFn
Crh
geL
CTY
urA
cqh
fFq
DXy
eaX
gJB
zui
shJ
aYC
yXB
vwB
Bip
quS
qDr
fdT
bJv
kOa
WE
geT
iws
pXU
rAn
kpS
BoL
tjl
dvF
vDR
CZa
xOY
usI
lqJ
geY
uoR
myW
DyJ
drb
nKw
xPs
qWz
EaE
kdv
hPz
dtg
vCM
bGB
tmV
BeE
DyP
naz
kmj
eAM
xlz
DZH
rIE
bGA
cqU
vBc
DFS
gfj
DyU
nDV
hPI
cfX
usa
jIJ
vwY
DyY
ecp
pYp
EaT
cPC
snA
zwk
prG
rgy
BHB
iXS
ADn
qwF
quX
rBD
vyP
tqw
prK
gTL
CSv
BQO
rBG
kGt
uRb
AID
ecU
uqi
bld
fMO
prP
eBM
sGH
qSP
AIH
BHp
giI
iVX
oSw
hqT
oSx
ctR
bjr
Cti
yty
qDd
ogQ
CSH
cPH
iVY
dUF
vdp
oSD
zcz
rBV
ndV
fLS
iWc
BNG
urs
uQO
pqg
Vc
rBY
fid
CRi
BSr
rBZ
gMo
rCa
oQH
Efz
uVk
kRQ
xGk
bKV
BdC
dUQ
uYU
iyy
lRk
bKY
oQI
rCh
eBi
wlB
psp
Cvy
jjm
DyW
kRY
CRk
vaN
tgF
wKi
pko
lxA
kqr
CPr
dUZ
oSX
CvE
pXH
oMJ
oSY
yxj
rCq
nBA
CRl
tgL
AIu
ckh
pqh
fac
qTI
lxI
Boy
dpH
hQO
blR
zcg
ciL
cid
uRo
kTB
fah
kqt
fKn
dpL
cQp
CYW
wGq
dpN
lxQ
kGB
tgX
lxS
iAD
qxI
AJC
rIh
DUN
abZ
lto
dTk
bme
oOP
DrY
iwi
rCK
uTh
ecA
Cxw
CmQ
fFo
ryE
pRe
DrP
iwP
dTl
pRg
xMN
xTg
bjA
CZd
omO
hsp
beY
qSZ
cPR
aFC
pOu
ghS
mCu
sPh
BNC
Xm
jMB
pqm
oMr
ckb
eAt
zDM
qqO
lvP
piB
Bii
vFd
lwJ
Adm
bjC
jFC
yyT
nxt
cJE
BoE
oMz
Bin
oMB
aza
aFR
ngu
zDW
veX
onh
oLr
oJi
Cnp
AED
mxt
mCM
BMw
slL
qrb
zEb
kqA
onm
pRH
cqC
zEe
jMX
tKy
xTJ
kmw
tur
aGe
rwB
zEj
urF
Dsy
zXX
yzo
wed
zcu
qrn
kkJ
jbH
xnH
oMU
iCW
zcN
BOi
ytB
BOj
Eav
sbO
DZF
xTU
sQn
xTV
ebl
DsH
eXV
aGq
CtI
isY
cKi
dUP
tmK
bfP
mDk
uzL
BIp
oPd
xUc
dnz
bfT
wln
sHr
aaX
qTh
aGy
tXo
DsR
fEs
uzM
mDr
eCI
piz
DsT
hQY
zEG
sce
pmP
yzK
eAB
BIz
fbN
htm
yzM
gII
fGx
uRf
eYS
tqr
cka
ogG
jGp
gMd
wgw
iED
lQl
DDS
nzX
yYd
nKx
xjf
zxB
xnI
zxC
Xz
jgY
mtC
Cly
nxT
nEt
lWV
uYI
kLv
tKF
wOq
lwL
CXr
xQH
azF
ANn
wOt
hPv
azH
bCV
cgc
nbZ
hrZ
tXj
nHA
oiU
jhj
eAZ
ogZ
hXi
wOz
wOu
wlU
pLv
hsF
ACP
wkl
cjc
rvU
myA
glp
yqe
nch
qYo
zBg
wOE
fdZ
dXu
nck
kLN
qvR
AjO
BfH
nBK
yVH
rwc
clV
wOL
uoX
nBN
yQJ
fOz
jhz
zdr
rwg
UC
EaZ
pLL
pmp
yvR
hxh
zyk
Dxg
jHd
bFf
kTZ
Eba
ohx
qSC
qZR
hxm
rIA
yYS
yUA
icO
Bnn
jhM
ohC
XG
nCd
nCe
CZr
zyv
ohG
sPz
rwy
aAu
AaI
wMr
gmI
aAw
Dbl
fFI
pmI
acy
hxA
aEO
thM
rwE
Bqd
bcE
llQ
uso
lrU
AKD
gMf
wPp
pYg
AhL
xMZ
xNa
shr
ymy
oRn
fGe
mVJ
wga
pms
xNd
tmY
wIh
tlV
oGj
dTH
kde
mwr
rIZ
uyr
pUv
CwI
aCb
sKy
dvR
cMn
zXe
cge
ySi
CVp
aZc
wlX
iBF
qvS
grM
cKj
uyy
wEL
poC
kgc
gPA
pPs
uyC
ysR
zdz
qtO
ysT
hZL
iBN
iER
lSG
iBO
wjd
fir
oGC
BgN
iBR
nFb
pMz
gVx
grZ
tLS
pWE
uyL
jAg
rZY
ibd
bJR
xLi
ven
wce
exA
tRT
rdD
mWn
vCU
CoV
raf
yVy
nJn
jby
ogT
jbz
kFU
uuW
rbv
zAA
vev
zXH
kOO
hUi
zXI
zXJ
oMM
Dro
xNQ
wcH
mWy
AaR
wjy
sCY
Bki
kGc
CZB
gRP
AEI
kiK
mWC
gSS
aZM
aFp
zty
xrN
hZQ
wJb
xNZ
few
DyZ
AgZ
wJd
bmD
iba
aZR
cpv
wjI
tju
Bqz
BVa
gRZ
kGo
pjg
tpv
mWU
iCz
cpw
veR
jbY
aAT
zBx
kPK
uXG
hxz
EgZ
iWM
AiB
hqu
BMu
Ehb
maO
glz
sDC
cUu
sKA
hkY
hVY
hqz
sPN
AEk
glD
vIS
tjK
hWb
oKg
geg
ivA
tgy
iVC
hWf
zDg
pZL
eHq
loM
tRZ
oaU
pmA
xrh
rFW
ebS
AIy
fMq
CnL
kny
eHu
qBR
lww
DFz
mqC
vbQ
sOj
glR
gVz
gMi
onl
hqQ
yZk
ttL
cOY
ttN
qxj
chS
hWu
hQs
maQ
neC
hqW
sCU
gma
weI
jIf
ech
mqO
kUd
okN
ivX
oET
fMH
bcV
oKx
iwa
lwz
DFR
wcp
lWR
hQC
mAr
xfk
uYu
cKm
EhN
xJy
mqX
seI
fMP
kHq
lvc
hrk
obx
BLH
kie
iwk
nhT
wdz
wdA
gdT
sOu
EhW
xMV
obD
jKy
jLU
fMZ
vDv
mYk
iwr
vYC
qBu
AAB
wdG
cOz
ytw
hrx
knr
uSg
mrn
mDt
eza
hrz
tTR
xiJ
DrC
tni
lnA
wCa
EaW
rcn
wHK
EaY
gpC
ixA
rIT
oja
wCf
ewc
oKq
BUO
rdw
prR
poG
CZN
xPU
dwk
cgy
BNk
ohq
sNW
yzB
fgJ
nDS
mba
Ebh
rdC
Ebj
CnN
rdE
zdU
wCq
BJE
hRc
xNq
EbC
EdV
tnB
yVK
eBr
dVQ
rcq
vFc
dwv
ooT
tpy
fGq
dUf
Dab
uRC
usD
tnR
uSb
CkC
cXd
tVs
gLs
pOC
tlW
DCJ
weS
Ebx
rdS
gKc
xrT
sOq
hkU
iCR
mYr
xts
xkb
cXl
pXb
cXm
wcr
BVr
usQ
CuP
AdY
vxO
Ege
xJI
iVy
jFZ
EbI
tOf
AiV
uSr
Dau
rHj
nFz
hlf
dUD
gNV
reh
BUM
iVF
mXZ
CuZ
vuu
cQF
xPc
hlb
hll
rJM
CSI
iVK
aBZ
phU
hlp
wcf
vuK
fhz
oRt
cXr
dxd
wgg
iVP
zCJ
rBT
fhC
gef
iVS
dRJ
iVT
usU
hlx
rJY
cUy
kRI
AJJ
yRC
cgI
Dzb
Bpi
gft
xrZ
ANR
pYu
cKp
edQ
ljF
sGS
oLB
xPY
jGu
Akq
pPS
uvM
gfz
usW
uTs
evd
rJl
coh
dVI
qWc
scu
bdI
jjS
Akx
Ecr
iaq
evj
ySL
BOU
WV
lMY
dVO
hzd
dse
dVP
bfh
ggE
cQT
pYL
mvi
tob
siG
jNl
zAr
crz
jDf
pYO
evs
pPV
rDk
yXh
bfg
DzB
qoY
cRb
gdV
tNh
fOS
ymZ
BpL
CXV
scN
mzI
ciF
rDr
jKs
uSx
aYz
veO
evC
avc
vGb
crM
fbe
gMh
nau
pRi
yzY
lTZ
Dyz
rDy
lTG
coi
xIv
ggh
BgO
jai
sIz
ggj
sOI
DzU
YR
kfO
ABu
qCT
AIY
fDF
pZm
iYe
crZ
xsB
xLp
rDI
Xy
ooS
rHe
rDK
csd
nip
rDM
tNH
pQa
afz
qyR
sIM
wjl
lpo
ooZ
jev
oUA
blz
ggy
sIQ
utz
pZA
utt
Bqr
AbA
kNs
Aeb
cla
Coc
lqV
qXn
urp
ezw
Dwh
pSs
iFZ
psW
pwr
zEQ
eZP
kSG
dXE
rzl
ofK
dnM
VE
kJE
BJI
qXv
dxc
pSz
AKM
ywY
ptd
xJZ
mBm
pSB
kSN
grQ
vaO
nIJ
pjm
yAd
yrv
lpe
rwZ
Bjw
uvd
xWX
ggb
pSH
nJv
DVl
oLi
hZU
pSJ
myB
jJR
clw
clx
DVp
dnX
lNk
dqw
dPU
fHt
huR
pSP
wcv
kSz
zFm
xRL
pSU
BjH
cUd
rJB
COc
vyG
xQf
bMi
CUh
bdW
clH
BW
DVz
yWJ
Acs
nJd
kTY
pmH
AKr
lxz
bGl
ljt
thR
zxI
sOA
vuy
clO
Ecu
kkz
dQj
zFA
hpw
mYO
qbj
pTf
thX
BTD
DuN
pTh
fAL
lRA
pPP
bJI
dqS
zzk
vDd
CUx
mtp
nHQ
clX
nyX
fAP
ClX
wIJ
sfi
mEm
mAZ
vBt
DtZ
BQr
ctL
Dua
cUC
lxC
bGD
hZy
tij
eXc
jLz
CUG
til
dQB
vzg
vfl
bLh
bMM
CTv
dQE
lUU
cKx
vdh
wPr
bac
dpC
wPt
hUQ
xUM
qrP
qso
vuz
oHu
Duc
vGM
BII
gip
ytS
mDY
tMc
qrU
wip
ytU
wNq
iAH
ndf
kMI
lRO
cQB
knm
kMK
rdJ
mtu
jir
Aex
eCF
BIS
azs
zyZ
onW
zza
Ckv
jiw
kSh
kMR
xjN
BdT
Zi
CVA
kIh
cQD
yVi
oNR
uVB
zuJ
AEf
AeJ
Dbo
kMZ
sdF
knD
naS
kNb
oJV
cLd
snq
odU
avg
iDj
ljv
hrC
kNe
vyN
jiL
hTn
knJ
RB
AEp
ZG
xgp
jiO
smt
kNj
oIc
fFb
iVu
AeW
iDs
yPG
ndL
obF
zzz
qTZ
blS
oOk
AAk
mEr
xsY
iDy
huf
cLu
zxf
yuI
oIn
DYk
pnO
xIK
sgB
BJC
ciK
mEz
Csd
cQI
jjf
sIG
aBH
uBD
cLC
qSo
bDz
Cmj
CpZ
hQB
ohS
quu
jcr
siu
xWb
pnX
BJL
ypS
lrB
fbQ
vZe
DAR
veU
tYi
lUA
lYa
fAu
hpf
kfT
goR
hXh
pMr
vYq
vfa
oPU
kJa
khf
qSu
vfd
dpO
lme
hwe
khi
skd
BoC
lYk
rKx
AHw
jEe
vfi
auQ
wgb
wkh
DYl
hwu
wki
AHT
khq
vbz
lYs
jHV
CNZ
tgY
jcw
jGB
vYt
jHY
pYF
hVt
ztg
vGG
pMO
zti
ofP
xte
nCW
aHG
ztk
nCY
cmk
rHI
yTP
sQj
oef
VM
iBV
wkA
nix
avl
xpz
lUG
wBo
wkD
dUp
yTV
wgD
iyR
hXR
xIT
ocF
Wo
nDj
jMU
ool
gKl
nDk
qZU
mCn
zYY
vGJ
bmR
jcU
vdN
TQ
hyB
eXg
kQQ
nDo
hlo
wml
nDe
mqy
Dzt
avz
sII
xPk
iyT
avB
qvz
nDt
Acz
vHu
pWO
pQV
avE
hur
xSv
Wi
wkW
qDi
hyM
hYk
bew
nKO
nDA
nDB
BpB
gMa
xqd
uzt
kGu
pWS
ynJ
bDU
xlT
iVZ
hrG
eHz
wdS
sLH
wJt
Dca
wJu
pXi
lSc
sDg
tUK
VV
kly
Wp
wdX
pYN
fOb
kGE
tuI
AcX
lSE
BPH
kGH
BhA
wec
nDn
fhY
yqA
kNz
wef
aGl
vzA
xih
lSn
jGj
wJH
seU
qVI
EiD
fie
faS
lOt
wDH
iDB
nxC
yoh
jgA
lSv
EcA
scH
wDN
wBC
xqe
gSJ
bJz
tpI
lSz
EiO
fFf
wNP
kHa
iWE
sIi
ixi
saI
tTO
qST
iWG
BHv
xjv
wPx
iWI
oLR
yWV
iWJ
cVz
aHh
kHi
aHT
bbC
gNt
qWV
uZH
lSM
ZH
iWP
wKh
sPR
hVU
hsy
qWh
weK
kjr
kHr
msp
myh
wOS
fiI
sHa
wEl
bHi
iWY
CRR
weQ
sQa
lqz
ixE
gjX
kHz
CQy
zvE
nxv
wKv
BHz
hsL
ncD
cKr
wEu
koG
oLV
ibt
pRm
oPY
pjM
rKa
saJ
dUs
tTV
oFv
vzI
fHi
hPE
xsR
tou
yPL
tUU
lRe
hRe
DtC
dRe
gSt
aHm
lxy
DAt
bgA
pRo
rKi
Ago
utA
CUa
csz
rKl
jKu
cUc
ggP
Dzh
ecZ
aah
mrG
csN
jGF
beK
mrI
utI
quz
BPm
uXR
rKs
cJz
xmT
hRu
AMZ
lSX
tUp
DbT
ixl
ggZ
uRz
kqL
xIF
fKr
dWg
sjV
hvY
gnf
ckd
scO
vYl
ymp
lrW
gME
oMa
cON
sjZ
obV
sFn
vyR
huI
uZa
utV
rCZ
tUz
yyR
mVg
utX
mrZ
xlG
hRI
uua
huJ
vBB
zFh
fHR
kcZ
dyM
yXt
ctb
vYy
tVa
fHU
CVH
gHt
klR
yqP
gnw
vzf
tmn
dyN
tUM
fHZ
kRl
urz
xJc
zHi
naa
fIW
fIc
wCZ
xpR
ctm
onb
kOA
lSY
vzn
DXE
CmO
eDj
trQ
puG
sky
jEG
xNE
fIi
skA
fIJ
tUY
oII
ngW
AcV
ctv
gnN
lVf
ctx
tKg
tVd
icA
sQB
