azfo
auix
bsum
bgty
caae
cbuw
cbwr
avmw
ckls
aact
bsnm
afyj
cgom
cclm
cvcs
clhs
btlx
bhbr
aqfc
cchy
cmbh
bjyu
asez
bxfa
ajlv
aqjw
bclr
aemy
agpu
cebc
cmnr
bysb
asyo
cepu
blhf
ccqv
ckuk
cgzs
apsx
bozf
clng
bjpt
ajll
azls
bttq
chij
cryq
btcr
bvgj
bfxc
cigu
cfvh
bawi
cmte
blyt
bmgo
byqi
bjjd
awke
cogc
bykw
awfk
bofc
bmsj
bdfg
atng
afiz
bvhj
akvc
bryf
avae
adbe
cknn
bzht
aygw
alrz
bagw
bbsy
accn
ccec
cnuo
cnup
aqid
cbdd
ahwy
atgw
bjyj
bxrm
cfkv
bbyd
carj
buml
aelc
cubl
bews
bfwu
bwqh
cdhh
ctdi
cfml
apcb
aevo
cnxt
bclg
bsfm
cubr
ceuc
cgma
abja
btnn
cuvh
bnfz
baql
cswm
ahuz
bcnk
afru
bbgq
cbta
bnud
azsz
azti
chot
chkv
bqzj
aefj
ahca
afni
aqov
cqqv
bnss
alzh
aeas
cqcl
cftw
aumq
bcod
axqg
ckij
bxkz
bedl
aygv
byau
cqfe
bvka
axzz
cqwf
axle
bhfr
cmbi
bexd
cjug
azmu
bbgs
aani
aewm
avwg
ccio
