BIXF
DIAD
ASRM
CPWK
CUFQ
CAWH
BXVT
ADVJ
DGAH
CCEH
CHTS
BDUX
AUXW
CHUK
AJTZ
BCHC
ABFC
AFRX
AQJP
CUZP
BICP
CSAO
CPEP
BJUI
ASYA
ALCG
AEVY
ALGN
BFDH
BKLE
DDGN
BUWW
AADJ
CZFN
BPTR
CGCU
ATEN
CUOK
AIDB
CWFQ
ABVB
BYSL
AYSL
BPHQ
ACQP
AENO
CNTS
AMML
ALCN
CCUO
ADEW
AOAN
ABSD
BKDJ
CRCU
ALYT
BDWA
DEIW
DJMO
CJOZ
AWZE
CDBL
AHQZ
AWFN
AAKO
CFPZ
CPCD
DAOF
CTXM
APUM
BPUO
AZOG
BIPO
CYRO
CHVI
CROE
AIDY
CGXE
BESK
AUPW
BRCT
ARYO
BVNU
BDDZ
CGEA
CCIM
DJNI
CSYB
AAYL
AMVM
CMZB
CGCF
DHVW
CKBQ
CYXH
BIGN
DCED
AUJZ
ACLE
CPKH
BYFE
AHQE
DAWM
BVGB
BJDE
BKDU
DKGP
BQYS
CNGZ
CTGC
BKZV
CWFS
AZBT
AVXZ
CAJC
ACBH
BAXI
DFEL
BRXA
BCGK
CWFW
BNZP
AQSE
BYGE
DIZY
CTQI
CCHY
CABI
CPLE
DDFO
CHGF
CABK
ATPE
ASLT
BFYD
AHEY
ACBS
ATDE
AMOY
ABZO
AWCV
ATAJ
BHFF
AINE
ATDK
BKEW
DDBL
CYAY
AINH
DETV
CCJV
BTDQ
ABPX
DCFU
AOMN
AOBU
CUDB
DATB
CIEY
BMIG
DHHB
BGJX
CUTU
BCOP
CEJT
CBSN
CDLO
AOGM
ACDX
BIBS
CSLG
DFFU
CADR
CQNA
ASIK
BRAO
CSMA
ALNQ
AASB
BJDN
BEJF
ASPW
BFJW
ABYH
ANMS
CQYS
CLMO
BFNG
AKNH
ARUJ
CTHE
BYGY
CXKY
BPTQ
CXCK
DFNW
AZLH
DHNY
AMKW
CGVV
CAKR
BRGL
ANNG
AOVF
BEOU
CULV
BUME
CEUW
ALAB
BDTD
BKBC
CALA
CYIO
ADYA
BSHZ
AETW
AMRW
BEJX
CASI
CSUN
AYOD
DFLW
BECB
BUJH
CJMI
ABVM
DHGH
BFDO
AHOX
BOVX
BEPK
DDTN
BPRU
BUVC
CBKD
CKSC
AESS
DCPJ
BIDD
APRY
CDTN
CPVO
DGXE
CETG
BCVV
CKSJ
ABED
CYPU
BPSF
BVZK
ANOM
BMST
CMAL
APSH
CCDR
DJKT
CVIX
AFOY
ATNU
BYZW
DBPD
ARAL
AGTY
BFLJ
BXWT
CSVR
BXJK
CCZW
CUUT
BFKS
AQVX
BRRU
COVU
DBKJ
BFTS
DJZD
BECD
AHHM
CCLQ
CFXI
ACIG
DBPY
BGPK
ANBD
APDW
AVZN
AZPH
CGUZ
AAQT
DKJV
COAK
ACCP
COWG
AWPT
BSEL
CDZD
CSZU
BQWQ
BYDR
CJKZ
CBGS
CWYE
BVCH
AXHX
BEYQ
DAZZ
BGCO
BOMK
DFYB
DFQQ
CPZU
DDUJ
CMJC
BWAF
AYHL
BXRW
CNPC
BBDO
AZVR
DCYU
BFUV
CXYX
CWZV
AHHR
AAVI
DGQQ
BWTD
CJJO
BSFH
ATIX
ATBC
AEUJ
CUZK
CYRQ
CAEG
DICB
CPTC
BHRP
BJGW
BITS
CJMP
COXK
CYJP
CGSS
BCVU
CUGF
BOTZ
AXGC
AYES
AILG
BIIC
AQXV
CIRQ
ASFU
BTDY
BQCD
DGZG
BNCQ
BJHI
BVIX
CXWL
ABOG
CWEX
ADAR
DCEA
CDSL
ATBX
AKAT
CWFA
BGGK
ALIH
CECZ
DJKL
CMFW
CSXL
CPFL
BLOB
ANBH
DIKR
ASNR
BPVF
AXRA
AFTV
DCLU
BGDQ
CDOO
ABWE
APQJ
CDRJ
BWJB
CLKN
AFVE
BTJW
BOTA
DCMB
BEMH
BYBE
DFSA
CSFQ
CKGF
BYXS
BEMK
CEDV
BPFE
CDRT
CLKX
AQMU
BBJT
AXFO
DAMH
AEFH
AIZQ
AXFQ
AMNY
BYVM
BOZA
DHDS
BUTU
CYTY
BYNT
AJXK
BSCQ
AMDT
AUSM
ACWQ
DBEW
ASLF
ACOD
BYOK
BOHN
CBRC
CBRD
CGEP
CCCO
CBFB
AXPT
BWNX
ALID
DFMO
CGIL
APDH
CPSN
BENL
ABXP
DHWG
AJQV
BCVC
BGQM
DCNM
BRDL
AOIC
DKEH
AQLY
COLU
CEMH
CTPC
DHEX
CTDB
AMQJ
AAMA
DFHH
AVHK
CARK
ABYN
AOPV
AIEC
BCRT
AKUO
CDIK
CTSW
BNUE
CBQH
BHCT
DJUI
BPLX
BHCC
ARCT
BTWZ
AQTW
AHYM
CYOD
ALQR
BMAI
AHCP
ACWY
BNUN
ADKP
CKCS
BOQK
AXNE
CPZY
DCVV
BKVD
DDRT
BQHV
AGDZ
CUTD
DHVR
CJHD
AUTM
ALRB
AACU
BKVI
BMMZ
DCOJ
CWKY
APUY
ADTH
DASN
CZDO
CYZB
DIVK
CZOW
DDLJ
BPMV
DFJC
AJAC
CFVY
BBXD
APZA
BDIC
CHNR
AKZU
BWFM
DACP
AOEB
BUYI
CLGA
CFTQ
ASYU
ATUQ
CULR
APIC
BCTH
ACHE
AOIH
CTJL
CEOO
DFKL
CZGG
ADCG
BJOK
CHDA
BBOK
BHBB
CXTX
ACHM
CKEE
AUTQ
ATVC
CRHJ
ASFB
DCLE
ANAH
APVD
DIWL
CRVB
DFYQ
CRZJ
BEBW
AJGA
CEGX
BJEP
DJZR
CHVY
CYLC
CSCO
CJNO
CSDG
BBJV
CYXO
AOKV
BFDU
CYBU
AAXU
DFYS
BRZH
ABTT
BLEO
BOED
CRFX
BYUK
BRDA
AZGN
CPDU
CWUG
CYDK
CQCB
CVYM
BYDT
AHQA
BGBN
ANIN
CTXY
APMH
CXGO
BKJE
ATHS
DFTD
AUDS
CCMR
BJXC
CYYI
AGNX
CYCP
CCHM
BWNH
CVDD
BKEX
CDPQ
DKJR
BSVZ
ANJA
BCGL
ADHL
DFIS
BDYM
DHXK
AZAM
CVDM
CCIB
BEKF
AFGN
CXIF
CQRH
CSWR
BQYN
AOFF
CHBU
ANCJ
CBCT
DBCV
BPTO
BUDT
AZXZ
DFOE
DIII
AMNV
AEDU
BDMW
AGCS
CZVD
CFOL
CGGI
DBRX
APBL
ANJW
AXGP
AJOP
BJBM
BKKO
CDQC
BLGL
AJYC
AYYC
CRQJ
DCSR
CMND
DGMP
BEDY
AFBO
CRQO
CFJS
CLRN
BKGD
BYFS
AONP
CPTN
CBLD
CBLE
DCTY
CQEC
AMWG
BUNA
BLOM
DBLQ
ALXL
BGLG
BSLO
CIGL
AROY
BJKX
AKSV
AHOW
CKCP
ALBU
AVVI
DIBS
CSUU
AOOL
AYHH
ARZO
BEVW
AACT
BLPC
BKUX
DBTL
CDLV
BLPF
CXXH
ACEM
CYGG
AFQE
DKKY
CWJC
CKIJ
CVNI
CNKO
CLGX
CFDN
AGYK
CXMB
CMOY
CBMQ
AADR
CCMD
BFVW
BNHK
CMEX
COSX
BHUO
CEZN
AROZ
CSLO
BBVO
DAWE
CRBQ
DCSQ
BBVR
CQGT
