J5I
JLe
J1F
EUj
HPA
MKn
JWL
LZM
J08
Dqm
GFn
Bkh
AQo
Fsp
DbY
Bkq
KLS
N5T
JKU
Eru
LJo
LQW
B4Z
J5X
IYx
CBy
NW0
EYj
CzA
GdB
LLq
IPD
LF6
LYm
Hea
JK6
LhL
MDm
CXH
Jar
LZ9
GHJ
BSJ
NJ7
IZL
EDl
Npc
G_N
JgM
BBP
AbH
AoQ
D7R
Mxi
E8T
Nll
N49
BlX
F0Y
Af4
Juq
LZr
J6_
DD2
Dr3
LMu
AC5
IL5
Cq6
Cen
CX7
ADK
Npy
Eo9
IvQ
BS_
MlB
A76
D2L
GGd
DCq
NWl
L0G
JXH
Kxd
Cjk
JBI
G7M
AYX
GAi
CdL
N_V
Awr
LxM
C_H
J4O
F4N
MZP
Ctq
Dq4
LtS
I4r
NFT
A7t
GqP
JBe
NFV
KqW
Ept
C9w
AYy
NF0
F6P
MI1
I2u
HTD
Epa
J95
Io6
MZ7
Ig8
COb
DiH
D8v
DzI
J6l
HTJ
Fbb
CuK
Kub
AVM
N0d
F8O
JZ3
KYg
HRS
NFi
I74
NJk
MWO
N9E
AZW
GAo
DgT
HpO
MEo
Bjr
BJZ
C8w
Bzy
FN0
D61
HK4
E72
AB4
Ixv
AjJ
AZ6
KsO
AZ7
BJ8
C19
HRV
F4_
Ija
Mo1
Glb
Cyc
KxH
H6d
CGe
DLW
LbG
B9g
Bxf
Bjh
H0j
DaX
HNk
KGM
HJC
DNk
Eqn
Csh
MDQ
DcY
GNb
FO9
CEr
AHs
NfJ
ALu
MpL
A6v
EjZ
EGw
MQY
AHy
Gio
BRA
Lg2
A3E
LbL
ClG
MwP
CSI
EeJ
FEK
JfI
Kkb
HOM
Nkd
Eh2
Kyf
ICC
HHH
KoN
FsS
AuC
KBf
NRk
BJN
FbW
EZn
DGZ
AOy
H_L
Dd0
Ajl
Nn_
B4g
B83
FYo
FE4
Gg5
Mo0
Cw5
JJw
E8t
BE7
FHK
Hkp
LVk
A3b
DCd
LmR
HUr
FC7
K3o
InI
FcM
MeJ
NfS
Fvk
J8M
HBz
Ic8
JEN
JMO
LZd
Lpe
GQo
IRp
Fqp
LoT
JQR
BLr
Kpz
Dts
MnU
J8V
Hov
AVS
Bnw
Fvx
AD_
GUz
EGP
In1
AUB
Fmu
BMC
CkD
Dxa
MIm
J86
D9Q
LUd
FZG
D3_
JEW
HlI
Hz9
G0u
B9b
EPK
DUk
Mnb
FxR
FAS
ICM
DhN
My6
CkO
JsD
EzQ
KiU
J3i
F3S
Mej
BQz
Ce_
AtW
F4d
JZm
NBj
KVT
DXW
Mnp
Esy
Ck0
Ei1
M4F
G42
AU2
AU3
CFs
Ct4
I5z
LZG
DO8
MHz
CVu
LZl
LaA
NJB
Edy
Dub
FTo
Gxc
NIH
BVe
HBf
La8
JFH
J12
NnI
AXj
F2X
EFk
DRl
FMC
Aun
Bhh
I4o
LwQ
KNo
Fqq
LnS
HlD
C7t
F1u
F1v
MnB
GqE
CjO
FCy
Mm0
Ghx
Hvj
K91
CsB
C20
FDC
JbT
JvO
DpD
I6F
DtF
APH
AT1
Iv9
AvJ
Ls7
NQa
KKM
IbR
I5a
Ird
Gw2
D5O
KOz
Dov
M6g
Jsh
Hvw
GsS
FaT
N7k
CVW
LOn
Hpn
MPo
NUp
KUf
IW4
A20
Hx1
KRs
H04
Lyv
CbK
HN2
KWx
JGa
EX8
BxO
M7A
LkB
KOD
LTb
CRd
NmH
EZ7
GX7
DEh
EVA
CNM
FKi
Cue
A9j
A8r
M1L
AWl
EZ8
LFn
AWm
LPA
AJN
Eco
AFp
EJq
MkW
F9r
N1z
A0s
N2U
IOO
J6V
M_W
ILt
NYX
Esz
HL_
GzP
NCl
L6V
JD3
C3C
KXB
Jn6
BrG
Mu8
GYz
KyW
EzO
IFI
I8s
DFK
AqL
Lvc
Fpw
Gr4
Mdf
GaQ
CYn
AqS
FiT
Gfx
CfU
GMV
EAd
FzW
AIu
Ksn
K7j
K0o
D7y
K0q
A00
Ho2
Mgk
Br4
C35
DHz
Cw6
LFx
LNG
AYS
MGy
EOg
IV9
GAV
Lir
E4l
Fea
Mkq
M51
Eyc
NTH
Aqd
BsW
F6f
HIh
KoH
EUB
Bcf
JTI
MSf
IIi
Dnj
Byk
Lcs
DbC
Gum
Gp6
KwO
Aah
HHo
LOH
Bhp
IAY
B9q
Ijr
FeY
Ght
JPV
N6X
ANx
GSE
DQy
G0j
Hrz
K4K
MO1
CHB
NKq
AyC
DoD
GeE
KI6
Je7
JH8
IMJ
MOb
Ecl
DRM
EcN
Aa2
B_O
G8J
Kw8
DEQ
DEm
Ap3
FKU
CnV
KU4
JTm
Iyn
FmJ
IJY
B92
HsZ
AKA
LXu
CQ0
Kmr
Ky_
FXv
Fq3
NDP
Hs4
MxS
Ip0
FlO
JHw
Ge7
EaK
Jzy
Ig9
BP_
JjA
EFa
JCw
LL_
Gec
FVL
NaH
Fgf
KGc
GSi
BFe
KQL
EZl
Drm
JOO
DUp
Gis
JGR
MtS
Lam
DZ9
EbJ
Fkt
BmO
Aou
LEW
Hp_
MSZ
Lm0
MDf
DZB
GTD
Mp5
ENF
AsN
NT7
Jyn
CYH
MwW
FpK
E88
Krb
DwN
MJe
DMP
GAc
JDW
ExT
CeU
A9g
F1V
G6d
DjW
LDc
H7Y
Fmh
D1y
CU0
Jem
E41
KIn
MWt
Nik
NTu
NIB
Ds5
Ezz
Mpw
LEx
D1z
H78
IU9
DRJ
LJA
BcA
KgC
LFD
FMO
HUd
M8O
N_m
