favourite_formats
strange_warranties
lonely_resource
distinctive_slave
oral_mile
shiny_depletions
regulatory_welds
shiny_affairs
soft_daughters
exact_engineer
wrong_dominions
planned_wonder
innocent_carburetor
damaged_rescuer
concerned_subject
visual_compartments
harsh_bricks
short_term_folder
direct_claps
environmental_ring
near_human
qualified_replenishments
established_oscillations
tender_ship
white_washtub
supporting_board
eventual_memory
proper_response
free_lock
local_peace
mushy_transportation
structural_world
unemployed_searches
grand_subdivisions
native_twins
dirty_accountabilities
average_interface
soviet_commanders
mechanical_occasion
nutritious_exhibit
current_nines
surviving_object
nearby_tissue
romantic_leaves
acceptable_drags
active_boresight
illegal_documentation
strange_tail
mad_stars
level_surveys
damp_link
dull_crown
bloody_glows
mass_highways
exclusive_protection
wandering_piece
uncertain_annexs
coloured_watches
unfortunate_berries
domestic_sessions
shallow_appellate
mad_definitions
wide_meter
outer_consequences
valuable_laps
elegant_sort
gorgeous_seconds
strange_event
wet_narcotics
strange_resource
real_account
interim_waxes
warm_outlet
wonderful_posts
minimal_sections
limited_wash
like_elections
accepted_dioxide
mighty_bases
cuddly_leaps
philosophical_weight
great_jack
broken_islands
square_temperatures
gradual_leak
active_encounter
balanced_dollars
negative_steeples
hidden_scenes
tasteless_tour
elaborate_evenings
added_churn
silky_students
mobile_surprise
conservative_junctions
intact_motion
assistant_cylinders
casual_gulfs
horrible_artillery
appalling_hand
gay_wrists
victorious_skins
crucial_sponge
ashamed_size
passive_entry
quickest_lieutenant
scattered_call
unexpected_stoppers
soft_lining
digital_costs
average_ornament
extensive_clerks
sparkling_shame
printed_deduction
tired_confidence
developing_cases
low_communication
definite_dabs
weak_physics
linear_slopes
splendid_dress
ugly_wardroom
judicial_swimmers
relevant_state
advanced_moon
small_particles
wrong_vapors
quiet_cot
careful_play
shared_post
creative_shipmate
funny_bags
immense_waists
smooth_strips
willing_depots
blue_july
monetary_replenishments
serious_deed
melted_minute
historic_peas
insufficient_plead
giant_skirt
coming_goal
expensive_mounts
large_groom
unlikely_glazes
orange_sums
formal_tenth
pale_alphabets
handsome_injector
smoggy_torques
compact_stake
combative_fear
effective_clericals
doubtful_possession
mobile_wardrooms
ltd_weaves
related_transits
cold_arm
frightened_crop
environmental_vibrations
advanced_visitor
only_radians
territorial_instruction
powerful_workings
dangerous_eighties
valid_adhesive
wandering_responsibility
experimental_davits
revolutionary_hems
verbal_significance
chubby_withdrawal
husky_blankets
grotesque_illustrations
icy_births
correct_swims
loyal_breasts
active_master
coloured_string
geographical_retirement
unable_handles
strong_probabilities
promising_screws
severe_slots
faint_capitals
funny_port
naval_warnings
filthy_throats
cuddly_plots
strong_cuts
interesting_terminology
misty_alibi
compact_valleys
bitter_jurisdictions
poor_cliff
dying_docks
old_fashioned_work
bad_response
weak_boat
dependent_observations
stiff_advance
classic_backs
dry_swab
right_twig
toxic_prepositions
numerous_petroleum
alert_densities
open_servos
rolling_shelves
vital_funding
unusual_possessions
certain_scissors
sticky_students
sufficient_duplicate
absolute_enemy
harsh_rear
jealous_metrics
hilarious_shotline
ordinary_trim
costly_page
prickly_sleeves
homely_medals
sufficient_meat
renewed_pints
natural_buzzers
ultimate_multiplex
blank_uncertainty
urgent_impulse
cuddly_asterisk
massive_appropriation
romantic_circles
english_ratios
harsh_trunk
proper_dimensions
weak_conventions
neat_installation
round_floats
extraordinary_detentions
dear_vapor
helpful_bushes
little_retractors
clever_diamond
old_injuries
only_bulk
cold_intent
global_area
gentle_admirals
numerous_nylon
related_recruiters
evolutionary_sleds
industrial_fellows
tender_prisoners
double_wine
awkward_category
living_toolbox
healthy_debts
short_flicker
innocent_engines
large_scale_illustrations
jealous_weave
natural_turnarounds
motionless_poisons
bright_spacers
rear_oranges
classical_confidences
damp_attachment
high_misleads
light_fantails
fast_cave
innovative_tactic
organisational_orifices
canadian_memorandum
basic_airships
eager_jig
civic_rattle
forward_bottoms
furious_extensions
alive_chases
dangerous_builders
disastrous_mechanics
bad_implementations
tiny_plexiglass
cautious_makeup
practical_help
unemployed_crusts
light_puffs
fat_toothpick
envious_salts
impossible_cap
delicious_oaks
minimal_operators
disgusted_appellate
surprising_habits
estimated_blood
vague_habit
incredible_alarm
disappointed_breath
nursing_energy
important_throats
initial_bundle
ancient_transistor
multiple_crowns
annoyed_fasteners
unfortunate_preventions
independent_strap
equal_fork
commercial_programs
marked_surges
marginal_cast
confident_coordinator
junior_hiss
respective_tables
coastal_employee
accessible_trips
respectable_coder
resident_cone
existing_throttle
thick_augmentations
statistical_fridays
costly_stones
just_pilots
tough_recordkeeping
inappropriate_pines
okay_compression
narrow_revolution
confidential_marks
extensive_junction
experimental_stators
varied_wishes
homeless_coordinator
so_called_energy
long_corner
disgusted_trays
capable_crawl
brainy_buoy
gastric_inlets
cute_buzzer
enthusiastic_may
senior_member
qualified_labor
related_injector
italian_rowboat
territorial_fire
financial_mouths
real_months
literary_accountability
strategic_leaper
russian_pencils
competitive_multisystem
muddy_crowd
random_pistols
controversial_composition
scottish_patrols
eldest_stars
severe_diagnostics
defensive_miles
legislative_copies
passing_recipients
rich_flake
flat_members
curly_visits
personal_sales
invisible_torpedo
witty_show
productive_subtasks
open_mountain
strange_shadows
dependent_conventions
soviet_dispatcher
occasional_quiets
inherent_detection
retired_tempers
personal_circuits
high_habit
modern_clicks
itchy_walls
available_puddles
boiling_shipping
unusual_relationship
colorful_preposition
convinced_holds
continental_tackles
proper_excesses
kind_trick
agricultural_collectors
internal_bureau
impressive_tackle
ashamed_offender
worried_accruals
curved_superintendent
present_motions
mighty_automobile
moaning_pistons
redundant_commendation
flat_decoder
variable_mats
interested_interrelation
marvellous_hub
roasted_sod
disturbed_humans
amateur_rebound
practical_proportions
devoted_geography
successful_compositions
poised_superstructure
long_term_runout
prepared_chairpersons
giant_survey
modest_fuses
eastern_fault
swift_crown
unnecessary_bits
stupid_camp
few_inlets
slim_gunfire
conscious_formation
surviving_deduction
light_transiting
selective_conjunction
complicated_july
preferred_rides
tropical_respirations
interim_cries
fit_forecast
video_taped_staples
tight_acquisition
marginal_manifests
sick_cycles
military_age
large_scale_lumber
characteristic_abuser
immense_fuse
convincing_disaster
wasteful_distance
uncomfortable_bearing
qualified_cheaters
fit_plan
bare_way
upper_wound
welsh_basin
varied_reservist
primary_sixths
direct_cases
definite_company
detailed_alternations
married_yaw
inadequate_paste
minimum_game
responsible_exit
modern_mass
unfortunate_acronyms
solid_erasers
controlled_craft
delightful_bank
drab_bones
mad_breeze
doubtful_radiation
loose_pins
sleepy_approaches
autonomous_jumpers
fatal_belt
fixed_season
frightened_rose
various_displays
worried_farm
puzzled_pedal
concerned_goals
bad_losses
naked_twins
sporting_halts
particular_electrode
thick_relations
civilian_thickness
integrated_mountain
lexical_malfunction
gentle_chit
annual_steeple
unusual_batches
puzzled_deliveries
frightened_mechanic
hollow_vessel
slippery_brakes
insufficient_september
awful_longitude
vague_rainbows
above_stretches
protestant_accessories
desperate_stop
only_bone
cold_checkpoint
soviet_freedom
pink_bushing
continuous_balance
hungry_speech
husky_holddown
ugly_bins
sweet_kettles
wild_leaper
exact_cups
mechanical_nights
head_diagnosis
estimated_attesting
annoyed_views
prickly_core
early_batch
gothic_manuals
unexpected_hitches
striking_limps
shy_generators
net_slope
ugly_guard
quaint_runner
ugly_students
victorian_inclinations
tender_semaphores
fiscal_source
thoughtless_weights
tender_braids
outdoor_minds
fluffy_releases
successful_workman
occasional_moves
rare_presentations
powerful_bytes
dear_rating
overwhelming_pile
entitled_administration
mean_employees
partial_detentions
splendid_wounds
odd_bow
meaningful_struts
clean_arrivals
usual_tooth
high_reaches
valuable_bandage
ultimate_hull
distinct_dollies
sympathetic_provision
forward_snap
well_attachment
scornful_deductions
jittery_stapler
wide_eyed_processors
rural_seventies
immense_velocity
peaceful_mustard
sacred_automobile
green_elevation
retired_ceramics
considerable_purposes
careful_intensities
moral_hoofs
instant_cashier
random_line
crooked_paces
joyous_deployments
original_coil
formidable_logs
various_discipline
nuclear_music
white_segments
overall_lungs
shallow_floors
immediate_meet
worthy_altimeter
lonely_inclination
adverse_badge
fierce_torque
tiny_compressors
similar_utilities
brief_second
male_morning
red_start
fast_consequences
shocked_heaps
sparkling_show
double_teams
sound_whirl
fair_decontamination
comparative_terminals
registered_adherence
wise_sizing
damaged_muscles
hilarious_parity
big_quartermasters
heavy_corners
delicious_guy
handicapped_animals
molecular_shares
male_struts
damp_can
contemporary_visions
passive_markets
old_fashioned_switches
evident_engineering
depressed_complement
dying_bail
uncomfortable_loaves
correct_plot
faint_moneys
satisfactory_stoppering
aware_pupil
enthusiastic_bristle
lively_plays
disgusted_chance
wicked_men
long_thursday
watery_automobiles
red_administrators
late_count
independent_rumbles
tight_brain
metropolitan_glands
registered_skirt
ultimate_mixtures
optimistic_groves
mere_station
gross_affiants
faithful_chit
bare_city
encouraging_conductors
modern_escape
lesser_alarms
increasing_stoppers
allied_lamp
novel_side
clumsy_excuse
thirsty_seam
joint_drydocks
dull_flakes
crazy_ride
concrete_hospitals
unable_bunch
depressed_lifeboat
mass_strands
racial_point
cooing_stop
rational_hundreds
wide_eyed_eligibility
bumpy_glue
long_term_nail
motionless_loads
mobile_overvoltages
grand_auditors
swiss_flanges
square_jurisdiction
long_twin
handsome_experience
nervous_straightener
pink_rescues
regulatory_soldiers
ideological_alcohols
increased_apparatus
cold_bottoms
opposite_crawl
good_rumbles
influential_hisses
united_mitt
overall_tire
superb_drains
basic_watt
orthodox_vines
intellectual_poll
disturbing_sevens
outside_curvature
united_lightning
dirty_medicine
open_ovens
developing_jigs
closed_deposits
impossible_tourniquet
chief_rating
fresh_plane
funny_leakages
crooked_visibilities
faithful_educator
mere_waves
aesthetic_article
sheer_liter
boiling_affairs
amused_slinging
dependent_chit
russian_employees
spectacular_suit
capable_contents
content_status
unusual_cruisers
creepy_mules
reduced_tactic
nosy_scheduler
accurate_arches
tall_trigger
clear_beginners
intensive_report
angry_galleys
strange_trailer
operational_partners
small_shares
yellow_troubles
striking_sunshine
israeli_farads
probable_surveyors
dying_shipments
mixed_privates
loud_tide
handsome_designators
global_swabs
gentle_dollars
electronic_lasers
wet_cells
accepted_family
responsible_tub
fiscal_services
cuddly_timers
wonderful_burglaries
smooth_hisses
frightened_value
spanish_angle
constant_towers
odd_profession
surviving_editors
worrying_yells
good_dabs
minimal_modules
ideological_voltages
homeless_checkout
combative_deed
faithful_oven
academic_boot
magnificent_sails
late_admiralty
troubled_countermeasure
spanish_similarities
gentle_guard
keen_jurisdiction
mass_department
short_term_pacific
interim_display
near_hint
orange_sole
forward_clearances
net_schedules
remaining_valve
long_collars
naughty_giants
accurate_zip
magnificent_convention
causal_factors
mean_component
characteristic_disk
lovely_apostrophes
clever_evidence
military_combat
uncertain_duty
encouraging_horizons
individual_reserve
complicated_winds
rich_thread
mushy_operations
written_resolution
innocent_examinations
dangerous_miner
frightened_managements
impossible_intercoms
remote_locations
american_locker
content_block
monetary_reluctance
ready_blazes
unfair_mosses
unlikely_impact
empty_prompts
tart_proposes
irrelevant_laughs
sleepy_decontamination
rare_crowds
comparable_launcher
useful_inspection
cheap_wash
bright_forearms
poor_glands
thorough_ability
rough_quart
likely_rifling
relieved_type
widespread_wars
miserable_manufacturers
democratic_region
many_walk
military_partner
right_altitude
healthy_dominions
slim_bandage
alleged_shades
foolish_standards
encouraging_screws
blonde_tune
supposed_class
victorious_army
difficult_definitions
various_realinements
minimal_fakes
impossible_rollout
irish_canister
deliberate_ear
radical_tendencies
surviving_eggs
tough_blot
fucking_pencil
screeching_pronoun
alleged_patrols
anxious_certificate
extraordinary_stuffing
certain_camps
chinese_perforation
drab_week
opposite_self
stupid_report
diverse_problems
cheap_positions
continued_module
adequate_okays
probable_couple
annual_holes
big_certificates
territorial_way
mighty_customs
passive_straw
mighty_bay
wonderful_batteries
female_submarines
fellow_examinations
long_tables
helpful_religions
diplomatic_transmittal
dry_july
roasted_taxis
fantastic_others
subsequent_mechanisms
smooth_trades
handsome_pear
subjective_shots
residential_airfields
hot_attractions
fair_rails
additional_world
clean_servant
tiny_rock
colorful_objects
cooperative_hats
numerous_marble
colossal_confession
following_bundle
average_frigates
tropical_accounts
dark_chills
uninterested_possibility
dangerous_help
frail_yards
nice_establishment
delightful_prompts
radical_sounds
noble_aggravation
splendid_laps
unhappy_focuses
difficult_section
estimated_loss
crazy_cramp
beautiful_storms
brilliant_employees
communist_deletion
hilarious_macros
depressed_poke
dull_appeals
skinny_look
free_operator
selfish_navigations
continental_travel
vertical_mornings
horrible_legends
lazy_fours
curly_measurement
friendly_developments
vocational_vol.
bloody_gross
judicial_highways
rolling_shoulder
hidden_attitude
managerial_sill
upset_detent
outstanding_solders
hungry_attesting
full_time_bottle
related_drains
glorious_round
limited_throttles
stuck_stapler
thorough_joints
qualified_electrode
nice_efficiency
technical_subject
deliberate_openings
apparent_title
colossal_discipline
prickly_gardens
complete_lesson
consistent_diseases
fellow_volt
ugly_ornaments
strategic_rains
slippery_clearance
magenta_skip
orange_fist
shivering_realignments
used_departures
dead_rescuers
usual_terms
grubby_lees
red_worksheet
dry_selectors
overwhelming_programmer
realistic_manufacturers
heavy_sessions
tough_oscillations
tricky_cages
amazing_specialists
individual_demonstration
compact_savings
roasted_torques
regulatory_radius
jewish_drunks
ridiculous_spike
elderly_stair
previous_square
spare_blurs
obliged_improvements
interior_brakes
delighted_drifts
frantic_bigamy
involved_wish
arab_analysts
deaf_basins
worried_scope
upper_nineties
fantastic_writings
helpful_calibrations
healthy_hierarchies
defiant_rocks
estimated_alarm
grey_universe
strategic_thunder
numerous_specialist
positive_meals
medieval_sewers
interior_front
organic_son
mixed_selves
nasty_stems
stiff_services
sympathetic_ideas
desirable_physics
numerous_band
dead_face
tragic_ratio
roman_dawns
working_class_staffs
warm_january
white_hall
private_digits
nervous_exteriors
strategic_mattress
polish_dials
depressed_stators
equivalent_purpose
feminist_rag
arrogant_cashiers
defensive_process
moderate_instances
puzzled_drag
screeching_span
thoughtless_destroyer
alive_harpoons
slow_information
crooked_railroads
many_february
rigid_vines
global_meat
orthodox_bushings
fixed_rush
excess_junctions
sleepy_resources
hot_collisions
remarkable_sling
sad_much
worldwide_curvatures
coherent_footings
adverse_accomplishment
delicious_accuracy
full_time_edge
arbitrary_captures
relative_selection
ripe_beaches
curious_cheese
immediate_octobers
thundering_torques
presidential_reinforcements
useless_fires
educational_survivals
mild_ranks
ambitious_laugh
silent_allocations
toxic_keel
previous_wires
genetic_indicate
beneficial_conn
minimum_dynamometer
required_validation
renewed_intelligence
helpful_pass
male_sheets
tough_documentations
delightful_depot
capable_chock
wide_play
glorious_tags
square_spray
mammoth_signalers
nasty_submarining
little_slate
tense_bands
special_hazards
northern_leg
constant_weights
roman_latitudes
capable_radians
blank_iron
supposed_instance
arab_noise
administrative_routine
curious_assignment
nuclear_contract
wise_village
urgent_badge
obedient_category
bored_deeds
genuine_surprise
annual_skips
wasteful_picture
peculiar_pressures
crooked_soaps
proud_airspeeds
tory_duress
itchy_chase
resonant_diaphragms
breezy_sweeper
thundering_winch
conventional_investigations
greasy_grasses
slight_component
inner_stair
wicked_sonar
associated_correspondence
funny_session
orthodox_surfaces
useless_tissues
awful_suits
arbitrary_sting
high_airports
new_lid
technological_sweeper
vocational_cot
blank_squares
glamorous_groceries
mere_blots
numerous_deployments
excellent_possession
additional_cage
bright_primitives
likely_shift
straight_star
awake_header
marine_deployment
awkward_cycles
nearby_coordinates
thin_holddowns
tender_notices
giant_salts
screeching_injury
charming_offenders
tall_sirs
interior_scheduler
beautiful_chair
damaged_groves
alive_platter
proud_dolly
kind_members
equivalent_interfaces
colonial_nuts
extensive_bandage
imaginative_boilers
fundamental_nines
screeching_bite
combative_marines
marvellous_reward
insufficient_data
financial_value
brave_sort
senior_update
nutty_methods
fashionable_gyroscope
wild_saddle
tiny_sterilizer
likely_varieties
flat_discoveries
official_lamps
sweet_suspects
deafening_observers
late_classrooms
middle_class_conversion
splendid_bang
successful_temperatures
sparkling_groups
swiss_club
invisible_preliminaries
statutory_breasts
conventional_breaches
amused_scratchpads
central_knob
healthy_health
satisfactory_insurance
orange_composition
harsh_abbreviations
comparable_difficulties
cooing_ceremonies
homeless_splicers
advisory_evenings
metropolitan_copies
hissing_alcohol
heavy_raps
worried_gallon
mighty_battle
critical_intakes
burning_type
running_submarining
nervous_interpreters
individual_bolt
crooked_complexes
fantastic_paste
causal_respirations
ethical_performance
colonial_selves
bright_situations
actual_cent
imperial_mirrors
primary_weld
flat_capacitances
glorious_airfield
silent_beginner
unpleasant_priorities
shared_vehicle
geographical_sixes
resident_press
logical_illustrations
back_priorities
developing_sleeves
likely_calculators
inevitable_weapon
ideological_post
ruling_punishment
tiny_orange
annoyed_excuses
enthusiastic_bins
continuing_diameters
whispering_observations
digital_destroyers
distinct_curves
voiceless_beings
great_exhausts
nursing_railways
correct_tables
energetic_flight
environmental_funds
glorious_hello
rich_processes
alright_medicine
relieved_color
isolated_consolidation
helpless_calendar
tame_pistons
identical_rumble
colorful_destroyer
anxious_stores
subsequent_girls
complex_drillers
worthy_dot
pleased_handler
hard_attorney
fast_grades
ashamed_implantation
continuous_writing
mathematical_nods
musical_environment
frozen_cubes
awful_stages
opposite_head
unfair_straws
courageous_signatures
main_threats
wide_fractions
spontaneous_preposition
imperial_summary
homeless_superstructures
hilarious_litre
everyday_rod
worthwhile_whips
private_punishment
continuing_soups
ill_laces
ok_longitudes
rear_mineral
ordinary_mines
intellectual_specialization
guilty_vision
scottish_overtime
whole_chalk
italian_midnight
swiss_hook
bright_error
absolute_sweep
secondary_harbor
prospective_passage
blind_angle
thoughtless_fan
uncertain_smile
vertical_chattel
coming_temperatures
underlying_weeks
light_opportunities
late_shells
alright_gulfs
wide_chairs
accurate_terminologies
scattered_marble
bitter_cube
interior_itinerary
unemployed_admiralties
crooked_decks
red_henry
back_colon
outside_dangers
pleasant_supply
similar_thermometer
dear_salt
verbal_spear
cheerful_bends
motionless_hammer
sticky_swivel
running_fashions
ripe_station
radical_abettors
pregnant_henry
fierce_gate
free_reading
worthwhile_butters
crooked_search
traditional_photos
unnecessary_durability
shallow_programs
impossible_coders
collective_wrenches
payable_sip
christian_milligrams
spectacular_limbs
successful_discharges
weak_oil
multiple_adhesives
married_deal
isolated_props
motionless_forests
cooing_admissions
pleasant_beliefs
british_tub
round_grades
easy_salts
brilliant_sockets
bold_gleam
individual_substances
jolly_tests
systematic_fathoms
loud_list
splendid_chairmen
odd_others
parallel_data
explicit_splashes
wealthy_educators
developed_bailing
homely_number
dirty_notice
beneficial_publications
bad_contact
intensive_contract
zealous_helicopters
itchy_calorie
respective_cockpit
french_channels
frozen_tide
collective_formats
blank_character
outside_ambiguity
then_present
green_vice
disturbed_implementation
gastric_lookouts
stupid_thickness
simple_diamonds
federal_growth
busy_options
mixed_inquiry
widespread_blower
short_mule
korean_evaluation
noisy_career
super_advantage
arbitrary_propose
rare_jurisdiction
teenage_relocations
weary_specialist
gentle_lead
comparable_pulls
wrong_sewer
subtle_outline
still_blazes
functional_twist
stuck_flush
soft_impedance
driving_swallows
yummy_aircraft
profitable_conductors
nutty_blast
fast_flights
universal_harnesses
desperate_voices
palestinian_solders
funny_result
assistant_smoke
accused_craft
helpful_mates
correct_record
assistant_standardizations
shy_curvature
comparative_pushups
monetary_armful
latin_alignments
arbitrary_effects
evident_fold
awkward_preservers
comparative_thickness
stuck_bushes
rapid_washtubs
green_shows
super_ram
technological_leakage
binding_prints
obedient_text
required_deployments
cautious_bunch
disabled_commission
delicate_pipes
prominent_breeze
historic_interference
shivering_deposition
evident_shaves
medical_passbook
comparative_catalog
shiny_configuration
academic_promotions
chemical_nature
reluctant_classrooms
legal_clothing
great_belts
exciting_push
tasteless_sling
unlikely_tensions
occupational_torque
selfish_rescuers
classical_hotel
weak_sex
absent_abuses
rough_relations
bottom_torque
outstanding_conversions
rival_connection
sparkling_winches
capable_screw
unpleasant_americans
moral_colon
silky_stalls
busy_pleads
bad_counselor
fantastic_cup
small_brass
bored_nut
sole_boil
live_construction
medieval_squeaks
middle_reservist
substantial_barrier
boiling_baths
magic_mustard
liable_array
patient_success
future_recommendations
dark_boots
ashamed_ram
reasonable_causes
melted_weed
faithful_menu
intelligent_examples
absolute_instances
bitter_misconduct
rear_usages
noble_knife
select_petitions
full_time_standardization
thoughtful_drip
probable_machines
ethical_industries
stiff_mistrial
active_gaps
warm_face
wonderful_labels
clinical_inclinations
rapid_sweeper
polite_figure
mute_advertisement
orthodox_diagnostics
linguistic_alignment
protestant_home
technological_dollar
compulsory_cliffs
relieved_handlers
motionless_nods
graceful_tries
existing_prisoner
wooden_truth
impossible_chimney
lucky_vehicles
nervous_images
accurate_hope
welcome_brakes
colorful_chits
fair_ramp
open_acceleration
watery_spill
bewildered_laws
loud_segment
existing_recipients
australian_stator
impossible_procurements
diverse_programmers
added_minority
administrative_braces
distinguished_meters
satisfied_legs
individual_mountains
tired_watches
flat_chalks
linguistic_butters
dusty_tailor
rough_canal
unknown_cranks
simple_hiss
pleased_television
splendid_foods
fancy_chattel
short_swamps
developing_farads
determined_bush
wrong_maximum
amused_facts
near_valleys
friendly_contraband
witty_update
shiny_pistol
grim_stem
deep_technology
whole_inlet
assistant_compresses
red_tasks
neat_lap
melted_extenuations
disturbing_losses
gleaming_explosion
arab_creeks
multiple_manners
ridiculous_blankets
double_smashes
comfortable_references
reluctant_hisses
lexical_rescues
dangerous_misfit
blind_meeting
weekly_glasses
ordinary_withdrawal
long_configuration
everyday_freights
steep_appeal
magnificent_locomotives
hissing_synthetics
violent_rays
military_cares
traditional_trails
grim_silicon
quick_prices
legitimate_jams
icy_telecommunications
old_fashioned_scheduler
hot_factory
cuddly_eve
homeless_alloys
married_retailers
okay_wage
willing_boresights
provincial_registers
lonely_varieties
japanese_lessons
reliable_blades
concrete_truths
long_bullets
empty_module
mean_decimals
wise_windlasses
slow_cities
ambitious_discrepancies
controversial_secretaries
lesser_engineer
middle_class_parenthesis
chronic_tents
plain_wash
functional_thousands
flat_depletion
maximum_specialties
growing_parachutes
confidential_status
concrete_equivalent
arrogant_listings
plastic_careers
integral_insanities
quiet_brooks
naughty_pencil
leading_parcel
coming_formation
real_demonstrations
subtle_hunt
uncomfortable_students
strategic_trunks
exclusive_blot
valuable_fractions
conscious_churches
close_bullets
proud_presses
unconscious_flames
political_amperage
tight_workbooks
native_attesting
disturbing_default
excited_commission
full_time_friction
plain_auto
dual_workings
light_batch
brilliant_sneeze
red_deposits
selected_programmer
delicious_pat
large_scale_departments
korean_ditches
dull_recapitulations
joint_pits
reliable_transmittals
rough_reading
striped_ones
federal_nonavailabilities
communist_petition
elderly_sewer
glad_streams
rubber_hub
stupid_joint
strong_tensions
stiff_model
prominent_hilltops
external_coordinators
frequent_region
outer_glove
patient_crime
conventional_puff
guilty_misses
ridiculous_nation
increased_airplanes
wet_binoculars
junior_worries
eager_alcohol
tired_executive
filthy_vice
voiceless_accessory
calm_stage
square_fires
angry_compilers
encouraging_compass
young_stacks
horrible_cheek
happy_levers
lonely_statement
cloudy_cast
managerial_choice
powerful_stresses
pink_seasoning
exotic_classroom
deep_salvage
neighbouring_insertion
central_workmen
colorful_margins
loud_citizen
estimated_ring
electric_swivels
kind_differences
peculiar_defeat
average_exit
curious_hotels
pretty_forces
presidential_burglaries
palestinian_painters
principal_hums
alleged_legend
interesting_supermarkets
old_fashioned_strobes
automatic_strut
usual_abrasions
just_atmosphere
wide_worksheets
scary_messengers
convinced_collar
envious_overloads
distinctive_thin
retired_receipts
disciplinary_tool
elegant_transmission
standard_mercury
combined_expense
constitutional_alert
faithful_cheeks
select_advance
stupid_captain
deafening_canisters
smiling_hundreds
genuine_glues
yellow_volt
nutty_semaphore
bloody_coxswains
regular_courtesies
cooperative_bridges
tiny_oils
mysterious_fetch
nice_bin
gleaming_contacts
silent_solenoids
helpless_salts
atomic_photo
ltd_doorknob
psychiatric_priority
rapid_views
tired_basement
uniform_twins
present_withdrawal
old_whisper
depressed_tag
causal_plane
supreme_family
fast_compensations
controlled_tumbles
hidden_lapses
busy_harmony
architectural_buttons
marine_mechanic
small_snows
international_wonders
shaky_gulfs
sensitive_puddles
national_vine
long_rollers
continuous_absence
minimal_hammers
left_liver
annoyed_detection
poor_searchlights
lonely_feedback
blue_liquor
distinct_disasters
vast_exteriors
shiny_plastic
better_writings
holy_conductors
perfect_tabs
rapid_seasoning
artificial_leadership
full_time_forests
advanced_readings
low_dial
brief_lever
calm_copper
supreme_conductors
clean_road
fluffy_pacific
intimate_reactions
relevant_pump
cool_gangs
female_grip
great_wardroom
sparkling_fees
vivid_refunds
elegant_technology
excited_electrician
standard_buildings
early_hoist
crude_bins
dull_units
immediate_agreement
international_abbreviations
criminal_jumper
advisory_telecommunications
delightful_reactors
scientific_levels
used_houses
hostile_executive
puny_alcoholism
firm_department
victorious_destruction
bare_terrains
cultural_year
fierce_situations
hard_plead
inappropriate_gaskets
sure_moistures
advisory_blows
overall_democracies
anonymous_break
thin_sight
odd_accrual
daily_cleat
equal_dividers
distant_ammonia
ripe_panels
endless_schooling
cuddly_salutes
controlled_project
eager_drugs
surprising_radius
european_slides
worried_loudspeaker
quaint_sevenths
voiceless_ribbon
right_poison
ashamed_sector
compatible_makeup
corresponding_direction
plastic_drunk
labour_electrolytes
steady_routes
crude_threaders
steady_reactions
stable_cent
controversial_correction
symbolic_class
legislative_paygrades
large_scale_blades
scrawny_tags
spiritual_remainder
cold_hose
polish_negligence
supreme_message
early_chits
adjacent_student
external_shells
russian_disposal
distinct_riddle
distinct_dust
comfortable_cabs
watery_rains
impressed_stretches
noble_highline
absent_machine
inevitable_planes
classical_hit
lonely_event
religious_accounts
outrageous_block
able_macro
biological_serial
central_circumferences
colourful_deliveries
institutional_rubbish
unchanged_increment
potential_sirens
successive_consequence
liquid_television
essential_mentions
rainy_rainbow
young_similarities
ancient_dangers
intelligent_pots
linear_drugs
supreme_series
back_smoke
mixed_attachment
single_combatant
rolling_device
puny_catches
head_horns
secure_intake
supporting_bar
electronic_buoy
naked_chock
injured_room
australian_lender
modern_dents
blind_thirds
filthy_category
post_war_performances
armed_sill
vital_quiets
effective_commendation
irish_halyard
selective_trunk
wooden_president
nervous_hardcopies
difficult_dollars
hot_market
beneficial_tilling
northern_printouts
grim_grasses
profitable_appeal
random_interface
western_leap
absolute_salts
surprised_conflict
intact_scales
modern_limit
eldest_percents
zealous_tricks
due_schedule
legitimate_labors
main_respects
coming_necks
hollow_products
wooden_relay
mushy_builder
brave_stowage
rising_eddies
outstanding_stalls
little_zone
tight_sports
mathematical_drunk
short_can
assistant_relations
rare_relation
current_captains
oral_tag
middle_class_requirement
small_accessory
interesting_milestones
alleged_difficulty
marine_implantations
roman_scales
different_sewers
retail_fountain
objective_lantern
helpful_widths
fluffy_pair
funny_april
frail_artillery
medical_cause
pleased_rejection
miserable_tones
fast_escape
green_cruises
symbolic_qualifications
open_highlines
huge_sabotage
bare_wheel
outside_surveys
light_detonations
foolish_tastes
many_glazes
diverse_suction
tender_amperage
confused_humor
okay_itineraries
contemporary_boosts
continuing_accordance
daily_retention
colorful_advances
senior_sundays
lonely_procurements
labour_workload
nutritious_lifetime
bitter_arms
innocent_centimeter
eastern_freight
beautiful_cleansers
