iV{
fpK
mfh
jYX
eS'
kd5
e]>
j@L
l(:
jY2
gGt
iJu
bmP
hc[
ak>
hc\
kd#
eJ[
m^7
cMY
h)Q
f=s
d-3
ku|
nh@
b82
l(^
k5E
mxa
b+z
b^E
b2!
b2"
a~L
gaV
bJ)
cP>
fD=
kd3
kd:
i6#
g2{
a(v
c8o
e7u
d(x
f/g
hdj
gCX
czR
kTu
mOS
jY:
chH
bw}
b2:
d_1
f=N
gU&
luH
kv1
jh0
nim
fyb
f>B
k\z
i>y
eTQ
a+V
fD9
kv7
l)v
f\D
nit
iIx
c{-
mO_
bBu
mLl
hm3
gg\
f<L
evW
bj?
ga/
jwd
jZg
lp>
eH#
niE
dbk
jZl
gB#
m_m
fGw
gG)
g(R
k&[
a4a
lo*
aIF
nml
e|*
j#)
a88
c18
d\6
g7Z
bK^
czy
h.a
bZq
nwf
fMC
j=g
hT3
lo$
lc:
g-_
dSe
f6t
bxq
aXz
m21
g%A
f6v
h2'
g~3
nmo
m2I
lc[
g8+
dtB
lfN
h=1
lDd
cwa
bZF
fQ<
d)4
c1?
jY8
avh
mfV
g^]
d)8
jHt
doU
ag\
a~)
jHx
h)(
h2u
c].
nwF
e"J
jHA
mf5
b(k
h$Y
e1Q
m[Z
k1W
lTb
fSz
g@8
d]c
cwv
fD+
dy)
aUU
jHL
a70
k>X
bfY
d:'
gDy
a\F
c]~
c4{
d)\
nwX
l0'
ldB
kd*
eP]
bZ$
nqW
d)|
gDI
flg
d)~
f/E
g_s
du@
iS4
m_x
k5X
h"s
aW3
mb>
c%b
iEN
koR
jGt
hn$
lW<
do1
fAC
hB{
adB
bH3
fZ{
m_Z
g5D
i|.
hvZ
h9@
j:i
afI
hOB
bo*
b"`
d0]
iD%
gRo
bPO
dg?
ko7
m>b
m$(
m^G
c\,
jB@
d1a
aQA
m?W
bH*
gaY
d&y
b[w
kJ(
hn|
ko)
g5Y
ko+
ez0
k#w
fcZ
aW{
hod
hEL
d&I
i/>
gx7
mIj
lS.
bTe
d&M
m}i
m$}
ka!
j@7
a%"
kGX
i0-
jb#
fRa
lrR
jIi
b+K
aXn
eAT
dGD
j&s
j9_
g-T
aXq
j>,
eki
b2,
mcQ
e?u
e`b
h(`
l?x
aDT
e`d
i3#
mEz
dEc
a[w
hkx
f^W
gzI
kp)
aQH
c#U
h^Q
iBf
i6\
ig+
ddI
a#.
nbf
a43
ddK
aFh
eKw
bV:
i6)
hkK
k~R
f5A
f0N
mEQ
j7r
j,&
bi*
nbo
ln(
f{G
l"t
b=*
dIH
crW
kNJ
mqC
c{s
f%E
huU
f(q
c.@
jms
i7n
gcN
gGU
h/A
ejB
f^<
l~_
dOb
b=@
jAS
m@J
h`W
gz&
a~~
jD@
f3g
m>n
hv%
bLs
ar<
dUL
jA1
eCE
i,W
d?9
i\X
dX<
cs@
nq`
gOi
j_z
kU,
eMS
i\Y
cHp
g}$
k~@
i{f
gz^
kU<
l$[
f"q
k9h
aDV
nlX
hQ$
fIE
i,#
kEN
i,$
nb5
lyg
m!k
iN0
k`^
lB+
ap/
a}z
hYm
k-'
h\/
aqe
dCM
kjE
dCO
euM
g[o
npB
gW[
cc+
ca@
i0f
j|C
k-<
kS"
ix)
lQo
bTv
f]5
dCX
ca{
e4B
a:v
bi@
nrU
ge0
dLe
hy$
g[q
aoy
m!I
k/)
gwu
dQ<
h)l
hNa
k\j
hhq
m3J
dC!
f[Q
c!\
a7)
f!s
eb!
npZ
cpI
cub
g'M
m/(
m<t
aoO
aoP
eS=
iD}
ge+
b/3
igr
mGI
dr{
bS+
l}^
aQ]
g2z
a7[
by#
h]y
aiX
e-3
hJJ
kz*
aoZ
lCD
bE8
f(X
m!#
a\Z
k=<
eJl
hr0
ge`
k.D
l{e
cbK
b8S
ff=
g#&
a-A
l+s
c.z
iM:
l`f
lyK
lkq
jOJ
kEZ
hK{
e|9
iw=
g@B
a`?
hvo
nel
mA|
aMW
nl@
cRY
bn}
c!}
jw<
m}<
c.L
ja&
k5w
l4J
f):
b6%
iP]
j^3
lIu
ly1
jw_
b_l
bA^
m#g
b,a
bA{
j+<
f>a
ahK
k5I
dar
aVn
aaK
b|#
i1k
fI!
i\u
nmY
ft+
g3}
cR,
jdm
e"G
d4'
i2s
l`N
d=o
k2h
f$[
doW
m('
m,I
kN[
iup
kyC
f$`
neg
d~S
c{|
e\_
eZ5
b|=
g.Q
iLy
gU}
gY]
jk&
e+@
erP
hZ3
c..
knw
eXC
igY
h-1
c|g
h("
arW
a`{
bX=
b<J
erX
fuf
fNg
d~8
fIC
fI+
i)D
iXC
maY
a4"
c6U
ayr
k/3
eFp
a-)
g#9
gs4
kwh
aP6
gWS
b_e
eYk
gG>
g#%
ip^
bjq
dFD
c*~
cl:
lg?
k]0
cz`
dk>
kvz
bjv
mCd
fWe
a@{
dNG
b3K
cl+
hyY
ncL
e&(
gG~
gQ&
l1d
esh
j(b
g=i
j[y
ngz
iY#
e}#
l1i
g=m
m@^
g:<
lM@
c}Q
c+r
m_P
d`_
c0>
lM]
fWu
g~|
eS"
e?+
nAI
mx>
h88
h?(
j3|
eR'
dt=
h(2
gbI
cAx
gHh
kKW
e:9
gL3
dpw
gtc
fWH
bQI
cSJ
lNh
jf4
fze
nAD
mj+
lod
e!`
idk
dE&
dN$
m)j
eTl
g$q
lKd
k<&
gHG
fcm
fiD
f!"
lYt
kA"
i|J
cms
bwU
f!O
e:<
b^n
fcR
kr@
lMD
dlJ
nA"
cjg
cNx
k@n
gpV
cOf
aKu
dJ.
l}!
m'~
eB-
k#2
b(P
fS2
dcn
en6
ciD
mUb
m7}
av3
d.]
j~q
f|$
jH%
mfF
l\/
mT)
aMo
hK1
c2Q
dk[
ird
k?4
l5T
hGp
jZO
kwv
nBg
k@M
jH<
jmI
d9"
f9j
jZR
j|h
gt=
bL<
av,
d*G
dKm
g)E
av/
cIK
d5p
a&w
jcl
eCp
ks@
fE$
aZ\
bgA
jWw
kTB
lvP
c`J
b'?
ho,
lg=
jZ!
f.6
ci%
iF0
b#I
a&J
g9+
e8n
cO4
i!r
bMj
c.s
fE=
m\J
b.W
fTj
f%_
aRG
fE@
g@H
l5Z
fri
k$p
lJ=
jQ.
c2^
ktm
g.a
eG\
ka=
jp_
mIG
j{1
f11
iTC
fA^
hC2
dv6
k:L
gAi
dv8
h?:
gDU
gZ~
e`p
muw
d[[
nfo
gh?
asv
cJj
m%F
a89
mt"
b_F
jEH
fjR
l?S
j:.
mVb
aa6
cVS
bZ~
a\e
dG8
iTX
i%}
kVr
e:l
aem
gHA
hUO
ag:
jqy
g'U
h?/
ip|
j=|
g4E
asO
d1*
b~a
l'U
j:|
mLC
g|h
gGY
gV(
e`P
aTa
aJN
mj,
i"C
kbA
lc}
kHm
hta
i:0
h|]
dG>
a?Z
c'}
c[u
k+{
eQT
d,6
cw`
aB&
eF[
hU!
l?.
g4H
fBO
cQf
gga
mu"
bj-
fj=
gA4
bzV
hvJ
f8r
lWz
fMg
jq2
leb
f*#
iT^
iT_
d{r
lF&
d?=
kpi
giN
jZ{
cth
cti
h8_
h/"
bWO
jp5
m-k
gvK
d?A
kiN
jQd
kDL
lD:
e)Y
d?|
aF)
iNX
iB-
hBC
fI)
bID
g3/
cZh
lar
a:\
i7&
kDY
fq8
iQm
i&V
ehb
iWH
k=d
b>U
bW"
hlw
mUw
jm[
i7<
gZw
gWc
laF
a<f
cfm
iCd
a<i
mW|
d}j
bW-
j[8
fPZ
i7`
h}_
m9o
hM-
j!T
dAh
mru
m)t
ceg
l%,
iCr
fNd
d,/
dTR
mXl
dN:
j7t
h2$
h:u
la2
l]Y
mXr
gb5
nr}
j!8
la6
c*8
h"f
kD|
lzy
hd\
cY,
a[e
lot
m}x
c$.
icI
b!7
g$X
b!8
e0@
a06
a8$
db$
g20
dRG
g^N
k9J
ksS
aT~
dRK
j$d
h1)
k/#
gOM
bE`
b-M
b!-
kc?
fx%
l_u
g`3
j4q
fx(
j|&
a{8
loC
loU
j0l
nqp
i$7
k6h
mL*
j|-
ed%
cTB
iO?
i[!
bq[
gEM
fgz
kYH
k6p
icj
e-g
cH#
h.0
l[a
l8%
a}I
b"e
fUB
ib<
a~K
g9i
hN=
jEu
nqG
by,
hBS
evT
cEL
fd^
evV
mpv
d#+
jts
g3b
e1J
fW?
i4"
dbn
eB<
bn'
d#<
i`0
cqA
k}`
k6K
hFh
h2w
k2!
fMJ
mF5
aI[
e?z
m4G
gtx
aCy
i7_
alF
f%7
lk>
bH6
jp<
in?
f%w
gk+
bmn
eJA
jk8
ba/
h]X
m8w
fJ3
aQ2
ig,
lQ-
m,+
iW,
g[h
hLE
aB/
m[$
alT
c9]
fFD
eX7
mVz
h)g
fS7
dpb
mkr
b~E
fc(
e#u
h,U
bB(
bs^
b}D
a`V
jx"
e,|
i)6
e|/
c!c
a\L
d<+
b7X
jK9
jx'
i2&
h,2
kL!
f%X
iY.
e-i
a`\
b}O
e_i
j_S
ggY
esb
h,!
f&T
mv<
fc_
a?n
gfR
g`(
j(^
a.m
e*}
dJ|
kAL
m-l
ee#
esj
jj#
gWk
h_E
gt+
crt
k!A
eX~
mUV
i$B
h^a
e(9
i)]
g04
l*Y
a-[
j&x
cm?
est
k|u
ic2
jdG
aRj
g?$
b7=
mb2
lyx
eJ?
jL6
e'!
nA$
gm~
d8?
dFU
cO)
jf:
gMO
fFa
dD7
d.n
hB=
aqQ
hYA
j[+
dlU
k'$
j+M
d.s
l&:
i&,
bBW
j~|
j[=
e@?
f#X
gek
mpO
eoL
mww
l*D
b,8
k'/
c61
h%e
fFV
au4
ncY
gln
kAI
k'>
byy
byS
gEQ
gb]
bzi
cA-
crA
kw<
k']
b$G
bP^
j*R
eoZ
d0Z
e#b
c[/
gH:
b[?
jMa
acL
lW.
aA8
c4l
jj6
a5k
byM
a.`
cSZ
azT
cPq
iEO
e~(
fFN
gz/
ivI
e<J
am{
b`p
d.3
d0-
j5?
gk|
k2]
ih(
ah}
h@4
m42
drL
iJ#
lra
b`x
etR
l]_
e%:
gIh
h@!
j+U
eo<
eo=
h)6
mS_
f{l
nj7
g:~
iXF
gp>
h#.
mys
g5A
d3&
aNk
cL/
e8D
i6%
k8U
l10
d5Y
len
k@^
h=w
eUp
a1O
e@}
b3{
ir8
e39
i7[
cje
jUq
j%x
fiV
j%y
c4B
l<<
mJk
l]c
h>[
lt5
eaV
c+,
g"w
b4f
c6_
jIT
fE8
i?P
mM"
cKm
fTR
aNJ
kxn
lbu
eD%
lv}
bo@
id4
k`a
iX"
aN]
c#j
myX
j^x
aL(
l1>
d0!
e88
c+`
npL
gg*
foY
d5>
gBt
au|
d&l
ahm
l'o
fqz
he+
d5\
dG~
lwk
lJ5
i?7
l|9
g-'
h%_
c_z
a]7
htb
h%|
cx6
j'K
a1:
gC6
eVO
h?v
f:0
nx>
gJb
nx?
jGr
a]&
ci7
cws
k&<
m]g
d0^
jI=
fT-
k[Q
hbL
gg.
i#v
fO8
i|%
lM#
eC+
fP-
k$v
jZ6
ek>
d]|
aJ)
hpf
mVF
iUe
dHr
b`8
g68
i^p
dwI
irV
a]o
gSP
cjJ
d*<
h3N
fB&
l=}
b!g
b-H
d8!
dZD
cZ)
e~m
bMM
lKj
ad!
eZz
g6*
d'Z
l9Z
cZ/
jIz
hY2
bu>
dAr
jq\
kY-
fQh
e--
a57
d^v
lMT
aW6
g6=
g@V
diG
e{g
d>E
ne5
eR]
iUF
bDQ
dw7
bJZ
kH+
a&I
cZ}
a{(
iUJ
jyI
a&|
a@t
d{I
kt5
d>G
a@w
l@P
bX?
mH{
e{v
dE\
cgb
e>)
ke~
kcf
lUd
bx<
l~2
jrq
iiX
bJL
mxh
eRx
iJj
fQK
dh@
l@0
cgl
jVO
b:_
lS,
d2'
h[m
b%9
kxY
a|]
f4c
k9<
mVD
e4]
ik#
b>^
c^"
mrQ
bne
k\3
f,#
c}s
gO~
mXE
i|j
de&
i-V
gu/
k'U
d?X
i-W
h5,
m\(
aGP
aGQ
cxw
i8F
lJr
f,-
dq'
f`d
i,o
fn_
gPk
dhc
b<~
i1>
ioG
h|$
bdv
brR
cBZ
cK~
i~A
mXW
c"\
aG3
gA~
fTk
jnf
cdR
mX0
mF|
noA
aG!
aZ)
j.A
a_|
a1S
dGi
cII
dZl
a|W
j}2
a\V
l#,
g].
ka2
df2
jTY
l|_
l'q
mJV
ke@
k!E
c*k
hmk
jC^
gI0
aG:
e5N
aU8
j,e
nc=
kFK
gBx
gPT
nqL
ka4
cuD
fYO
cIZ
eC/
mJ6
fk1
nkc
bX"
kG:
ioL
aY1
lpZ
l?V
d5~
k|z
h{V
a\G
l|%
kcz
j7E
bQ&
fg3
lU*
hVe
l~<
eJ`
lU-
jvo
kmR
gD7
b"K
cWC
d/P
j7P
jYM
g_m
d$h
l@e
ei=
c>r
aNE
fM2
mum
ap1
i&{
bF8
k/z
f:3
g_u
a^"
a!I
k_\
i`?
gd,
jB&
l?C
b"Z
m--
mah
fV#
gBV
g3Q
g_C
jCN
i`{
cWW
cKT
jn3
cq$
bg8
nq\
cW0
f)7
f)8
d&R
a%Y
k|#
moP
c%v
c!=
l|n
jn$
bag
d|V
gx,
h"*
l1-
e=J
i{m
d=9
ilx
j*j
j7<
m-<
lVz
d&8
h8x
h3l
cW(
maI
a#K
hO7
jCg
i'q
jCh
f1x
na3
maN
dEF
bcL
i5P
d`%
k|_
kx*
d6^
aRn
l/>
dbx
m}_
f\V
lYL
nc8
lRK
a8/
cX?
cS?
m{E
gRX
i*m
mjZ
no=
l:&
i*p
d]I
gf=
bA>
kA+
fiI
e(P
hw7
fbv
gDY
iNL
nnJ
h!E
i*z
cUW
dbV
gRd
d%w
f&o
lF0
am3
iNT
eUO
lR!
j4y
j`k
lcW
lR$
lMG
f?$
d9G
fJL
f2J
j`o
izH
k3[
lR*
lXK
a9s
l{:
bD.
dp^
a9v
lAu
h!I
lAv
alo
l.#
lTk
kjV
lmd
h>t
d+k
b8P
i\t
hxb
izY
e$X
e@Z
hUG
d@|
cTM
h*s
kj5
hi=
dK\
mC[
kj8
j[B
k|j
fu+
hC!
l]U
nBJ
e(|
drz
gt`
i}R
jMG
c'&
l55
l56
eL]
jre
kqZ
jML
dks
kVo
aN?
gIz
gqY
gIA
klE
fS?
m?Y
c7_
bAm
c7t
ddB
b-D
eHn
g>N
a1,
b4&
ju^
h~R
m-Z
lKR
gj"
bb9
eU~
f8Y
f"A
kPk
gKA
g0$
ih8
g-k
fX0
m-7
h)?
aw8
jyO
az[
gdy
aOm
amI
e9a
b^9
jyT
id,
ea,
l+u
k1q
itk
amN
c}C
bQ'
j)5
isc
bWd
c7U
cuM
c:l
j\?
h*e
cU}
eVx
aAg
e~8
h[z
hfJ
h>E
h9P
f#d
b5h
kf"
d|1
fHR
fpP
g>h
kx/
c,>
h[H
g-l
lO3
b=6
m\:
f?'
gu2
hHo
f6y
h['
bbA
a1~
f:%
j,7
c39
cU%
cPQ
k[0
l6n
lwN
jD5
b`O
aL9
d6x
kEC
g!%
d+U
m>)
hb2
g<4
hkI
e.F
ewh
eB'
kt~
bV4
fF.
nj`
jqD
cOL
ai.
kue
hYb
k(V
drN
gcZ
hHX
h~2
m11
hQv
by`
jUO
b`7
kfX
d6Q
lh@
g.=
gc7
nkj
e&_
bb,
nxh
kLJ
iKp
e<`
cNk
bgi
j{r
iYN
l^r
kuw
iKu
f[D
e8\
d\\
a^y
fUC
m5+
gSd
gW:
cwU
jAB
i\x
dm0
kuD
kf0
m1/
gdL
kn:
hb|
c*R
i@M
m^b
hH<
bD}
jd9
g"s
lMH
l"r
eD&
cQc
jd%
lLt
bgm
fnn
ht%
bV\
cLj
ng-
m9K
ei_
d2*
ngK
bXv
j<e
nq%
hl_
l'Q
hV0
dib
f-J
cuP
jrK
hur
lY@
jJc
fA6
dUr
i\y
ngV
e*v
kWO
jrS
a^g
mv8
e2q
kWR
cLH
gE{
jF(
hU6
hUU
fow
ltr
dUt
g:g
g&^
iZQ
k%p
k%q
fs2
eP[
k[*
el.
hy'
lG7
g61
kW5
etQ
na5
gTF
mCW
k0c
djg
cyt
g]a
g*,
d^~
mKj
gdU
nkm
bhR
aZc
l|<
ae<
j?N
l'=
k2<
c\Y
acB
d$e
h[^
jGb
ad[
foV
kh.
mF]
c(x
c)J
cYm
jJQ
djw
c\7
ij"
acK
c[x
fo3
h]7
l[u
cbO
kf$
f8#
b]1
af<
mTl
gZ/
gT6
bu#
f8'
jr|
aG}
a*h
c@J
iU7
b=7
f%<
cgs
kHS
kJ+
e*/
gnr
d[y
bX,
bb|
fX4
e{S
b"u
kXO
dWg
b0Z
d[C
lHA
lPt
atZ
gj(
ajF
hEb
iKn
a@1
c0K
b#W
aHn
hEM
e^r
jqY
gpX
i~?
hmR
bnH
mYl
bM.
meg
f4]
i}?
mg\
d[P
j&5
mR(
cu8
fs4
k\]
hEn
a2H
nu>
hsG
bM}
b02
iC+
lI3
m#P
ml]
f`<
i9q
h'n
mfC
mMH
lHW
f&g
k`L
df9
aHG
a7g
dxB
bee
aHJ
b04
cGy
hEC
e+u
hU+
nvd
lFk
b@b
f^"
lw(
k?K
c0%
flk
h$+
m@x
m?e
d@<
h|"
joO
lQn
d?3
iDY
c:<
aHW
ii@
d[*
k27
jE:
j"_
luG
iYP
kFx
h]L
fRg
k$M
cg,
h#J
dA1
cA>
m@K
dSH
eO3
nbK
g-i
gkN
aBh
coW
cpf
iRV
ba&
g_"
j&t
d+d
mGF
k0A
db{
k~W
hA0
gXe
iz$
dEQ
a2P
k!3
b#f
k#c
d"l
fNs
eu<
b)D
l#f
g_-
mcZ
kTd
gOd
mGR
e}|
b<G
ktK
e2H
jQ0
dDd
e'4
ma"
e=e
il6
d6=
iEf
k/~
f]N
nkx
jUe
i.J
mmx
il%
eiO
d6>
fNM
bK"
f(K
bsw
l=4
co2
k7U
k.N
k:l
nr5
m5t
j~w
m|4
i^@
e25
jvO
jUu
d%g
dX>
dE=
l9O
ekO
f7$
b<"
i.4
g\.
aV(
j/k
h"K
k^#
dE_
lTz
dkC
itt
jQ{
iR<
a*l
eg6
iAx
k$X
aV<
ime
dc1
b]0
mW!
dus
gaC
m~3
k?"
h01
c:E
kgJ
b=r
mC`
m8-
h7T
i5X
aBv
f1J
kUX
li\
j"q
b\N
crm
ncQ
g]C
h^^
gym
dsC
am/
cq}
h-*
iuJ
h`'
m.p
ebw
gJ>
f&'
l6Q
k9A
fv#
k&k
a8f
e|j
h3r
d/@
eg"
m~<
j7\
dQy
a|o
iOm
bzT
bU6
l/o
i,9
gg"
kXP
aD]
gm=
f&>
aD_
ef(
c"O
hxS
nb1
mLM
jk\
fv=
k#f
mA4
c\S
fh7
hxW
eyY
gF?
cnV
i#5
feB
fll
jzt
c<K
c"Y
m.Q
aa`
f>i
aEh
m<G
h3P
j&L
iZi
h3Q
bU=
d2U
gg[
crZ
b5I
eb@
bAC
nkM
gyZ
j}b
mHs
ngl
kQi
k`B
i6g
iQi
i6h
l/S
jA+
g\\
jI,
bd*
b6g
g/2
l/W
d6K
i:)
jM~
co)
j1x
bz0
hfZ
moY
k_6
i7s
koG
kx|
ija
aAC
h*D
ey4
bC<
fJ:
e=K
g!K
j%W
dh'
d|$
h[1
kDZ
itw
fYj
k$\
l9e
a'b
lO>
b5O
hMH
iK%
d1]
ht}
jNx
jI-
bVa
d!T
aBJ
k[A
aOs
j4[
j&$
m5"
bDe
lO{
d!Z
kk<
kkb
hET
l|M
gi"
cT=
bRG
hpj
iw8
eII
h[/
h~f
mPo
klu
i@/
d!8
b%1
k)L
ln%
afz
g&l
j*B
g!*
jz{
iI2
mz:
dny
jSv
kyL
i_G
k)S
jzB
f@B
eH&
h[{
c(N
bDB
d/u
bDC
jh'
f%s
kky
md&
c=:
lPw
aaW
et1
itq
e=?
huI
iaC
k$}
eH:
e$"
l7S
b[U
d6/
f<K
ia!
mi`
hH}
axY
dK,
dL@
b>Z
d6[
hot
kgH
cB`
gS6
i'M
gZ]
gne
m]_
h}o
kgL
jF%
hcR
l2~
i=_
gF2
gh=
m*)
cyv
lxr
bmJ
a^@
nk5
m?$
aO6
dU~
f#H
isD
m^e
hIr
a@H
eHW
j]B
b:O
m]Q
ep/
nk$
d1q
g}s
ckX
k07
iO~
fsK
dW4
mOh
lxL
grY
big
kZ/
m^q
jU1
kco
cQQ
aak
cYM
hzY
fpi
d}g
g}4
aan
c`2
jLo
ds2
fUt
j3P
iUN
h[>
ifj
g:a
jyM
gr#
iR&
i'-
b5"
fIL
bz=
aO=
gr'
i/}
ib&
a_d
e!q
j8g
b5'
a~w
aKG
ayg
laM
nlc
ayj
kZ>
bz`
kM'
k0}
nul
g?E
i$~
i'|
dCZ
lfL
at1
kuV
dIQ
h!=
j?#
dx7
le`
k\v
e|n
j}n
jAT
jd:
aHZ
eD@
j3l
hqP
mv$
b*{
iHt
d\o
dI1
ku8
g?H
b1`
auv
aLv
g"R
j?>
k?a
b]=
h:\
e\w
f~<
b'd
b%#
a!U
dj7
dFy
nt'
g"0
fU:
cbc
g}T
iHL
ehS
h]*
g%\
k%\
bl5
eEn
fnB
dj'
e\y
b2p
g"9
j?J
m2J
d=L
em2
dA"
itB
ePC
d^@
nwB
dyd
j@k
d70
kze
djv
mfa
bix
b2z
dyi
hW"
h,B
i$O
fkc
i9I
kM8
m6T
mWX
bv2
eEH
m20
huT
chP
bx.
a[%
l(6
c*n
lx,
bho
b/R
k!|
h'R
b{,
bOu
m!^
aO~
kW`
ei-
jUQ
i[D
iD&
lDh
gT$
lCr
d(%
hS=
l'(
gN_
cvo
b^Z
g7|
ct<
g7}
kET
m@Y
krv
gHp
lt*
ip5
gX=
c,{
ds*
krB
mRk
ewF
krC
g}M
bs*
hnp
e2F
iLA
c\0
kXr
j!5
ejd
jaK
a{C
foK
krS
i9.
jTv
i=O
h5h
h)4
hTj
l>w
l])
hH#
neb
ip:
lx?
mrG
kdy
i=X
cMM
auV
ce\
a,l
e69
iMt
eb0
f.O
hwc
e6$
dXm
l3%
jU]
gUo
m+w
e+|
axw
l~D
g|0
dCb
aZ/
b'1
mXu
liL
btm
j[W
g8R
cbr
cIY
jPZ
cv#
bK-
f_<
g8W
au)
dRa
jY[
aZ^
cQ|
hBq
b?D
kmA
h9f
hV|
m=g
gTO
d83
dZm
eO!
ms.
exh
b!3
aGJ
jr*
gM5
eO&
h<*
h2O
m+V
dTK
dFq
h.M
jC#
a&8
h}a
jX5
i^v
il$
aq[
d:H
aq\
j/O
h&<
c?1
c[=
lWB
e%=
d\l
e(C
h')
gs%
m$h
fOc
it3
bbv
dRf
gk&
i/f
jd]
mxK
gEi
csb
exG
nsv
jDr
a,v
f5(
bY,
lcM
gzg
aro
hl@
g`+
h}C
aIm
a-o
c&6
g\B
lcV
i-$
f5?
hi>
j5N
ltM
bY_
l=M
foZ
a|w
ade
isH
adf
jim
h}N
glb
f0o
c&'
hQa
i=b
aIz
h=A
g?@
fiZ
f+w
fL/
l!{
ex"
d3D
gxB
aEA
k`s
lS%
i|b
j{o
fZ<
k7<
efR
j'Q
jlA
no2
gM}
m"|
lE1
jr@
fwy
iAO
bAI
h3*
gNd
j?,
lS>
fZ>
no"
csA
gNh
bG~
djV
bpL
fV}
jRA
g1H
h_&
h:"
hs(
kCu
j#s
ghF
g#M
mVV
c)#
g:O
kod
drn
lUC
ghJ
k8m
dRL
kCC
e%{
bD*
acP
mDL
fwW
bVL
mr-
gNA
cGE
evo
m9=
c!H
k%W
kib
lTm
bHw
g4{
iV\
e)U
drB
j,F
mo!
drD
aZw
l:d
dsu
fan
i"s
hJe
h4o
cU"
aLw
cGR
f}i
jR4
jr{
cYj
jl,
h(U
j{$
f!+
na?
j9i
kC0
cGY
cM"
a!(
iA`
l#+
b:d
feX
i2*
hgs
m6U
hgt
k4P
dP_
eUn
h0]
cC5
b?G
m.)
mD$
iGU
m|a
c<k
bTw
a`F
j]?
f~'
h0L
aBf
k`N
l,F
jOH
acH
eRh
hgK
nc,
h8a
dQk
fZ^
mD:
c!r
an2
h+n
a@R
co1
fY?
cLZ
gv0
b#3
c<A
cC<
e%b
bd$
fY^
aQL
c~Z
kjs
g~,
ci9
k`4
k`5
b|u
dQz
b62
aU@
kk'
luz
e%j
gYw
aBC
gok
bN%
ijm
mA9
k`%
aYP
co,
lnG
c):
dQK
lB3
c.G
gPJ
kk?
m62
k4{
i!8
i-d
lB8
cGU
j^C
c)&
a#\
kk^
gsl
jT6
fgJ
i3I
l,*
fDw
b9?
dQX
bu-
b.j
m7(
hV4
a,V
fHH
lPC
gO1
g?1
jxZ
ifE
g@G
bAg
a!/
dM0
gop
ake
a_y
g7E
l36
b{-
a,X
a,g
jfn
huX
bR*
iVg
i[H
e{X
i[I
khl
e*$
iZZ
isU
eE!
ifW
f4:
dn9
g&1
aG\
e>p
kt&
hu9
fIX
ll)
cjb
kNf
iXI
gsp
e^p
d7,
i\W
afC
ai@
bOZ
akz
a"+
mi_
bO3
d+N
md}
d-G
f$s
kq\
h'@
ku[
hJc
atz
lP%
kh-
fb0
kYo
j}+
dpt
jiy
gYq
chy
e>J
lck
igp
lP,
b|F
i(9
bAX
lel
fMn
a,S
g&?
c$D
iS[
m7>
dn}
g@l
kWx
d&~
fHZ
g#X
eq:
hJv
dlq
g%x
m$s
i[/
c.u
f*,
g@v
lqd
hve
dR"
nl*
m+_
