obs
lwp
jpx
auls
aglw
mab
jdn
egd
hud
bair
bgun
gwo
bgph
axme
vfp
avbu
bpi
lxb
baix
alsi
atds
alsk
axzw
anek
bpiq
bmlc
aumo
afxb
axys
aumt
bapy
bajo
bmoz
axz
arcn
alek
ehi
awz
jeu
vfj
ljy
agnj
avdb
rdf
ajuh
odk
blxi
adrj
brvj
bgpn
aid
altu
ytq
bakm
mpf
abfe
lva
pwd
lyr
azvo
vhk
lks
bakt
aptu
dca
agof
alfq
auog
bakz
gxr
qgu
nxz
blgv
xki
agtf
apul
brca
bfle
apfy
glk
qhe
asjx
apgd
zln
wta
bflo
blhm
abgl
bksv
alvx
dzj
abgp
ajzo
bfkq
apvh
bqnv
axly
advi
cey
irh
akob
akpo
bske
jrv
bktm
aybx
bqog
blgp
bktp
cmu
exf
esd
qij
abhl
xly
fow
abhn
xma
aifr
zrf
uot
bqou
bjvi
gmz
apwj
bskh
apwl
bexl
bgov
bfne
anht
jdf
akbx
icn
pqb
bfni
akcb
bqpg
bqph
bjud
alqh
xms
ayde
ouc
sol
bhya
blnz
bsuw
bixw
adck
bixy
aesu
egu
wyo
wxl
urj
aori
aetc
dsh
aetf
alwi
avcm
aetj
wxv
atjb
ixs
typ
nbh
aetb
auej
wpg
kwf
biyv
aetr
alpz
brvx
aios
wyh
bcuz
aose
aosf
axig
fye
mbd
fyh
anud
aeud
aosl
atsm
nqd
ljo
fab
wyv
azwl
pvm
bhyk
usz
nqm
sfu
bdtz
afdz
aote
aoep
awym
bduh
arsi
abmt
bejz
yup
bekc
bijz
nlg
ole
nrc
bpzk
aivg
avux
fdx
qdt
ajld
bsxn
ayth
giw
aefj
bldr
asfi
evo
aefm
uel
exy
aefs
bjpo
icy
pqt
aefx
uex
fqe
ajlz
zdj
amnl
gwv
ide
abid
asur
bano
acsm
ufc
adqn
lya
mau
kin
asuy
asuz
bqiv
agni
avzr
adqv
adqw
apdo
asgn
axhp
ajmr
aklj
san
afxq
bjtd
idv
auih
bjqp
bimc
asgw
aylr
anur
aixj
bngd
ief
bpgo
zem
ieh
afxs
sbc
almr
hsi
iel
aswb
azji
bims
hui
bimv
hox
mni
alev
wje
atvc
bhdg
ucm
ahse
atbw
bcow
ahvn
osw
ahdb
amyi
ahdf
anod
yot
rlh
otc
bnsc
ahdg
mob
amyr
kgv
bcpk
rlp
pgo
anor
amyz
bhsx
mol
bhsz
rly
bqcy
pgx
bnsu
cog
anpd
bnsy
lyn
awjd
amzo
bntc
awjg
ajes
phi
bkfo
ahts
aijo
yqc
mpg
rms
yqf
bntm
wzu
anbd
mpl
bptc
bntr
yql
rxo
awjx
anbj
yqp
yqr
bhfs
bihk
alfh
acxk
jua
amof
asvw
bgok
balf
bpec
bcwg
evw
azuo
begf
lzk
aowc
azuq
dmz
arpm
azus
angr
bmoj
asnf
amjr
balq
jgl
bopw
amoi
bjnu
bpeu
bgpf
tqr
vhm
bruy
bgso
acmx
alvo
aolb
bjnk
bndw
bpfg
jyd
arcu
boqp
aydw
exa
aglu
adbz
jfs
axvj
bcaj
htb
bskf
xhg
exg
ny
bcam
acnp
arcz
bskj
trm
awlu
bhte
bord
bfok
mjy
amld
oed
aqew
azir
tru
beuf
fez
azit
bgce
bang
acsn
aziv
bzq
pnh
bsky
alwu
amlp
tdl
azwt
arsp
anvr
jwm
egc
amlt
bcsy
bjhk
adeg
axhu
bant
agol
apxc
auin
avru
ahwk
oek
oem
bney
bsgm
bsoc
apxi
aqmc
ckm
aosi
bfoa
ybl
brfs
bfoe
mel
apxo
amou
qka
ayzl
ybr
achf
brgf
tdj
aqxe
blgw
brga
qyi
apxz
ayrx
aqmu
adhe
abjo
ayek
avsx
cnp
qko
ayej
ahel
aqnc
zxn
begv
ayer
jhi
bark
avfe
ofu
ahet
avtj
afhr
abkf
avfu
aykw
agqh
agqi
apyx
avyr
bnhm
bqsm
bqso
bfpu
avxp
aqny
abyk
hbz
aqob
ahfn
bqnd
acqe
ahfp
axkh
abyp
abys
apzr
beuo
arhv
xhk
lma
bpjv
vhy
afvo
lmi
ainm
aflm
bctn
vif
auow
agpw
blyt
afzj
oyd
nru
goi
cky
cvp
ajcd
ycl
vio
afzp
gop
avxw
goq
afzt
blkq
zpy
ejr
aupn
awjf
nsi
cpe
bicn
xoe
blzp
bsgp
zqa
aksm
apkx
nso
agzk
aucg
mwr
auch
blzv
fbp
cpn
jmb
blzy
xoq
abxt
aqzm
vjo
aksy
aksz
auqi
azsr
gpq
beic
cqa
blmu
cqd
jnv
gpy
hlr
alie
abvs
wbd
xpj
agqf
xpl
bjn
bkgd
ajns
bekj
avtn
bkyx
kae
axnt
beko
nwu
mbu
bamr
bkve
apyw
bspa
apiv
kyj
atfn
akcx
axoe
qzi
bkvm
uvh
bgcm
akdf
pc
vty
belg
akdl
akdm
bezc
bezd
bkwa
badx
axbe
bkwd
btw
axoz
belt
ztl
wza
axbm
bics
scz
hcu
ajpi
ztq
oyt
axbq
akef
azjq
aovm
brwd
bkwu
apvm
kzv
dwk
beml
apko
zuf
axcg
alxn
aowb
bems
ajgr
bkiq
zul
awzk
ohg
sdz
pqu
atky
bnei
bhum
bzv
bosj
xds
aksv
atld
avub
xab
acsr
atlg
bhut
baoh
aevs
bduz
bqsw
bdhk
bhuy
bewq
bjce
wua
aevz
anqz
zfq
zfr
bint
acpe
bqky
bqkz
ogq
ifq
aofz
txl
ifs
zfy
areu
aoge
cwr
qlu
pmh
anro
bdr
aogi
hmr
nek
acyw
bdwa
fub
bdil
arpl
aogn
awom
aejh
asxw
abfs
anyh
asyb
bjdl
aphg
nev
akym
aogw
ayuk
asyf
bdiw
tfd
ansi
acsz
atnc
nfc
tdh
aejy
bhwt
abhm
bipg
zhg
mdf
bdw
gcb
gcd
azxc
aubc
run
ugq
adse
jmy
aecd
ugs
brwg
abft
rtm
bslq
aqjn
kle
biwa
wmc
tsx
bpvx
iht
mqn
ctv
alye
bqax
dbi
arts
txw
azxy
vst
roe
bpwj
adjw
mzg
aizb
aylg
bpwl
snv
wmt
biry
rdb
yer
wmv
bljs
cul
aegb
aiho
bsmu
bpwu
aqpo
asjc
bpif
tyv
cur
adfx
atqy
aizq
azyt
fxp
acbd
bok
bpxf
muo
adgh
wuq
rpf
wnr
rpi
bqoy
ajbf
ajbg
bchl
aimp
bjtu
bafx
asjz
bliz
fou
emk
msi
ajvx
afzd
bpji
kbm
bcdo
bhfv
eyk
bik
anbt
tyf
bnug
ovg
bqfy
bcrn
ajg
bhgd
bcdx
bexo
bnfv
bnfw
ajxh
ahgm
bced
bcef
hse
tyh
bgru
ahgr
arfq
ahgs
hzq
bnux
goe
amnu
bnuz
bapi
blow
avwn
acdz
amgn
awlm
yfd
awln
avwu
ahij
rbo
arjl
ysf
rbq
bgsq
bngz
aupb
avxf
isp
rbw
ajqb
ysm
zoi
bnhf
bnvy
bnvz
ahwo
apwx
acqh
bgte
ysv
kcr
bfit
bhiy
jyu
wdr
bgtj
ampf
zok
bcfw
htw
blza
bkcf
ahxb
awms
awkp
bcgd
kui
bory
ahjp
arzf
brwp
acoq
tfj
aqrh
vkn
vko
thd
ydw
alzw
ajml
aren
bmcj
baog
ahxy
boam
acpb
azjx
vkz
ayui
aqpe
cwy
alxw
yta
nyz
acpk
jqp
oiu
yen
bfyc
brxo
briy
atij
tgi
tgj
hfj
tgk
azkp
anid
ankw
alju
emn
gtv
brjk
aljy
bpng
vlw
udg
tgu
vlz
ajkg
bmsi
mdl
oiq
bryl
alzb
blyj
baps
ptb
amkq
botx
vmh
afmh
end
ampx
alkq
thj
eng
hfo
csm
hfp
rus
hfr
behw
alzo
argp
bryv
brkl
baqi
tzw
bmeo
vyw
enr
vmy
acrh
ajkm
ablf
apld
bfau
bawr
atiq
axql
elk
jit
ahxe
axqn
qpk
aksl
him
axqo
aymo
ablq
alkv
agrq
blky
aplr
aqbk
bgfq
lpg
ryk
gqz
jkg
bckm
bfrg
npb
grd
adow
jkm
bmek
lzq
ruz
jy
agdp
lpu
agds
bgev
sti
aqcd
avid
pyx
aqcf
bgul
agdx
mls
qnk
acrd
gru
agsu
bohn
xre
bfdn
bfdo
vji
fle
axse
abnt
barh
qnx
qny
aqcv
abnh
ager
agtk
aget
abnm
agtn
bhny
abnq
fxr
autn
baqm
lrc
sup
dae
suq
avjm
bchd
absq
avdo
dxb
brjc
aucm
pzb
acmu
aktz
blno
afoc
auds
dag
uxp
ivu
bein
dxn
apzu
adtq
audz
afol
aetp
uxz
bgwn
pzs
dai
afos
afot
puq
bkyq
zvr
xdo
usb
akgm
qag
akgo
avkq
akvh
aufm
bidw
aezr
uaq
epg
nvj
nvk
bghi
brxf
dys
aist
banh
bgdm
gea
bjgi
biza
xek
bosf
qaz
bcp
bizc
gek
bjgr
aufv
blac
afbq
aetx
bjgx
afql
akhu
bman
bdxi
yho
bshi
ihj
ujf
ujg
akz
bjuk
abot
avkx
aohz
sej
rzm
axcz
azlf
bdxs
bpol
bjuq
axde
tjg
ajqy
bdxw
ihx
audb
zif
cef
bghp
bjuz
ujz
lbm
auqt
agvl
bjvg
kom
aurq
bkla
axdv
dlf
ajru
iab
aojd
ajrw
epi
lbz
bklm
avzt
nhe
aite
aoyc
fes
aoyd
aoye
aquj
bkls
aoyg
bcay
aojq
aoyi
beoz
kpi
awxt
sgb
ably
sgd
bjwq
bpou
bepj
avzx
sgi
mnt
bquc
bquv
ajef
aokf
abpw
zka
bdtp
ajtb
ikw
chb
adur
fpb
avre
bips
bizq
bpyg
vmg
yxr
won
bnxd
bhjw
ytu
agdm
advf
bpok
acdl
bpyo
aupf
wov
aelb
advk
bhxy
sop
yue
uzo
bcut
bnka
aezb
bdqe
yui
rqx
awcd
vqz
anuc
advu
anuf
ause
atbh
aoth
taf
bpzj
fqi
yif
rsg
adwf
sbp
anfx
ahls
qzc
aslz
bpzu
bvq
fqt
utx
bpzx
atzb
bnyt
asmk
mlg
awbk
bhzk
hwi
bfrq
aems
yvp
yvq
asmu
agsm
bhzs
bsdn
asmy
adxk
ncp
awmx
oxr
avnk
msq
bmiq
mer
qni
oxy
uvc
bsol
bovd
bejw
azmp
brzw
bifc
arwe
atre
wbt
ains
nqv
arht
bsgz
aouf
ainx
adhy
badv
bqdu
wce
bdax
aioc
arib
adif
bnzd
txe
pv
awof
bday
kap
wcm
ahys
aril
asog
bspq
aiuc
aioq
adir
axog
mud
mue
joq
ahzc
arnj
arxm
awqj
muj
apxd
ozn
ijl
mgk
qpb
azog
fcz
wdi
bzr
adji
bsqk
boxc
azon
awql
azgh
wdo
aryf
aobh
acty
hga
ibe
bgtx
bgty
ahjv
axkv
aob
bmtr
abnc
baqy
mof
vut
qvj
avkd
anls
avke
bmuc
tea
hgt
fqc
rdo
yzv
yhc
oqc
wjn
aoui
bghc
amby
rdw
ahku
ahkv
belj
amcg
amqy
bghn
lqp
bgvf
afei
bmuw
bcht
bchv
basg
bchy
arkv
bghw
hiu
bqho
bnjy
aevp
bnjz
bdco
amro
bkhj
qpy
agvy
amcz
akge
yih
basr
hjd
hje
ajox
bgwe
zbt
basz
bmvx
aick
bnkr
aqdx
bdtn
abnx
hky
almg
almh
akwy
awuq
aukt
nwq
uej
xsm
aqsp
qpd
abom
eoj
rzg
nep
nxa
bmfk
akxg
bokf
aqtb
dfg
pe
ayxj
blra
boyx
ayxm
aqti
okc
aqes
del
aqeu
abpg
bq
gue
lsp
guh
abpk
wiu
bfuq
xtp
by
blrp
abpo
ayjl
xts
brmk
apnr
acfl
olg
vou
iex
bqxw
aque
bdcz
bqya
brmu
ybs
wfk
akyq
qrt
asuh
bkhq
nym
vpe
aqdl
ayzr
aduf
ayzs
blsj
afzx
ltp
bogv
gvh
brnf
abnw
lts
boiq
acgi
bfvu
agfh
adqf
bfut
awrl
axfm
qjw
axfn
aozi
zxm
lsb
auvd
adpt
augm
azqs
aozn
bjpr
auvh
agft
bawc
beqi
aozs
bsfa
auvm
aiwf
apon
ldx
bgzj
aozx
ajwt
svq
adqh
apov
aghi
bgzk
vaz
aghn
fcm
axgs
awrq
acet
axgv
aghu
bgu
ahgj
bpnf
lew
besw
bgzn
auwr
aidf
agie
axvb
aegd
bjfo
axhk
bgy
agij
bsge
agik
swv
opf
swx
abcn
asut
abco
axhr
amgt
abcq
bnru
lab
auxh
auiq
bmfz
vcj
wao
tnm
jap
ech
wfy
akhv
aqtn
bnlx
qbr
bsfl
wog
nio
guf
ajtl
ajtm
aenp
brpu
dup
ajtq
bmzj
nix
xfr
hly
bkni
acfd
ilt
bith
pyo
bknq
bknr
lr
lst
shr
afcy
bgzv
bplc
aqrl
xge
apkv
afdc
bitr
riq
atr
akjg
aidp
atei
gul
blcx
hmy
zlt
akjp
aqxm
imq
dtv
xgt
bjqi
bjix
zvi
ghr
hwx
xgy
brqa
pqi
zmd
aykl
aepi
bnqz
biup
bolj
bldq
six
bpui
aklg
tny
bldu
gfw
bfar
bmiu
atfi
pyv
afem
olf
zmr
acsg
bkyl
axgj
uwk
agiq
adrb
acno
aokq
aipz
umb
bsg
anwd
arbo
aiqe
bkyn
ajex
bjxl
anwh
bkde
fsg
bqjf
dne
tms
anwk
bawz
emb
auxp
biat
bmgr
aiqr
bsx
nde
biaz
anwx
dns
bsgy
btd
aolt
aevn
ajfu
wsf
acfr
bdnu
nuw
mwq
iwr
bjyn
anxj
oln
aome
unl
ajgh
zfd
becx
anxq
asvp
airs
uyk
aopw
fzr
mta
azcr
ksb
bidc
vpc
anxy
ver
srj
bjzf
dov
brmx
ksl
aomz
pzh
ahyx
pvg
akyt
lnv
boik
ywa
axub
adju
kbz
pio
bnzq
kcb
auzj
asnh
akve
bcji
bdqh
bgwz
rvs
hnr
bagf
bowq
bqcn
aloq
czd
boai
bhat
rge
pbd
blmi
hxq
amth
bmhd
aogk
kxa
kcx
bkzc
rgl
adkw
bhzn
tzu
aqk
hxz
mjt
hya
hyb
amts
rux
bacy
asom
bpvd
bcyf
ynb
adlj
uqx
bhnx
autr
yre
bqyn
kdq
amhq
rhe
amug
emf
bnmu
kdv
oma
bruh
bahr
yeb
bsty
aspf
dia
bahu
vpn
daq
bhop
mlh
anjl
uaz
dav
abqp
mju
anjr
acyo
bclq
fmy
bsdh
aibg
azvh
boiy
zng
ft
sqw
rjv
awqb
azbp
binv
hkc
arkg
boyd
aqre
wen
azby
awqn
auyo
aobu
hkr
vab
bfmr
azpy
azto
azcj
awdf
acvi
ykd
brou
cdj
bid
amxd
azqh
aqwk
aqwl
arlg
bkzq
acib
agwc
arlj
baul
onw
bozg
azdb
alfx
azdc
anog
bnqs
arlq
syn
arc
ahok
ahol
aozk
ahom
acov
brpo
amxg
azrc
bozr
mjf
uxm
awrz
ldn
ahot
zav
bsfp
azc
wge
erq
hev
ahox
azrl
armh
aqxp
bjcx
bgix
bgiy
bgnw
amdx
amfb
tkv
zmi
amdz
svf
wsc
luh
amef
zgh
luk
cqb
ldr
amrj
agjr
aczf
ofr
agxl
qrm
avne
amiv
tln
dit
agxs
agxu
bmir
akhp
jqa
jqg
agki
bmiv
fkl
bgkh
amfd
bjgv
biua
erx
bqlr
bmxt
jqk
vey
lvo
bhne
adpb
auzi
alqu
vrl
bkt
auzm
bmyd
kfc
bavj
alqr
aglc
jch
bmyj
auzv
hex
bnwg
alrj
bhsn
bavs
bglj
dzp
jar
aexf
apro
xuv
xbn
jau
xuy
vcs
axwb
sea
aylt
axwd
aejo
axwe
abrd
pgl
nzl
gwb
cxk
bler
biou
xkt
hkm
anom
axwm
jbl
ihk
jbm
bgku
bltq
ear
albh
ajqn
oac
bltw
ney
aqhl
abeg
bdug
bfxe
bfjp
xwd
aptb
albm
esa
qfr
uji
xwh
gxc
blft
adc
gxe
fvj
bfxs
aeju
vek
aobz
jcp
blgd
axcw
bmdt
jct
txd
bluy
axzb
bfgs
azys
abfi
ajqt
aknz
obk
efs
obn
xs
bcew
brck
ab
lfu
bnsq
adq
bfza
afes
besq
bipe
aftn
lgb
alyg
dpm
bsjm
benm
axim
nli
axip
aozv
rma
bhnl
axir
knx
afty
asyp
aeh
aihz
nls
arbf
afud
benp
aujt
upi
axje
betq
dqi
bgli
aygb
xiw
aqwe
begd
nmf
tnw
nmg
afus
aops
gjx
fli
aogu
xzb
skx
afvc
nms
lhq
cko
begu
nmw
begw
ahtn
drg
apfc
aeki
uqo
uqp
aoqn
apfi
axdl
kgb
hmu
aoqs
noj
bvh
apqo
afvx
vtc
wtm
ajhf
ayg
ypw
vxm
bqet
bkpo
bkpq
bfie
prh
qd
awjh
kta
wty
axdo
aeqj
bqfc
voi
znh
aeqm
ahy
bqfg
ajwo
aypf
ajwq
aecb
bnam
wuj
wsr
pry
bkas
adsc
ajwz
aht
bqft
bifw
aerc
bomp
biwl
brco
ajip
bhts
rxm
aerk
aqgm
rh
biws
apcg
bqgh
ajix
aoxn
zol
ajxt
czg
rya
ajxy
akzo
bqgs
zov
bcqp
bkro
ajyd
gzj
ptf
bkrt
bme
bixo
bixq
wxa
bfwh
brcp
atie
axvh
aogx
ziu
bczl
aidw
anpv
dbh
bhjn
ankb
abut
abus
anyt
is
rwo
agip
bhpl
bdys
bczy
aiku
sqg
zah
awtc
jai
aitf
bdpw
zal
rfk
bhpv
bfwl
bstf
awth
bhpy
aiev
bklj
bdan
bdqg
iao
bdmv
phx
awtp
bvu
awts
bhqk
aity
bhfo
boeu
zbe
bjvt
boew
aqf
vol
bfhz
bifm
aifq
ceq
fiy
wga
mzp
bltm
bhqx
bhqy
pew
adbe
aiuo
beos
aiup
aobr
mtq
mzw
arov
aygh
anmb
bofp
udn
zje
bqly
anme
axwo
aiuy
fjp
bhuk
zcd
bhiw
zce
auz
aivd
bnoq
acwv
aoyf
acwx
bclw
bqzp
bsut
bpqd
tnk
axpz
acxe
jte
bcmd
tnp
ascp
amvr
bnpf
bpqn
bsvh
begr
hna
lzf
hnb
ymi
bdzh
bdoe
acxr
uyx
bsvn
rja
acly
arnl
rjc
ulb
kfr
ogy
bcmx
roh
cmw
adnu
ktz
arnt
bprg
ahcm
mla
axcl
bshj
gwp
bnal
arnz
bnao
bja
acyn
bcfl
vdq
kgf
bswj
bopl
asdy
kgj
azgb
adom
oaf
ayxs
bnqp
bgoq
bcnv
aseh
azgc
bjo
avhb
bgnv
asiv
adou
asel
aibt
brug
bsig
tpl
ikl
adoy
bncl
amxr
lzn
yob
arpc
yao
acjd
etb
awmv
bfyr
bsja
bkez
acjg
ayqm
lyg
absc
ayom
xyr
jru
bikr
awfd
lcu
aqjm
abtx
abel
awfi
bmok
ayov
avpr
ham
oal
ahpy
brul
aug
azey
avqd
bqal
bkjt
azgk
ahbr
xzq
vto
xzs
aypr
yau
aqko
rov
anwf
bgai
abml
ackv
avqt
bgam
tuz
awix
azft
mbh
avd
aoef
ajtw
ahrb
acle
adrh
ayne
awgu
brti
avrf
haj
sgo
ahrk
arbc
azgi
alud
yas
osd
evl
vj
brfd
avrq
njc
