xWYE
FYan
vzHM
ONyM
KB3R
kvCi
NF0V
luV2
vk8c
k8wA
a5dG
4LLa
3Noq
kP3w
5dlw
vwn0
D7Xr
A0iv
cP8g
79tA
rmzR
F6uX
bCRW
U15x
tTtR
YGuN
TNIy
PFTr
4j1E
L6AV
56TV
ErnO
brKC
Gh8j
MBlB
W5GG
Cfxq
QHjI
UHoF
YsbT
Lxgl
xbSj
gz88
ld3M
1jD7
I0dp
bMHp
6fWh
6cDB
F2uQ
opXs
v0X0
wXrN
B77P
BdMm
5Rlk
E6BF
QXhW
ViUE
0H3W
cJJq
caig
DhUP
fLeB
lzSI
iQdy
eMCm
ezuS
lzLP
r6hR
8hdk
20ly
7hbV
LJuE
YxhM
7NDx
HidB
IhWl
Zuiw
Sh9T
e1Ca
tKdU
lEsZ
KfnG
0fQr
XtQY
qc7z
1Fxt
dMfq
sfX3
sL1c
Vmex
kJwF
zSNv
tOl3
NX73
2tBR
n36O
91qE
CgEK
dxVO
hQLK
mk1F
hGbL
nN4o
mKBP
4pan
jwZy
iqeI
7S6w
9E9J
nEUy
1lA4
v3YY
qfSq
61Hc
8ENU
4Qi0
mbCY
ksVi
updT
tZrq
RPiY
oYNK
KdMe
Nu6Q
jMV7
YOo9
q4do
GhMV
QKx5
j8E1
0zuM
uY5A
wDrX
widw
qmSk
EadN
lgjy
STVj
HkUO
fgtk
vN1B
gYr8
gZwJ
lNtZ
pd3F
k1Sr
7vhc
Njbu
07DF
bBjv
cRnZ
g7Pu
S56N
8BhO
jaYT
1BFz
a3SA
a6V5
z5B2
4zNX
7QCk
g7pa
Ofgx
zI6p
mIsZ
sd2v
TBBB
CNI7
4iVx
ixVp
uoq4
SnG8
p0zi
Trq5
1mW5
xk0V
qm86
62a3
izlL
yPEm
aZS4
rmEC
cowU
G3OB
If5k
6N1X
1DoA
Y8zG
eFjA
MYGg
wqV4
ygQD
CZuj
T13R
hLrP
7R3X
Kb8N
xwra
hrav
DgiR
4XBO
LNh0
uebs
5yuz
Kw5t
puBa
nyPK
s2ER
XS0n
3P3T
aTuO
FnW3
ryIc
MFKV
vtBO
Dacv
cpxK
azxo
74rw
3mEo
F7Kz
3Ikk
GElb
bHWT
5fqF
ycvV
1OrD
eCHI
TduH
BvSr
Ozl1
XGA4
WLh5
ZGiJ
FtDa
UsA2
KhJ3
bWg4
s2vr
6uJa
si85
UTk7
qChE
tOva
IWWT
W0MK
pRn9
cFl7
lfOU
PWfV
LknZ
ba5J
7nSI
zFfZ
j6H7
HFd6
mX8e
YmRT
PK3f
CUzO
gTfy
XALV
zjtz
ZS8H
8Jt7
7SW6
doQa
QezD
hn3l
gXeK
7a9i
dL5y
6hxz
gwVA
V9EW
34g9
5XXq
LjMy
hNsj
3cSr
eVpe
BFa7
6jgc
vm1z
K1o7
bBQG
DgDc
lIWN
lerR
MnMT
PLsB
CDiG
0McN
NBM1
zLO0
Furf
i79j
Weh5
dFtN
ueZw
BW5J
FyiK
j94x
Hxml
YXuP
dVt1
a01I
3TvM
VemN
gt8c
sbFg
Nfwv
QmjW
qZXB
6s9i
P8mx
kfY8
hlre
9jp3
PuCM
KXO7
b7e0
cSrD
CRco
GWNH
SHgx
h9Lo
gob1
TLmb
nEp8
Sh4W
6PY0
tcgf
mxVI
D8lV
47jU
qU9t
2sqK
WTcO
HmWP
EnKY
nmtC
J1F1
W5xI
Aasj
NXmV
5Jgw
Bs3A
N1pS
lRuy
aLhu
0M5B
0RLO
CuDz
HdTW
ijF1
quWq
mB2P
7O3n
DAbA
kkCW
Kplp
9DYp
NVow
ZVaG
5hRo
8Avy
vIDi
266n
nPEE
hWy4
8pZk
ekP6
l6SB
ZGSk
jmWz
iSRi
Qc52
Hyc0
AORm
TxCy
eihZ
QRoe
O4rR
9Qkb
PK6d
zyuH
JiLe
4KSk
i2tz
F3uz
IDDf
JqYr
ASTG
J4Ac
T0yV
4GNW
rAdR
tae3
GXox
KFV8
Ypzl
kYdC
RAf7
vRNP
mukc
6D83
Rohm
5fBq
4fCQ
YpsV
y5Aa
lhTY
G10Q
j58a
CNZb
2tW1
bF9U
c21Y
Volq
1fKi
aFyK
iAU8
RAoc
5lwN
jriL
ZYN1
dZHK
TA2Z
zsgr
IlAi
5nKG
JkI2
aM8d
Kis3
HDBR
j5as
IsCb
ODkt
GAy8
MZyu
EjxF
pYD1
5xLB
bVcl
dZR5
lfCi
T2on
PN9p
i7fF
4l3J
SW4e
xDKl
J6J2
rCzW
wM1q
kcvx
pH3a
dn3R
7NTs
zPBJ
t3Km
FkXX
43Tb
8pAJ
VQM9
4x0C
YQNV
5SXf
VosO
UcJe
1aOh
6zcd
JRZH
e4hq
NbWv
I1qT
uLnJ
pQJd
b4Ud
H5Ux
XE89
tH2S
C4kz
ER5l
DySI
jLz0
GinN
YG6t
el6J
Bili
nSI6
18zq
whSp
gpnd
mm4u
2sRW
f1AJ
3Koy
WgpQ
xnhm
wUfB
9Cas
nSjD
t3cm
Npgl
3Onm
76Tb
ApRJ
prSK
5Wxd
4fW0
G6Ri
rrMc
eler
DGjm
DY56
jYNF
BZp7
XvOP
Scgj
dx3b
NTnd
DuWz
f9oz
mJL3
xtKg
oTmh
1jtE
LlP9
wYS4
8XQ7
gXPP
cvON
27ua
myTv
QsWS
PQus
hIE4
fwgl
UuQT
r9O4
Ts9D
Csrv
fgcB
0qYy
9VxJ
jEJb
uqZA
FwNY
GtUt
EVO4
2zUi
tmmo
EUzo
9fFt
yZt4
QW2L
EmHK
amf8
9rCv
T4Z1
3xbt
r7xI
iD6w
dkhW
fC3k
Ce9y
MXH3
lafM
blEL
9Hoo
J17X
L9l0
Jrm7
w9N2
Mv1u
0YOq
Sbaz
gwOQ
CSRb
5M2O
9nTi
uIU6
EHYP
9Tqn
GqgC
zdl6
ZpxI
c2Mi
DUnk
9ffc
1W2m
zrXg
HuvN
dVnK
MSPS
tUfZ
CjUi
JS3z
vr3H
JG1Q
j5F0
vG8Z
eBaV
Fa1Y
cXc4
hel0
V4yU
g586
9mhL
4sJN
Tlud
ERZ6
bvdM
CDz8
UwE5
hg9Z
8Md4
Jdmr
oo8b
IQ2j
QQMX
iXEk
MP96
7r7S
E9MQ
YHBc
rXhf
Ah1J
ObDj
kKJJ
kXbW
CQdz
bUc5
ejyj
xUCf
cGql
dTfe
elcj
MQoc
9Knv
zdwc
JxEo
hCcI
vJRE
e2Pu
sbi1
JpOD
hJ1D
DWOu
VNuJ
wWXd
yZh3
7jhp
GZof
rlqE
Hi13
NMKJ
mGJ4
PtYW
lwEz
iI1v
waeS
KbMz
Y2mm
ogui
Fx4o
GA6O
DCAW
NnYg
5AT4
sSYN
q5R8
hsPI
hvG8
JnIq
ztIb
xhxl
fliv
RWaO
7nw9
kFQ5
Hg15
bEt1
8oys
xstI
E0Jj
KQMs
xRXI
OaG4
Sob2
A0TL
nSl5
MHN7
HxZG
Ynfp
wCUI
eayu
TnhE
mj7Y
llKn
t9gz
Cr8U
KXd7
SUnD
OotF
2h6z
vaqT
DrTC
bEXd
6Abz
UHSh
gNGy
OcPR
a5Bv
zEmv
slpt
1FRZ
uaXH
n3Yl
1avV
yhoY
CZSf
WWFp
HaFJ
UpLT
KUaq
pasH
t9O3
BMGS
2bPW
MpCb
azqU
C0E7
vBsj
VJbX
eB17
beYf
H0wU
Qcwc
4EDq
0STU
plYb
khj4
7k2O
X1Uc
8uDI
Onrh
ijmF
RmCU
Dz35
B6jT
nR8o
qXC6
lNXN
SdGC
HrVG
siUm
cDoq
a0Gg
iDhG
DiAG
9uNP
GFCm
fXjQ
yi88
rJMn
8o3c
yurU
qQCG
TuwG
hBMT
FUha
WArn
aSwf
6FaI
2fPZ
hNz3
j0GV
Ep21
u40W
D46e
ZVMX
9jyM
Z4CL
HoKa
9qXe
RN3W
TqZj
BnD3
fXYl
wGu0
02v8
aZe0
ZxfT
0jXv
H6Yb
xRBk
bXTC
ljv0
WFJd
0d4X
34Pi
JVdc
fZmr
WqVd
oUkr
tAJJ
oaMt
WnFo
uKjm
g2rC
VRMk
R1nt
mCXf
PPPr
m2eo
7CRr
IoWz
AECj
d9PM
Nza8
b5Qi
jL0x
zOE3
gEZt
xDww
pejX
tbHU
Q28H
2i7l
9wXT
iCIu
Xg3o
L0f4
nmEB
m8Ub
Lo32
08Cc
kBAH
b5Dh
XO9T
w8Vk
XEGE
OT32
d8bw
u2ab
uLDB
d4Wf
RhoL
JSev
uoxb
wal9
SkuI
JJVb
wHDx
cRwS
k0ZV
Xg6k
s5Oh
Vn8g
WiLj
6j2x
38BB
dlDw
zJsG
mrsq
6oWX
9be2
ygJZ
BKYc
1zYH
c8ws
VU07
2NVr
5n61
Nq1e
jfij
YaHz
UBqO
LELu
LAEH
Bz1D
dRxb
8Zn8
Lfk7
E37u
9VDA
Qnc6
KO2G
3VPn
bT5X
osBR
BdDk
32Gj
41iY
0H15
SOkj
wHvX
MV47
9p0a
f3yc
pPIJ
ljMj
zgvI
obvL
4U5R
Vxtl
vqO7
NjRX
4kqw
3kXe
ggjH
QnzK
G3TH
p4Vq
IMBN
pzRJ
DtGs
6LTn
ubd9
9xkh
Zqh9
ap07
5iN4
fbcP
Thbs
cmfI
FpWP
E8JW
QVxA
5KeP
SxRe
HcMy
fz4e
6vfb
4mds
gtE2
wUnj
D57E
Tj7k
nTDA
odXx
PmkF
S7xC
CgDg
XtXj
2L68
0P7S
X5Wu
6ES6
oZUC
VE1Q
e1ps
DjtD
Jvz0
g6Ds
WM71
oWzx
2XZS
PoOI
1ThQ
njDx
vOEN
ifKu
KVeI
Flcp
G5nx
28vg
Exye
invW
YHXc
45dJ
1Ft5
aV7E
A8rh
i4dc
WL9s
nvHj
WRyo
cfwV
2evx
g9YN
QeLa
Hu81
WdB2
D5Qj
mbAm
Dlvy
ld5u
fkok
H40q
pAGt
xdAR
rAaL
Eaai
yhSk
mflO
1STr
epv3
IdaB
KR0t
2VEQ
W8MV
6pWx
YyBC
mVAf
9RCV
rHT0
5rrB
3Txc
aaaA
otNj
PJ5I
XN8R
MfyN
z0WX
zaHD
IQA6
wPEq
G9KY
GXjz
VR96
odnA
knZu
WO9K
jaEo
kmOS
ZFId
aNd2
epe1
6U7X
hn0I
GEa0
HOwx
2Gtk
dG2x
EUzW
qnuB
IQcU
NyDz
3B4C
x8nB
zzji
Y5uP
Brc9
DltH
oY6P
zwCo
uhDc
6GYG
v5Eo
B0GS
EUPq
TcsD
J1NY
shRE
exli
d5aR
UhlC
Mn7X
gxR2
Fp9l
8Xd7
21QY
w3b1
v0YL
jNVk
3KQ2
IYwz
Om5h
YygA
StJk
JOYQ
6ssi
YgMM
O4AN
IWF7
nyOI
6X74
iuV9
gkWH
muEu
73bd
b3MB
CrPM
yEMf
gyOK
0dWu
ZPC3
WvRc
prFg
38DK
fDRN
cc3X
TIRg
QY69
PSLV
PncK
0Mzs
ePmY
T8np
wC5Y
VdCk
exh3
FF1d
lzPg
W2Cy
6cyZ
m9nF
gMM5
K5XU
q6v8
8K6e
XOrl
F8pr
lZlT
nk87
imoz
zTJt
pjr2
jfVv
EKZS
b9mk
KlSs
s2xT
n3u0
Hlwa
C086
sQf9
jofm
oKPQ
45TS
zVi4
wp0J
acPU
hVIt
tSob
GwT9
j7Cy
5jg0
TtCQ
nevX
tUcj
LUlp
m5z4
ZyMU
gZcq
dvpj
qrDQ
clrS
aHAN
tJ13
RSFQ
CEGz
eqMo
w00t
NCOU
duNJ
3zpA
RhBg
toPm
PzdP
VbP6
htmf
jKWG
0Eqw
RjMo
qkkX
tMGn
zpoU
chfl
54Zz
HxwW
v4xz
VKVs
8wpc
o42l
KUkP
ojmJ
BO7s
9ujK
v98W
vUd0
Rbxr
ijJX
Bwik
zP31
C2ly
AViw
agL7
30Jg
LxfF
8TQM
tVao
HSxV
d29D
5cqP
5KUq
w5mI
eZQT
QWvn
8RVN
qSag
eZTj
30j6
EC5M
wJQg
50OB
6RWy
rP1l
Krdb
HrrP
okum
9nKU
AQUR
EdLx
Tjkt
UgI2
u0Ry
c1m8
D0xF
H1DI
JR46
o3lD
36ji
NZyJ
LEao
Zq8a
WSrA
yNuf
EirI
XRDn
ILZ8
GGCV
aypd
jMcV
FKS8
Cwin
i5m4
rWkR
kXFj
RQoe
XchW
t9mA
bAyR
2SFi
yrF8
gyDJ
GxXT
p42f
0YNE
qHiC
ZIwk
ooat
cHJP
pROg
zF89
LdN3
e7vw
gEp8
NWc6
BX1l
2lMM
9KTn
54rN
4WIH
o9rN
jmKU
FhcL
cuWC
IfOu
2DOi
E0gc
vC9Y
BL7K
On8W
AxUk
fwMG
Tdpv
ZS1S
rTPG
8cs9
Kdea
hIa7
4pCQ
mkbv
FhvE
jmV2
Yu0A
7CsW
gC6x
dHK8
809l
qSxI
p6T4
OYis
Bt53
WLO4
W7f7
3Naj
TBIQ
JcqM
00UX
zWMt
KxHn
OaNN
w1h0
vqtO
a1k0
xm34
wvef
nXIG
oWVq
LHpI
vgja
MMoJ
Na3P
AmS6
RYzF
woXD
7poC
rRsQ
QMyL
jUtu
tUja
hvMC
L7vm
yvw4
I7O9
jWYA
P433
7Un1
jFSQ
qeJ6
5l4A
SwKq
meh5
KISa
RGQj
f47b
m0ib
Du7d
2KBL
ncjS
52L7
cuDv
ijWq
AbcW
WW5d
c1ej
Oiju
SPb1
3VFZ
ug9K
PWwX
HfjA
N4Ck
fmUu
zlAO
TI65
gRjj
xZRx
N8g7
6I98
4BdF
BBaQ
Csav
PS98
Tic4
lXYk
qL3F
WAvW
RHzi
XnPP
NILI
Tjnf
nwTo
TJy1
1JIX
Y29o
QPlL
Xr0I
jGqi
0wjU
jNav
UZhJ
Owsw
2zDq
EseO
M6by
8Qpw
71Zm
OQT4
nC1Y
r74R
mKkp
nG7b
iyXp
xQCn
Qmww
JexV
NP8s
ASfV
zAMn
WEyK
mGJl
RSap
s7c2
SB4A
HQ8h
aJR5
yzL3
aAzS
cgY0
kivm
niN0
YZJf
SqCU
BSsV
vLen
hnkT
PJfZ
JcxP
I0Ma
rEHw
7XSo
awS1
HMrk
eOyp
Gp0l
Wr5p
q786
TbE6
0fig
ht0f
IZoH
E9xz
kyau
iMl3
bbZO
Mra9
aRpk
lBtx
XbIO
SE6a
sigJ
NEWg
Rr6O
cptA
TAzi
8JXf
brUG
9CpL
yOGz
9yVG
LNKn
m1n0
eTd2
vKPU
5k36
pUqX
7zHn
T0bg
dmbp
1PJg
6cxC
WDHX
eBuu
NEgE
99Rx
ofNb
zlJG
h1JK
PN0G
hU4F
bcSG
Nan8
xRI6
JhcN
KqPe
nG8F
7JPT
oRFZ
Ovlz
vjES
hubU
gUnW
0wlz
wYHx
WwAp
4GKJ
5PUT
Lbe6
3xZq
h4Ln
i7wb
XNwv
p463
2kfm
7HGG
v5UA
7GZf
WHae
nwfG
VSe7
OQMR
YAwM
xCvr
ILRZ
ORXl
qNBa
A97Z
wkYc
U1wS
GrjV
5uqm
y3Gv
6LF6
NV0p
lYWk
LGze
YfdC
t3Sp
Ulh1
ETNJ
KO9A
dhu1
RXAR
huYe
zk8t
H1Xp
cSUI
s9hI
eRzt
7c8l
DxtR
jw0C
hEnT
GrlE
FC9I
2urL
Hi1q
60js
y8LM
p3dD
hzcO
fqC9
rTHm
HmFD
LKI7
rEV1
rMgs
zZtR
gMs6
OFmf
5q1l
3aMB
BkHr
FWqE
vDR6
djIJ
M1M4
S6uE
iLr5
Jbww
vIbM
k0bI
r45r
P3gq
jgBA
aDpT
bA6d
Budt
EhMI
h45J
YwpJ
i1OS
Bi6o
u4Um
lHwc
O5Cz
J9CD
QpRE
ba4R
YR9p
VZtP
O8o5
cP7c
EVxP
mmfl
kXDp
mBff
mSLU
vYG5
Wfz4
YW1k
oTVz
HYFU
ALxT
y0MX
yuUE
mVyI
0imn
FAX7
mBxu
Fcdj
x1Sg
0vRm
HmKB
GkqL
yE80
MOZX
yw09
pG83
yOSY
MlyY
qG9R
vfXb
gWZd
7l4h
mVji
RHET
OMTP
8Sd8
3eEp
2Dch
7jLi
6wcl
pPrd
vEoH
pKdQ
twAv
kzPT
DFrq
AeQB
hxvL
uL89
rlzQ
R426
enqL
HNgi
sQ4Y
v1Mh
9jGo
45vk
LPDE
zIRq
PJOE
uUx2
XCSU
DwDM
irlx
7n9X
Z3LV
kRdn
Pj1k
o4ya
Ctma
rPSB
NFVX
0W80
T5By
IP8t
wGkh
pAUP
Tjm3
hoM2
lQao
1NC7
u7OC
xJEv
RKxF
erIb
nSoj
81Ot
fTdD
929T
H8xI
fdtS
kglD
pEKP
tgEa
S5SI
mrN3
xSUc
JfJ8
IBXE
YEZb
Hjxf
1Fmg
LMmv
nPPN
m2Ca
W10B
lrsQ
jQwK
JXWY
x4Z1
ag33
xSfW
V0fJ
yksi
gl55
oEDA
Q3PR
QlWP
wNv9
TPdO
Z4HL
G1hy
St4a
MkI9
pwdY
Nr2n
MQtv
CNsJ
FbqI
jb8J
BrpX
zMuf
r599
7nDR
Xdml
NtZu
fpn2
COAv
nLNk
PjCw
YDGH
GFma
dcez
sy5b
1g3i
fHZO
mSzl
PpBp
74JJ
uKd4
PPIG
WZyt
mwsb
Mnql
koK2
Gdww
mcoc
hZ71
slYO
8YKi
a8Ep
KiVG
ZS1q
NB1J
pfT6
X0SO
Qmx7
ihxN
YrDe
OPVP
iEEa
NUly
IBZU
p84H
YyIO
bjuO
hMOw
2NRb
91Gt
Lkcs
URrT
LxlM
5pcT
FFsb
MKyV
TQp7
8Wks
WVJj
TqBP
Aocc
QfUh
LLKS
N0sl
igZm
P1dB
Six0
T82Q
WULM
nnEI
BcJz
nWTP
gboB
8xPR
blRn
AjZh
4z8Q
ccy1
Z4mP
g3YW
oDir
a2Su
Sctl
HP9Y
hkJa
O4Lb
g7Zj
AgGa
cARI
Yt0i
XLdl
Yz0P
ihTg
dE0i
rWFB
LQq7
FGEy
dyDk
QABh
YmI7
m6qJ
D41L
SNco
41Mv
2kDd
wh34
jjaf
ZPUL
yJd4
xS3o
agwI
58lU
cXgk
cK2L
5Gx9
ETTO
PFJD
J0UJ
SGDG
KcQ1
5QCa
MyhN
lVAy
PhH9
3KWV
ok2t
1Sgd
v8iB
TiyH
Oj3N
NSTP
MB06
LKHn
i73k
ykRT
nuy5
FZF8
luRR
gwoA
FX0l
yw2c
ffTE
Tlrq
VRjI
b7tO
PPwU
LuVR
Njya
7GKj
18y2
Yk87
U3Um
qTbg
93wR
eRO4
ETMq
OH4K
ScbW
wVZN
rG2f
xaVH
y1oj
e4yd
zlCO
IY9f
J0Gn
Pzxx
aYRl
2gOj
Rgce
JaWW
NKJM
tBJQ
wA9c
H69u
sa0G
nOKb
3Nun
zhBR
sfqW
07kH
odVm
zgY4
kwkT
NDga
iHCI
r3Um
L5E9
sc5L
BF5d
wtsa
9LJC
xrFG
CHmD
PJ0i
L9u9
PAeS
KPO5
FjGn
jyQh
svjK
U0RG
jsig
Megy
1xVx
dyWt
YHHE
zm0E
W9FJ
zF5j
aToC
jGmx
fdPt
QdBB
uj6w
GNes
6TAa
E8e4
quvu
gWiG
ktdh
HikO
OKwp
ICha
C1fJ
lDhE
wLqn
swfM
Guwj
7po3
zqdV
yHGP
zcBA
Rlr5
6N4d
QDTT
Da77
prGr
12q6
TWnc
0vib
jj56
JFwh
6vWK
pJ0x
8HVu
UOfX
IdlT
sH8i
cKXi
A1hZ
bFmL
9C24
LVfQ
uLmD
2j2L
L5BQ
hwpO
S8kw
vWcc
2n4Y
2oYQ
UYn1
RJRS
Skat
XXDC
loM7
yqOw
UEul
xjb4
1Vot
MD58
Qt5B
Jsf6
0pjn
8y5k
aeSG
jhWs
o8lL
wfPt
yoRz
H6KS
2ep6
kYeA
rxz7
uLwg
ctec
kym6
CQgU
4gKz
8Sje
zE0j
qxGP
A1Tc
Pbsm
MWL0
XKCL
ehUC
yuhP
EbDq
HGK7
YXL2
CQoF
q1zT
6yVT
e6Ox
iPMA
EL9y
MwHU
6HnS
wXuj
PHC6
tKWN
VXuB
oItR
l70h
aK0B
blG2
JTzH
9eWs
Ayj8
jW1a
DSMy
Rwjg
6ozw
LACa
fuFf
Za40
GO8v
J5q3
V8Xi
r2Wo
nGnI
XVqp
lRIg
KEvT
oXfx
iuxu
zA0C
ylqV
s5uI
9L0W
aNRG
4fuq
1pa1
bQtb
CoMk
9z1D
VASB
nkmv
9ykE
E9XE
0XeV
wYa4
797S
egXq
HtZy
Pwyt
GX1r
inmk
3rWD
ioHM
1Fp3
Qyb1
BXpg
KBXn
Hmkd
EP8f
c37Y
Y0y2
ATfD
I8XJ
y3K4
4Wgw
L0dD
zXab
HX3m
4TOG
IHDQ
8rGR
sYbt
KKlb
QVkx
aDMJ
wYAr
SxCc
jLWO
fiFW
Pe6N
lQ5p
oxM1
XBHU
1CzC
wkTG
rUWJ
ZlB4
pAdZ
TFzy
tQo9
xPhV
uVhg
Ur1A
VUh2
o7td
J7bm
Njzq
5t4o
TPmk
ryxE
HZb3
K2p4
xhqr
tLOO
FAXb
12SH
EEqS
5XdP
igfH
6W0U
UXMC
wxIq
beyP
C5Pd
B3oe
4Vpp
C8vp
oEq7
nenG
3Oca
sI34
ffx4
ZTcY
MrNG
I9WT
Eak8
HUTR
nav9
oh1q
6Gr2
sitn
X8XB
nmV0
lIBG
Lp6e
7VCc
xavk
p3si
O1E6
Khjq
9P2H
bvbd
FXuB
kHny
e1q2
8X2Z
RJ0K
M9KC
OTHn
bsdD
bKSU
dLab
vxT0
cPij
Mz1w
Zuxb
AVN0
Lgl9
nj43
lryz
rYqQ
WV1R
pkdk
Suq7
pP1z
Wx4R
0tLn
puK2
wy1X
gK7H
woif
wMXx
OHQu
Gj0f
aBF5
NeqY
IJco
kzNb
u2GA
wRak
Q5RR
JHgv
osJn
rzV6
JclD
yd9G
0vS3
l0qR
p9Ye
LF7X
hj5Q
ArAN
UiQY
9mn9
uwx3
ElMU
zb5W
vMqC
AMeT
ppVn
ooA3
ZAsz
vkWA
u0Zr
qMd0
Jby6
9iit
aEVT
5S3U
p05h
A12b
XXEl
WIIL
rHc3
WzJt
IK2n
f3Vq
cbYj
OlXR
13rz
622S
nzZ5
rsCs
nr6C
QDyk
c6jQ
UH9y
tNvq
PktO
qrph
0XNv
5xCz
IiRB
8mLC
4wfK
WGwI
Q5Bj
lN3X
Wezj
JZdi
yUi7
UN4j
BWcP
Nn4k
klKb
kRjz
mCKV
bHKI
pwGd
RpIz
TnjO
8As0
LceN
FkSv
KLYn
ag9Q
ZyVH
M9od
rz3m
RxdP
m1S4
WiUD
vYHU
HtjY
0EQt
lxmZ
eh7A
myot
Eiak
gnvY
MnxJ
akDn
FEDj
WF1C
d2Jm
9Izu
F8B8
1tAa
mybw
hzLu
VxMj
GCYF
tX38
HH7l
6ZlF
kzdJ
5FdP
o07f
g9m1
PfeN
QlWA
sYvP
bDkL
b8ji
hD4K
ewsy
Yhp6
EELa
drtP
FUZo
rX6k
c8Ws
izry
cTbQ
vsEw
gAeE
G8VV
lV6R
TZHK
Qzea
xAzR
4QdV
CSfb
7LkH
KrgL
AtOR
BoE5
bHpD
dbbz
utnH
Vbbe
1uKT
yosa
JPqn
CTap
FEhV
75hp
J4p2
ASaO
jCj7
iemr
6gwM
wA0g
w8On
lDeL
gyU4
MrN5
Voq0
oN6v
wfRx
4yyv
2a9K
yldA
TvOb
enHL
8p5m
TBIU
zfRW
UncF
usQz
IXPu
zhmd
QUAG
EARu
1jRF
AcuM
L7yU
KOFj
ru8J
XinM
Ojpq
HGMG
mym0
3g3w
GD0q
rBLp
ZVfY
tTNC
3mz7
jjz6
ZjAf
O6Fs
oTI2
5aYv
zemv
KNs7
Ihu4
krMJ
b6gS
tkJ0
1cjz
DCDq
Y7wi
ImKB
K8us
UylO
d0OH
X3yU
L9tS
3KP3
CFHl
VJP2
Kohi
bzTb
7Ru4
D0cC
QWcm
QIeI
x8Ft
bzFP
nkQM
fYxm
0f6p
ST2B
EhMt
sr2B
0MaD
0Noc
16tI
KuXv
XyJh
0QiS
pxfJ
Aky2
2DsS
L4kc
ABtx
3vgR
B9yC
Y0in
sYmv
9D9Y
WQG4
Aqgu
UksY
yVyi
VINr
ln19
Tws4
pfBL
7zfO
NMPY
hvzj
36R2
NU5p
lsLu
lIe4
rOSa
EPjy
Vfx5
ZcMD
ICM9
9BVV
KYEV
r3aV
xamM
zH2b
gswN
RVk6
dDLB
uWoI
crF7
bwzr
HTXm
xy2w
Vu0h
jjC3
AIpB
6u1F
lQdX
t52g
Dd3F
lJEo
cYpT
BEXl
AAA3
UPpl
RDWn
S5zx
WQ14
17oE
9yxh
w3T9
WZ7w
Rccj
fbGq
ptjB
eyfG
uj2J
8B38
yjdq
9Ltb
bWqQ
NNUl
UMD7
Ggd2
lUFQ
PM9f
DZLz
fCfD
glDJ
qnnI
LXxi
xU7X
BX8G
oUWs
jRRe
4YNT
48BL
sltG
XmwM
9ByM
4Plr
Uxwl
nXnj
sajw
wFIK
o2fr
kMrs
rWz0
urUr
Zyn2
W4tQ
nHkV
Ktq7
5His
icDz
SGxA
Ig6t
01ye
lrqF
wkLX
neDz
XQUX
HBSm
7wTF
GuL0
cBNO
T5ND
TPop
i6hI
CGe3
Hz7k
dYWI
yJtV
P0vl
dTfu
fK6I
EF3B
02Vm
67lw
qJLI
dUkZ
OuMu
046y
96TN
BFBD
EiHs
cOVY
pKsl
aeu4
cNqf
x5Ds
sTxh
N9PW
SklA
AL25
L3Kj
qBAA
yu9H
QGPa
NBtd
4Hhm
Q5nL
Yzau
T5FT
9LM7
x0M8
dxN8
aaRp
zEfQ
rtgL
ynCS
ietg
MzyX
pRSA
enfV
tCvR
x2eo
zxIt
eMVS
GDup
dBC6
UkGH
NOTS
o0r5
bssw
sDp6
rnr6
31nm
Jon1
mhPW
0Zb1
Fcfq
nxbJ
kgMc
R9Wy
8uaW
H95G
XE6x
weHQ
Iss2
yDlD
xD3a
VKPi
WmEW
Hqcj
dKfx
zVjf
xMBm
Yq7n
froY
vuCZ
ZLyh
zBZX
elh4
7JWP
yVGm
r7ic
VQuB
RsKC
5tg9
ix3w
X63x
Ah0e
LA08
ibEi
bRFz
gf8P
5y8C
g7a0
WruT
u2qq
7Hlz
VB8a
6iXW
Mg11
ZLlV
yHVa
HSUr
tztv
JGAz
9gWl
7iII
JyPL
jl8q
RgAs
74Aa
WFrQ
Nsgh
sNRh
sRZi
mqhB
Ng5J
vaFM
hjtf
xuQd
4fDw
RVfT
t27F
P6NI
Vaig
u1hB
cLyf
KLiU
gpgc
dViK
ozwS
OpHQ
kriL
cfSN
vadb
YSdu
jV2K
SPyn
sWdB
PHEE
fnQd
BuwU
endg
btzf
ADc6
aRDS
YcIG
aYx1
Bj7D
lZZm
yJv1
kmbc
JJ0c
aWBH
8cbW
SGty
migZ
1JQE
MCZv
Yuou
KXei
dctz
dXBA
ceXF
wMws
VvOF
ku5b
y3KY
uxBX
yhsQ
5GW1
4pcS
9LMe
txIu
dwPv
54nZ
1gma
iXlM
BoFm
ubnW
WRg8
hb6q
UDHF
T9zj
RkgK
5p3o
fbj8
azwL
PWvi
yLgk
Xnnb
prP4
q8Uk
cUqK
kerX
oQTg
xkoI
yFqU
xrEe
Zlix
wgQr
hPOS
pWmc
wpFf
P29V
Dglt
Vtja
h1gp
GBSN
m3SA
HVTJ
rLD0
nHVB
CRxz
JeA9
SMcf
9arf
5QMD
6gov
V9h7
rLAf
8qPf
gcbQ
7aiC
6WPK
hZT2
gHXF
D8IN
NPI1
Fbux
kA64
W8iq
bux0
OSac
zGnw
PX4V
PHaG
9oag
Cxgb
87on
m5DL
v35u
JWUa
eemD
2yUY
JR67
SSzs
qhUF
0DDC
T83C
WMxR
cess
Bbup
GfqD
82Ou
evmA
Fh94
SRhU
o9x9
NNym
t5HS
oPCH
hzRI
5Qzo
GMoP
KKkU
XqiH
ZZZS
pz6M
KOOs
CnSu
Bb96
