17737
5083
2501
1368
9094
29593
1370
8695
66
21531
15029
14857
7987
24109
24116
38004
14983
32119
33689
33268
21537
8990
21223
10387
29288
38010
23254
25224
10579
21227
29293
24111
13166
29913
36214
10973
24130
29992
38019
39117
26716
13150
38021
10590
35557
37708
22389
9105
26720
26713
1769
21555
13177
22664
33335
29621
13494
3618
9534
14373
29994
21246
5403
26730
21250
10604
9835
10605
22270
2542
26010
24153
28690
2527
5444
28547
5130
21574
2549
4151
7968
28696
36030
12400
18680
954
38049
5137
26893
36517
8037
29105
1423
21269
20800
10623
21586
25252
5459
5460
17168
23602
3224
23480
2237
34443
26197
34786
34787
5073
15735
39510
23385
15738
31751
558
26386
30715
11063
4780
19354
31556
31222
15429
20089
12847
22092
31559
33579
7658
26394
4676
4787
35118
560
12853
12656
39972
39432
12732
16458
15755
4794
14251
18340
14719
7694
10558
20926
26206
961
10280
10281
17509
26517
23828
24104
24020
34476
33672
36739
26413
2222
26415
25259
12871
7391
30425
15456
22585
12874
38417
17
14447
6073
35142
8063
20941
13283
7713
2233
9847
18362
24221
7716
3277
22678
15466
15670
18365
27
27117
21944
7406
34839
22001
23536
7724
34782
34500
13697
15475
25977
2660
11197
34503
39475
9619
37141
1556
1872
3235
34129
9623
18649
34345
12522
10212
28210
7042
22282
34133
13883
34135
1880
26103
30746
37029
37083
9937
16802
36033
13523
4467
13884
20597
33645
9636
29388
14341
4471
5841
31247
972
1890
20602
7058
16069
33834
31252
6024
26317
13314
7062
36152
9646
21894
2240
36428
6500
31257
13323
20587
26092
3260
23196
11304
25780
668
9968
29301
18033
30925
25783
36678
1593
16471
26101
33851
1078
25788
7897
33853
22115
20624
1914
8883
24851
31274
6231
575
12564
15652
18046
18257
25797
34713
5826
26114
576
7089
10866
1924
34386
31025
12573
39874
5661
9676
28428
15158
30754
9084
33870
23224
13912
1616
9681
27437
8210
37555
24140
32214
38814
22851
31490
39322
152
25191
31470
37560
31226
5904
22855
39147
28173
38278
16182
9882
6730
33506
20509
39544
9315
39646
18661
39332
14799
34075
6193
24857
37572
17744
39337
33387
17528
4157
35859
25452
37576
25454
25992
28038
12226
35367
22695
25457
17394
24445
32565
25459
11915
12763
3767
20296
6752
9336
26519
15766
17401
35578
14819
20301
37591
9761
12050
22886
21661
25470
6170
14825
6302
3702
6763
38034
22892
19144
6765
24882
25477
39883
28377
20605
3988
33545
28065
8689
34081
34658
16785
27885
37266
25485
29700
15478
31445
17534
10359
7759
33553
12768
28074
28891
796
12054
28076
5593
39381
38457
29588
38689
6092
33120
29632
38692
39344
22538
9892
11577
23020
22540
29653
19949
22227
17770
3517
37798
22030
14240
39015
10051
4056
38701
2564
12617
30296
38616
36650
33132
28689
25132
11588
36696
27717
31028
6109
34207
38376
19655
36945
39092
29000
22556
17959
17570
28711
9014
3534
9161
6118
12818
20768
14498
12237
6850
33211
17561
6438
16092
36958
38308
3542
2148
23008
21698
33217
5466
17090
684
36963
26740
33220
11612
30058
30324
27123
13019
6448
6601
3551
34316
30773
22579
6137
37016
35253
17100
18060
39052
6140
25167
17544
33169
25169
16830
22007
25704
35169
33236
21390
22275
14647
3565
30341
12799
2975
11492
2574
26764
14216
5908
27762
25295
29968
2132
16424
2045
12086
20392
27389
5451
23322
5781
13846
2154
473
32496
21600
32497
97
24813
6594
11269
13936
3206
24501
25633
29038
3520
11273
13857
802
3211
18899
17969
29987
36126
14672
16444
16445
25614
35814
18370
11281
13865
24513
22737
32515
13868
29332
30753
35820
8389
15388
29054
20232
11289
32188
582
21937
14257
35551
2558
23323
30003
22922
38789
36143
32526
14990
30213
29063
31636
37740
21945
11048
21946
7326
14578
21947
15647
24531
30804
13885
31235
16784
36261
3240
19321
13888
8776
24536
4759
13890
3085
39526
21813
13892
29069
31520
5831
8730
5480
14949
33038
32546
17241
30831
29083
6195
8421
29673
31144
26755
23324
19007
38061
26356
14753
19009
31867
12097
13530
23721
29659
19013
32181
37031
2887
39284
32183
34211
20162
2889
31544
32730
27084
8185
2166
30944
18706
3066
35492
22746
27087
1447
2582
26946
38079
26359
36631
1305
13549
35184
2587
34329
11386
38084
38085
15398
17462
38086
32201
5486
24201
20395
26785
20900
38090
26787
18297
2911
38093
35187
35196
35197
7356
38411
38412
30079
32212
15644
9567
12113
8085
21631
14287
13568
29697
1856
24031
37515
21635
29681
5508
28756
39664
26804
5599
7338
1480
30015
22212
8096
13554
29706
13579
8808
35216
22860
1238
12334
13581
32917
5518
29711
16138
14307
35535
26330
39139
26816
39614
21651
12821
10057
5192
37744
2594
25156
23858
18378
22355
29815
18379
5150
9924
4836
13737
1120
4044
10319
21282
37062
36264
23866
8672
13220
37042
18387
35014
4782
25654
9005
24940
5456
5161
1307
23873
28221
29355
22617
27104
2268
4852
37040
6210
5169
15817
27105
2274
16504
18327
37771
12923
15682
2179
5175
21304
6946
20990
18408
7057
8815
37777
10876
15827
19442
26475
39125
4210
1150
36647
15830
23895
35114
15832
21314
24602
17994
12933
1155
15835
38097
31901
8212
34548
11400
37790
20893
1161
30017
21007
2580
12944
19334
37794
19213
19780
1165
5198
5900
21327
3582
4885
27110
22107
23912
24234
23913
21016
12953
34125
35573
12954
4891
31143
4892
23725
19889
18438
34846
35869
6620
38937
15165
25663
26128
23216
33814
10001
36745
2206
4521
10003
11005
34196
20652
29696
4525
31616
16886
39708
1945
7113
8088
1949
23817
5494
7116
4534
23103
31625
29529
34795
13556
18083
11722
26148
36553
31315
20481
23253
18737
1089
26152
7480
23255
38140
20673
4546
17624
34220
10674
27514
15512
8826
10790
4551
93
18097
16176
10034
23580
18739
7138
21398
23267
20997
1974
4396
15206
15522
29702
34891
15524
14309
23589
23275
31525
21727
2928
8896
18112
10049
39159
31659
31660
37828
29724
26180
32868
7155
21640
26182
2731
1991
4
26184
22400
1877
30955
15046
19416
31352
5504
5925
4874
6784
15771
23825
4202
20860
28395
24560
28396
38427
1623
37398
32648
22919
650
6792
17631
808
22217
17756
33199
28404
14674
20342
1504
2475
12280
9698
35531
28410
20381
3694
32556
33577
28216
31577
17765
2591
17766
22933
14870
1512
6966
25518
25834
31578
11301
24984
15177
6987
33901
5697
26624
14876
27127
6973
31006
7387
31007
1650
18908
14881
35454
36668
9402
1654
37403
18800
17469
1657
22218
17471
3441
21312
840
25852
9725
29733
9727
35160
20200
9414
18708
34822
14897
22962
32254
27674
10799
483
33611
31163
20382
3186
12649
33613
35138
28448
11910
10901
692
12323
31164
3603
28452
37407
287
25557
3916
36169
11951
20016
10705
33247
11954
16192
36174
27769
6280
9059
13648
11643
15458
17125
37628
35561
11920
14544
35602
33256
19531
9179
30674
4588
3900
28536
18
19714
6485
15688
39594
28095
6487
31512
17923
25199
14553
18358
20035
15296
20036
21676
22641
35958
19396
37642
19828
15833
22622
6975
39408
20041
21510
6121
13781
3599
19094
30690
18489
17146
27410
17147
35193
11982
21
39100
8611
28112
28293
34108
37654
6543
22624
17153
11988
5078
16619
37067
29534
29234
19742
24681
33288
28537
27560
22642
530
11033
39561
9099
10486
26447
18602
6518
34
32050
14583
30459
37354
30713
35568
3939
538
34512
3605
539
29715
35383
28135
13782
22655
21682
28137
7794
10321
11697
23846
18823
36988
5608
3257
30033
20669
23867
37204
1681
36677
13908
37048
9376
15069
19391
5464
13221
32560
5043
13141
39581
24982
6165
33492
27460
39487
39919
19398
13053
14234
37106
22299
19536
22300
8141
8756
30366
25519
5505
21988
24887
19818
38775
30055
6179
11864
36701
20953
37017
36026
38467
1528
19676
30063
22423
32899
35272
3290
8505
6189
38543
27484
27721
29123
3293
33386
13563
11359
3296
23538
37466
22323
22009
32274
36716
5883
28727
17259
5884
10309
14266
21691
8786
19001
22018
25807
3308
35978
15074
22335
32920
2981
16293
32607
8794
27506
37113
14277
30091
31206
3317
36735
30492
19069
19222
10043
13589
7901
11007
12473
9598
29720
12916
8112
35011
39583
7997
19132
14671
27140
19129
13596
31208
29725
8432
11783
11016
8434
16005
16499
11307
29730
35494
13632
17314
27148
15816
21669
20595
38565
24568
17685
15075
27152
101
29106
21206
24571
24257
26464
16194
25299
19093
15103
29111
16512
24376
28628
27160
16199
21681
29746
24617
24773
11037
21699
5558
34530
19135
8458
17099
1560
7577
21689
13626
22048
33796
5563
1125
24590
13477
12922
1533
13630
34132
8465
4735
5156
5568
35495
32281
5704
4010
24281
2276
3609
5571
7579
16219
30101
21701
1861
29018
29766
13365
25506
8474
25020
8161
18807
31796
16227
4126
1549
11950
2999
23887
21474
35913
32296
13674
8483
34426
37493
5586
21704
32145
29401
17273
3812
5901
23922
20409
31238
15860
34572
3832
34915
24578
25272
23927
21694
5217
3015
26512
10385
16540
23931
15868
33025
18098
2639
13600
13978
2283
18769
9106
26450
10706
14829
17675
29418
26836
23560
25340
15876
21728
28931
15877
15878
4446
34535
18778
34539
10715
10403
34593
15114
34594
21365
5581
38151
5239
15829
23951
31180
36436
13306
16096
34943
8165
38157
8798
21553
10349
32457
31959
18014
5248
24294
2352
31469
8289
21379
7767
5927
38165
30142
38568
29445
21732
38167
2357
16546
35271
10423
18415
2360
7842
30112
31778
29453
3002
33891
2679
35059
25346
22631
15911
31977
8504
29691
15914
13650
7851
38182
30513
38183
37869
36756
24267
27618
14446
21022
18125
4896
28732
20710
12658
12538
21027
10066
14298
1177
2003
10068
1157
2005
15500
14658
20719
38700
6659
31682
34625
3524
19869
4594
21038
8508
14570
12975
18142
1322
13275
15615
15270
12978
1153
20728
1668
31691
9643
32150
12771
14725
20732
15280
35770
29542
36341
12985
4607
5419
13991
26346
10089
14726
2027
20739
5193
32459
26221
5395
12677
38211
31704
22028
31705
2631
10097
28799
32371
19873
18163
4886
4619
36448
31710
10231
19340
37183
8203
7520
23649
10105
13004
13994
29758
26236
37499
20756
17989
15790
12693
23054
11811
4945
12695
18027
32824
21075
4633
31724
3585
4950
6331
13016
9697
31728
17793
26248
10384
4640
31731
36347
12640
862
19904
10670
22854
37753
37817
31357
931
9749
6965
1687
27523
1587
29491
4271
21612
5220
7171
28326
7172
16320
7174
31261
33950
28639
39774
5221
25888
20408
665
4281
9763
29813
19229
31373
26436
28476
34922
39781
30528
19542
9768
20835
2907
20616
7583
30342
4290
18768
1979
32882
23319
26745
12641
1711
3040
25904
29833
9777
33070
14944
9779
8313
36353
25908
28492
2709
3041
899
39483
10404
39484
24344
18500
12465
31395
20434
2200
10717
35359
15269
39683
17853
34926
4309
12374
12955
25218
31401
1671
9973
15275
15276
16630
18772
31090
9797
12956
6900
39499
4493
22952
31409
17815
918
22490
25930
28752
35994
10517
8925
23349
30656
6907
19906
17724
12389
33999
18459
32859
6532
30725
14598
26104
9433
551
18460
31386
20195
553
1933
17595
14603
12560
9439
28151
27974
17505
559
22094
17507
14971
36107
36780
9445
9446
17328
17511
17483
565
23229
9134
605
13593
9450
24658
24272
9451
569
29859
17517
9225
6556
8551
6557
16920
10700
8531
29995
25585
34673
30752
21547
38147
33336
67
12584
20108
33654
34173
9149
826
31387
17214
16744
73
20649
17216
9468
36784
12052
17219
15870
38149
22701
26062
30766
23233
35283
17223
89
26846
25606
21568
39704
33671
6582
31278
33673
17231
37206
96
38919
14796
35191
17234
9486
14941
29836
20135
2341
13903
25618
16621
6593
25620
21767
2291
2311
26849
8801
9481
3951
19449
16867
22349
1923
22350
27517
30879
35924
38864
14289
19206
11392
21328
27836
36475
14292
39142
12246
35930
19043
32943
29224
27841
27842
29204
22362
3337
23954
9097
14777
38835
3080
1529
37072
3656
4509
11721
2821
30433
27925
32862
3345
36813
16891
29095
5644
11230
32958
24913
21525
27856
22507
20619
35949
12048
6250
13690
11647
34184
36268
17342
7700
14318
33638
23243
15360
6256
9993
36273
19489
10728
3362
37410
19212
29249
6352
18058
30889
30458
37101
35683
1530
5823
18637
25808
18890
8853
22399
27992
22439
32984
21149
14337
36289
37424
33835
30468
19507
26544
38876
6279
24696
13651
22491
16550
20967
16551
33475
37592
38188
38189
20672
30178
29155
31984
11075
34437
5595
38984
2915
13975
32309
13769
7121
243
31611
32311
3017
17800
28360
3018
23964
17399
13666
27212
1026
36753
26344
19150
30348
16568
29506
36486
252
6388
36442
413
32321
25522
38587
16572
6972
14788
5612
5613
13319
22057
24641
7810
8573
17600
29179
32645
7045
264
38988
20112
3037
8077
38534
17512
31632
6880
38535
11140
21405
16586
32337
28157
26866
5626
27236
29239
27237
8527
16240
29192
276
29864
30899
22075
29195
31319
36783
11771
16597
3225
36470
21765
37857
35892
16600
11120
32380
1962
285
30148
28023
24668
30150
32671
1963
29838
36481
28843
27257
20812
38247
18670
31973
34815
16725
35287
20675
13677
15920
35604
28340
23986
1224
8174
23973
15924
26653
7861
14061
8918
15927
19962
18826
30791
5282
3334
23994
11224
21412
10766
20452
7924
5286
28027
13351
35618
37862
28852
8582
5291
34239
24318
12215
28855
2199
29486
21044
29457
28857
1264
30992
3102
18842
30369
2208
10780
10304
30884
16263
29494
7450
21431
7887
4153
16267
35321
22844
7195
24018
13372
14066
1277
28832
1278
7894
30772
21440
2370
6825
5313
18859
18099
24026
21381
28878
26774
28347
7900
25427
35648
21397
36135
35894
33992
29512
3106
4045
28883
12639
35337
29493
24349
21951
19105
32036
10436
18870
35341
30197
8225
2745
24355
26939
26565
28893
30250
18877
37155
35310
13021
9395
10124
29955
23482
10440
34318
10442
33517
34977
38674
2380
36043
26573
18104
35198
27176
31106
34325
10775
34983
4969
4231
21023
10137
31764
7458
34330
18518
15942
34332
21103
22893
12960
26270
7192
18207
11176
12887
27431
26273
13360
21108
19264
31756
31812
26191
37597
31758
20690
2401
35000
5297
31761
18532
25588
2090
23483
21117
15210
34663
13582
30203
2093
20292
20425
37905
4584
23705
18225
31339
34669
13061
36892
37911
18229
20713
35512
35015
2103
18232
18114
18233
30941
15093
18235
35022
30207
34366
27432
26618
15948
19743
21138
31793
35804
21030
26306
3430
18443
23724
35029
15100
1702
766
7599
32164
31792
23614
10499
5991
27037
12860
146
25936
39665
13182
7226
37582
7615
33533
20773
25940
15531
20460
12712
25464
25943
22847
12714
14313
20464
32753
30211
1755
23665
39835
769
23264
20468
23367
23617
9824
1761
20788
24332
944
14585
35421
16688
24395
7246
15311
19717
19251
39912
21435
36202
12416
9834
26469
20482
11944
20483
352
9837
31447
5308
34031
15321
4909
4675
20489
20215
10055
12813
15325
26918
963
22418
15328
965
24735
966
17914
11925
7268
12660
25981
24484
9854
6025
31330
20502
973
28873
4691
34050
18199
2014
20821
4025
7160
7278
23407
26921
20511
8126
23410
38940
35711
7804
4702
7896
1805
33936
5034
22068
14659
14976
28876
22726
6914
25075
22416
31107
12082
8233
10796
31111
39518
22360
34274
29058
23049
32804
6607
16298
23051
6912
25635
4182
10731
1793
39209
20541
39525
18426
6928
29844
12095
28685
10798
9731
39529
14996
4035
16099
25645
24364
37965
28229
13382
39605
20167
23379
1994
33715
5339
12108
22756
19801
17320
14118
16014
14695
28902
28366
30824
31140
32032
6634
39233
24944
15015
33727
26584
32368
30830
39552
7904
10252
20185
9058
31935
35808
33732
15022
5342
6959
37479
28863
28255
6962
31698
23091
20194
33270
25818
14714
28260
28885
13186
1579
4070
16136
28264
24893
8242
28751
531
24619
9555
18088
16927
32993
19827
1628
33373
9622
37314
3146
27894
24997
113
8221
18937
2167
20651
18891
27898
33002
32038
9190
15502
12676
24954
25319
20142
6294
37945
27904
14360
30489
31309
12992
16646
33389
6300
10829
6301
9200
633
130
5037
16710
38280
30497
14426
34550
33019
12165
33020
32077
9207
22438
12679
36326
27921
21478
9211
37295
38609
25025
17278
30257
13809
33407
25344
24508
33890
14383
14384
12261
36336
9023
2339
20745
32278
26562
16971
16314
151
17122
6326
35662
35318
25353
658
16714
2927
36610
156
29983
8251
33043
9230
13609
3884
20432
3745
18253
29875
17297
162
32066
33427
9236
37772
11352
3758
29086
14406
19468
1638
18121
24112
16447
27575
297
16717
24679
31423
30997
5970
37120
6091
22761
24683
6458
37122
14611
13001
18851
19204
1325
37125
307
34973
27272
30171
22109
1641
22110
19528
38089
20433
36000
36088
8569
36413
32699
1642
27185
26608
38902
20345
11471
27285
404
22120
19223
39413
8577
16849
24706
33122
14060
24708
328
29246
825
330
11482
15939
26571
30194
13006
30196
16737
38918
12292
35706
10082
24718
16655
20943
36024
4943
23893
11491
12392
29258
37961
37161
36101
35713
30206
8598
27687
5979
347
9263
21492
16665
37168
32811
19250
25859
6021
17566
22150
14087
5680
14088
27680
38938
2068
16673
25370
11193
31721
1940
5650
26975
32363
12064
8235
10819
26948
36096
29847
13405
6816
3038
26951
17105
13407
22675
6102
29851
21473
39719
10114
24372
34051
38372
8245
36697
37971
21791
29265
37947
6103
38263
16542
12698
5667
5353
29561
2771
29862
20347
14483
29863
7095
37955
18180
10839
21802
21165
5370
36509
36117
13445
25131
37960
29870
28926
29872
17782
24392
13431
17635
15619
38281
12526
8267
11567
10851
32302
10852
1340
18917
32400
36127
17069
21502
17052
8273
32194
22215
38289
23474
20149
2794
5373
22573
32407
24292
36530
21082
25969
36531
36416
24400
18929
1353
34990
16960
16348
31800
29894
34313
10870
28669
5705
31974
13455
18145
13040
10873
30282
16356
21838
32088
13049
32109
4977
7604
5640
18434
39324
35352
7921
31799
35744
21367
7608
21154
33937
37496
31803
20435
7927
31805
10647
6428
7614
8047
34705
13778
5033
34707
35050
35366
5861
3662
10518
7621
24065
31815
33919
23752
7915
18587
5352
37264
7626
16006
35731
9154
171
35061
26592
24074
13046
10530
26659
19277
31825
15698
23763
37980
26662
35745
30624
16017
5954
7639
35418
24083
23476
34074
25574
18604
16905
35236
20859
1152
35076
35419
29891
2482
3421
34766
23696
39105
16029
26769
620
10549
7652
35400
6175
2802
18616
31847
16035
7657
27015
13139
343
35406
5386
26686
18623
17083
30811
35097
12317
26000
37882
39639
34065
17938
31305
17484
993
18256
6372
34070
12777
34072
26324
9736
17946
26011
27211
31765
9884
8250
17751
34392
38638
22880
17951
18935
34395
24099
10204
39038
18269
20853
31367
34084
10208
20660
16353
31009
1012
2147
17961
31827
18277
7721
21097
25664
34408
15436
36131
14068
1020
18770
7322
6842
9906
2158
34352
18287
18288
22991
17419
10226
27003
29182
10121
2164
2412
7331
4958
17979
28977
26044
35527
17981
2812
32399
26046
26047
30613
15643
10235
1857
14239
27025
4870
2174
32108
7830
2175
2176
2414
10241
6466
1863
35435
881
15409
18308
29904
1047
34090
17995
25264
22260
21371
18311
23478
26483
4390
12455
29271
15039
2416
676
4394
35749
20523
6724
31171
11635
14820
12146
10122
4398
18545
28276
30281
20213
8318
23112
28279
3572
28908
12152
39585
26295
28282
36483
25700
7185
6990
851
22635
12472
13418
39905
693
4096
15021
23123
6996
4414
28081
33773
4416
10169
20545
20546
16720
12801
28296
27078
7234
35354
17652
35459
38736
27302
16990
33782
16386
9591
39607
30666
710
24611
20241
13069
39109
23789
20558
889
10827
17661
23143
37624
20561
31980
20266
39615
14204
27206
26797
2737
4121
12502
5670
37310
39620
26301
7024
12191
16149
4443
31219
492
39626
20574
33261
9040
20575
17678
12358
16658
14547
39946
8872
36705
20579
35726
9618
11624
32024
35455
11825
17307
15992
9272
37180
20776
33059
35025
30856
27354
37184
35914
27960
29792
20025
6667
5
19899
14419
27355
27965
19371
27966
13420
18577
24520
30550
3556
6674
15949
17322
33451
10913
11843
32310
685
21853
14429
18558
3783
9265
20047
2939
14433
2451
30877
1881
22814
18559
20865
37521
31234
36583
19919
14795
17337
2452
2029
25402
33467
18245
33468
7545
17341
22885
11861
9279
28094
33472
26687
14762
35031
15553
25911
37535
4542
23748
38915
17350
14953
38987
2119
19935
35355
36244
21483
20431
17354
17134
37216
30084
33107
17135
18563
8564
3170
33488
36324
7622
19945
6716
17115
9300
39136
19948
28093
11235
37553
7623
6028
34030
17757
33979
6031
28090
24067
22161
8617
12391
22164
14954
13823
16773
16352
370
8360
11522
27051
27652
35487
16264
8629
11165
16694
16695
5982
16405
11530
16697
20038
11057
4330
6379
8951
19599
29006
16703
37643
36387
36388
27581
6059
24659
5425
17022
23337
22189
22466
11543
30054
5046
24774
33098
13280
28403
27791
34005
8963
4455
36396
5761
3484
36398
9951
39409
8652
18067
36400
12397
17033
10749
32784
13736
23024
403
24785
25208
4323
30268
21798
28526
36092
33413
15753
408
5983
36912
8662
10356
37110
32792
23505
16728
11563
29031
14147
15963
26822
30276
24475
6243
11876
22087
416
34170
21178
6087
12715
3506
18244
8988
29381
21598
20045
36863
16362
23363
38314
36930
38630
29013
21846
13783
30693
11202
32499
35423
36247
23029
35739
35740
17149
11207
16276
2857
8310
16375
2831
35468
24441
5142
18377
13795
11669
11480
32444
36882
9821
38351
28981
11216
13833
29911
18968
36573
31431
8324
31096
2851
29934
29935
37339
38342
18709
27039
24502
11227
2849
12386
21876
21070
38347
23702
37645
13814
5751
23198
16399
21881
28990
35827
19299
10716
27049
33282
16403
3072
29004
21800
11274
32470
14155
36908
39505
8343
36595
24473
3180
34018
3181
20449
39821
35466
29892
2435
36916
4804
11675
18998
36028
28770
37447
8352
24638
38683
2873
26733
6909
13836
19318
32486
31528
1492
5796
